2023-11-26 10:33:46.737 [info] Log level: Info
2023-11-26 10:33:46.737 [info] Validating found git in: "git"
2023-11-26 10:33:46.737 [info] Using git "2.34.1" from "git"
2023-11-26 10:33:46.737 [info] > git rev-parse --show-toplevel [29ms]
2023-11-26 10:33:46.737 [info] > git rev-parse --git-dir --git-common-dir [11ms]
2023-11-26 10:33:46.737 [info] Open repository: /root
2023-11-26 10:33:46.830 [info] > git rev-parse --show-toplevel [51ms]
2023-11-26 10:33:46.848 [info] > git config --get commit.template [90ms]
2023-11-26 10:33:46.888 [info] > git for-each-ref --format=%(refname)%00%(upstream:short)%00%(objectname)%00%(upstream:track)%00%(upstream:remotename)%00%(upstream:remoteref) refs/heads/main refs/remotes/main [4ms]
2023-11-26 10:33:46.993 [info] > git status -z -uall [74ms]
2023-11-26 10:33:48.467 [info] > git check-ignore -v -z --stdin [82ms]
2023-11-26 10:33:48.474 [info] > git config --get commit.template [237ms]
2023-11-26 10:33:48.516 [info] > git for-each-ref --format=%(refname)%00%(upstream:short)%00%(objectname)%00%(upstream:track)%00%(upstream:remotename)%00%(upstream:remoteref) refs/heads/main refs/remotes/main [7ms]
2023-11-26 10:33:48.599 [info] > git status -z -uall [61ms]
2023-11-26 10:33:49.618 [info] > git show --textconv :wd201/http-server/index.js [167ms]
2023-11-26 10:33:49.618 [info] > git ls-files --stage -- /root/wd201/http-server/index.js [159ms]
2023-11-26 10:33:53.598 [info] > git config --get commit.template [3ms]
2023-11-26 10:33:53.616 [info] > git for-each-ref --format=%(refname)%00%(upstream:short)%00%(objectname)%00%(upstream:track)%00%(upstream:remotename)%00%(upstream:remoteref) refs/heads/main refs/remotes/main [1ms]
2023-11-26 10:33:53.682 [info] > git status -z -uall [52ms]
2023-11-26 10:33:58.832 [info] > git config --get commit.template [3ms]
2023-11-26 10:33:58.847 [info] > git for-each-ref --format=%(refname)%00%(upstream:short)%00%(objectname)%00%(upstream:track)%00%(upstream:remotename)%00%(upstream:remoteref) refs/heads/main refs/remotes/main [1ms]
2023-11-26 10:33:58.915 [info] > git status -z -uall [56ms]
2023-11-26 10:34:04.027 [info] > git config --get commit.template [2ms]
2023-11-26 10:34:04.042 [info] > git for-each-ref --format=%(refname)%00%(upstream:short)%00%(objectname)%00%(upstream:track)%00%(upstream:remotename)%00%(upstream:remoteref) refs/heads/main refs/remotes/main [1ms]
2023-11-26 10:34:04.095 [info] > git status -z -uall [40ms]
2023-11-26 10:34:09.197 [info] > git config --get commit.template [2ms]
2023-11-26 10:34:09.213 [info] > git for-each-ref --format=%(refname)%00%(upstream:short)%00%(objectname)%00%(upstream:track)%00%(upstream:remotename)%00%(upstream:remoteref) refs/heads/main refs/remotes/main [2ms]
2023-11-26 10:34:09.283 [info] > git status -z -uall [55ms]
2023-11-26 10:34:14.396 [info] > git config --get commit.template [2ms]
2023-11-26 10:34:14.413 [info] > git for-each-ref --format=%(refname)%00%(upstream:short)%00%(objectname)%00%(upstream:track)%00%(upstream:remotename)%00%(upstream:remoteref) refs/heads/main refs/remotes/main [1ms]
2023-11-26 10:34:14.469 [info] > git status -z -uall [42ms]
2023-11-26 10:34:27.971 [info] > git config --get commit.template [3ms]
2023-11-26 10:34:27.989 [info] > git for-each-ref --format=%(refname)%00%(upstream:short)%00%(objectname)%00%(upstream:track)%00%(upstream:remotename)%00%(upstream:remoteref) refs/heads/main refs/remotes/main [1ms]
2023-11-26 10:34:28.049 [info] > git status -z -uall [44ms]
2023-11-26 10:34:33.325 [info] > git config --get commit.template [173ms]
2023-11-26 10:34:33.367 [info] > git for-each-ref --format=%(refname)%00%(upstream:short)%00%(objectname)%00%(upstream:track)%00%(upstream:remotename)%00%(upstream:remoteref) refs/heads/main refs/remotes/main [6ms]
2023-11-26 10:34:33.624 [info] > git status -z -uall [221ms]
2023-11-26 10:34:33.624 [info] > git show --textconv :wd201/http-server/home.html [93ms]
2023-11-26 10:34:33.625 [info] > git ls-files --stage -- /root/wd201/http-server/home.html [55ms]
2023-11-26 10:34:38.786 [info] > git config --get commit.template [3ms]
2023-11-26 10:34:38.804 [info] > git for-each-ref --format=%(refname)%00%(upstream:short)%00%(objectname)%00%(upstream:track)%00%(upstream:remotename)%00%(upstream:remoteref) refs/heads/main refs/remotes/main [1ms]
2023-11-26 10:34:38.865 [info] > git status -z -uall [46ms]
2023-11-26 10:34:40.281 [info] > git show --textconv :wd201/http-server/project.html [17ms]
2023-11-26 10:34:40.282 [info] > git ls-files --stage -- /root/wd201/http-server/project.html [1ms]
2023-11-26 10:34:43.995 [info] > git config --get commit.template [2ms]
2023-11-26 10:34:44.012 [info] > git for-each-ref --format=%(refname)%00%(upstream:short)%00%(objectname)%00%(upstream:track)%00%(upstream:remotename)%00%(upstream:remoteref) refs/heads/main refs/remotes/main [1ms]
2023-11-26 10:34:44.067 [info] > git status -z -uall [41ms]
2023-11-26 10:34:46.145 [info] > git show --textconv :wd201/http-server/package-lock.json [64ms]
2023-11-26 10:34:46.148 [info] > git ls-files --stage -- /root/wd201/http-server/package-lock.json [36ms]
2023-11-26 10:34:49.167 [info] > git config --get commit.template [2ms]
2023-11-26 10:34:49.185 [info] > git for-each-ref --format=%(refname)%00%(upstream:short)%00%(objectname)%00%(upstream:track)%00%(upstream:remotename)%00%(upstream:remoteref) refs/heads/main refs/remotes/main [2ms]
2023-11-26 10:34:49.243 [info] > git status -z -uall [43ms]
2023-11-26 10:34:54.348 [info] > git config --get commit.template [4ms]
2023-11-26 10:34:54.369 [info] > git for-each-ref --format=%(refname)%00%(upstream:short)%00%(objectname)%00%(upstream:track)%00%(upstream:remotename)%00%(upstream:remoteref) refs/heads/main refs/remotes/main [2ms]
2023-11-26 10:34:54.422 [info] > git status -z -uall [38ms]
2023-11-26 10:34:59.555 [info] > git config --get commit.template [24ms]
2023-11-26 10:34:59.557 [info] > git for-each-ref --format=%(refname)%00%(upstream:short)%00%(objectname)%00%(upstream:track)%00%(upstream:remotename)%00%(upstream:remoteref) refs/heads/main refs/remotes/main [6ms]
2023-11-26 10:34:59.639 [info] > git status -z -uall [56ms]
2023-11-26 10:35:02.993 [info] > git show --textconv :wd201/http-server/index.js [18ms]
2023-11-26 10:35:02.994 [info] > git ls-files --stage -- /root/wd201/http-server/index.js [2ms]
2023-11-26 10:35:04.780 [info] > git config --get commit.template [2ms]
2023-11-26 10:35:04.797 [info] > git for-each-ref --format=%(refname)%00%(upstream:short)%00%(objectname)%00%(upstream:track)%00%(upstream:remotename)%00%(upstream:remoteref) refs/heads/main refs/remotes/main [2ms]
2023-11-26 10:35:04.864 [info] > git status -z -uall [45ms]
2023-11-26 10:35:09.977 [info] > git config --get commit.template [2ms]
2023-11-26 10:35:09.995 [info] > git for-each-ref --format=%(refname)%00%(upstream:short)%00%(objectname)%00%(upstream:track)%00%(upstream:remotename)%00%(upstream:remoteref) refs/heads/main refs/remotes/main [2ms]
2023-11-26 10:35:10.050 [info] > git status -z -uall [41ms]
2023-11-26 10:35:15.157 [info] > git config --get commit.template [2ms]
2023-11-26 10:35:15.174 [info] > git for-each-ref --format=%(refname)%00%(upstream:short)%00%(objectname)%00%(upstream:track)%00%(upstream:remotename)%00%(upstream:remoteref) refs/heads/main refs/remotes/main [1ms]
2023-11-26 10:35:15.228 [info] > git status -z -uall [38ms]
2023-11-26 10:35:30.235 [info] > git config --get commit.template [2ms]
2023-11-26 10:35:30.256 [info] > git for-each-ref --format=%(refname)%00%(upstream:short)%00%(objectname)%00%(upstream:track)%00%(upstream:remotename)%00%(upstream:remoteref) refs/heads/main refs/remotes/main [2ms]
2023-11-26 10:35:30.329 [info] > git status -z -uall [54ms]
2023-11-26 10:35:35.475 [info] > git config --get commit.template [19ms]
2023-11-26 10:35:35.476 [info] > git for-each-ref --format=%(refname)%00%(upstream:short)%00%(objectname)%00%(upstream:track)%00%(upstream:remotename)%00%(upstream:remoteref) refs/heads/main refs/remotes/main [1ms]
2023-11-26 10:35:35.532 [info] > git status -z -uall [40ms]
2023-11-26 10:35:41.192 [info] > git for-each-ref --format=%(refname)%00%(upstream:short)%00%(objectname)%00%(upstream:track)%00%(upstream:remotename)%00%(upstream:remoteref) refs/heads/main refs/remotes/main [6ms]
2023-11-26 10:35:41.193 [info] > git config --get commit.template [44ms]
2023-11-26 10:35:41.270 [info] > git status -z -uall [40ms]
2023-11-26 10:36:23.090 [info] > git config --get commit.template [2ms]
2023-11-26 10:36:23.104 [info] > git for-each-ref --format=%(refname)%00%(upstream:short)%00%(objectname)%00%(upstream:track)%00%(upstream:remotename)%00%(upstream:remoteref) refs/heads/main refs/remotes/main [1ms]
2023-11-26 10:36:23.168 [info] > git status -z -uall [52ms]
2023-11-26 10:36:28.285 [info] > git config --get commit.template [2ms]
2023-11-26 10:36:28.307 [info] > git for-each-ref --format=%(refname)%00%(upstream:short)%00%(objectname)%00%(upstream:track)%00%(upstream:remotename)%00%(upstream:remoteref) refs/heads/main refs/remotes/main [2ms]
2023-11-26 10:36:28.366 [info] > git status -z -uall [44ms]
2023-11-26 10:36:33.489 [info] > git config --get commit.template [4ms]
2023-11-26 10:36:33.508 [info] > git for-each-ref --format=%(refname)%00%(upstream:short)%00%(objectname)%00%(upstream:track)%00%(upstream:remotename)%00%(upstream:remoteref) refs/heads/main refs/remotes/main [3ms]
2023-11-26 10:36:33.589 [info] > git status -z -uall [63ms]
2023-11-26 10:36:38.743 [info] > git config --get commit.template [36ms]
2023-11-26 10:36:38.779 [info] > git for-each-ref --format=%(refname)%00%(upstream:short)%00%(objectname)%00%(upstream:track)%00%(upstream:remotename)%00%(upstream:remoteref) refs/heads/main refs/remotes/main [2ms]
2023-11-26 10:36:38.854 [info] > git status -z -uall [48ms]
2023-11-26 10:36:43.959 [info] > git config --get commit.template [2ms]
2023-11-26 10:36:43.978 [info] > git for-each-ref --format=%(refname)%00%(upstream:short)%00%(objectname)%00%(upstream:track)%00%(upstream:remotename)%00%(upstream:remoteref) refs/heads/main refs/remotes/main [2ms]
2023-11-26 10:36:44.041 [info] > git status -z -uall [46ms]
2023-11-26 10:36:49.159 [info] > git config --get commit.template [2ms]
2023-11-26 10:36:49.178 [info] > git for-each-ref --format=%(refname)%00%(upstream:short)%00%(objectname)%00%(upstream:track)%00%(upstream:remotename)%00%(upstream:remoteref) refs/heads/main refs/remotes/main [2ms]
2023-11-26 10:36:49.235 [info] > git status -z -uall [41ms]
2023-11-26 10:36:54.327 [info] > git config --get commit.template [3ms]
2023-11-26 10:36:54.345 [info] > git for-each-ref --format=%(refname)%00%(upstream:short)%00%(objectname)%00%(upstream:track)%00%(upstream:remotename)%00%(upstream:remoteref) refs/heads/main refs/remotes/main [2ms]
2023-11-26 10:36:54.407 [info] > git status -z -uall [46ms]
2023-11-26 10:36:59.507 [info] > git config --get commit.template [2ms]
2023-11-26 10:36:59.529 [info] > git for-each-ref --format=%(refname)%00%(upstream:short)%00%(objectname)%00%(upstream:track)%00%(upstream:remotename)%00%(upstream:remoteref) refs/heads/main refs/remotes/main [2ms]
2023-11-26 10:36:59.586 [info] > git status -z -uall [41ms]
2023-11-26 10:37:06.194 [info] > git config --get commit.template [2ms]
2023-11-26 10:37:06.219 [info] > git for-each-ref --format=%(refname)%00%(upstream:short)%00%(objectname)%00%(upstream:track)%00%(upstream:remotename)%00%(upstream:remoteref) refs/heads/main refs/remotes/main [2ms]
2023-11-26 10:37:06.293 [info] > git status -z -uall [47ms]
2023-11-26 10:37:12.521 [info] > git config --get commit.template [2ms]
2023-11-26 10:37:12.539 [info] > git for-each-ref --format=%(refname)%00%(upstream:short)%00%(objectname)%00%(upstream:track)%00%(upstream:remotename)%00%(upstream:remoteref) refs/heads/main refs/remotes/main [1ms]
2023-11-26 10:37:12.601 [info] > git status -z -uall [46ms]
2023-11-26 10:37:18.469 [info] > git config --get commit.template [2ms]
2023-11-26 10:37:18.487 [info] > git for-each-ref --format=%(refname)%00%(upstream:short)%00%(objectname)%00%(upstream:track)%00%(upstream:remotename)%00%(upstream:remoteref) refs/heads/main refs/remotes/main [2ms]
2023-11-26 10:37:18.543 [info] > git status -z -uall [40ms]
2023-11-26 10:37:23.638 [info] > git config --get commit.template [2ms]
2023-11-26 10:37:23.656 [info] > git for-each-ref --format=%(refname)%00%(upstream:short)%00%(objectname)%00%(upstream:track)%00%(upstream:remotename)%00%(upstream:remoteref) refs/heads/main refs/remotes/main [3ms]
2023-11-26 10:37:23.725 [info] > git status -z -uall [50ms]
2023-11-26 10:37:32.446 [info] > git config --get commit.template [2ms]
2023-11-26 10:37:32.466 [info] > git for-each-ref --format=%(refname)%00%(upstream:short)%00%(objectname)%00%(upstream:track)%00%(upstream:remotename)%00%(upstream:remoteref) refs/heads/main refs/remotes/main [2ms]
2023-11-26 10:37:32.536 [info] > git status -z -uall [51ms]
2023-11-26 10:37:37.681 [info] > git config --get commit.template [3ms]
2023-11-26 10:37:37.713 [info] > git for-each-ref --format=%(refname)%00%(upstream:short)%00%(objectname)%00%(upstream:track)%00%(upstream:remotename)%00%(upstream:remoteref) refs/heads/main refs/remotes/main [2ms]
2023-11-26 10:37:37.804 [info] > git status -z -uall [66ms]
2023-11-26 10:37:48.680 [info] > git config --get commit.template [2ms]
2023-11-26 10:37:48.703 [info] > git for-each-ref --format=%(refname)%00%(upstream:short)%00%(objectname)%00%(upstream:track)%00%(upstream:remotename)%00%(upstream:remoteref) refs/heads/main refs/remotes/main [3ms]
2023-11-26 10:37:48.787 [info] > git status -z -uall [59ms]
2023-11-26 10:37:53.924 [info] > git config --get commit.template [21ms]
2023-11-26 10:37:53.925 [info] > git for-each-ref --format=%(refname)%00%(upstream:short)%00%(objectname)%00%(upstream:track)%00%(upstream:remotename)%00%(upstream:remoteref) refs/heads/main refs/remotes/main [2ms]
2023-11-26 10:37:53.995 [info] > git status -z -uall [52ms]
2023-11-26 10:38:01.928 [info] > git config --get commit.template [32ms]
2023-11-26 10:38:01.930 [info] > git for-each-ref --format=%(refname)%00%(upstream:short)%00%(objectname)%00%(upstream:track)%00%(upstream:remotename)%00%(upstream:remoteref) refs/heads/main refs/remotes/main [5ms]
2023-11-26 10:38:02.046 [info] > git status -z -uall [69ms]
2023-11-26 10:38:07.182 [info] > git config --get commit.template [2ms]
2023-11-26 10:38:07.202 [info] > git for-each-ref --format=%(refname)%00%(upstream:short)%00%(objectname)%00%(upstream:track)%00%(upstream:remotename)%00%(upstream:remoteref) refs/heads/main refs/remotes/main [1ms]
2023-11-26 10:38:07.268 [info] > git status -z -uall [51ms]
2023-11-26 10:38:13.185 [info] > git config --get commit.template [2ms]
2023-11-26 10:38:13.208 [info] > git for-each-ref --format=%(refname)%00%(upstream:short)%00%(objectname)%00%(upstream:track)%00%(upstream:remotename)%00%(upstream:remoteref) refs/heads/main refs/remotes/main [1ms]
2023-11-26 10:38:13.271 [info] > git status -z -uall [46ms]
2023-11-26 10:38:18.377 [info] > git config --get commit.template [3ms]
2023-11-26 10:38:18.397 [info] > git for-each-ref --format=%(refname)%00%(upstream:short)%00%(objectname)%00%(upstream:track)%00%(upstream:remotename)%00%(upstream:remoteref) refs/heads/main refs/remotes/main [2ms]
2023-11-26 10:38:18.472 [info] > git status -z -uall [57ms]
2023-11-26 10:38:25.536 [info] > git config --get commit.template [4ms]
2023-11-26 10:38:25.556 [info] > git for-each-ref --format=%(refname)%00%(upstream:short)%00%(objectname)%00%(upstream:track)%00%(upstream:remotename)%00%(upstream:remoteref) refs/heads/main refs/remotes/main [2ms]
2023-11-26 10:38:25.624 [info] > git status -z -uall [51ms]
2023-11-26 10:38:38.890 [info] > git config --get commit.template [3ms]
2023-11-26 10:38:38.916 [info] > git for-each-ref --format=%(refname)%00%(upstream:short)%00%(objectname)%00%(upstream:track)%00%(upstream:remotename)%00%(upstream:remoteref) refs/heads/main refs/remotes/main [2ms]
2023-11-26 10:38:38.989 [info] > git status -z -uall [50ms]
2023-11-26 10:38:44.120 [info] > git config --get commit.template [2ms]
2023-11-26 10:38:44.148 [info] > git for-each-ref --format=%(refname)%00%(upstream:short)%00%(objectname)%00%(upstream:track)%00%(upstream:remotename)%00%(upstream:remoteref) refs/heads/main refs/remotes/main [2ms]
2023-11-26 10:38:44.237 [info] > git status -z -uall [61ms]
2023-11-26 10:38:49.368 [info] > git config --get commit.template [2ms]
2023-11-26 10:38:49.388 [info] > git for-each-ref --format=%(refname)%00%(upstream:short)%00%(objectname)%00%(upstream:track)%00%(upstream:remotename)%00%(upstream:remoteref) refs/heads/main refs/remotes/main [1ms]
2023-11-26 10:38:49.459 [info] > git status -z -uall [50ms]
2023-11-26 10:38:54.558 [info] > git config --get commit.template [2ms]
2023-11-26 10:38:54.578 [info] > git for-each-ref --format=%(refname)%00%(upstream:short)%00%(objectname)%00%(upstream:track)%00%(upstream:remotename)%00%(upstream:remoteref) refs/heads/main refs/remotes/main [1ms]
2023-11-26 10:38:54.637 [info] > git status -z -uall [43ms]
2023-11-26 10:38:59.753 [info] > git config --get commit.template [2ms]
2023-11-26 10:38:59.773 [info] > git for-each-ref --format=%(refname)%00%(upstream:short)%00%(objectname)%00%(upstream:track)%00%(upstream:remotename)%00%(upstream:remoteref) refs/heads/main refs/remotes/main [1ms]
2023-11-26 10:38:59.830 [info] > git status -z -uall [39ms]
2023-11-26 10:46:24.169 [info] > git config --get commit.template [15ms]
2023-11-26 10:46:24.209 [info] > git for-each-ref --format=%(refname)%00%(upstream:short)%00%(objectname)%00%(upstream:track)%00%(upstream:remotename)%00%(upstream:remoteref) refs/heads/main refs/remotes/main [4ms]
2023-11-26 10:46:24.356 [info] > git status -z -uall [112ms]
2023-11-26 10:46:32.424 [info] > git config --get commit.template [3ms]
2023-11-26 10:46:32.450 [info] > git for-each-ref --format=%(refname)%00%(upstream:short)%00%(objectname)%00%(upstream:track)%00%(upstream:remotename)%00%(upstream:remoteref) refs/heads/main refs/remotes/main [2ms]
2023-11-26 10:46:32.519 [info] > git status -z -uall [49ms]
2023-11-26 10:46:37.641 [info] > git config --get commit.template [3ms]
2023-11-26 10:46:37.671 [info] > git for-each-ref --format=%(refname)%00%(upstream:short)%00%(objectname)%00%(upstream:track)%00%(upstream:remotename)%00%(upstream:remoteref) refs/heads/main refs/remotes/main [3ms]
2023-11-26 10:46:37.756 [info] > git status -z -uall [58ms]
2023-11-26 10:46:42.895 [info] > git config --get commit.template [20ms]
2023-11-26 10:46:42.898 [info] > git for-each-ref --format=%(refname)%00%(upstream:short)%00%(objectname)%00%(upstream:track)%00%(upstream:remotename)%00%(upstream:remoteref) refs/heads/main refs/remotes/main [5ms]
2023-11-26 10:46:42.958 [info] > git status -z -uall [43ms]
2023-11-26 10:46:48.064 [info] > git config --get commit.template [3ms]
2023-11-26 10:46:48.085 [info] > git for-each-ref --format=%(refname)%00%(upstream:short)%00%(objectname)%00%(upstream:track)%00%(upstream:remotename)%00%(upstream:remoteref) refs/heads/main refs/remotes/main [2ms]
2023-11-26 10:46:48.160 [info] > git status -z -uall [57ms]
2023-11-26 10:46:54.114 [info] > git config --get commit.template [3ms]
2023-11-26 10:46:54.134 [info] > git for-each-ref --format=%(refname)%00%(upstream:short)%00%(objectname)%00%(upstream:track)%00%(upstream:remotename)%00%(upstream:remoteref) refs/heads/main refs/remotes/main [1ms]
2023-11-26 10:46:54.196 [info] > git status -z -uall [45ms]
2023-11-26 10:47:00.160 [info] > git config --get commit.template [5ms]
2023-11-26 10:47:00.185 [info] > git for-each-ref --format=%(refname)%00%(upstream:short)%00%(objectname)%00%(upstream:track)%00%(upstream:remotename)%00%(upstream:remoteref) refs/heads/main refs/remotes/main [2ms]
2023-11-26 10:47:00.242 [info] > git status -z -uall [40ms]
2023-11-26 10:47:08.071 [info] > git config --get commit.template [2ms]
2023-11-26 10:47:08.092 [info] > git for-each-ref --format=%(refname)%00%(upstream:short)%00%(objectname)%00%(upstream:track)%00%(upstream:remotename)%00%(upstream:remoteref) refs/heads/main refs/remotes/main [2ms]
2023-11-26 10:47:08.165 [info] > git status -z -uall [51ms]
2023-11-26 10:47:13.385 [info] > git config --get commit.template [42ms]
2023-11-26 10:47:13.524 [info] > git check-ignore -v -z --stdin [76ms]
2023-11-26 10:47:13.535 [info] > git for-each-ref --format=%(refname)%00%(upstream:short)%00%(objectname)%00%(upstream:track)%00%(upstream:remotename)%00%(upstream:remoteref) refs/heads/main refs/remotes/main [16ms]
2023-11-26 10:47:13.676 [info] > git status -z -uall [113ms]
2023-11-26 10:47:13.677 [info] > git show --textconv :.cache/typescript/5.2/node_modules/@types/node/http.d.ts [65ms]
2023-11-26 10:47:13.677 [info] > git ls-files --stage -- /root/.cache/typescript/5.2/node_modules/@types/node/http.d.ts [22ms]
2023-11-26 10:47:18.887 [info] > git config --get commit.template [5ms]
2023-11-26 10:47:18.906 [info] > git for-each-ref --format=%(refname)%00%(upstream:short)%00%(objectname)%00%(upstream:track)%00%(upstream:remotename)%00%(upstream:remoteref) refs/heads/main refs/remotes/main [2ms]
2023-11-26 10:47:18.969 [info] > git status -z -uall [45ms]
2023-11-26 10:47:20.364 [info] > git show --textconv :wd201/http-server/index.js [15ms]
2023-11-26 10:47:20.364 [info] > git ls-files --stage -- /root/wd201/http-server/index.js [2ms]
2023-11-26 10:47:24.119 [info] > git config --get commit.template [4ms]
2023-11-26 10:47:24.150 [info] > git for-each-ref --format=%(refname)%00%(upstream:short)%00%(objectname)%00%(upstream:track)%00%(upstream:remotename)%00%(upstream:remoteref) refs/heads/main refs/remotes/main [3ms]
2023-11-26 10:47:24.232 [info] > git status -z -uall [56ms]
2023-11-26 10:47:29.343 [info] > git config --get commit.template [1ms]
2023-11-26 10:47:29.364 [info] > git for-each-ref --format=%(refname)%00%(upstream:short)%00%(objectname)%00%(upstream:track)%00%(upstream:remotename)%00%(upstream:remoteref) refs/heads/main refs/remotes/main [1ms]
2023-11-26 10:47:29.424 [info] > git status -z -uall [43ms]
2023-11-26 10:47:34.525 [info] > git config --get commit.template [2ms]
2023-11-26 10:47:34.545 [info] > git for-each-ref --format=%(refname)%00%(upstream:short)%00%(objectname)%00%(upstream:track)%00%(upstream:remotename)%00%(upstream:remoteref) refs/heads/main refs/remotes/main [1ms]
2023-11-26 10:47:34.604 [info] > git status -z -uall [41ms]
2023-11-26 10:47:46.123 [info] > git config --get commit.template [3ms]
2023-11-26 10:47:46.145 [info] > git for-each-ref --format=%(refname)%00%(upstream:short)%00%(objectname)%00%(upstream:track)%00%(upstream:remotename)%00%(upstream:remoteref) refs/heads/main refs/remotes/main [1ms]
2023-11-26 10:47:46.202 [info] > git status -z -uall [40ms]
2023-11-26 10:47:51.302 [info] > git config --get commit.template [2ms]
2023-11-26 10:47:51.320 [info] > git for-each-ref --format=%(refname)%00%(upstream:short)%00%(objectname)%00%(upstream:track)%00%(upstream:remotename)%00%(upstream:remoteref) refs/heads/main refs/remotes/main [1ms]
2023-11-26 10:47:51.377 [info] > git status -z -uall [42ms]
2023-11-26 10:47:56.484 [info] > git config --get commit.template [1ms]
2023-11-26 10:47:56.500 [info] > git for-each-ref --format=%(refname)%00%(upstream:short)%00%(objectname)%00%(upstream:track)%00%(upstream:remotename)%00%(upstream:remoteref) refs/heads/main refs/remotes/main [1ms]
2023-11-26 10:47:56.554 [info] > git status -z -uall [39ms]
2023-11-26 10:48:01.653 [info] > git config --get commit.template [2ms]
2023-11-26 10:48:01.672 [info] > git for-each-ref --format=%(refname)%00%(upstream:short)%00%(objectname)%00%(upstream:track)%00%(upstream:remotename)%00%(upstream:remoteref) refs/heads/main refs/remotes/main [2ms]
2023-11-26 10:48:01.749 [info] > git status -z -uall [42ms]
2023-11-26 10:48:06.865 [info] > git config --get commit.template [20ms]
2023-11-26 10:48:06.866 [info] > git for-each-ref --format=%(refname)%00%(upstream:short)%00%(objectname)%00%(upstream:track)%00%(upstream:remotename)%00%(upstream:remoteref) refs/heads/main refs/remotes/main [2ms]
2023-11-26 10:48:06.924 [info] > git status -z -uall [42ms]
2023-11-26 10:48:12.031 [info] > git config --get commit.template [1ms]
2023-11-26 10:48:12.052 [info] > git for-each-ref --format=%(refname)%00%(upstream:short)%00%(objectname)%00%(upstream:track)%00%(upstream:remotename)%00%(upstream:remoteref) refs/heads/main refs/remotes/main [1ms]
2023-11-26 10:48:12.110 [info] > git status -z -uall [39ms]
2023-11-26 10:48:17.210 [info] > git config --get commit.template [2ms]
2023-11-26 10:48:17.228 [info] > git for-each-ref --format=%(refname)%00%(upstream:short)%00%(objectname)%00%(upstream:track)%00%(upstream:remotename)%00%(upstream:remoteref) refs/heads/main refs/remotes/main [1ms]
2023-11-26 10:48:17.286 [info] > git status -z -uall [42ms]
2023-11-26 10:48:22.408 [info] > git config --get commit.template [21ms]
2023-11-26 10:48:22.409 [info] > git for-each-ref --format=%(refname)%00%(upstream:short)%00%(objectname)%00%(upstream:track)%00%(upstream:remotename)%00%(upstream:remoteref) refs/heads/main refs/remotes/main [4ms]
2023-11-26 10:48:22.470 [info] > git status -z -uall [42ms]
2023-11-26 10:48:27.577 [info] > git config --get commit.template [2ms]
2023-11-26 10:48:27.598 [info] > git for-each-ref --format=%(refname)%00%(upstream:short)%00%(objectname)%00%(upstream:track)%00%(upstream:remotename)%00%(upstream:remoteref) refs/heads/main refs/remotes/main [2ms]
2023-11-26 10:48:27.654 [info] > git status -z -uall [39ms]
2023-11-26 10:48:32.753 [info] > git config --get commit.template [3ms]
2023-11-26 10:48:32.773 [info] > git for-each-ref --format=%(refname)%00%(upstream:short)%00%(objectname)%00%(upstream:track)%00%(upstream:remotename)%00%(upstream:remoteref) refs/heads/main refs/remotes/main [2ms]
2023-11-26 10:48:32.831 [info] > git status -z -uall [40ms]
2023-11-26 10:48:37.951 [info] > git config --get commit.template [22ms]
2023-11-26 10:48:37.952 [info] > git for-each-ref --format=%(refname)%00%(upstream:short)%00%(objectname)%00%(upstream:track)%00%(upstream:remotename)%00%(upstream:remoteref) refs/heads/main refs/remotes/main [3ms]
2023-11-26 10:48:38.014 [info] > git status -z -uall [46ms]
2023-11-26 10:48:43.127 [info] > git config --get commit.template [2ms]
2023-11-26 10:48:43.145 [info] > git for-each-ref --format=%(refname)%00%(upstream:short)%00%(objectname)%00%(upstream:track)%00%(upstream:remotename)%00%(upstream:remoteref) refs/heads/main refs/remotes/main [1ms]
2023-11-26 10:48:43.206 [info] > git status -z -uall [40ms]
2023-11-26 10:48:48.300 [info] > git config --get commit.template [2ms]
2023-11-26 10:48:48.318 [info] > git for-each-ref --format=%(refname)%00%(upstream:short)%00%(objectname)%00%(upstream:track)%00%(upstream:remotename)%00%(upstream:remoteref) refs/heads/main refs/remotes/main [1ms]
2023-11-26 10:48:48.377 [info] > git status -z -uall [42ms]
2023-11-26 10:48:53.495 [info] > git config --get commit.template [21ms]
2023-11-26 10:48:53.495 [info] > git for-each-ref --format=%(refname)%00%(upstream:short)%00%(objectname)%00%(upstream:track)%00%(upstream:remotename)%00%(upstream:remoteref) refs/heads/main refs/remotes/main [2ms]
2023-11-26 10:48:53.552 [info] > git status -z -uall [39ms]
2023-11-26 10:48:58.683 [info] > git config --get commit.template [24ms]
2023-11-26 10:48:58.684 [info] > git for-each-ref --format=%(refname)%00%(upstream:short)%00%(objectname)%00%(upstream:track)%00%(upstream:remotename)%00%(upstream:remoteref) refs/heads/main refs/remotes/main [1ms]
2023-11-26 10:48:58.747 [info] > git status -z -uall [42ms]
2023-11-26 10:49:03.860 [info] > git config --get commit.template [20ms]
2023-11-26 10:49:03.861 [info] > git for-each-ref --format=%(refname)%00%(upstream:short)%00%(objectname)%00%(upstream:track)%00%(upstream:remotename)%00%(upstream:remoteref) refs/heads/main refs/remotes/main [2ms]
2023-11-26 10:49:03.917 [info] > git status -z -uall [38ms]
2023-11-26 10:49:09.040 [info] > git config --get commit.template [23ms]
2023-11-26 10:49:09.041 [info] > git for-each-ref --format=%(refname)%00%(upstream:short)%00%(objectname)%00%(upstream:track)%00%(upstream:remotename)%00%(upstream:remoteref) refs/heads/main refs/remotes/main [1ms]
2023-11-26 10:49:09.101 [info] > git status -z -uall [44ms]
2023-11-26 10:49:14.203 [info] > git config --get commit.template [2ms]
2023-11-26 10:49:14.221 [info] > git for-each-ref --format=%(refname)%00%(upstream:short)%00%(objectname)%00%(upstream:track)%00%(upstream:remotename)%00%(upstream:remoteref) refs/heads/main refs/remotes/main [2ms]
2023-11-26 10:49:14.278 [info] > git status -z -uall [41ms]
2023-11-26 10:49:19.378 [info] > git config --get commit.template [2ms]
2023-11-26 10:49:19.397 [info] > git for-each-ref --format=%(refname)%00%(upstream:short)%00%(objectname)%00%(upstream:track)%00%(upstream:remotename)%00%(upstream:remoteref) refs/heads/main refs/remotes/main [1ms]
2023-11-26 10:49:19.453 [info] > git status -z -uall [40ms]
2023-11-26 10:49:24.557 [info] > git config --get commit.template [2ms]
2023-11-26 10:49:24.577 [info] > git for-each-ref --format=%(refname)%00%(upstream:short)%00%(objectname)%00%(upstream:track)%00%(upstream:remotename)%00%(upstream:remoteref) refs/heads/main refs/remotes/main [2ms]
2023-11-26 10:49:24.641 [info] > git status -z -uall [45ms]
2023-11-26 10:49:29.766 [info] > git config --get commit.template [19ms]
2023-11-26 10:49:29.767 [info] > git for-each-ref --format=%(refname)%00%(upstream:short)%00%(objectname)%00%(upstream:track)%00%(upstream:remotename)%00%(upstream:remoteref) refs/heads/main refs/remotes/main [2ms]
2023-11-26 10:49:29.821 [info] > git status -z -uall [38ms]
2023-11-26 10:49:34.938 [info] > git config --get commit.template [19ms]
2023-11-26 10:49:34.939 [info] > git for-each-ref --format=%(refname)%00%(upstream:short)%00%(objectname)%00%(upstream:track)%00%(upstream:remotename)%00%(upstream:remoteref) refs/heads/main refs/remotes/main [2ms]
2023-11-26 10:49:34.997 [info] > git status -z -uall [42ms]
2023-11-26 10:49:40.096 [info] > git config --get commit.template [2ms]
2023-11-26 10:49:40.115 [info] > git for-each-ref --format=%(refname)%00%(upstream:short)%00%(objectname)%00%(upstream:track)%00%(upstream:remotename)%00%(upstream:remoteref) refs/heads/main refs/remotes/main [2ms]
2023-11-26 10:49:40.174 [info] > git status -z -uall [42ms]
2023-11-26 10:49:45.279 [info] > git config --get commit.template [1ms]
2023-11-26 10:49:45.297 [info] > git for-each-ref --format=%(refname)%00%(upstream:short)%00%(objectname)%00%(upstream:track)%00%(upstream:remotename)%00%(upstream:remoteref) refs/heads/main refs/remotes/main [1ms]
2023-11-26 10:49:45.357 [info] > git status -z -uall [43ms]
2023-11-26 10:49:50.476 [info] > git config --get commit.template [17ms]
2023-11-26 10:49:50.476 [info] > git for-each-ref --format=%(refname)%00%(upstream:short)%00%(objectname)%00%(upstream:track)%00%(upstream:remotename)%00%(upstream:remoteref) refs/heads/main refs/remotes/main [2ms]
2023-11-26 10:49:50.535 [info] > git status -z -uall [41ms]
2023-11-26 10:49:55.636 [info] > git config --get commit.template [1ms]
2023-11-26 10:49:55.654 [info] > git for-each-ref --format=%(refname)%00%(upstream:short)%00%(objectname)%00%(upstream:track)%00%(upstream:remotename)%00%(upstream:remoteref) refs/heads/main refs/remotes/main [1ms]
2023-11-26 10:49:55.713 [info] > git status -z -uall [43ms]
2023-11-26 10:50:00.812 [info] > git config --get commit.template [2ms]
2023-11-26 10:50:00.831 [info] > git for-each-ref --format=%(refname)%00%(upstream:short)%00%(objectname)%00%(upstream:track)%00%(upstream:remotename)%00%(upstream:remoteref) refs/heads/main refs/remotes/main [2ms]
2023-11-26 10:50:00.885 [info] > git status -z -uall [38ms]
2023-11-26 10:50:05.985 [info] > git config --get commit.template [2ms]
2023-11-26 10:50:06.006 [info] > git for-each-ref --format=%(refname)%00%(upstream:short)%00%(objectname)%00%(upstream:track)%00%(upstream:remotename)%00%(upstream:remoteref) refs/heads/main refs/remotes/main [2ms]
2023-11-26 10:50:06.070 [info] > git status -z -uall [48ms]
2023-11-26 10:50:11.168 [info] > git config --get commit.template [2ms]
2023-11-26 10:50:11.185 [info] > git for-each-ref --format=%(refname)%00%(upstream:short)%00%(objectname)%00%(upstream:track)%00%(upstream:remotename)%00%(upstream:remoteref) refs/heads/main refs/remotes/main [2ms]
2023-11-26 10:50:11.245 [info] > git status -z -uall [42ms]
2023-11-26 10:50:16.364 [info] > git config --get commit.template [20ms]
2023-11-26 10:50:16.365 [info] > git for-each-ref --format=%(refname)%00%(upstream:short)%00%(objectname)%00%(upstream:track)%00%(upstream:remotename)%00%(upstream:remoteref) refs/heads/main refs/remotes/main [2ms]
2023-11-26 10:50:16.420 [info] > git status -z -uall [39ms]
2023-11-26 10:50:21.514 [info] > git config --get commit.template [2ms]
2023-11-26 10:50:21.532 [info] > git for-each-ref --format=%(refname)%00%(upstream:short)%00%(objectname)%00%(upstream:track)%00%(upstream:remotename)%00%(upstream:remoteref) refs/heads/main refs/remotes/main [1ms]
2023-11-26 10:50:21.588 [info] > git status -z -uall [40ms]
2023-11-26 10:50:26.689 [info] > git config --get commit.template [2ms]
2023-11-26 10:50:26.708 [info] > git for-each-ref --format=%(refname)%00%(upstream:short)%00%(objectname)%00%(upstream:track)%00%(upstream:remotename)%00%(upstream:remoteref) refs/heads/main refs/remotes/main [2ms]
2023-11-26 10:50:26.768 [info] > git status -z -uall [43ms]
2023-11-26 10:50:31.869 [info] > git config --get commit.template [1ms]
2023-11-26 10:50:31.888 [info] > git for-each-ref --format=%(refname)%00%(upstream:short)%00%(objectname)%00%(upstream:track)%00%(upstream:remotename)%00%(upstream:remoteref) refs/heads/main refs/remotes/main [1ms]
2023-11-26 10:50:31.946 [info] > git status -z -uall [41ms]
2023-11-26 10:50:37.040 [info] > git config --get commit.template [3ms]
2023-11-26 10:50:37.059 [info] > git for-each-ref --format=%(refname)%00%(upstream:short)%00%(objectname)%00%(upstream:track)%00%(upstream:remotename)%00%(upstream:remoteref) refs/heads/main refs/remotes/main [2ms]
2023-11-26 10:50:37.123 [info] > git status -z -uall [45ms]
2023-11-26 10:50:42.238 [info] > git config --get commit.template [19ms]
2023-11-26 10:50:42.238 [info] > git for-each-ref --format=%(refname)%00%(upstream:short)%00%(objectname)%00%(upstream:track)%00%(upstream:remotename)%00%(upstream:remoteref) refs/heads/main refs/remotes/main [3ms]
2023-11-26 10:50:42.296 [info] > git status -z -uall [41ms]
2023-11-26 10:50:47.415 [info] > git config --get commit.template [21ms]
2023-11-26 10:50:47.416 [info] > git for-each-ref --format=%(refname)%00%(upstream:short)%00%(objectname)%00%(upstream:track)%00%(upstream:remotename)%00%(upstream:remoteref) refs/heads/main refs/remotes/main [2ms]
2023-11-26 10:50:47.471 [info] > git status -z -uall [39ms]
2023-11-26 10:50:52.591 [info] > git config --get commit.template [21ms]
2023-11-26 10:50:52.592 [info] > git for-each-ref --format=%(refname)%00%(upstream:short)%00%(objectname)%00%(upstream:track)%00%(upstream:remotename)%00%(upstream:remoteref) refs/heads/main refs/remotes/main [2ms]
2023-11-26 10:50:52.651 [info] > git status -z -uall [43ms]
2023-11-26 10:50:57.748 [info] > git config --get commit.template [2ms]
2023-11-26 10:50:57.768 [info] > git for-each-ref --format=%(refname)%00%(upstream:short)%00%(objectname)%00%(upstream:track)%00%(upstream:remotename)%00%(upstream:remoteref) refs/heads/main refs/remotes/main [1ms]
2023-11-26 10:50:57.826 [info] > git status -z -uall [41ms]
2023-11-26 10:51:02.928 [info] > git config --get commit.template [2ms]
2023-11-26 10:51:02.946 [info] > git for-each-ref --format=%(refname)%00%(upstream:short)%00%(objectname)%00%(upstream:track)%00%(upstream:remotename)%00%(upstream:remoteref) refs/heads/main refs/remotes/main [1ms]
2023-11-26 10:51:03.000 [info] > git status -z -uall [38ms]
2023-11-26 10:51:08.095 [info] > git config --get commit.template [2ms]
2023-11-26 10:51:08.112 [info] > git for-each-ref --format=%(refname)%00%(upstream:short)%00%(objectname)%00%(upstream:track)%00%(upstream:remotename)%00%(upstream:remoteref) refs/heads/main refs/remotes/main [1ms]
2023-11-26 10:51:08.169 [info] > git status -z -uall [40ms]
2023-11-26 10:51:13.265 [info] > git config --get commit.template [1ms]
2023-11-26 10:51:13.283 [info] > git for-each-ref --format=%(refname)%00%(upstream:short)%00%(objectname)%00%(upstream:track)%00%(upstream:remotename)%00%(upstream:remoteref) refs/heads/main refs/remotes/main [1ms]
2023-11-26 10:51:13.345 [info] > git status -z -uall [44ms]
2023-11-26 10:51:18.444 [info] > git config --get commit.template [2ms]
2023-11-26 10:51:18.466 [info] > git for-each-ref --format=%(refname)%00%(upstream:short)%00%(objectname)%00%(upstream:track)%00%(upstream:remotename)%00%(upstream:remoteref) refs/heads/main refs/remotes/main [1ms]
2023-11-26 10:51:18.525 [info] > git status -z -uall [43ms]
2023-11-26 10:51:23.637 [info] > git config --get commit.template [2ms]
2023-11-26 10:51:23.657 [info] > git for-each-ref --format=%(refname)%00%(upstream:short)%00%(objectname)%00%(upstream:track)%00%(upstream:remotename)%00%(upstream:remoteref) refs/heads/main refs/remotes/main [2ms]
2023-11-26 10:51:23.716 [info] > git status -z -uall [41ms]
2023-11-26 10:51:28.816 [info] > git config --get commit.template [1ms]
2023-11-26 10:51:28.835 [info] > git for-each-ref --format=%(refname)%00%(upstream:short)%00%(objectname)%00%(upstream:track)%00%(upstream:remotename)%00%(upstream:remoteref) refs/heads/main refs/remotes/main [2ms]
2023-11-26 10:51:28.892 [info] > git status -z -uall [41ms]
2023-11-26 10:51:34.017 [info] > git config --get commit.template [20ms]
2023-11-26 10:51:34.017 [info] > git for-each-ref --format=%(refname)%00%(upstream:short)%00%(objectname)%00%(upstream:track)%00%(upstream:remotename)%00%(upstream:remoteref) refs/heads/main refs/remotes/main [2ms]
2023-11-26 10:51:34.083 [info] > git status -z -uall [46ms]
2023-11-26 10:51:42.735 [info] > git config --get commit.template [24ms]
2023-11-26 10:51:42.737 [info] > git for-each-ref --format=%(refname)%00%(upstream:short)%00%(objectname)%00%(upstream:track)%00%(upstream:remotename)%00%(upstream:remoteref) refs/heads/main refs/remotes/main [4ms]
2023-11-26 10:51:42.822 [info] > git status -z -uall [61ms]
2023-11-26 10:51:45.508 [info] > git show --textconv :wd201/http-server/project.html [31ms]
2023-11-26 10:51:45.512 [info] > git ls-files --stage -- /root/wd201/http-server/project.html [8ms]
2023-11-26 10:51:47.958 [info] > git config --get commit.template [2ms]
2023-11-26 10:51:47.976 [info] > git for-each-ref --format=%(refname)%00%(upstream:short)%00%(objectname)%00%(upstream:track)%00%(upstream:remotename)%00%(upstream:remoteref) refs/heads/main refs/remotes/main [2ms]
2023-11-26 10:51:48.042 [info] > git status -z -uall [51ms]
2023-11-26 10:51:53.149 [info] > git config --get commit.template [2ms]
2023-11-26 10:51:53.166 [info] > git for-each-ref --format=%(refname)%00%(upstream:short)%00%(objectname)%00%(upstream:track)%00%(upstream:remotename)%00%(upstream:remoteref) refs/heads/main refs/remotes/main [2ms]
2023-11-26 10:51:53.227 [info] > git status -z -uall [43ms]
2023-11-26 10:51:58.354 [info] > git config --get commit.template [3ms]
2023-11-26 10:51:58.391 [info] > git for-each-ref --format=%(refname)%00%(upstream:short)%00%(objectname)%00%(upstream:track)%00%(upstream:remotename)%00%(upstream:remoteref) refs/heads/main refs/remotes/main [5ms]
2023-11-26 10:51:58.474 [info] > git status -z -uall [50ms]
2023-11-26 10:52:03.592 [info] > git config --get commit.template [2ms]
2023-11-26 10:52:03.611 [info] > git for-each-ref --format=%(refname)%00%(upstream:short)%00%(objectname)%00%(upstream:track)%00%(upstream:remotename)%00%(upstream:remoteref) refs/heads/main refs/remotes/main [1ms]
2023-11-26 10:52:03.669 [info] > git status -z -uall [40ms]
2023-11-26 10:52:08.788 [info] > git config --get commit.template [22ms]
2023-11-26 10:52:08.789 [info] > git for-each-ref --format=%(refname)%00%(upstream:short)%00%(objectname)%00%(upstream:track)%00%(upstream:remotename)%00%(upstream:remoteref) refs/heads/main refs/remotes/main [3ms]
2023-11-26 10:52:08.853 [info] > git status -z -uall [47ms]
2023-11-26 10:52:13.989 [info] > git config --get commit.template [24ms]
2023-11-26 10:52:13.990 [info] > git for-each-ref --format=%(refname)%00%(upstream:short)%00%(objectname)%00%(upstream:track)%00%(upstream:remotename)%00%(upstream:remoteref) refs/heads/main refs/remotes/main [3ms]
2023-11-26 10:52:14.060 [info] > git status -z -uall [48ms]
2023-11-26 10:52:15.335 [info] > git show --textconv :wd201/http-server/home.html [19ms]
2023-11-26 10:52:15.335 [info] > git ls-files --stage -- /root/wd201/http-server/home.html [2ms]
2023-11-26 10:52:17.612 [info] > git show --textconv :wd201/http-server/project.html [20ms]
2023-11-26 10:52:17.614 [info] > git ls-files --stage -- /root/wd201/http-server/project.html [4ms]
2023-11-26 10:52:19.192 [info] > git config --get commit.template [8ms]
2023-11-26 10:52:19.230 [info] > git for-each-ref --format=%(refname)%00%(upstream:short)%00%(objectname)%00%(upstream:track)%00%(upstream:remotename)%00%(upstream:remoteref) refs/heads/main refs/remotes/main [4ms]
2023-11-26 10:52:19.309 [info] > git status -z -uall [51ms]
2023-11-26 10:52:29.859 [info] > git config --get commit.template [2ms]
2023-11-26 10:52:29.879 [info] > git for-each-ref --format=%(refname)%00%(upstream:short)%00%(objectname)%00%(upstream:track)%00%(upstream:remotename)%00%(upstream:remoteref) refs/heads/main refs/remotes/main [2ms]
2023-11-26 10:52:29.941 [info] > git status -z -uall [41ms]
2023-11-26 10:52:35.047 [info] > git config --get commit.template [2ms]
2023-11-26 10:52:35.067 [info] > git for-each-ref --format=%(refname)%00%(upstream:short)%00%(objectname)%00%(upstream:track)%00%(upstream:remotename)%00%(upstream:remoteref) refs/heads/main refs/remotes/main [2ms]
2023-11-26 10:52:35.133 [info] > git status -z -uall [47ms]
2023-11-26 10:52:40.234 [info] > git config --get commit.template [3ms]
2023-11-26 10:52:40.259 [info] > git for-each-ref --format=%(refname)%00%(upstream:short)%00%(objectname)%00%(upstream:track)%00%(upstream:remotename)%00%(upstream:remoteref) refs/heads/main refs/remotes/main [1ms]
2023-11-26 10:52:40.328 [info] > git status -z -uall [45ms]
2023-11-26 10:52:45.689 [info] > git show --textconv :wd201/http-server/home.html [19ms]
2023-11-26 10:52:45.690 [info] > git ls-files --stage -- /root/wd201/http-server/home.html [2ms]
2023-11-26 10:52:46.306 [info] > git config --get commit.template [2ms]
2023-11-26 10:52:46.329 [info] > git for-each-ref --format=%(refname)%00%(upstream:short)%00%(objectname)%00%(upstream:track)%00%(upstream:remotename)%00%(upstream:remoteref) refs/heads/main refs/remotes/main [2ms]
2023-11-26 10:52:46.389 [info] > git status -z -uall [42ms]
2023-11-26 10:52:54.388 [info] > git config --get commit.template [2ms]
2023-11-26 10:52:54.407 [info] > git for-each-ref --format=%(refname)%00%(upstream:short)%00%(objectname)%00%(upstream:track)%00%(upstream:remotename)%00%(upstream:remoteref) refs/heads/main refs/remotes/main [2ms]
2023-11-26 10:52:54.462 [info] > git status -z -uall [37ms]
2023-11-26 10:52:55.679 [info] > git show --textconv :wd201/http-server/project.html [29ms]
2023-11-26 10:52:55.683 [info] > git ls-files --stage -- /root/wd201/http-server/project.html [8ms]
2023-11-26 10:52:59.575 [info] > git config --get commit.template [2ms]
2023-11-26 10:52:59.598 [info] > git for-each-ref --format=%(refname)%00%(upstream:short)%00%(objectname)%00%(upstream:track)%00%(upstream:remotename)%00%(upstream:remoteref) refs/heads/main refs/remotes/main [2ms]
2023-11-26 10:52:59.664 [info] > git status -z -uall [48ms]
2023-11-26 10:53:06.636 [info] > git config --get commit.template [2ms]
2023-11-26 10:53:06.658 [info] > git for-each-ref --format=%(refname)%00%(upstream:short)%00%(objectname)%00%(upstream:track)%00%(upstream:remotename)%00%(upstream:remoteref) refs/heads/main refs/remotes/main [3ms]
2023-11-26 10:53:06.728 [info] > git status -z -uall [51ms]
2023-11-26 10:53:16.394 [info] > git config --get commit.template [1ms]
2023-11-26 10:53:16.420 [info] > git for-each-ref --format=%(refname)%00%(upstream:short)%00%(objectname)%00%(upstream:track)%00%(upstream:remotename)%00%(upstream:remoteref) refs/heads/main refs/remotes/main [2ms]
2023-11-26 10:53:16.499 [info] > git status -z -uall [52ms]
2023-11-26 10:53:57.194 [info] > git config --get commit.template [18ms]
2023-11-26 10:53:57.195 [info] > git for-each-ref --format=%(refname)%00%(upstream:short)%00%(objectname)%00%(upstream:track)%00%(upstream:remotename)%00%(upstream:remoteref) refs/heads/main refs/remotes/main [2ms]
2023-11-26 10:53:57.260 [info] > git status -z -uall [50ms]
2023-11-26 10:54:02.377 [info] > git config --get commit.template [3ms]
2023-11-26 10:54:02.395 [info] > git for-each-ref --format=%(refname)%00%(upstream:short)%00%(objectname)%00%(upstream:track)%00%(upstream:remotename)%00%(upstream:remoteref) refs/heads/main refs/remotes/main [2ms]
2023-11-26 10:54:02.455 [info] > git status -z -uall [44ms]
2023-11-26 10:54:09.441 [info] > git config --get commit.template [3ms]
2023-11-26 10:54:09.458 [info] > git for-each-ref --format=%(refname)%00%(upstream:short)%00%(objectname)%00%(upstream:track)%00%(upstream:remotename)%00%(upstream:remoteref) refs/heads/main refs/remotes/main [1ms]
2023-11-26 10:54:09.514 [info] > git status -z -uall [40ms]
2023-11-26 10:54:17.937 [info] > git config --get commit.template [3ms]
2023-11-26 10:54:17.976 [info] > git for-each-ref --format=%(refname)%00%(upstream:short)%00%(objectname)%00%(upstream:track)%00%(upstream:remotename)%00%(upstream:remoteref) refs/heads/main refs/remotes/main [4ms]
2023-11-26 10:54:18.123 [info] > git status -z -uall [110ms]
