2023-11-25 22:47:39.388 [info] Log level: Info
2023-11-25 22:47:39.388 [info] Validating found git in: "git"
2023-11-25 22:47:39.388 [info] Using git "2.34.1" from "git"
2023-11-25 22:47:39.388 [info] > git rev-parse --show-toplevel [5ms]
2023-11-25 22:47:39.388 [info] > git rev-parse --git-dir --git-common-dir [6ms]
2023-11-25 22:47:39.388 [info] Open repository: /root
2023-11-25 22:47:39.388 [info] > git config --get commit.template [51ms]
2023-11-25 22:47:39.396 [info] > git for-each-ref --format=%(refname)%00%(upstream:short)%00%(objectname)%00%(upstream:track)%00%(upstream:remotename)%00%(upstream:remoteref) refs/heads/main refs/remotes/main [3ms]
2023-11-25 22:47:39.426 [info] > git status -z -uall [23ms]
2023-11-25 22:47:39.498 [info] > git config --get commit.template [1ms]
2023-11-25 22:47:39.506 [info] > git for-each-ref --format=%(refname)%00%(upstream:short)%00%(objectname)%00%(upstream:track)%00%(upstream:remotename)%00%(upstream:remoteref) refs/heads/main refs/remotes/main [1ms]
2023-11-25 22:47:39.839 [info] > git status -z -uall [325ms]
2023-11-25 22:47:39.899 [info] > git check-ignore -v -z --stdin [7ms]
2023-11-25 22:47:43.499 [info] > git config --get commit.template [9ms]
2023-11-25 22:47:43.501 [info] > git for-each-ref --format=%(refname)%00%(upstream:short)%00%(objectname)%00%(upstream:track)%00%(upstream:remotename)%00%(upstream:remoteref) refs/heads/main refs/remotes/main [2ms]
2023-11-25 22:47:43.528 [info] > git status -z -uall [20ms]
2023-11-25 22:47:47.439 [info] > git check-ignore -v -z --stdin [1ms]
2023-11-25 22:47:48.574 [info] > git config --get commit.template [2ms]
2023-11-25 22:47:48.582 [info] > git for-each-ref --format=%(refname)%00%(upstream:short)%00%(objectname)%00%(upstream:track)%00%(upstream:remotename)%00%(upstream:remoteref) refs/heads/main refs/remotes/main [1ms]
2023-11-25 22:47:48.607 [info] > git status -z -uall [19ms]
2023-11-25 22:47:55.312 [info] > git config --get commit.template [1ms]
2023-11-25 22:47:55.323 [info] > git for-each-ref --format=%(refname)%00%(upstream:short)%00%(objectname)%00%(upstream:track)%00%(upstream:remotename)%00%(upstream:remoteref) refs/heads/main refs/remotes/main [1ms]
2023-11-25 22:47:55.360 [info] > git status -z -uall [26ms]
2023-11-25 22:48:00.412 [info] > git config --get commit.template [11ms]
2023-11-25 22:48:00.414 [info] > git for-each-ref --format=%(refname)%00%(upstream:short)%00%(objectname)%00%(upstream:track)%00%(upstream:remotename)%00%(upstream:remoteref) refs/heads/main refs/remotes/main [4ms]
2023-11-25 22:48:00.450 [info] > git status -z -uall [27ms]
2023-11-25 22:48:05.500 [info] > git config --get commit.template [1ms]
2023-11-25 22:48:05.507 [info] > git for-each-ref --format=%(refname)%00%(upstream:short)%00%(objectname)%00%(upstream:track)%00%(upstream:remotename)%00%(upstream:remoteref) refs/heads/main refs/remotes/main [1ms]
2023-11-25 22:48:05.533 [info] > git status -z -uall [19ms]
2023-11-25 22:48:15.902 [info] > git config --get commit.template [2ms]
2023-11-25 22:48:15.913 [info] > git for-each-ref --format=%(refname)%00%(upstream:short)%00%(objectname)%00%(upstream:track)%00%(upstream:remotename)%00%(upstream:remoteref) refs/heads/main refs/remotes/main [1ms]
2023-11-25 22:48:15.941 [info] > git status -z -uall [21ms]
2023-11-25 22:48:20.992 [info] > git config --get commit.template [8ms]
2023-11-25 22:48:20.993 [info] > git for-each-ref --format=%(refname)%00%(upstream:short)%00%(objectname)%00%(upstream:track)%00%(upstream:remotename)%00%(upstream:remoteref) refs/heads/main refs/remotes/main [2ms]
2023-11-25 22:48:21.018 [info] > git status -z -uall [19ms]
2023-11-25 22:48:26.055 [info] > git check-ignore -v -z --stdin [10ms]
2023-11-25 22:48:26.057 [info] > git config --get commit.template [2ms]
2023-11-25 22:48:26.065 [info] > git for-each-ref --format=%(refname)%00%(upstream:short)%00%(objectname)%00%(upstream:track)%00%(upstream:remotename)%00%(upstream:remoteref) refs/heads/main refs/remotes/main [1ms]
2023-11-25 22:48:26.090 [info] > git status -z -uall [18ms]
2023-11-25 22:48:52.959 [info] > git config --get commit.template [3ms]
2023-11-25 22:48:52.968 [info] > git for-each-ref --format=%(refname)%00%(upstream:short)%00%(objectname)%00%(upstream:track)%00%(upstream:remotename)%00%(upstream:remoteref) refs/heads/main refs/remotes/main [2ms]
2023-11-25 22:48:52.996 [info] > git status -z -uall [20ms]
2023-11-25 22:48:58.052 [info] > git config --get commit.template [2ms]
2023-11-25 22:48:58.060 [info] > git for-each-ref --format=%(refname)%00%(upstream:short)%00%(objectname)%00%(upstream:track)%00%(upstream:remotename)%00%(upstream:remoteref) refs/heads/main refs/remotes/main [1ms]
2023-11-25 22:48:58.084 [info] > git status -z -uall [18ms]
2023-11-25 22:49:09.904 [info] > git config --get commit.template [3ms]
2023-11-25 22:49:09.913 [info] > git for-each-ref --format=%(refname)%00%(upstream:short)%00%(objectname)%00%(upstream:track)%00%(upstream:remotename)%00%(upstream:remoteref) refs/heads/main refs/remotes/main [2ms]
2023-11-25 22:49:09.939 [info] > git status -z -uall [19ms]
2023-11-25 22:49:14.986 [info] > git config --get commit.template [1ms]
2023-11-25 22:49:14.993 [info] > git for-each-ref --format=%(refname)%00%(upstream:short)%00%(objectname)%00%(upstream:track)%00%(upstream:remotename)%00%(upstream:remoteref) refs/heads/main refs/remotes/main [1ms]
2023-11-25 22:49:15.017 [info] > git status -z -uall [18ms]
2023-11-25 22:49:20.063 [info] > git config --get commit.template [1ms]
2023-11-25 22:49:20.070 [info] > git for-each-ref --format=%(refname)%00%(upstream:short)%00%(objectname)%00%(upstream:track)%00%(upstream:remotename)%00%(upstream:remoteref) refs/heads/main refs/remotes/main [1ms]
2023-11-25 22:49:20.096 [info] > git status -z -uall [20ms]
2023-11-25 22:49:42.320 [info] > git config --get commit.template [2ms]
2023-11-25 22:49:42.333 [info] > git for-each-ref --format=%(refname)%00%(upstream:short)%00%(objectname)%00%(upstream:track)%00%(upstream:remotename)%00%(upstream:remoteref) refs/heads/main refs/remotes/main [1ms]
2023-11-25 22:49:42.366 [info] > git status -z -uall [24ms]
2023-11-25 22:49:44.411 [info] > git check-ignore -v -z --stdin [1ms]
2023-11-25 22:49:47.409 [info] > git config --get commit.template [1ms]
2023-11-25 22:49:47.417 [info] > git for-each-ref --format=%(refname)%00%(upstream:short)%00%(objectname)%00%(upstream:track)%00%(upstream:remotename)%00%(upstream:remoteref) refs/heads/main refs/remotes/main [1ms]
2023-11-25 22:49:47.444 [info] > git status -z -uall [20ms]
2023-11-25 22:49:49.142 [info] > git check-ignore -v -z --stdin [1ms]
2023-11-25 22:49:52.484 [info] > git config --get commit.template [2ms]
2023-11-25 22:49:52.493 [info] > git for-each-ref --format=%(refname)%00%(upstream:short)%00%(objectname)%00%(upstream:track)%00%(upstream:remotename)%00%(upstream:remoteref) refs/heads/main refs/remotes/main [1ms]
2023-11-25 22:49:52.524 [info] > git status -z -uall [20ms]
2023-11-25 22:49:57.549 [info] > git show --textconv :wd201/http-server/index.js [28ms]
2023-11-25 22:49:57.549 [info] > git check-ignore -v -z --stdin [1ms]
2023-11-25 22:49:57.551 [info] > git ls-files --stage -- /root/wd201/http-server/index.js [17ms]
2023-11-25 22:49:57.570 [info] > git config --get commit.template [4ms]
2023-11-25 22:49:57.583 [info] > git for-each-ref --format=%(refname)%00%(upstream:short)%00%(objectname)%00%(upstream:track)%00%(upstream:remotename)%00%(upstream:remoteref) refs/heads/main refs/remotes/main [1ms]
2023-11-25 22:49:57.619 [info] > git status -z -uall [26ms]
2023-11-25 22:50:02.657 [info] > git config --get commit.template [1ms]
2023-11-25 22:50:02.668 [info] > git for-each-ref --format=%(refname)%00%(upstream:short)%00%(objectname)%00%(upstream:track)%00%(upstream:remotename)%00%(upstream:remoteref) refs/heads/main refs/remotes/main [2ms]
2023-11-25 22:50:02.705 [info] > git status -z -uall [28ms]
2023-11-25 22:50:08.832 [info] > git config --get commit.template [3ms]
2023-11-25 22:50:08.841 [info] > git for-each-ref --format=%(refname)%00%(upstream:short)%00%(objectname)%00%(upstream:track)%00%(upstream:remotename)%00%(upstream:remoteref) refs/heads/main refs/remotes/main [1ms]
2023-11-25 22:50:08.869 [info] > git status -z -uall [19ms]
2023-11-25 22:50:13.906 [info] > git config --get commit.template [2ms]
2023-11-25 22:50:13.915 [info] > git for-each-ref --format=%(refname)%00%(upstream:short)%00%(objectname)%00%(upstream:track)%00%(upstream:remotename)%00%(upstream:remoteref) refs/heads/main refs/remotes/main [1ms]
2023-11-25 22:50:13.940 [info] > git status -z -uall [18ms]
2023-11-25 22:50:15.689 [info] > git show --textconv :wd201/http-server/sample.txt [12ms]
2023-11-25 22:50:15.691 [info] > git ls-files --stage -- /root/wd201/http-server/sample.txt [3ms]
2023-11-25 22:50:15.925 [info] > git check-ignore -v -z --stdin [1ms]
2023-11-25 22:50:18.983 [info] > git config --get commit.template [1ms]
2023-11-25 22:50:18.993 [info] > git for-each-ref --format=%(refname)%00%(upstream:short)%00%(objectname)%00%(upstream:track)%00%(upstream:remotename)%00%(upstream:remoteref) refs/heads/main refs/remotes/main [1ms]
2023-11-25 22:50:19.017 [info] > git status -z -uall [17ms]
2023-11-25 22:50:24.060 [info] > git config --get commit.template [1ms]
2023-11-25 22:50:24.068 [info] > git for-each-ref --format=%(refname)%00%(upstream:short)%00%(objectname)%00%(upstream:track)%00%(upstream:remotename)%00%(upstream:remoteref) refs/heads/main refs/remotes/main [1ms]
2023-11-25 22:50:24.095 [info] > git status -z -uall [20ms]
2023-11-25 22:50:26.949 [info] > git show --textconv :wd201/http-server/index.js [10ms]
2023-11-25 22:50:26.950 [info] > git ls-files --stage -- /root/wd201/http-server/index.js [3ms]
2023-11-25 22:50:32.618 [info] > git config --get commit.template [1ms]
2023-11-25 22:50:32.628 [info] > git for-each-ref --format=%(refname)%00%(upstream:short)%00%(objectname)%00%(upstream:track)%00%(upstream:remotename)%00%(upstream:remoteref) refs/heads/main refs/remotes/main [1ms]
2023-11-25 22:50:32.655 [info] > git status -z -uall [19ms]
2023-11-25 22:50:41.992 [info] > git config --get commit.template [3ms]
2023-11-25 22:50:42.002 [info] > git for-each-ref --format=%(refname)%00%(upstream:short)%00%(objectname)%00%(upstream:track)%00%(upstream:remotename)%00%(upstream:remoteref) refs/heads/main refs/remotes/main [1ms]
2023-11-25 22:50:42.029 [info] > git status -z -uall [18ms]
2023-11-25 22:50:47.063 [info] > git config --get commit.template [2ms]
2023-11-25 22:50:47.072 [info] > git for-each-ref --format=%(refname)%00%(upstream:short)%00%(objectname)%00%(upstream:track)%00%(upstream:remotename)%00%(upstream:remoteref) refs/heads/main refs/remotes/main [1ms]
2023-11-25 22:50:47.102 [info] > git status -z -uall [24ms]
2023-11-25 22:50:52.816 [info] > git config --get commit.template [8ms]
2023-11-25 22:50:52.835 [info] > git for-each-ref --format=%(refname)%00%(upstream:short)%00%(objectname)%00%(upstream:track)%00%(upstream:remotename)%00%(upstream:remoteref) refs/heads/main refs/remotes/main [1ms]
2023-11-25 22:50:52.863 [info] > git status -z -uall [20ms]
2023-11-25 22:50:57.896 [info] > git config --get commit.template [2ms]
2023-11-25 22:50:57.905 [info] > git for-each-ref --format=%(refname)%00%(upstream:short)%00%(objectname)%00%(upstream:track)%00%(upstream:remotename)%00%(upstream:remoteref) refs/heads/main refs/remotes/main [1ms]
2023-11-25 22:50:57.933 [info] > git status -z -uall [19ms]
2023-11-25 22:51:03.632 [info] > git config --get commit.template [15ms]
2023-11-25 22:51:03.633 [info] > git for-each-ref --format=%(refname)%00%(upstream:short)%00%(objectname)%00%(upstream:track)%00%(upstream:remotename)%00%(upstream:remoteref) refs/heads/main refs/remotes/main [2ms]
2023-11-25 22:51:03.659 [info] > git status -z -uall [18ms]
2023-11-25 22:51:09.640 [info] > git config --get commit.template [2ms]
2023-11-25 22:51:09.654 [info] > git for-each-ref --format=%(refname)%00%(upstream:short)%00%(objectname)%00%(upstream:track)%00%(upstream:remotename)%00%(upstream:remoteref) refs/heads/main refs/remotes/main [2ms]
2023-11-25 22:51:09.683 [info] > git status -z -uall [21ms]
2023-11-25 22:51:14.718 [info] > git config --get commit.template [2ms]
2023-11-25 22:51:14.725 [info] > git for-each-ref --format=%(refname)%00%(upstream:short)%00%(objectname)%00%(upstream:track)%00%(upstream:remotename)%00%(upstream:remoteref) refs/heads/main refs/remotes/main [1ms]
2023-11-25 22:51:14.750 [info] > git status -z -uall [18ms]
2023-11-25 22:51:19.795 [info] > git config --get commit.template [1ms]
2023-11-25 22:51:19.805 [info] > git for-each-ref --format=%(refname)%00%(upstream:short)%00%(objectname)%00%(upstream:track)%00%(upstream:remotename)%00%(upstream:remoteref) refs/heads/main refs/remotes/main [1ms]
2023-11-25 22:51:19.834 [info] > git status -z -uall [19ms]
2023-11-25 22:51:25.526 [info] > git check-ignore -v -z --stdin [1ms]
2023-11-25 22:51:26.618 [info] > git config --get commit.template [1ms]
2023-11-25 22:51:26.627 [info] > git for-each-ref --format=%(refname)%00%(upstream:short)%00%(objectname)%00%(upstream:track)%00%(upstream:remotename)%00%(upstream:remoteref) refs/heads/main refs/remotes/main [1ms]
2023-11-25 22:51:26.658 [info] > git status -z -uall [23ms]
2023-11-25 22:51:31.707 [info] > git config --get commit.template [1ms]
2023-11-25 22:51:31.718 [info] > git for-each-ref --format=%(refname)%00%(upstream:short)%00%(objectname)%00%(upstream:track)%00%(upstream:remotename)%00%(upstream:remoteref) refs/heads/main refs/remotes/main [1ms]
2023-11-25 22:51:31.751 [info] > git status -z -uall [24ms]
2023-11-25 22:51:36.810 [info] > git config --get commit.template [2ms]
2023-11-25 22:51:36.819 [info] > git for-each-ref --format=%(refname)%00%(upstream:short)%00%(objectname)%00%(upstream:track)%00%(upstream:remotename)%00%(upstream:remoteref) refs/heads/main refs/remotes/main [1ms]
2023-11-25 22:51:36.849 [info] > git status -z -uall [22ms]
2023-11-25 22:51:41.901 [info] > git config --get commit.template [1ms]
2023-11-25 22:51:41.911 [info] > git for-each-ref --format=%(refname)%00%(upstream:short)%00%(objectname)%00%(upstream:track)%00%(upstream:remotename)%00%(upstream:remoteref) refs/heads/main refs/remotes/main [1ms]
2023-11-25 22:51:41.943 [info] > git status -z -uall [23ms]
2023-11-25 22:51:46.997 [info] > git config --get commit.template [1ms]
2023-11-25 22:51:47.006 [info] > git for-each-ref --format=%(refname)%00%(upstream:short)%00%(objectname)%00%(upstream:track)%00%(upstream:remotename)%00%(upstream:remoteref) refs/heads/main refs/remotes/main [1ms]
2023-11-25 22:51:47.037 [info] > git status -z -uall [22ms]
2023-11-25 22:51:52.090 [info] > git config --get commit.template [1ms]
2023-11-25 22:51:52.103 [info] > git for-each-ref --format=%(refname)%00%(upstream:short)%00%(objectname)%00%(upstream:track)%00%(upstream:remotename)%00%(upstream:remoteref) refs/heads/main refs/remotes/main [1ms]
2023-11-25 22:51:52.143 [info] > git status -z -uall [28ms]
2023-11-25 22:51:57.206 [info] > git config --get commit.template [1ms]
2023-11-25 22:51:57.220 [info] > git for-each-ref --format=%(refname)%00%(upstream:short)%00%(objectname)%00%(upstream:track)%00%(upstream:remotename)%00%(upstream:remoteref) refs/heads/main refs/remotes/main [2ms]
2023-11-25 22:51:57.252 [info] > git status -z -uall [24ms]
2023-11-25 22:52:02.311 [info] > git config --get commit.template [1ms]
2023-11-25 22:52:02.321 [info] > git for-each-ref --format=%(refname)%00%(upstream:short)%00%(objectname)%00%(upstream:track)%00%(upstream:remotename)%00%(upstream:remoteref) refs/heads/main refs/remotes/main [1ms]
2023-11-25 22:52:02.362 [info] > git status -z -uall [33ms]
2023-11-25 22:52:07.988 [info] > git config --get commit.template [2ms]
2023-11-25 22:52:07.998 [info] > git for-each-ref --format=%(refname)%00%(upstream:short)%00%(objectname)%00%(upstream:track)%00%(upstream:remotename)%00%(upstream:remoteref) refs/heads/main refs/remotes/main [1ms]
2023-11-25 22:52:08.030 [info] > git status -z -uall [23ms]
2023-11-25 22:52:13.091 [info] > git config --get commit.template [1ms]
2023-11-25 22:52:13.100 [info] > git for-each-ref --format=%(refname)%00%(upstream:short)%00%(objectname)%00%(upstream:track)%00%(upstream:remotename)%00%(upstream:remoteref) refs/heads/main refs/remotes/main [1ms]
2023-11-25 22:52:13.133 [info] > git status -z -uall [24ms]
2023-11-25 22:52:18.203 [info] > git config --get commit.template [10ms]
2023-11-25 22:52:18.203 [info] > git for-each-ref --format=%(refname)%00%(upstream:short)%00%(objectname)%00%(upstream:track)%00%(upstream:remotename)%00%(upstream:remoteref) refs/heads/main refs/remotes/main [1ms]
2023-11-25 22:52:18.236 [info] > git status -z -uall [23ms]
2023-11-25 22:52:23.294 [info] > git config --get commit.template [1ms]
2023-11-25 22:52:23.303 [info] > git for-each-ref --format=%(refname)%00%(upstream:short)%00%(objectname)%00%(upstream:track)%00%(upstream:remotename)%00%(upstream:remoteref) refs/heads/main refs/remotes/main [1ms]
2023-11-25 22:52:23.337 [info] > git status -z -uall [24ms]
2023-11-25 22:52:28.398 [info] > git config --get commit.template [2ms]
2023-11-25 22:52:28.408 [info] > git for-each-ref --format=%(refname)%00%(upstream:short)%00%(objectname)%00%(upstream:track)%00%(upstream:remotename)%00%(upstream:remoteref) refs/heads/main refs/remotes/main [2ms]
2023-11-25 22:52:28.444 [info] > git status -z -uall [24ms]
2023-11-25 22:52:29.729 [info] > git check-ignore -v -z --stdin [0ms]
2023-11-25 22:52:33.513 [info] > git config --get commit.template [2ms]
2023-11-25 22:52:33.527 [info] > git for-each-ref --format=%(refname)%00%(upstream:short)%00%(objectname)%00%(upstream:track)%00%(upstream:remotename)%00%(upstream:remoteref) refs/heads/main refs/remotes/main [2ms]
2023-11-25 22:52:33.567 [info] > git status -z -uall [30ms]
2023-11-25 22:52:37.302 [info] > git show --textconv :wd201/http-server/.eslintrc.json [14ms]
2023-11-25 22:52:37.304 [info] > git ls-files --stage -- /root/wd201/http-server/.eslintrc.json [2ms]
2023-11-25 22:52:38.577 [info] > git show --textconv :wd201/http-server/sample.txt [12ms]
2023-11-25 22:52:38.579 [info] > git ls-files --stage -- /root/wd201/http-server/sample.txt [2ms]
2023-11-25 22:52:38.628 [info] > git config --get commit.template [2ms]
2023-11-25 22:52:38.640 [info] > git for-each-ref --format=%(refname)%00%(upstream:short)%00%(objectname)%00%(upstream:track)%00%(upstream:remotename)%00%(upstream:remoteref) refs/heads/main refs/remotes/main [1ms]
2023-11-25 22:52:38.672 [info] > git status -z -uall [23ms]
2023-11-25 22:52:39.808 [info] > git show --textconv :wd201/http-server/package.json [15ms]
2023-11-25 22:52:39.809 [info] > git ls-files --stage -- /root/wd201/http-server/package.json [3ms]
2023-11-25 22:52:44.305 [info] > git config --get commit.template [1ms]
2023-11-25 22:52:44.317 [info] > git for-each-ref --format=%(refname)%00%(upstream:short)%00%(objectname)%00%(upstream:track)%00%(upstream:remotename)%00%(upstream:remoteref) refs/heads/main refs/remotes/main [2ms]
2023-11-25 22:52:44.353 [info] > git status -z -uall [26ms]
2023-11-25 22:52:50.033 [info] > git show --textconv :wd201/http-server/index.js [11ms]
2023-11-25 22:52:50.034 [info] > git ls-files --stage -- /root/wd201/http-server/index.js [2ms]
2023-11-25 22:52:50.323 [info] > git config --get commit.template [1ms]
2023-11-25 22:52:50.339 [info] > git for-each-ref --format=%(refname)%00%(upstream:short)%00%(objectname)%00%(upstream:track)%00%(upstream:remotename)%00%(upstream:remoteref) refs/heads/main refs/remotes/main [2ms]
2023-11-25 22:52:50.376 [info] > git status -z -uall [24ms]
2023-11-25 22:52:55.449 [info] > git config --get commit.template [12ms]
2023-11-25 22:52:55.450 [info] > git for-each-ref --format=%(refname)%00%(upstream:short)%00%(objectname)%00%(upstream:track)%00%(upstream:remotename)%00%(upstream:remoteref) refs/heads/main refs/remotes/main [2ms]
2023-11-25 22:52:55.487 [info] > git status -z -uall [27ms]
2023-11-25 22:53:00.549 [info] > git config --get commit.template [1ms]
2023-11-25 22:53:00.559 [info] > git for-each-ref --format=%(refname)%00%(upstream:short)%00%(objectname)%00%(upstream:track)%00%(upstream:remotename)%00%(upstream:remoteref) refs/heads/main refs/remotes/main [1ms]
2023-11-25 22:53:00.614 [info] > git status -z -uall [38ms]
2023-11-25 22:53:05.673 [info] > git config --get commit.template [1ms]
2023-11-25 22:53:05.684 [info] > git for-each-ref --format=%(refname)%00%(upstream:short)%00%(objectname)%00%(upstream:track)%00%(upstream:remotename)%00%(upstream:remoteref) refs/heads/main refs/remotes/main [2ms]
2023-11-25 22:53:05.717 [info] > git status -z -uall [24ms]
