2023-11-26 11:07:44.001 [info] Log level: Info
2023-11-26 11:07:44.001 [info] Validating found git in: "git"
2023-11-26 11:07:44.001 [info] Using git "2.34.1" from "git"
2023-11-26 11:07:44.001 [info] > git rev-parse --show-toplevel [3ms]
2023-11-26 11:07:44.001 [info] > git rev-parse --git-dir --git-common-dir [3ms]
2023-11-26 11:07:44.001 [info] Open repository: /root
2023-11-26 11:07:44.001 [info] > git rev-parse --show-toplevel [40ms]
2023-11-26 11:07:44.001 [info] > git config --get commit.template [49ms]
2023-11-26 11:07:44.001 [info] > git rev-parse --show-toplevel [30ms]
2023-11-26 11:07:44.001 [info] > git for-each-ref --format=%(refname)%00%(upstream:short)%00%(objectname)%00%(upstream:track)%00%(upstream:remotename)%00%(upstream:remoteref) refs/heads/main refs/remotes/main [22ms]
2023-11-26 11:07:44.009 [info] > git status -z -uall [75ms]
2023-11-26 11:07:45.586 [info] > git check-ignore -v -z --stdin [40ms]
2023-11-26 11:07:45.593 [info] > git config --get commit.template [142ms]
2023-11-26 11:07:45.629 [info] > git for-each-ref --format=%(refname)%00%(upstream:short)%00%(objectname)%00%(upstream:track)%00%(upstream:remotename)%00%(upstream:remoteref) refs/heads/main refs/remotes/main [4ms]
2023-11-26 11:07:45.706 [info] > git status -z -uall [56ms]
2023-11-26 11:07:46.868 [info] > git show --textconv :wd201/http-server/project.html [86ms]
2023-11-26 11:07:46.869 [info] > git ls-files --stage -- /root/wd201/http-server/project.html [52ms]
2023-11-26 11:07:48.927 [info] > git config --get commit.template [4ms]
2023-11-26 11:07:48.946 [info] > git for-each-ref --format=%(refname)%00%(upstream:short)%00%(objectname)%00%(upstream:track)%00%(upstream:remotename)%00%(upstream:remoteref) refs/heads/main refs/remotes/main [2ms]
2023-11-26 11:07:49.003 [info] > git status -z -uall [40ms]
2023-11-26 11:07:54.154 [info] > git config --get commit.template [3ms]
2023-11-26 11:07:54.174 [info] > git for-each-ref --format=%(refname)%00%(upstream:short)%00%(objectname)%00%(upstream:track)%00%(upstream:remotename)%00%(upstream:remoteref) refs/heads/main refs/remotes/main [2ms]
2023-11-26 11:07:54.250 [info] > git status -z -uall [55ms]
2023-11-26 11:07:59.385 [info] > git config --get commit.template [2ms]
2023-11-26 11:07:59.402 [info] > git for-each-ref --format=%(refname)%00%(upstream:short)%00%(objectname)%00%(upstream:track)%00%(upstream:remotename)%00%(upstream:remoteref) refs/heads/main refs/remotes/main [2ms]
2023-11-26 11:07:59.457 [info] > git status -z -uall [39ms]
2023-11-26 11:08:04.570 [info] > git config --get commit.template [4ms]
2023-11-26 11:08:04.590 [info] > git for-each-ref --format=%(refname)%00%(upstream:short)%00%(objectname)%00%(upstream:track)%00%(upstream:remotename)%00%(upstream:remoteref) refs/heads/main refs/remotes/main [2ms]
2023-11-26 11:08:04.661 [info] > git status -z -uall [56ms]
2023-11-26 11:08:09.775 [info] > git config --get commit.template [2ms]
2023-11-26 11:08:09.793 [info] > git for-each-ref --format=%(refname)%00%(upstream:short)%00%(objectname)%00%(upstream:track)%00%(upstream:remotename)%00%(upstream:remoteref) refs/heads/main refs/remotes/main [2ms]
2023-11-26 11:08:09.866 [info] > git status -z -uall [53ms]
2023-11-26 11:08:15.019 [info] > git config --get commit.template [3ms]
2023-11-26 11:08:15.037 [info] > git for-each-ref --format=%(refname)%00%(upstream:short)%00%(objectname)%00%(upstream:track)%00%(upstream:remotename)%00%(upstream:remoteref) refs/heads/main refs/remotes/main [2ms]
2023-11-26 11:08:15.094 [info] > git status -z -uall [41ms]
2023-11-26 11:08:20.896 [info] > git show --textconv :wd201/http-server/home.html [20ms]
2023-11-26 11:08:20.899 [info] > git ls-files --stage -- /root/wd201/http-server/home.html [6ms]
2023-11-26 11:08:21.116 [info] > git config --get commit.template [24ms]
2023-11-26 11:08:21.119 [info] > git for-each-ref --format=%(refname)%00%(upstream:short)%00%(objectname)%00%(upstream:track)%00%(upstream:remotename)%00%(upstream:remoteref) refs/heads/main refs/remotes/main [6ms]
2023-11-26 11:08:21.190 [info] > git status -z -uall [46ms]
2023-11-26 11:08:24.796 [info] > git show --textconv :wd201/http-server/project.html [19ms]
2023-11-26 11:08:24.797 [info] > git ls-files --stage -- /root/wd201/http-server/project.html [3ms]
2023-11-26 11:08:26.295 [info] > git config --get commit.template [2ms]
2023-11-26 11:08:26.313 [info] > git for-each-ref --format=%(refname)%00%(upstream:short)%00%(objectname)%00%(upstream:track)%00%(upstream:remotename)%00%(upstream:remoteref) refs/heads/main refs/remotes/main [2ms]
2023-11-26 11:08:26.366 [info] > git status -z -uall [39ms]
2023-11-26 11:08:27.690 [info] > git show --textconv :wd201/http-server/home.html [23ms]
2023-11-26 11:08:27.690 [info] > git ls-files --stage -- /root/wd201/http-server/home.html [3ms]
2023-11-26 11:08:27.984 [info] > git show --textconv :wd201/http-server/project.html [27ms]
2023-11-26 11:08:27.987 [info] > git ls-files --stage -- /root/wd201/http-server/project.html [5ms]
2023-11-26 11:08:31.476 [info] > git config --get commit.template [2ms]
2023-11-26 11:08:31.502 [info] > git for-each-ref --format=%(refname)%00%(upstream:short)%00%(objectname)%00%(upstream:track)%00%(upstream:remotename)%00%(upstream:remoteref) refs/heads/main refs/remotes/main [3ms]
2023-11-26 11:08:31.576 [info] > git status -z -uall [53ms]
2023-11-26 11:08:34.088 [info] > git show --textconv :wd201/http-server/home.html [17ms]
2023-11-26 11:08:34.088 [info] > git ls-files --stage -- /root/wd201/http-server/home.html [2ms]
2023-11-26 11:08:36.481 [info] > git show --textconv :wd201/http-server/project.html [20ms]
2023-11-26 11:08:36.481 [info] > git ls-files --stage -- /root/wd201/http-server/project.html [2ms]
2023-11-26 11:08:36.702 [info] > git config --get commit.template [3ms]
2023-11-26 11:08:36.723 [info] > git for-each-ref --format=%(refname)%00%(upstream:short)%00%(objectname)%00%(upstream:track)%00%(upstream:remotename)%00%(upstream:remoteref) refs/heads/main refs/remotes/main [2ms]
2023-11-26 11:08:36.784 [info] > git status -z -uall [42ms]
2023-11-26 11:08:41.897 [info] > git config --get commit.template [2ms]
2023-11-26 11:08:41.915 [info] > git for-each-ref --format=%(refname)%00%(upstream:short)%00%(objectname)%00%(upstream:track)%00%(upstream:remotename)%00%(upstream:remoteref) refs/heads/main refs/remotes/main [2ms]
2023-11-26 11:08:41.970 [info] > git status -z -uall [39ms]
2023-11-26 11:08:47.078 [info] > git config --get commit.template [3ms]
2023-11-26 11:08:47.100 [info] > git for-each-ref --format=%(refname)%00%(upstream:short)%00%(objectname)%00%(upstream:track)%00%(upstream:remotename)%00%(upstream:remoteref) refs/heads/main refs/remotes/main [1ms]
2023-11-26 11:08:47.165 [info] > git status -z -uall [46ms]
2023-11-26 11:08:52.293 [info] > git config --get commit.template [3ms]
2023-11-26 11:08:52.324 [info] > git for-each-ref --format=%(refname)%00%(upstream:short)%00%(objectname)%00%(upstream:track)%00%(upstream:remotename)%00%(upstream:remoteref) refs/heads/main refs/remotes/main [1ms]
2023-11-26 11:08:52.398 [info] > git status -z -uall [52ms]
2023-11-26 11:08:53.664 [info] > git show --textconv :wd201/http-server/home.html [22ms]
2023-11-26 11:08:53.665 [info] > git ls-files --stage -- /root/wd201/http-server/home.html [4ms]
2023-11-26 11:08:55.931 [info] > git show --textconv :wd201/http-server/project.html [19ms]
2023-11-26 11:08:55.931 [info] > git ls-files --stage -- /root/wd201/http-server/project.html [3ms]
2023-11-26 11:08:57.954 [info] > git config --get commit.template [313ms]
2023-11-26 11:08:58.064 [info] > git show --textconv :wd201/http-server/index.js [74ms]
2023-11-26 11:08:58.065 [info] > git ls-files --stage -- /root/wd201/http-server/index.js [45ms]
2023-11-26 11:08:58.126 [info] > git for-each-ref --format=%(refname)%00%(upstream:short)%00%(objectname)%00%(upstream:track)%00%(upstream:remotename)%00%(upstream:remoteref) refs/heads/main refs/remotes/main [62ms]
2023-11-26 11:08:58.252 [info] > git status -z -uall [101ms]
2023-11-26 11:09:03.408 [info] > git config --get commit.template [21ms]
2023-11-26 11:09:03.409 [info] > git for-each-ref --format=%(refname)%00%(upstream:short)%00%(objectname)%00%(upstream:track)%00%(upstream:remotename)%00%(upstream:remoteref) refs/heads/main refs/remotes/main [3ms]
2023-11-26 11:09:03.470 [info] > git status -z -uall [42ms]
2023-11-26 11:09:08.579 [info] > git config --get commit.template [2ms]
2023-11-26 11:09:08.599 [info] > git for-each-ref --format=%(refname)%00%(upstream:short)%00%(objectname)%00%(upstream:track)%00%(upstream:remotename)%00%(upstream:remoteref) refs/heads/main refs/remotes/main [2ms]
2023-11-26 11:09:08.661 [info] > git status -z -uall [45ms]
2023-11-26 11:09:16.230 [info] > git config --get commit.template [29ms]
2023-11-26 11:09:16.232 [info] > git for-each-ref --format=%(refname)%00%(upstream:short)%00%(objectname)%00%(upstream:track)%00%(upstream:remotename)%00%(upstream:remoteref) refs/heads/main refs/remotes/main [6ms]
2023-11-26 11:09:16.327 [info] > git status -z -uall [74ms]
2023-11-26 11:09:17.529 [info] > git show --textconv :wd201/http-server/project.html [15ms]
2023-11-26 11:09:17.530 [info] > git ls-files --stage -- /root/wd201/http-server/project.html [3ms]
2023-11-26 11:09:21.826 [info] > git config --get commit.template [2ms]
2023-11-26 11:09:21.846 [info] > git for-each-ref --format=%(refname)%00%(upstream:short)%00%(objectname)%00%(upstream:track)%00%(upstream:remotename)%00%(upstream:remoteref) refs/heads/main refs/remotes/main [2ms]
2023-11-26 11:09:21.913 [info] > git status -z -uall [49ms]
2023-11-26 11:09:28.975 [info] > git config --get commit.template [3ms]
2023-11-26 11:09:28.996 [info] > git for-each-ref --format=%(refname)%00%(upstream:short)%00%(objectname)%00%(upstream:track)%00%(upstream:remotename)%00%(upstream:remoteref) refs/heads/main refs/remotes/main [1ms]
2023-11-26 11:09:29.050 [info] > git status -z -uall [38ms]
2023-11-26 11:09:43.117 [info] > git config --get commit.template [42ms]
2023-11-26 11:09:43.119 [info] > git for-each-ref --format=%(refname)%00%(upstream:short)%00%(objectname)%00%(upstream:track)%00%(upstream:remotename)%00%(upstream:remoteref) refs/heads/main refs/remotes/main [4ms]
2023-11-26 11:09:43.197 [info] > git status -z -uall [52ms]
2023-11-26 11:09:48.293 [info] > git config --get commit.template [3ms]
2023-11-26 11:09:48.314 [info] > git for-each-ref --format=%(refname)%00%(upstream:short)%00%(objectname)%00%(upstream:track)%00%(upstream:remotename)%00%(upstream:remoteref) refs/heads/main refs/remotes/main [2ms]
2023-11-26 11:09:48.383 [info] > git status -z -uall [50ms]
2023-11-26 11:09:53.514 [info] > git config --get commit.template [1ms]
2023-11-26 11:09:53.532 [info] > git for-each-ref --format=%(refname)%00%(upstream:short)%00%(objectname)%00%(upstream:track)%00%(upstream:remotename)%00%(upstream:remoteref) refs/heads/main refs/remotes/main [3ms]
2023-11-26 11:09:53.724 [info] > git status -z -uall [171ms]
2023-11-26 11:09:59.757 [info] > git config --get commit.template [7ms]
2023-11-26 11:09:59.784 [info] > git for-each-ref --format=%(refname)%00%(upstream:short)%00%(objectname)%00%(upstream:track)%00%(upstream:remotename)%00%(upstream:remoteref) refs/heads/main refs/remotes/main [2ms]
2023-11-26 11:09:59.860 [info] > git status -z -uall [50ms]
2023-11-26 11:10:05.978 [info] > git config --get commit.template [5ms]
2023-11-26 11:10:06.004 [info] > git for-each-ref --format=%(refname)%00%(upstream:short)%00%(objectname)%00%(upstream:track)%00%(upstream:remotename)%00%(upstream:remoteref) refs/heads/main refs/remotes/main [6ms]
2023-11-26 11:10:06.063 [info] > git status -z -uall [41ms]
2023-11-26 11:10:11.168 [info] > git config --get commit.template [3ms]
2023-11-26 11:10:11.192 [info] > git for-each-ref --format=%(refname)%00%(upstream:short)%00%(objectname)%00%(upstream:track)%00%(upstream:remotename)%00%(upstream:remoteref) refs/heads/main refs/remotes/main [3ms]
2023-11-26 11:10:11.257 [info] > git status -z -uall [46ms]
2023-11-26 11:10:18.262 [info] > git config --get commit.template [4ms]
2023-11-26 11:10:18.286 [info] > git for-each-ref --format=%(refname)%00%(upstream:short)%00%(objectname)%00%(upstream:track)%00%(upstream:remotename)%00%(upstream:remoteref) refs/heads/main refs/remotes/main [3ms]
2023-11-26 11:10:18.352 [info] > git status -z -uall [44ms]
2023-11-26 11:10:26.614 [info] > git config --get commit.template [4ms]
2023-11-26 11:10:26.652 [info] > git for-each-ref --format=%(refname)%00%(upstream:short)%00%(objectname)%00%(upstream:track)%00%(upstream:remotename)%00%(upstream:remoteref) refs/heads/main refs/remotes/main [3ms]
2023-11-26 11:10:26.720 [info] > git status -z -uall [46ms]
2023-11-26 11:10:31.845 [info] > git config --get commit.template [3ms]
2023-11-26 11:10:31.861 [info] > git for-each-ref --format=%(refname)%00%(upstream:short)%00%(objectname)%00%(upstream:track)%00%(upstream:remotename)%00%(upstream:remoteref) refs/heads/main refs/remotes/main [1ms]
2023-11-26 11:10:31.918 [info] > git status -z -uall [41ms]
2023-11-26 11:10:37.055 [info] > git config --get commit.template [19ms]
2023-11-26 11:10:37.056 [info] > git for-each-ref --format=%(refname)%00%(upstream:short)%00%(objectname)%00%(upstream:track)%00%(upstream:remotename)%00%(upstream:remoteref) refs/heads/main refs/remotes/main [2ms]
2023-11-26 11:10:37.128 [info] > git status -z -uall [48ms]
2023-11-26 11:10:42.255 [info] > git config --get commit.template [7ms]
2023-11-26 11:10:42.291 [info] > git for-each-ref --format=%(refname)%00%(upstream:short)%00%(objectname)%00%(upstream:track)%00%(upstream:remotename)%00%(upstream:remoteref) refs/heads/main refs/remotes/main [1ms]
2023-11-26 11:10:42.354 [info] > git status -z -uall [45ms]
2023-11-26 11:10:53.184 [info] > git config --get commit.template [2ms]
2023-11-26 11:10:53.202 [info] > git for-each-ref --format=%(refname)%00%(upstream:short)%00%(objectname)%00%(upstream:track)%00%(upstream:remotename)%00%(upstream:remoteref) refs/heads/main refs/remotes/main [2ms]
2023-11-26 11:10:53.275 [info] > git status -z -uall [55ms]
2023-11-26 11:10:58.401 [info] > git config --get commit.template [3ms]
2023-11-26 11:10:58.422 [info] > git for-each-ref --format=%(refname)%00%(upstream:short)%00%(objectname)%00%(upstream:track)%00%(upstream:remotename)%00%(upstream:remoteref) refs/heads/main refs/remotes/main [1ms]
2023-11-26 11:10:58.491 [info] > git status -z -uall [49ms]
2023-11-26 11:11:24.423 [info] > git config --get commit.template [3ms]
2023-11-26 11:11:24.446 [info] > git for-each-ref --format=%(refname)%00%(upstream:short)%00%(objectname)%00%(upstream:track)%00%(upstream:remotename)%00%(upstream:remoteref) refs/heads/main refs/remotes/main [3ms]
2023-11-26 11:11:24.524 [info] > git status -z -uall [58ms]
2023-11-26 11:11:51.962 [info] > git config --get commit.template [2ms]
2023-11-26 11:11:51.977 [info] > git for-each-ref --format=%(refname)%00%(upstream:short)%00%(objectname)%00%(upstream:track)%00%(upstream:remotename)%00%(upstream:remoteref) refs/heads/main refs/remotes/main [1ms]
2023-11-26 11:11:52.039 [info] > git status -z -uall [46ms]
2023-11-26 11:11:57.160 [info] > git config --get commit.template [2ms]
2023-11-26 11:11:57.182 [info] > git for-each-ref --format=%(refname)%00%(upstream:short)%00%(objectname)%00%(upstream:track)%00%(upstream:remotename)%00%(upstream:remoteref) refs/heads/main refs/remotes/main [2ms]
2023-11-26 11:11:57.247 [info] > git status -z -uall [50ms]
2023-11-26 11:12:02.394 [info] > git config --get commit.template [30ms]
2023-11-26 11:12:02.395 [info] > git for-each-ref --format=%(refname)%00%(upstream:short)%00%(objectname)%00%(upstream:track)%00%(upstream:remotename)%00%(upstream:remoteref) refs/heads/main refs/remotes/main [2ms]
2023-11-26 11:12:02.477 [info] > git status -z -uall [55ms]
2023-11-26 11:12:28.651 [info] > git config --get commit.template [76ms]
2023-11-26 11:12:28.653 [info] > git for-each-ref --format=%(refname)%00%(upstream:short)%00%(objectname)%00%(upstream:track)%00%(upstream:remotename)%00%(upstream:remoteref) refs/heads/main refs/remotes/main [5ms]
2023-11-26 11:12:28.847 [info] > git status -z -uall [135ms]
2023-11-26 11:12:31.735 [info] > git show --textconv :wd201/http-server/index.js [38ms]
2023-11-26 11:12:31.738 [info] > git ls-files --stage -- /root/wd201/http-server/index.js [9ms]
2023-11-26 11:12:34.028 [info] > git config --get commit.template [3ms]
2023-11-26 11:12:34.058 [info] > git for-each-ref --format=%(refname)%00%(upstream:short)%00%(objectname)%00%(upstream:track)%00%(upstream:remotename)%00%(upstream:remoteref) refs/heads/main refs/remotes/main [4ms]
2023-11-26 11:12:34.119 [info] > git status -z -uall [41ms]
2023-11-26 11:12:39.223 [info] > git config --get commit.template [2ms]
2023-11-26 11:12:39.242 [info] > git for-each-ref --format=%(refname)%00%(upstream:short)%00%(objectname)%00%(upstream:track)%00%(upstream:remotename)%00%(upstream:remoteref) refs/heads/main refs/remotes/main [2ms]
2023-11-26 11:12:39.304 [info] > git status -z -uall [42ms]
2023-11-26 11:12:44.410 [info] > git config --get commit.template [2ms]
2023-11-26 11:12:44.430 [info] > git for-each-ref --format=%(refname)%00%(upstream:short)%00%(objectname)%00%(upstream:track)%00%(upstream:remotename)%00%(upstream:remoteref) refs/heads/main refs/remotes/main [2ms]
2023-11-26 11:12:44.492 [info] > git status -z -uall [44ms]
2023-11-26 11:12:49.580 [info] > git config --get commit.template [2ms]
2023-11-26 11:12:49.594 [info] > git for-each-ref --format=%(refname)%00%(upstream:short)%00%(objectname)%00%(upstream:track)%00%(upstream:remotename)%00%(upstream:remoteref) refs/heads/main refs/remotes/main [1ms]
2023-11-26 11:12:49.643 [info] > git status -z -uall [37ms]
2023-11-26 11:12:54.766 [info] > git config --get commit.template [19ms]
2023-11-26 11:12:54.766 [info] > git for-each-ref --format=%(refname)%00%(upstream:short)%00%(objectname)%00%(upstream:track)%00%(upstream:remotename)%00%(upstream:remoteref) refs/heads/main refs/remotes/main [2ms]
2023-11-26 11:12:54.827 [info] > git status -z -uall [45ms]
2023-11-26 11:13:00.296 [info] > git config --get commit.template [4ms]
2023-11-26 11:13:00.317 [info] > git for-each-ref --format=%(refname)%00%(upstream:short)%00%(objectname)%00%(upstream:track)%00%(upstream:remotename)%00%(upstream:remoteref) refs/heads/main refs/remotes/main [1ms]
2023-11-26 11:13:00.374 [info] > git status -z -uall [40ms]
2023-11-26 11:13:12.580 [info] > git config --get commit.template [24ms]
2023-11-26 11:13:12.581 [info] > git for-each-ref --format=%(refname)%00%(upstream:short)%00%(objectname)%00%(upstream:track)%00%(upstream:remotename)%00%(upstream:remoteref) refs/heads/main refs/remotes/main [2ms]
2023-11-26 11:13:12.635 [info] > git status -z -uall [38ms]
2023-11-26 11:13:17.742 [info] > git config --get commit.template [3ms]
2023-11-26 11:13:17.776 [info] > git for-each-ref --format=%(refname)%00%(upstream:short)%00%(objectname)%00%(upstream:track)%00%(upstream:remotename)%00%(upstream:remoteref) refs/heads/main refs/remotes/main [3ms]
2023-11-26 11:13:17.865 [info] > git status -z -uall [55ms]
2023-11-26 11:13:40.786 [info] > git config --get commit.template [7ms]
2023-11-26 11:13:40.805 [info] > git for-each-ref --format=%(refname)%00%(upstream:short)%00%(objectname)%00%(upstream:track)%00%(upstream:remotename)%00%(upstream:remoteref) refs/heads/main refs/remotes/main [1ms]
2023-11-26 11:13:40.871 [info] > git status -z -uall [49ms]
2023-11-26 11:13:45.998 [info] > git config --get commit.template [4ms]
2023-11-26 11:13:46.018 [info] > git for-each-ref --format=%(refname)%00%(upstream:short)%00%(objectname)%00%(upstream:track)%00%(upstream:remotename)%00%(upstream:remoteref) refs/heads/main refs/remotes/main [1ms]
2023-11-26 11:13:46.081 [info] > git status -z -uall [43ms]
2023-11-26 11:13:51.188 [info] > git config --get commit.template [3ms]
2023-11-26 11:13:51.208 [info] > git for-each-ref --format=%(refname)%00%(upstream:short)%00%(objectname)%00%(upstream:track)%00%(upstream:remotename)%00%(upstream:remoteref) refs/heads/main refs/remotes/main [2ms]
2023-11-26 11:13:51.271 [info] > git status -z -uall [46ms]
2023-11-26 11:13:56.376 [info] > git config --get commit.template [2ms]
2023-11-26 11:13:56.395 [info] > git for-each-ref --format=%(refname)%00%(upstream:short)%00%(objectname)%00%(upstream:track)%00%(upstream:remotename)%00%(upstream:remoteref) refs/heads/main refs/remotes/main [2ms]
2023-11-26 11:13:56.452 [info] > git status -z -uall [40ms]
2023-11-26 11:14:02.472 [info] > git config --get commit.template [2ms]
2023-11-26 11:14:02.496 [info] > git for-each-ref --format=%(refname)%00%(upstream:short)%00%(objectname)%00%(upstream:track)%00%(upstream:remotename)%00%(upstream:remoteref) refs/heads/main refs/remotes/main [1ms]
2023-11-26 11:14:02.564 [info] > git status -z -uall [46ms]
2023-11-26 11:14:07.673 [info] > git config --get commit.template [2ms]
2023-11-26 11:14:07.692 [info] > git for-each-ref --format=%(refname)%00%(upstream:short)%00%(objectname)%00%(upstream:track)%00%(upstream:remotename)%00%(upstream:remoteref) refs/heads/main refs/remotes/main [2ms]
2023-11-26 11:14:07.750 [info] > git status -z -uall [41ms]
2023-11-26 11:14:15.685 [info] > git config --get commit.template [2ms]
2023-11-26 11:14:15.701 [info] > git for-each-ref --format=%(refname)%00%(upstream:short)%00%(objectname)%00%(upstream:track)%00%(upstream:remotename)%00%(upstream:remoteref) refs/heads/main refs/remotes/main [1ms]
2023-11-26 11:14:15.756 [info] > git status -z -uall [39ms]
2023-11-26 11:14:20.849 [info] > git config --get commit.template [2ms]
2023-11-26 11:14:20.870 [info] > git for-each-ref --format=%(refname)%00%(upstream:short)%00%(objectname)%00%(upstream:track)%00%(upstream:remotename)%00%(upstream:remoteref) refs/heads/main refs/remotes/main [1ms]
2023-11-26 11:14:20.939 [info] > git status -z -uall [51ms]
2023-11-26 11:14:26.056 [info] > git config --get commit.template [1ms]
2023-11-26 11:14:26.078 [info] > git for-each-ref --format=%(refname)%00%(upstream:short)%00%(objectname)%00%(upstream:track)%00%(upstream:remotename)%00%(upstream:remoteref) refs/heads/main refs/remotes/main [2ms]
2023-11-26 11:14:26.136 [info] > git status -z -uall [41ms]
2023-11-26 11:14:33.178 [info] > git config --get commit.template [3ms]
2023-11-26 11:14:33.202 [info] > git for-each-ref --format=%(refname)%00%(upstream:short)%00%(objectname)%00%(upstream:track)%00%(upstream:remotename)%00%(upstream:remoteref) refs/heads/main refs/remotes/main [4ms]
2023-11-26 11:14:33.264 [info] > git status -z -uall [42ms]
2023-11-26 11:14:47.767 [info] > git config --get commit.template [2ms]
2023-11-26 11:14:47.788 [info] > git for-each-ref --format=%(refname)%00%(upstream:short)%00%(objectname)%00%(upstream:track)%00%(upstream:remotename)%00%(upstream:remoteref) refs/heads/main refs/remotes/main [1ms]
2023-11-26 11:14:47.849 [info] > git status -z -uall [43ms]
2023-11-26 11:15:17.087 [info] > git config --get commit.template [35ms]
2023-11-26 11:15:17.090 [info] > git for-each-ref --format=%(refname)%00%(upstream:short)%00%(objectname)%00%(upstream:track)%00%(upstream:remotename)%00%(upstream:remoteref) refs/heads/main refs/remotes/main [8ms]
2023-11-26 11:15:17.181 [info] > git status -z -uall [68ms]
2023-11-26 11:15:22.371 [info] > git config --get commit.template [40ms]
2023-11-26 11:15:22.372 [info] > git for-each-ref --format=%(refname)%00%(upstream:short)%00%(objectname)%00%(upstream:track)%00%(upstream:remotename)%00%(upstream:remoteref) refs/heads/main refs/remotes/main [3ms]
2023-11-26 11:15:22.437 [info] > git status -z -uall [43ms]
2023-11-26 11:15:27.553 [info] > git config --get commit.template [4ms]
2023-11-26 11:15:27.578 [info] > git for-each-ref --format=%(refname)%00%(upstream:short)%00%(objectname)%00%(upstream:track)%00%(upstream:remotename)%00%(upstream:remoteref) refs/heads/main refs/remotes/main [3ms]
2023-11-26 11:15:27.651 [info] > git status -z -uall [45ms]
2023-11-26 11:16:06.149 [info] > git config --get commit.template [31ms]
2023-11-26 11:16:06.150 [info] > git for-each-ref --format=%(refname)%00%(upstream:short)%00%(objectname)%00%(upstream:track)%00%(upstream:remotename)%00%(upstream:remoteref) refs/heads/main refs/remotes/main [4ms]
2023-11-26 11:16:06.257 [info] > git status -z -uall [77ms]
2023-11-26 11:16:11.439 [info] > git config --get commit.template [3ms]
2023-11-26 11:16:11.465 [info] > git for-each-ref --format=%(refname)%00%(upstream:short)%00%(objectname)%00%(upstream:track)%00%(upstream:remotename)%00%(upstream:remoteref) refs/heads/main refs/remotes/main [2ms]
2023-11-26 11:16:11.547 [info] > git status -z -uall [57ms]
2023-11-26 11:16:16.647 [info] > git config --get commit.template [3ms]
2023-11-26 11:16:16.666 [info] > git for-each-ref --format=%(refname)%00%(upstream:short)%00%(objectname)%00%(upstream:track)%00%(upstream:remotename)%00%(upstream:remoteref) refs/heads/main refs/remotes/main [2ms]
2023-11-26 11:16:16.731 [info] > git status -z -uall [46ms]
2023-11-26 11:16:21.833 [info] > git config --get commit.template [2ms]
2023-11-26 11:16:21.851 [info] > git for-each-ref --format=%(refname)%00%(upstream:short)%00%(objectname)%00%(upstream:track)%00%(upstream:remotename)%00%(upstream:remoteref) refs/heads/main refs/remotes/main [2ms]
2023-11-26 11:16:21.912 [info] > git status -z -uall [45ms]
2023-11-26 11:16:27.017 [info] > git config --get commit.template [3ms]
2023-11-26 11:16:27.054 [info] > git for-each-ref --format=%(refname)%00%(upstream:short)%00%(objectname)%00%(upstream:track)%00%(upstream:remotename)%00%(upstream:remoteref) refs/heads/main refs/remotes/main [9ms]
2023-11-26 11:16:27.125 [info] > git status -z -uall [50ms]
2023-11-26 11:16:32.240 [info] > git config --get commit.template [3ms]
2023-11-26 11:16:32.261 [info] > git for-each-ref --format=%(refname)%00%(upstream:short)%00%(objectname)%00%(upstream:track)%00%(upstream:remotename)%00%(upstream:remoteref) refs/heads/main refs/remotes/main [1ms]
2023-11-26 11:16:32.323 [info] > git status -z -uall [44ms]
2023-11-26 11:16:37.452 [info] > git config --get commit.template [23ms]
2023-11-26 11:16:37.453 [info] > git for-each-ref --format=%(refname)%00%(upstream:short)%00%(objectname)%00%(upstream:track)%00%(upstream:remotename)%00%(upstream:remoteref) refs/heads/main refs/remotes/main [3ms]
2023-11-26 11:16:37.511 [info] > git status -z -uall [41ms]
2023-11-26 11:16:42.613 [info] > git config --get commit.template [2ms]
2023-11-26 11:16:42.634 [info] > git for-each-ref --format=%(refname)%00%(upstream:short)%00%(objectname)%00%(upstream:track)%00%(upstream:remotename)%00%(upstream:remoteref) refs/heads/main refs/remotes/main [1ms]
2023-11-26 11:16:42.693 [info] > git status -z -uall [40ms]
2023-11-26 11:16:47.794 [info] > git config --get commit.template [2ms]
2023-11-26 11:16:47.814 [info] > git for-each-ref --format=%(refname)%00%(upstream:short)%00%(objectname)%00%(upstream:track)%00%(upstream:remotename)%00%(upstream:remoteref) refs/heads/main refs/remotes/main [3ms]
2023-11-26 11:16:47.873 [info] > git status -z -uall [40ms]
2023-11-26 11:16:52.977 [info] > git config --get commit.template [4ms]
2023-11-26 11:16:53.008 [info] > git for-each-ref --format=%(refname)%00%(upstream:short)%00%(objectname)%00%(upstream:track)%00%(upstream:remotename)%00%(upstream:remoteref) refs/heads/main refs/remotes/main [4ms]
2023-11-26 11:16:53.085 [info] > git status -z -uall [50ms]
2023-11-26 11:16:58.239 [info] > git config --get commit.template [4ms]
2023-11-26 11:16:58.263 [info] > git for-each-ref --format=%(refname)%00%(upstream:short)%00%(objectname)%00%(upstream:track)%00%(upstream:remotename)%00%(upstream:remoteref) refs/heads/main refs/remotes/main [3ms]
2023-11-26 11:16:58.327 [info] > git status -z -uall [47ms]
2023-11-26 11:17:03.431 [info] > git config --get commit.template [3ms]
2023-11-26 11:17:03.455 [info] > git for-each-ref --format=%(refname)%00%(upstream:short)%00%(objectname)%00%(upstream:track)%00%(upstream:remotename)%00%(upstream:remoteref) refs/heads/main refs/remotes/main [1ms]
2023-11-26 11:17:03.513 [info] > git status -z -uall [40ms]
2023-11-26 11:17:08.619 [info] > git config --get commit.template [2ms]
2023-11-26 11:17:08.639 [info] > git for-each-ref --format=%(refname)%00%(upstream:short)%00%(objectname)%00%(upstream:track)%00%(upstream:remotename)%00%(upstream:remoteref) refs/heads/main refs/remotes/main [2ms]
2023-11-26 11:17:08.696 [info] > git status -z -uall [40ms]
2023-11-26 11:17:13.832 [info] > git config --get commit.template [24ms]
2023-11-26 11:17:13.833 [info] > git for-each-ref --format=%(refname)%00%(upstream:short)%00%(objectname)%00%(upstream:track)%00%(upstream:remotename)%00%(upstream:remoteref) refs/heads/main refs/remotes/main [3ms]
2023-11-26 11:17:13.908 [info] > git status -z -uall [51ms]
2023-11-26 11:17:19.024 [info] > git config --get commit.template [2ms]
2023-11-26 11:17:19.042 [info] > git for-each-ref --format=%(refname)%00%(upstream:short)%00%(objectname)%00%(upstream:track)%00%(upstream:remotename)%00%(upstream:remoteref) refs/heads/main refs/remotes/main [1ms]
2023-11-26 11:17:19.099 [info] > git status -z -uall [39ms]
2023-11-26 11:17:24.199 [info] > git config --get commit.template [3ms]
2023-11-26 11:17:24.222 [info] > git for-each-ref --format=%(refname)%00%(upstream:short)%00%(objectname)%00%(upstream:track)%00%(upstream:remotename)%00%(upstream:remoteref) refs/heads/main refs/remotes/main [1ms]
2023-11-26 11:17:24.288 [info] > git status -z -uall [47ms]
2023-11-26 11:17:29.451 [info] > git config --get commit.template [2ms]
2023-11-26 11:17:29.483 [info] > git for-each-ref --format=%(refname)%00%(upstream:short)%00%(objectname)%00%(upstream:track)%00%(upstream:remotename)%00%(upstream:remoteref) refs/heads/main refs/remotes/main [1ms]
2023-11-26 11:17:29.560 [info] > git status -z -uall [51ms]
2023-11-26 11:17:34.692 [info] > git config --get commit.template [29ms]
2023-11-26 11:17:34.694 [info] > git for-each-ref --format=%(refname)%00%(upstream:short)%00%(objectname)%00%(upstream:track)%00%(upstream:remotename)%00%(upstream:remoteref) refs/heads/main refs/remotes/main [4ms]
2023-11-26 11:17:34.794 [info] > git status -z -uall [66ms]
2023-11-26 11:17:39.962 [info] > git config --get commit.template [2ms]
2023-11-26 11:17:39.984 [info] > git for-each-ref --format=%(refname)%00%(upstream:short)%00%(objectname)%00%(upstream:track)%00%(upstream:remotename)%00%(upstream:remoteref) refs/heads/main refs/remotes/main [2ms]
2023-11-26 11:17:40.041 [info] > git status -z -uall [39ms]
2023-11-26 11:17:45.168 [info] > git config --get commit.template [2ms]
2023-11-26 11:17:45.188 [info] > git for-each-ref --format=%(refname)%00%(upstream:short)%00%(objectname)%00%(upstream:track)%00%(upstream:remotename)%00%(upstream:remoteref) refs/heads/main refs/remotes/main [2ms]
2023-11-26 11:17:45.245 [info] > git status -z -uall [41ms]
2023-11-26 11:17:50.357 [info] > git config --get commit.template [2ms]
2023-11-26 11:17:50.379 [info] > git for-each-ref --format=%(refname)%00%(upstream:short)%00%(objectname)%00%(upstream:track)%00%(upstream:remotename)%00%(upstream:remoteref) refs/heads/main refs/remotes/main [2ms]
2023-11-26 11:17:50.438 [info] > git status -z -uall [42ms]
2023-11-26 11:17:55.542 [info] > git config --get commit.template [2ms]
2023-11-26 11:17:55.569 [info] > git for-each-ref --format=%(refname)%00%(upstream:short)%00%(objectname)%00%(upstream:track)%00%(upstream:remotename)%00%(upstream:remoteref) refs/heads/main refs/remotes/main [2ms]
2023-11-26 11:17:55.635 [info] > git status -z -uall [44ms]
2023-11-26 11:18:00.736 [info] > git config --get commit.template [2ms]
2023-11-26 11:18:00.756 [info] > git for-each-ref --format=%(refname)%00%(upstream:short)%00%(objectname)%00%(upstream:track)%00%(upstream:remotename)%00%(upstream:remoteref) refs/heads/main refs/remotes/main [1ms]
2023-11-26 11:18:00.830 [info] > git status -z -uall [57ms]
2023-11-26 11:18:28.727 [info] > git config --get commit.template [24ms]
2023-11-26 11:18:28.728 [info] > git for-each-ref --format=%(refname)%00%(upstream:short)%00%(objectname)%00%(upstream:track)%00%(upstream:remotename)%00%(upstream:remoteref) refs/heads/main refs/remotes/main [3ms]
2023-11-26 11:18:28.791 [info] > git status -z -uall [44ms]
2023-11-26 11:18:33.915 [info] > git config --get commit.template [2ms]
2023-11-26 11:18:33.937 [info] > git for-each-ref --format=%(refname)%00%(upstream:short)%00%(objectname)%00%(upstream:track)%00%(upstream:remotename)%00%(upstream:remoteref) refs/heads/main refs/remotes/main [2ms]
2023-11-26 11:18:33.997 [info] > git status -z -uall [43ms]
2023-11-26 11:18:39.100 [info] > git config --get commit.template [2ms]
2023-11-26 11:18:39.122 [info] > git for-each-ref --format=%(refname)%00%(upstream:short)%00%(objectname)%00%(upstream:track)%00%(upstream:remotename)%00%(upstream:remoteref) refs/heads/main refs/remotes/main [2ms]
2023-11-26 11:18:39.181 [info] > git status -z -uall [42ms]
2023-11-26 11:18:45.132 [info] > git config --get commit.template [3ms]
2023-11-26 11:18:45.154 [info] > git for-each-ref --format=%(refname)%00%(upstream:short)%00%(objectname)%00%(upstream:track)%00%(upstream:remotename)%00%(upstream:remoteref) refs/heads/main refs/remotes/main [2ms]
2023-11-26 11:18:45.214 [info] > git status -z -uall [43ms]
2023-11-26 11:18:50.319 [info] > git config --get commit.template [2ms]
2023-11-26 11:18:50.346 [info] > git for-each-ref --format=%(refname)%00%(upstream:short)%00%(objectname)%00%(upstream:track)%00%(upstream:remotename)%00%(upstream:remoteref) refs/heads/main refs/remotes/main [2ms]
2023-11-26 11:18:50.405 [info] > git status -z -uall [41ms]
2023-11-26 11:18:55.496 [info] > git config --get commit.template [2ms]
2023-11-26 11:18:55.517 [info] > git for-each-ref --format=%(refname)%00%(upstream:short)%00%(objectname)%00%(upstream:track)%00%(upstream:remotename)%00%(upstream:remoteref) refs/heads/main refs/remotes/main [2ms]
2023-11-26 11:18:55.578 [info] > git status -z -uall [44ms]
2023-11-26 11:19:01.605 [info] > git config --get commit.template [2ms]
2023-11-26 11:19:01.625 [info] > git for-each-ref --format=%(refname)%00%(upstream:short)%00%(objectname)%00%(upstream:track)%00%(upstream:remotename)%00%(upstream:remoteref) refs/heads/main refs/remotes/main [2ms]
2023-11-26 11:19:01.688 [info] > git status -z -uall [42ms]
2023-11-26 11:19:07.648 [info] > git config --get commit.template [3ms]
2023-11-26 11:19:07.669 [info] > git for-each-ref --format=%(refname)%00%(upstream:short)%00%(objectname)%00%(upstream:track)%00%(upstream:remotename)%00%(upstream:remoteref) refs/heads/main refs/remotes/main [2ms]
2023-11-26 11:19:07.729 [info] > git status -z -uall [43ms]
2023-11-26 11:19:12.834 [info] > git config --get commit.template [2ms]
2023-11-26 11:19:12.854 [info] > git for-each-ref --format=%(refname)%00%(upstream:short)%00%(objectname)%00%(upstream:track)%00%(upstream:remotename)%00%(upstream:remoteref) refs/heads/main refs/remotes/main [2ms]
2023-11-26 11:19:12.910 [info] > git status -z -uall [39ms]
2023-11-26 11:19:18.005 [info] > git config --get commit.template [3ms]
2023-11-26 11:19:18.024 [info] > git for-each-ref --format=%(refname)%00%(upstream:short)%00%(objectname)%00%(upstream:track)%00%(upstream:remotename)%00%(upstream:remoteref) refs/heads/main refs/remotes/main [1ms]
2023-11-26 11:19:18.088 [info] > git status -z -uall [46ms]
2023-11-26 11:19:23.196 [info] > git config --get commit.template [2ms]
2023-11-26 11:19:23.217 [info] > git for-each-ref --format=%(refname)%00%(upstream:short)%00%(objectname)%00%(upstream:track)%00%(upstream:remotename)%00%(upstream:remoteref) refs/heads/main refs/remotes/main [2ms]
2023-11-26 11:19:23.277 [info] > git status -z -uall [42ms]
2023-11-26 11:19:28.379 [info] > git config --get commit.template [2ms]
2023-11-26 11:19:28.399 [info] > git for-each-ref --format=%(refname)%00%(upstream:short)%00%(objectname)%00%(upstream:track)%00%(upstream:remotename)%00%(upstream:remoteref) refs/heads/main refs/remotes/main [2ms]
2023-11-26 11:19:28.457 [info] > git status -z -uall [41ms]
2023-11-26 11:19:33.562 [info] > git config --get commit.template [2ms]
2023-11-26 11:19:33.583 [info] > git for-each-ref --format=%(refname)%00%(upstream:short)%00%(objectname)%00%(upstream:track)%00%(upstream:remotename)%00%(upstream:remoteref) refs/heads/main refs/remotes/main [2ms]
2023-11-26 11:19:33.644 [info] > git status -z -uall [44ms]
2023-11-26 11:19:38.756 [info] > git config --get commit.template [1ms]
2023-11-26 11:19:38.777 [info] > git for-each-ref --format=%(refname)%00%(upstream:short)%00%(objectname)%00%(upstream:track)%00%(upstream:remotename)%00%(upstream:remoteref) refs/heads/main refs/remotes/main [1ms]
2023-11-26 11:19:38.836 [info] > git status -z -uall [42ms]
2023-11-26 11:19:43.983 [info] > git config --get commit.template [2ms]
2023-11-26 11:19:44.005 [info] > git for-each-ref --format=%(refname)%00%(upstream:short)%00%(objectname)%00%(upstream:track)%00%(upstream:remotename)%00%(upstream:remoteref) refs/heads/main refs/remotes/main [2ms]
2023-11-26 11:19:44.066 [info] > git status -z -uall [42ms]
2023-11-26 11:19:49.168 [info] > git config --get commit.template [2ms]
2023-11-26 11:19:49.188 [info] > git for-each-ref --format=%(refname)%00%(upstream:short)%00%(objectname)%00%(upstream:track)%00%(upstream:remotename)%00%(upstream:remoteref) refs/heads/main refs/remotes/main [1ms]
2023-11-26 11:19:49.247 [info] > git status -z -uall [42ms]
2023-11-26 11:19:54.359 [info] > git config --get commit.template [2ms]
2023-11-26 11:19:54.383 [info] > git for-each-ref --format=%(refname)%00%(upstream:short)%00%(objectname)%00%(upstream:track)%00%(upstream:remotename)%00%(upstream:remoteref) refs/heads/main refs/remotes/main [3ms]
2023-11-26 11:19:54.442 [info] > git status -z -uall [39ms]
2023-11-26 11:19:59.545 [info] > git config --get commit.template [2ms]
2023-11-26 11:19:59.564 [info] > git for-each-ref --format=%(refname)%00%(upstream:short)%00%(objectname)%00%(upstream:track)%00%(upstream:remotename)%00%(upstream:remoteref) refs/heads/main refs/remotes/main [1ms]
2023-11-26 11:19:59.627 [info] > git status -z -uall [45ms]
2023-11-26 11:20:04.793 [info] > git config --get commit.template [21ms]
2023-11-26 11:20:04.795 [info] > git for-each-ref --format=%(refname)%00%(upstream:short)%00%(objectname)%00%(upstream:track)%00%(upstream:remotename)%00%(upstream:remoteref) refs/heads/main refs/remotes/main [3ms]
2023-11-26 11:20:04.852 [info] > git status -z -uall [39ms]
2023-11-26 11:20:09.957 [info] > git config --get commit.template [2ms]
2023-11-26 11:20:09.977 [info] > git for-each-ref --format=%(refname)%00%(upstream:short)%00%(objectname)%00%(upstream:track)%00%(upstream:remotename)%00%(upstream:remoteref) refs/heads/main refs/remotes/main [2ms]
2023-11-26 11:20:10.033 [info] > git status -z -uall [38ms]
2023-11-26 11:20:15.139 [info] > git config --get commit.template [2ms]
2023-11-26 11:20:15.158 [info] > git for-each-ref --format=%(refname)%00%(upstream:short)%00%(objectname)%00%(upstream:track)%00%(upstream:remotename)%00%(upstream:remoteref) refs/heads/main refs/remotes/main [1ms]
2023-11-26 11:20:15.217 [info] > git status -z -uall [42ms]
2023-11-26 11:20:20.321 [info] > git config --get commit.template [2ms]
2023-11-26 11:20:20.340 [info] > git for-each-ref --format=%(refname)%00%(upstream:short)%00%(objectname)%00%(upstream:track)%00%(upstream:remotename)%00%(upstream:remoteref) refs/heads/main refs/remotes/main [1ms]
2023-11-26 11:20:20.407 [info] > git status -z -uall [44ms]
2023-11-26 11:20:25.533 [info] > git config --get commit.template [21ms]
2023-11-26 11:20:25.534 [info] > git for-each-ref --format=%(refname)%00%(upstream:short)%00%(objectname)%00%(upstream:track)%00%(upstream:remotename)%00%(upstream:remoteref) refs/heads/main refs/remotes/main [3ms]
2023-11-26 11:20:25.595 [info] > git status -z -uall [43ms]
2023-11-26 11:20:30.740 [info] > git config --get commit.template [2ms]
2023-11-26 11:20:30.762 [info] > git for-each-ref --format=%(refname)%00%(upstream:short)%00%(objectname)%00%(upstream:track)%00%(upstream:remotename)%00%(upstream:remoteref) refs/heads/main refs/remotes/main [2ms]
2023-11-26 11:20:30.829 [info] > git status -z -uall [45ms]
2023-11-26 11:20:35.942 [info] > git config --get commit.template [2ms]
2023-11-26 11:20:35.970 [info] > git for-each-ref --format=%(refname)%00%(upstream:short)%00%(objectname)%00%(upstream:track)%00%(upstream:remotename)%00%(upstream:remoteref) refs/heads/main refs/remotes/main [3ms]
2023-11-26 11:20:36.038 [info] > git status -z -uall [44ms]
2023-11-26 11:20:41.174 [info] > git config --get commit.template [20ms]
2023-11-26 11:20:41.175 [info] > git for-each-ref --format=%(refname)%00%(upstream:short)%00%(objectname)%00%(upstream:track)%00%(upstream:remotename)%00%(upstream:remoteref) refs/heads/main refs/remotes/main [2ms]
2023-11-26 11:20:41.236 [info] > git status -z -uall [44ms]
2023-11-26 11:20:46.389 [info] > git config --get commit.template [2ms]
2023-11-26 11:20:46.418 [info] > git for-each-ref --format=%(refname)%00%(upstream:short)%00%(objectname)%00%(upstream:track)%00%(upstream:remotename)%00%(upstream:remoteref) refs/heads/main refs/remotes/main [2ms]
2023-11-26 11:20:46.480 [info] > git status -z -uall [41ms]
2023-11-26 11:20:51.589 [info] > git config --get commit.template [2ms]
2023-11-26 11:20:51.607 [info] > git for-each-ref --format=%(refname)%00%(upstream:short)%00%(objectname)%00%(upstream:track)%00%(upstream:remotename)%00%(upstream:remoteref) refs/heads/main refs/remotes/main [2ms]
2023-11-26 11:20:51.664 [info] > git status -z -uall [38ms]
2023-11-26 11:33:58.377 [info] > git config --get commit.template [17ms]
2023-11-26 11:33:58.379 [info] > git for-each-ref --format=%(refname)%00%(upstream:short)%00%(objectname)%00%(upstream:track)%00%(upstream:remotename)%00%(upstream:remoteref) refs/heads/main refs/remotes/main [2ms]
2023-11-26 11:33:58.459 [info] > git status -z -uall [66ms]
2023-11-26 11:34:03.611 [info] > git config --get commit.template [6ms]
2023-11-26 11:34:03.629 [info] > git for-each-ref --format=%(refname)%00%(upstream:short)%00%(objectname)%00%(upstream:track)%00%(upstream:remotename)%00%(upstream:remoteref) refs/heads/main refs/remotes/main [1ms]
2023-11-26 11:34:03.688 [info] > git status -z -uall [44ms]
2023-11-26 11:34:08.812 [info] > git config --get commit.template [18ms]
2023-11-26 11:34:08.812 [info] > git for-each-ref --format=%(refname)%00%(upstream:short)%00%(objectname)%00%(upstream:track)%00%(upstream:remotename)%00%(upstream:remoteref) refs/heads/main refs/remotes/main [2ms]
2023-11-26 11:34:08.869 [info] > git status -z -uall [41ms]
2023-11-26 11:34:13.977 [info] > git config --get commit.template [3ms]
2023-11-26 11:34:13.994 [info] > git for-each-ref --format=%(refname)%00%(upstream:short)%00%(objectname)%00%(upstream:track)%00%(upstream:remotename)%00%(upstream:remoteref) refs/heads/main refs/remotes/main [2ms]
2023-11-26 11:34:14.051 [info] > git status -z -uall [41ms]
2023-11-26 11:34:19.155 [info] > git config --get commit.template [1ms]
2023-11-26 11:34:19.173 [info] > git for-each-ref --format=%(refname)%00%(upstream:short)%00%(objectname)%00%(upstream:track)%00%(upstream:remotename)%00%(upstream:remoteref) refs/heads/main refs/remotes/main [2ms]
2023-11-26 11:34:19.239 [info] > git status -z -uall [49ms]
2023-11-26 11:34:24.337 [info] > git config --get commit.template [2ms]
2023-11-26 11:34:24.356 [info] > git for-each-ref --format=%(refname)%00%(upstream:short)%00%(objectname)%00%(upstream:track)%00%(upstream:remotename)%00%(upstream:remoteref) refs/heads/main refs/remotes/main [2ms]
2023-11-26 11:34:24.413 [info] > git status -z -uall [41ms]
2023-11-26 11:34:29.544 [info] > git config --get commit.template [21ms]
2023-11-26 11:34:29.545 [info] > git for-each-ref --format=%(refname)%00%(upstream:short)%00%(objectname)%00%(upstream:track)%00%(upstream:remotename)%00%(upstream:remoteref) refs/heads/main refs/remotes/main [3ms]
2023-11-26 11:34:29.601 [info] > git status -z -uall [41ms]
2023-11-26 11:34:34.717 [info] > git config --get commit.template [19ms]
2023-11-26 11:34:34.719 [info] > git for-each-ref --format=%(refname)%00%(upstream:short)%00%(objectname)%00%(upstream:track)%00%(upstream:remotename)%00%(upstream:remoteref) refs/heads/main refs/remotes/main [2ms]
2023-11-26 11:34:34.779 [info] > git status -z -uall [45ms]
2023-11-26 11:34:39.910 [info] > git config --get commit.template [20ms]
2023-11-26 11:34:39.910 [info] > git for-each-ref --format=%(refname)%00%(upstream:short)%00%(objectname)%00%(upstream:track)%00%(upstream:remotename)%00%(upstream:remoteref) refs/heads/main refs/remotes/main [2ms]
2023-11-26 11:34:39.967 [info] > git status -z -uall [40ms]
2023-11-26 11:34:45.087 [info] > git config --get commit.template [18ms]
2023-11-26 11:34:45.087 [info] > git for-each-ref --format=%(refname)%00%(upstream:short)%00%(objectname)%00%(upstream:track)%00%(upstream:remotename)%00%(upstream:remoteref) refs/heads/main refs/remotes/main [2ms]
2023-11-26 11:34:45.144 [info] > git status -z -uall [40ms]
2023-11-26 11:34:50.270 [info] > git config --get commit.template [21ms]
2023-11-26 11:34:50.272 [info] > git for-each-ref --format=%(refname)%00%(upstream:short)%00%(objectname)%00%(upstream:track)%00%(upstream:remotename)%00%(upstream:remoteref) refs/heads/main refs/remotes/main [2ms]
2023-11-26 11:34:50.330 [info] > git status -z -uall [41ms]
2023-11-26 11:34:55.432 [info] > git config --get commit.template [2ms]
2023-11-26 11:34:55.453 [info] > git for-each-ref --format=%(refname)%00%(upstream:short)%00%(objectname)%00%(upstream:track)%00%(upstream:remotename)%00%(upstream:remoteref) refs/heads/main refs/remotes/main [2ms]
2023-11-26 11:34:55.510 [info] > git status -z -uall [41ms]
2023-11-26 11:35:00.623 [info] > git config --get commit.template [2ms]
2023-11-26 11:35:00.640 [info] > git for-each-ref --format=%(refname)%00%(upstream:short)%00%(objectname)%00%(upstream:track)%00%(upstream:remotename)%00%(upstream:remoteref) refs/heads/main refs/remotes/main [1ms]
2023-11-26 11:35:00.701 [info] > git status -z -uall [46ms]
2023-11-26 11:35:05.831 [info] > git config --get commit.template [19ms]
2023-11-26 11:35:05.832 [info] > git for-each-ref --format=%(refname)%00%(upstream:short)%00%(objectname)%00%(upstream:track)%00%(upstream:remotename)%00%(upstream:remoteref) refs/heads/main refs/remotes/main [2ms]
2023-11-26 11:35:05.888 [info] > git status -z -uall [40ms]
2023-11-26 11:35:11.009 [info] > git config --get commit.template [19ms]
2023-11-26 11:35:11.010 [info] > git for-each-ref --format=%(refname)%00%(upstream:short)%00%(objectname)%00%(upstream:track)%00%(upstream:remotename)%00%(upstream:remoteref) refs/heads/main refs/remotes/main [3ms]
2023-11-26 11:35:11.065 [info] > git status -z -uall [39ms]
2023-11-26 11:35:16.191 [info] > git config --get commit.template [20ms]
2023-11-26 11:35:16.192 [info] > git for-each-ref --format=%(refname)%00%(upstream:short)%00%(objectname)%00%(upstream:track)%00%(upstream:remotename)%00%(upstream:remoteref) refs/heads/main refs/remotes/main [2ms]
2023-11-26 11:35:16.256 [info] > git status -z -uall [45ms]
2023-11-26 11:35:21.364 [info] > git config --get commit.template [2ms]
2023-11-26 11:35:21.391 [info] > git for-each-ref --format=%(refname)%00%(upstream:short)%00%(objectname)%00%(upstream:track)%00%(upstream:remotename)%00%(upstream:remoteref) refs/heads/main refs/remotes/main [1ms]
2023-11-26 11:35:21.468 [info] > git status -z -uall [52ms]
2023-11-26 11:35:26.674 [info] > git config --get commit.template [19ms]
2023-11-26 11:35:26.675 [info] > git for-each-ref --format=%(refname)%00%(upstream:short)%00%(objectname)%00%(upstream:track)%00%(upstream:remotename)%00%(upstream:remoteref) refs/heads/main refs/remotes/main [3ms]
2023-11-26 11:35:26.733 [info] > git status -z -uall [41ms]
2023-11-26 11:35:31.863 [info] > git config --get commit.template [18ms]
2023-11-26 11:35:31.864 [info] > git for-each-ref --format=%(refname)%00%(upstream:short)%00%(objectname)%00%(upstream:track)%00%(upstream:remotename)%00%(upstream:remoteref) refs/heads/main refs/remotes/main [2ms]
2023-11-26 11:35:31.921 [info] > git status -z -uall [41ms]
2023-11-26 11:35:37.028 [info] > git config --get commit.template [2ms]
2023-11-26 11:35:37.050 [info] > git for-each-ref --format=%(refname)%00%(upstream:short)%00%(objectname)%00%(upstream:track)%00%(upstream:remotename)%00%(upstream:remoteref) refs/heads/main refs/remotes/main [2ms]
2023-11-26 11:35:37.118 [info] > git status -z -uall [48ms]
2023-11-26 11:35:42.268 [info] > git config --get commit.template [2ms]
2023-11-26 11:35:42.286 [info] > git for-each-ref --format=%(refname)%00%(upstream:short)%00%(objectname)%00%(upstream:track)%00%(upstream:remotename)%00%(upstream:remoteref) refs/heads/main refs/remotes/main [2ms]
2023-11-26 11:35:42.340 [info] > git status -z -uall [38ms]
2023-11-26 11:35:57.761 [info] > git config --get commit.template [18ms]
2023-11-26 11:35:57.761 [info] > git for-each-ref --format=%(refname)%00%(upstream:short)%00%(objectname)%00%(upstream:track)%00%(upstream:remotename)%00%(upstream:remoteref) refs/heads/main refs/remotes/main [2ms]
2023-11-26 11:35:57.821 [info] > git status -z -uall [44ms]
2023-11-26 11:36:01.603 [info] > git show --textconv :wd201/http-server/package-lock.json [56ms]
2023-11-26 11:36:01.604 [info] > git ls-files --stage -- /root/wd201/http-server/package-lock.json [30ms]
2023-11-26 11:36:03.267 [info] > git config --get commit.template [2ms]
2023-11-26 11:36:03.288 [info] > git for-each-ref --format=%(refname)%00%(upstream:short)%00%(objectname)%00%(upstream:track)%00%(upstream:remotename)%00%(upstream:remoteref) refs/heads/main refs/remotes/main [1ms]
2023-11-26 11:36:03.350 [info] > git status -z -uall [43ms]
2023-11-26 11:36:04.743 [info] > git show --textconv :wd201/http-server/index.js [21ms]
2023-11-26 11:36:04.743 [info] > git ls-files --stage -- /root/wd201/http-server/index.js [2ms]
2023-11-26 11:36:08.489 [info] > git config --get commit.template [22ms]
2023-11-26 11:36:08.491 [info] > git for-each-ref --format=%(refname)%00%(upstream:short)%00%(objectname)%00%(upstream:track)%00%(upstream:remotename)%00%(upstream:remoteref) refs/heads/main refs/remotes/main [3ms]
2023-11-26 11:36:08.567 [info] > git status -z -uall [59ms]
2023-11-26 11:36:20.124 [info] > git config --get commit.template [31ms]
2023-11-26 11:36:20.125 [info] > git for-each-ref --format=%(refname)%00%(upstream:short)%00%(objectname)%00%(upstream:track)%00%(upstream:remotename)%00%(upstream:remoteref) refs/heads/main refs/remotes/main [2ms]
2023-11-26 11:36:20.226 [info] > git status -z -uall [69ms]
2023-11-26 11:36:25.384 [info] > git config --get commit.template [2ms]
2023-11-26 11:36:25.403 [info] > git for-each-ref --format=%(refname)%00%(upstream:short)%00%(objectname)%00%(upstream:track)%00%(upstream:remotename)%00%(upstream:remoteref) refs/heads/main refs/remotes/main [1ms]
2023-11-26 11:36:25.461 [info] > git status -z -uall [40ms]
