2023-11-26 10:54:15.199 [info] Extension host with pid 7634 started
2023-11-26 10:54:15.247 [info] ExtensionService#_doActivateExtension vscode.typescript-language-features, startup: false, activationEvent: 'onLanguage:javascript'
2023-11-26 10:54:15.250 [info] ExtensionService#_doActivateExtension vscode.emmet, startup: false, activationEvent: 'onLanguage'
2023-11-26 10:54:15.442 [info] Lock '/root/.vscode-server/data/User/workspaceStorage/c7a94eac4683ea1872ab9e80ea72c169/vscode.lock': Lock acquired.
2023-11-26 10:54:16.349 [info] ExtensionService#_doActivateExtension vscode.git-base, startup: true, activationEvent: '*', root cause: vscode.git
2023-11-26 10:54:16.463 [info] ExtensionService#_doActivateExtension vscode.git, startup: true, activationEvent: '*'
2023-11-26 10:54:16.464 [info] ExtensionService#_doActivateExtension vscode.github, startup: true, activationEvent: '*'
2023-11-26 10:54:17.094 [info] Eager extensions activated
2023-11-26 10:54:17.095 [info] ExtensionService#_doActivateExtension vscode.debug-auto-launch, startup: false, activationEvent: 'onStartupFinished'
2023-11-26 10:54:17.097 [info] ExtensionService#_doActivateExtension vscode.merge-conflict, startup: false, activationEvent: 'onStartupFinished'
2023-11-26 10:54:17.812 [warning] [Decorations] CAPPING events from decorations provider vscode.git 4905
2023-11-26 10:54:20.507 [warning] [Decorations] CAPPING events from decorations provider vscode.git 4905
2023-11-26 10:54:25.513 [warning] [Decorations] CAPPING events from decorations provider vscode.git 4906
2023-11-26 10:54:30.701 [warning] [Decorations] CAPPING events from decorations provider vscode.git 4904
2023-11-26 10:54:35.868 [warning] [Decorations] CAPPING events from decorations provider vscode.git 4904
2023-11-26 10:55:21.434 [warning] [Decorations] CAPPING events from decorations provider vscode.git 4907
2023-11-26 10:56:21.968 [warning] [Decorations] CAPPING events from decorations provider vscode.git 4907
2023-11-26 10:56:30.425 [warning] [Decorations] CAPPING events from decorations provider vscode.git 4907
2023-11-26 10:56:35.652 [warning] [Decorations] CAPPING events from decorations provider vscode.git 4907
2023-11-26 10:56:40.831 [warning] [Decorations] CAPPING events from decorations provider vscode.git 4907
2023-11-26 10:56:50.874 [warning] [Decorations] CAPPING events from decorations provider vscode.git 4907
2023-11-26 10:56:56.102 [warning] [Decorations] CAPPING events from decorations provider vscode.git 4907
2023-11-26 10:57:01.300 [warning] [Decorations] CAPPING events from decorations provider vscode.git 4907
2023-11-26 10:57:09.551 [warning] [Decorations] CAPPING events from decorations provider vscode.git 4907
2023-11-26 10:57:14.786 [warning] [Decorations] CAPPING events from decorations provider vscode.git 4907
2023-11-26 10:57:19.961 [warning] [Decorations] CAPPING events from decorations provider vscode.git 4907
2023-11-26 10:57:27.080 [warning] [Decorations] CAPPING events from decorations provider vscode.git 4907
2023-11-26 10:57:32.262 [warning] [Decorations] CAPPING events from decorations provider vscode.git 4907
2023-11-26 10:57:37.456 [warning] [Decorations] CAPPING events from decorations provider vscode.git 4907
2023-11-26 10:57:42.632 [warning] [Decorations] CAPPING events from decorations provider vscode.git 4907
2023-11-26 10:57:47.804 [warning] [Decorations] CAPPING events from decorations provider vscode.git 4909
2023-11-26 10:57:53.059 [warning] [Decorations] CAPPING events from decorations provider vscode.git 4909
2023-11-26 10:57:57.538 [info] ExtensionService#_doActivateExtension vscode.html-language-features, startup: false, activationEvent: 'onLanguage:html'
2023-11-26 10:57:58.331 [warning] [Decorations] CAPPING events from decorations provider vscode.git 4910
2023-11-26 10:58:03.549 [warning] [Decorations] CAPPING events from decorations provider vscode.git 4910
2023-11-26 10:58:13.723 [warning] [Decorations] CAPPING events from decorations provider vscode.git 4910
2023-11-26 10:58:18.903 [warning] [Decorations] CAPPING events from decorations provider vscode.git 4910
2023-11-26 10:58:24.090 [warning] [Decorations] CAPPING events from decorations provider vscode.git 4910
2023-11-26 10:58:29.284 [warning] [Decorations] CAPPING events from decorations provider vscode.git 4910
2023-11-26 10:58:34.530 [warning] [Decorations] CAPPING events from decorations provider vscode.git 4910
2023-11-26 10:58:39.705 [warning] [Decorations] CAPPING events from decorations provider vscode.git 4910
2023-11-26 10:58:44.871 [warning] [Decorations] CAPPING events from decorations provider vscode.git 4910
2023-11-26 10:58:50.107 [warning] [Decorations] CAPPING events from decorations provider vscode.git 4910
2023-11-26 10:58:55.285 [warning] [Decorations] CAPPING events from decorations provider vscode.git 4910
2023-11-26 10:59:00.487 [warning] [Decorations] CAPPING events from decorations provider vscode.git 4910
2023-11-26 10:59:05.669 [warning] [Decorations] CAPPING events from decorations provider vscode.git 4910
2023-11-26 10:59:10.915 [warning] [Decorations] CAPPING events from decorations provider vscode.git 4910
2023-11-26 10:59:16.092 [warning] [Decorations] CAPPING events from decorations provider vscode.git 4910
2023-11-26 10:59:21.305 [warning] [Decorations] CAPPING events from decorations provider vscode.git 4910
2023-11-26 10:59:26.482 [warning] [Decorations] CAPPING events from decorations provider vscode.git 4910
2023-11-26 10:59:34.570 [warning] [Decorations] CAPPING events from decorations provider vscode.git 4911
2023-11-26 10:59:39.821 [warning] [Decorations] CAPPING events from decorations provider vscode.git 4911
2023-11-26 10:59:45.040 [warning] [Decorations] CAPPING events from decorations provider vscode.git 4911
2023-11-26 10:59:53.135 [warning] [Decorations] CAPPING events from decorations provider vscode.git 4911
2023-11-26 10:59:58.325 [warning] [Decorations] CAPPING events from decorations provider vscode.git 4911
2023-11-26 11:00:03.520 [warning] [Decorations] CAPPING events from decorations provider vscode.git 4911
2023-11-26 11:00:08.702 [warning] [Decorations] CAPPING events from decorations provider vscode.git 4911
2023-11-26 11:00:13.896 [warning] [Decorations] CAPPING events from decorations provider vscode.git 4911
2023-11-26 11:00:19.081 [warning] [Decorations] CAPPING events from decorations provider vscode.git 4912
2023-11-26 11:00:24.341 [warning] [Decorations] CAPPING events from decorations provider vscode.git 4912
2023-11-26 11:00:29.556 [warning] [Decorations] CAPPING events from decorations provider vscode.git 4912
2023-11-26 11:00:34.751 [warning] [Decorations] CAPPING events from decorations provider vscode.git 4912
2023-11-26 11:00:39.931 [warning] [Decorations] CAPPING events from decorations provider vscode.git 4912
2023-11-26 11:00:45.106 [warning] [Decorations] CAPPING events from decorations provider vscode.git 4912
2023-11-26 11:01:26.303 [warning] [Decorations] CAPPING events from decorations provider vscode.git 4912
2023-11-26 11:01:31.584 [warning] [Decorations] CAPPING events from decorations provider vscode.git 4912
2023-11-26 11:01:36.761 [warning] [Decorations] CAPPING events from decorations provider vscode.git 4912
2023-11-26 11:01:42.000 [warning] [Decorations] CAPPING events from decorations provider vscode.git 4912
2023-11-26 11:01:47.195 [warning] [Decorations] CAPPING events from decorations provider vscode.git 4912
2023-11-26 11:01:52.385 [warning] [Decorations] CAPPING events from decorations provider vscode.git 4912
2023-11-26 11:01:57.563 [warning] [Decorations] CAPPING events from decorations provider vscode.git 4912
2023-11-26 11:02:02.745 [warning] [Decorations] CAPPING events from decorations provider vscode.git 4912
2023-11-26 11:02:07.920 [warning] [Decorations] CAPPING events from decorations provider vscode.git 4912
2023-11-26 11:02:13.100 [warning] [Decorations] CAPPING events from decorations provider vscode.git 4912
2023-11-26 11:02:18.299 [warning] [Decorations] CAPPING events from decorations provider vscode.git 4912
2023-11-26 11:02:24.376 [warning] [Decorations] CAPPING events from decorations provider vscode.git 4912
2023-11-26 11:02:29.559 [warning] [Decorations] CAPPING events from decorations provider vscode.git 4913
2023-11-26 11:02:34.747 [warning] [Decorations] CAPPING events from decorations provider vscode.git 4912
2023-11-26 11:02:39.981 [warning] [Decorations] CAPPING events from decorations provider vscode.git 4912
2023-11-26 11:02:45.157 [warning] [Decorations] CAPPING events from decorations provider vscode.git 4912
2023-11-26 11:02:50.344 [warning] [Decorations] CAPPING events from decorations provider vscode.git 4912
2023-11-26 11:02:55.540 [warning] [Decorations] CAPPING events from decorations provider vscode.git 4913
2023-11-26 11:02:56.637 [info] ExtensionService#_doActivateExtension vscode.tunnel-forwarding, startup: false, activationEvent: 'onTunnel'
2023-11-26 11:03:07.435 [warning] [Decorations] CAPPING events from decorations provider vscode.git 4912
2023-11-26 11:03:12.623 [warning] [Decorations] CAPPING events from decorations provider vscode.git 4912
2023-11-26 11:03:17.865 [warning] [Decorations] CAPPING events from decorations provider vscode.git 4912
2023-11-26 11:03:23.037 [warning] [Decorations] CAPPING events from decorations provider vscode.git 4912
2023-11-26 11:03:28.222 [warning] [Decorations] CAPPING events from decorations provider vscode.git 4913
2023-11-26 11:03:33.400 [warning] [Decorations] CAPPING events from decorations provider vscode.git 4913
2023-11-26 11:03:38.594 [warning] [Decorations] CAPPING events from decorations provider vscode.git 4913
2023-11-26 11:03:43.823 [warning] [Decorations] CAPPING events from decorations provider vscode.git 4913
2023-11-26 11:03:49.012 [warning] [Decorations] CAPPING events from decorations provider vscode.git 4913
2023-11-26 11:03:58.061 [warning] [Decorations] CAPPING events from decorations provider vscode.git 4913
2023-11-26 11:04:03.248 [warning] [Decorations] CAPPING events from decorations provider vscode.git 4913
2023-11-26 11:04:08.429 [warning] [Decorations] CAPPING events from decorations provider vscode.git 4913
2023-11-26 11:04:13.609 [warning] [Decorations] CAPPING events from decorations provider vscode.git 4913
2023-11-26 11:04:18.802 [warning] [Decorations] CAPPING events from decorations provider vscode.git 4913
2023-11-26 11:04:23.984 [warning] [Decorations] CAPPING events from decorations provider vscode.git 4913
2023-11-26 11:04:29.162 [warning] [Decorations] CAPPING events from decorations provider vscode.git 4913
2023-11-26 11:04:35.191 [warning] [Decorations] CAPPING events from decorations provider vscode.git 4913
2023-11-26 11:04:40.367 [warning] [Decorations] CAPPING events from decorations provider vscode.git 4913
2023-11-26 11:04:46.415 [warning] [Decorations] CAPPING events from decorations provider vscode.git 4913
2023-11-26 11:04:51.598 [warning] [Decorations] CAPPING events from decorations provider vscode.git 4913
2023-11-26 11:04:56.790 [warning] [Decorations] CAPPING events from decorations provider vscode.git 4913
2023-11-26 11:05:04.837 [warning] [Decorations] CAPPING events from decorations provider vscode.git 4914
2023-11-26 11:05:10.040 [warning] [Decorations] CAPPING events from decorations provider vscode.git 4914
2023-11-26 11:05:15.237 [warning] [Decorations] CAPPING events from decorations provider vscode.git 4914
2023-11-26 11:05:24.329 [warning] [Decorations] CAPPING events from decorations provider vscode.git 4914
2023-11-26 11:05:29.517 [warning] [Decorations] CAPPING events from decorations provider vscode.git 4914
2023-11-26 11:05:36.577 [warning] [Decorations] CAPPING events from decorations provider vscode.git 4914
2023-11-26 11:05:43.782 [warning] [Decorations] CAPPING events from decorations provider vscode.git 4914
2023-11-26 11:05:54.848 [warning] [Decorations] CAPPING events from decorations provider vscode.git 4914
2023-11-26 11:06:02.953 [warning] [Decorations] CAPPING events from decorations provider vscode.git 4914
2023-11-26 11:06:08.136 [warning] [Decorations] CAPPING events from decorations provider vscode.git 4914
2023-11-26 11:06:13.379 [warning] [Decorations] CAPPING events from decorations provider vscode.git 4914
2023-11-26 11:06:18.563 [warning] [Decorations] CAPPING events from decorations provider vscode.git 4914
2023-11-26 11:06:23.777 [warning] [Decorations] CAPPING events from decorations provider vscode.git 4914
2023-11-26 11:06:28.963 [warning] [Decorations] CAPPING events from decorations provider vscode.git 4914
2023-11-26 11:06:34.163 [warning] [Decorations] CAPPING events from decorations provider vscode.git 4914
2023-11-26 11:06:39.349 [warning] [Decorations] CAPPING events from decorations provider vscode.git 4914
2023-11-26 11:06:44.582 [warning] [Decorations] CAPPING events from decorations provider vscode.git 4914
2023-11-26 11:06:46.682 [info] ExtensionService#_doActivateExtension vscode.npm, startup: false, activationEvent: 'onTerminalQuickFixRequest:ms-vscode.npm-command'
2023-11-26 11:06:49.789 [warning] [Decorations] CAPPING events from decorations provider vscode.git 4914
2023-11-26 11:06:57.868 [warning] [Decorations] CAPPING events from decorations provider vscode.git 4915
2023-11-26 11:07:03.093 [warning] [Decorations] CAPPING events from decorations provider vscode.git 4914
2023-11-26 11:07:08.281 [warning] [Decorations] CAPPING events from decorations provider vscode.git 4915
2023-11-26 11:07:13.490 [warning] [Decorations] CAPPING events from decorations provider vscode.git 4914
2023-11-26 11:07:18.692 [warning] [Decorations] CAPPING events from decorations provider vscode.git 4914
2023-11-26 11:07:23.866 [warning] [Decorations] CAPPING events from decorations provider vscode.git 4913
2023-11-26 11:07:29.104 [warning] [Decorations] CAPPING events from decorations provider vscode.git 4913
2023-11-26 11:07:34.291 [warning] [Decorations] CAPPING events from decorations provider vscode.git 4913
2023-11-26 11:07:38.556 [info] Extension host terminating: received terminate message from renderer
2023-11-26 11:07:38.559 [info] Lock '/root/.vscode-server/data/User/workspaceStorage/c7a94eac4683ea1872ab9e80ea72c169/vscode.lock': Marking the lockfile as scheduled to be released in 6000 ms.
2023-11-26 11:07:38.686 [error] Canceled: Canceled
	at new f (/root/.vscode-server/bin/1a5daa3a0231a0fbba4f14db7ec463cf99d7768e/out/vs/workbench/api/node/extensionHostProcess.js:125:108614)
	at n.U (/root/.vscode-server/bin/1a5daa3a0231a0fbba4f14db7ec463cf99d7768e/out/vs/workbench/api/node/extensionHostProcess.js:134:10873)
	at F.<computed>.z.charCodeAt.F.<computed> (/root/.vscode-server/bin/1a5daa3a0231a0fbba4f14db7ec463cf99d7768e/out/vs/workbench/api/node/extensionHostProcess.js:134:8315)
	at i.g (/root/.vscode-server/bin/1a5daa3a0231a0fbba4f14db7ec463cf99d7768e/out/vs/workbench/api/node/extensionHostProcess.js:125:139130)
	at i.executeCommand (/root/.vscode-server/bin/1a5daa3a0231a0fbba4f14db7ec463cf99d7768e/out/vs/workbench/api/node/extensionHostProcess.js:125:138568)
	at $.registerCommand.description (/root/.vscode-server/bin/1a5daa3a0231a0fbba4f14db7ec463cf99d7768e/out/vs/workbench/api/node/extensionHostProcess.js:125:137892)
	at i.h (/root/.vscode-server/bin/1a5daa3a0231a0fbba4f14db7ec463cf99d7768e/out/vs/workbench/api/node/extensionHostProcess.js:125:139669)
	at i.g (/root/.vscode-server/bin/1a5daa3a0231a0fbba4f14db7ec463cf99d7768e/out/vs/workbench/api/node/extensionHostProcess.js:125:138661)
	at i.executeCommand (/root/.vscode-server/bin/1a5daa3a0231a0fbba4f14db7ec463cf99d7768e/out/vs/workbench/api/node/extensionHostProcess.js:125:138568)
	at Object.executeCommand (/root/.vscode-server/bin/1a5daa3a0231a0fbba4f14db7ec463cf99d7768e/out/vs/workbench/api/node/extensionHostProcess.js:140:21329)
	at h.D [as value] (/root/.vscode-server/bin/1a5daa3a0231a0fbba4f14db7ec463cf99d7768e/extensions/git/dist/main.js:2:1316925)
	at c.y (/root/.vscode-server/bin/1a5daa3a0231a0fbba4f14db7ec463cf99d7768e/out/vs/workbench/api/node/extensionHostProcess.js:80:1902)
	at c.z (/root/.vscode-server/bin/1a5daa3a0231a0fbba4f14db7ec463cf99d7768e/out/vs/workbench/api/node/extensionHostProcess.js:80:1972)
	at c.fire (/root/.vscode-server/bin/1a5daa3a0231a0fbba4f14db7ec463cf99d7768e/out/vs/workbench/api/node/extensionHostProcess.js:80:2188)
	at Object.m [as dispose] (/root/.vscode-server/bin/1a5daa3a0231a0fbba4f14db7ec463cf99d7768e/extensions/git/dist/main.js:2:1332842)
	at /root/.vscode-server/bin/1a5daa3a0231a0fbba4f14db7ec463cf99d7768e/extensions/git/dist/main.js:2:1337795
	at Array.forEach (<anonymous>)
	at g.dispose (/root/.vscode-server/bin/1a5daa3a0231a0fbba4f14db7ec463cf99d7768e/extensions/git/dist/main.js:2:1337781)
	at w.<anonymous> (/root/.vscode-server/bin/1a5daa3a0231a0fbba4f14db7ec463cf99d7768e/out/vs/workbench/api/node/extensionHostProcess.js:121:3572)
	at w.dispose (/root/.vscode-server/bin/1a5daa3a0231a0fbba4f14db7ec463cf99d7768e/out/vs/workbench/api/node/extensionHostProcess.js:121:3669)
	at w.<anonymous> (/root/.vscode-server/bin/1a5daa3a0231a0fbba4f14db7ec463cf99d7768e/extensions/git/dist/main.js:2:1318937)
	at w.dispose (/root/.vscode-server/bin/1a5daa3a0231a0fbba4f14db7ec463cf99d7768e/out/vs/workbench/api/node/extensionHostProcess.js:121:3669)
	at o (/root/.vscode-server/bin/1a5daa3a0231a0fbba4f14db7ec463cf99d7768e/out/vs/workbench/api/node/extensionHostProcess.js:30:754)
	at h.cb (/root/.vscode-server/bin/1a5daa3a0231a0fbba4f14db7ec463cf99d7768e/out/vs/workbench/api/node/extensionHostProcess.js:136:9843)
	at /root/.vscode-server/bin/1a5daa3a0231a0fbba4f14db7ec463cf99d7768e/out/vs/workbench/api/node/extensionHostProcess.js:136:7793
	at Array.map (<anonymous>)
	at h.Y (/root/.vscode-server/bin/1a5daa3a0231a0fbba4f14db7ec463cf99d7768e/out/vs/workbench/api/node/extensionHostProcess.js:136:7781)
	at h.terminate (/root/.vscode-server/bin/1a5daa3a0231a0fbba4f14db7ec463cf99d7768e/out/vs/workbench/api/node/extensionHostProcess.js:136:8051)
	at o.terminate (/root/.vscode-server/bin/1a5daa3a0231a0fbba4f14db7ec463cf99d7768e/out/vs/workbench/api/node/extensionHostProcess.js:140:1513)
	at a (/root/.vscode-server/bin/1a5daa3a0231a0fbba4f14db7ec463cf99d7768e/out/vs/workbench/api/node/extensionHostProcess.js:153:9817)
	at h.value (/root/.vscode-server/bin/1a5daa3a0231a0fbba4f14db7ec463cf99d7768e/out/vs/workbench/api/node/extensionHostProcess.js:153:7864)
	at c.y (/root/.vscode-server/bin/1a5daa3a0231a0fbba4f14db7ec463cf99d7768e/out/vs/workbench/api/node/extensionHostProcess.js:80:1902)
	at c.fire (/root/.vscode-server/bin/1a5daa3a0231a0fbba4f14db7ec463cf99d7768e/out/vs/workbench/api/node/extensionHostProcess.js:80:2119)
	at d.fire (/root/.vscode-server/bin/1a5daa3a0231a0fbba4f14db7ec463cf99d7768e/out/vs/workbench/api/node/extensionHostProcess.js:96:14047)
	at s.z (/root/.vscode-server/bin/1a5daa3a0231a0fbba4f14db7ec463cf99d7768e/out/vs/workbench/api/node/extensionHostProcess.js:96:17112)
	at h.value (/root/.vscode-server/bin/1a5daa3a0231a0fbba4f14db7ec463cf99d7768e/out/vs/workbench/api/node/extensionHostProcess.js:96:15564)
	at c.y (/root/.vscode-server/bin/1a5daa3a0231a0fbba4f14db7ec463cf99d7768e/out/vs/workbench/api/node/extensionHostProcess.js:80:1902)
	at c.fire (/root/.vscode-server/bin/1a5daa3a0231a0fbba4f14db7ec463cf99d7768e/out/vs/workbench/api/node/extensionHostProcess.js:80:2119)
	at h.acceptChunk (/root/.vscode-server/bin/1a5daa3a0231a0fbba4f14db7ec463cf99d7768e/out/vs/workbench/api/node/extensionHostProcess.js:96:11821)
	at h.value (/root/.vscode-server/bin/1a5daa3a0231a0fbba4f14db7ec463cf99d7768e/out/vs/workbench/api/node/extensionHostProcess.js:96:11108)
	at c.y (/root/.vscode-server/bin/1a5daa3a0231a0fbba4f14db7ec463cf99d7768e/out/vs/workbench/api/node/extensionHostProcess.js:80:1902)
	at c.fire (/root/.vscode-server/bin/1a5daa3a0231a0fbba4f14db7ec463cf99d7768e/out/vs/workbench/api/node/extensionHostProcess.js:80:2119)
	at c.z (/root/.vscode-server/bin/1a5daa3a0231a0fbba4f14db7ec463cf99d7768e/out/vs/workbench/api/node/extensionHostProcess.js:150:19408)
	at c.acceptFrame (/root/.vscode-server/bin/1a5daa3a0231a0fbba4f14db7ec463cf99d7768e/out/vs/workbench/api/node/extensionHostProcess.js:150:19214)
	at l.n (/root/.vscode-server/bin/1a5daa3a0231a0fbba4f14db7ec463cf99d7768e/out/vs/workbench/api/node/extensionHostProcess.js:150:17713)
	at /root/.vscode-server/bin/1a5daa3a0231a0fbba4f14db7ec463cf99d7768e/out/vs/workbench/api/node/extensionHostProcess.js:150:14933
	at Socket.p (/root/.vscode-server/bin/1a5daa3a0231a0fbba4f14db7ec463cf99d7768e/out/vs/workbench/api/node/extensionHostProcess.js:150:12838)
	at Socket.emit (node:events:513:28)
	at addChunk (node:internal/streams/readable:324:12)
	at readableAddChunk (node:internal/streams/readable:297:9)
	at Readable.push (node:internal/streams/readable:234:10)
	at TCP.onStreamRead (node:internal/stream_base_commons:190:23) setContext undefined
2023-11-26 11:07:38.688 [error] Canceled: Canceled
	at new f (/root/.vscode-server/bin/1a5daa3a0231a0fbba4f14db7ec463cf99d7768e/out/vs/workbench/api/node/extensionHostProcess.js:125:108614)
	at n.U (/root/.vscode-server/bin/1a5daa3a0231a0fbba4f14db7ec463cf99d7768e/out/vs/workbench/api/node/extensionHostProcess.js:134:10873)
	at F.<computed>.z.charCodeAt.F.<computed> (/root/.vscode-server/bin/1a5daa3a0231a0fbba4f14db7ec463cf99d7768e/out/vs/workbench/api/node/extensionHostProcess.js:134:8315)
	at i.g (/root/.vscode-server/bin/1a5daa3a0231a0fbba4f14db7ec463cf99d7768e/out/vs/workbench/api/node/extensionHostProcess.js:125:139130)
	at i.executeCommand (/root/.vscode-server/bin/1a5daa3a0231a0fbba4f14db7ec463cf99d7768e/out/vs/workbench/api/node/extensionHostProcess.js:125:138568)
	at $.registerCommand.description (/root/.vscode-server/bin/1a5daa3a0231a0fbba4f14db7ec463cf99d7768e/out/vs/workbench/api/node/extensionHostProcess.js:125:137892)
	at i.h (/root/.vscode-server/bin/1a5daa3a0231a0fbba4f14db7ec463cf99d7768e/out/vs/workbench/api/node/extensionHostProcess.js:125:139669)
	at i.g (/root/.vscode-server/bin/1a5daa3a0231a0fbba4f14db7ec463cf99d7768e/out/vs/workbench/api/node/extensionHostProcess.js:125:138661)
	at i.executeCommand (/root/.vscode-server/bin/1a5daa3a0231a0fbba4f14db7ec463cf99d7768e/out/vs/workbench/api/node/extensionHostProcess.js:125:138568)
	at Object.executeCommand (/root/.vscode-server/bin/1a5daa3a0231a0fbba4f14db7ec463cf99d7768e/out/vs/workbench/api/node/extensionHostProcess.js:140:21329)
	at set b [as b] (/root/.vscode-server/bin/1a5daa3a0231a0fbba4f14db7ec463cf99d7768e/extensions/github/dist/extension.js:2:714708)
	at /root/.vscode-server/bin/1a5daa3a0231a0fbba4f14db7ec463cf99d7768e/extensions/github/dist/extension.js:2:715349
	at h.value (/root/.vscode-server/bin/1a5daa3a0231a0fbba4f14db7ec463cf99d7768e/extensions/git/dist/main.js:2:1408111)
	at c.y (/root/.vscode-server/bin/1a5daa3a0231a0fbba4f14db7ec463cf99d7768e/out/vs/workbench/api/node/extensionHostProcess.js:80:1902)
	at c.z (/root/.vscode-server/bin/1a5daa3a0231a0fbba4f14db7ec463cf99d7768e/out/vs/workbench/api/node/extensionHostProcess.js:80:1972)
	at c.fire (/root/.vscode-server/bin/1a5daa3a0231a0fbba4f14db7ec463cf99d7768e/out/vs/workbench/api/node/extensionHostProcess.js:80:2188)
	at Object.m [as dispose] (/root/.vscode-server/bin/1a5daa3a0231a0fbba4f14db7ec463cf99d7768e/extensions/git/dist/main.js:2:1332842)
	at /root/.vscode-server/bin/1a5daa3a0231a0fbba4f14db7ec463cf99d7768e/extensions/git/dist/main.js:2:1337795
	at Array.forEach (<anonymous>)
	at g.dispose (/root/.vscode-server/bin/1a5daa3a0231a0fbba4f14db7ec463cf99d7768e/extensions/git/dist/main.js:2:1337781)
	at w.<anonymous> (/root/.vscode-server/bin/1a5daa3a0231a0fbba4f14db7ec463cf99d7768e/out/vs/workbench/api/node/extensionHostProcess.js:121:3572)
	at w.dispose (/root/.vscode-server/bin/1a5daa3a0231a0fbba4f14db7ec463cf99d7768e/out/vs/workbench/api/node/extensionHostProcess.js:121:3669)
	at w.<anonymous> (/root/.vscode-server/bin/1a5daa3a0231a0fbba4f14db7ec463cf99d7768e/extensions/git/dist/main.js:2:1318937)
	at w.dispose (/root/.vscode-server/bin/1a5daa3a0231a0fbba4f14db7ec463cf99d7768e/out/vs/workbench/api/node/extensionHostProcess.js:121:3669)
	at o (/root/.vscode-server/bin/1a5daa3a0231a0fbba4f14db7ec463cf99d7768e/out/vs/workbench/api/node/extensionHostProcess.js:30:754)
	at h.cb (/root/.vscode-server/bin/1a5daa3a0231a0fbba4f14db7ec463cf99d7768e/out/vs/workbench/api/node/extensionHostProcess.js:136:9843)
	at /root/.vscode-server/bin/1a5daa3a0231a0fbba4f14db7ec463cf99d7768e/out/vs/workbench/api/node/extensionHostProcess.js:136:7793
	at Array.map (<anonymous>)
	at h.Y (/root/.vscode-server/bin/1a5daa3a0231a0fbba4f14db7ec463cf99d7768e/out/vs/workbench/api/node/extensionHostProcess.js:136:7781)
	at h.terminate (/root/.vscode-server/bin/1a5daa3a0231a0fbba4f14db7ec463cf99d7768e/out/vs/workbench/api/node/extensionHostProcess.js:136:8051)
	at o.terminate (/root/.vscode-server/bin/1a5daa3a0231a0fbba4f14db7ec463cf99d7768e/out/vs/workbench/api/node/extensionHostProcess.js:140:1513)
	at a (/root/.vscode-server/bin/1a5daa3a0231a0fbba4f14db7ec463cf99d7768e/out/vs/workbench/api/node/extensionHostProcess.js:153:9817)
	at h.value (/root/.vscode-server/bin/1a5daa3a0231a0fbba4f14db7ec463cf99d7768e/out/vs/workbench/api/node/extensionHostProcess.js:153:7864)
	at c.y (/root/.vscode-server/bin/1a5daa3a0231a0fbba4f14db7ec463cf99d7768e/out/vs/workbench/api/node/extensionHostProcess.js:80:1902)
	at c.fire (/root/.vscode-server/bin/1a5daa3a0231a0fbba4f14db7ec463cf99d7768e/out/vs/workbench/api/node/extensionHostProcess.js:80:2119)
	at d.fire (/root/.vscode-server/bin/1a5daa3a0231a0fbba4f14db7ec463cf99d7768e/out/vs/workbench/api/node/extensionHostProcess.js:96:14047)
	at s.z (/root/.vscode-server/bin/1a5daa3a0231a0fbba4f14db7ec463cf99d7768e/out/vs/workbench/api/node/extensionHostProcess.js:96:17112)
	at h.value (/root/.vscode-server/bin/1a5daa3a0231a0fbba4f14db7ec463cf99d7768e/out/vs/workbench/api/node/extensionHostProcess.js:96:15564)
	at c.y (/root/.vscode-server/bin/1a5daa3a0231a0fbba4f14db7ec463cf99d7768e/out/vs/workbench/api/node/extensionHostProcess.js:80:1902)
	at c.fire (/root/.vscode-server/bin/1a5daa3a0231a0fbba4f14db7ec463cf99d7768e/out/vs/workbench/api/node/extensionHostProcess.js:80:2119)
	at h.acceptChunk (/root/.vscode-server/bin/1a5daa3a0231a0fbba4f14db7ec463cf99d7768e/out/vs/workbench/api/node/extensionHostProcess.js:96:11821)
	at h.value (/root/.vscode-server/bin/1a5daa3a0231a0fbba4f14db7ec463cf99d7768e/out/vs/workbench/api/node/extensionHostProcess.js:96:11108)
	at c.y (/root/.vscode-server/bin/1a5daa3a0231a0fbba4f14db7ec463cf99d7768e/out/vs/workbench/api/node/extensionHostProcess.js:80:1902)
	at c.fire (/root/.vscode-server/bin/1a5daa3a0231a0fbba4f14db7ec463cf99d7768e/out/vs/workbench/api/node/extensionHostProcess.js:80:2119)
	at c.z (/root/.vscode-server/bin/1a5daa3a0231a0fbba4f14db7ec463cf99d7768e/out/vs/workbench/api/node/extensionHostProcess.js:150:19408)
	at c.acceptFrame (/root/.vscode-server/bin/1a5daa3a0231a0fbba4f14db7ec463cf99d7768e/out/vs/workbench/api/node/extensionHostProcess.js:150:19214)
	at l.n (/root/.vscode-server/bin/1a5daa3a0231a0fbba4f14db7ec463cf99d7768e/out/vs/workbench/api/node/extensionHostProcess.js:150:17713)
	at /root/.vscode-server/bin/1a5daa3a0231a0fbba4f14db7ec463cf99d7768e/out/vs/workbench/api/node/extensionHostProcess.js:150:14933
	at Socket.p (/root/.vscode-server/bin/1a5daa3a0231a0fbba4f14db7ec463cf99d7768e/out/vs/workbench/api/node/extensionHostProcess.js:150:12838)
	at Socket.emit (node:events:513:28)
	at addChunk (node:internal/streams/readable:324:12)
	at readableAddChunk (node:internal/streams/readable:297:9)
	at Readable.push (node:internal/streams/readable:234:10)
	at TCP.onStreamRead (node:internal/stream_base_commons:190:23) setContext undefined
2023-11-26 11:07:38.695 [info] Extension host with pid 7634 exiting with code 0
