0 verbose cli [ '/usr/bin/node', '/usr/bin/npm', 'init' ]
1 info using npm@8.5.1
2 info using node@v12.22.9
3 timing npm:load:whichnode Completed in 1ms
4 timing config:load:defaults Completed in 3ms
5 timing config:load:file:/usr/share/nodejs/npm/npmrc Completed in 5ms
6 timing config:load:builtin Completed in 5ms
7 timing config:load:cli Completed in 2ms
8 timing config:load:env Completed in 1ms
9 timing config:load:file:/root/wd201/http-server/.npmrc Completed in 0ms
10 timing config:load:project Completed in 3ms
11 timing config:load:file:/root/.npmrc Completed in 1ms
12 timing config:load:user Completed in 1ms
13 timing config:load:file:/etc/npmrc Completed in 1ms
14 timing config:load:global Completed in 1ms
15 timing config:load:validate Completed in 0ms
16 timing config:load:credentials Completed in 1ms
17 timing config:load:setEnvs Completed in 1ms
18 timing config:load Completed in 19ms
19 timing npm:load:configload Completed in 19ms
20 timing npm:load:setTitle Completed in 1ms
21 timing config:load:flatten Completed in 4ms
22 timing npm:load:display Completed in 6ms
23 verbose logfile /root/.npm/_logs/2023-11-26T16_57_22_754Z-debug-0.log
24 timing npm:load:logFile Completed in 18ms
25 timing npm:load:timers Completed in 0ms
26 timing npm:load:configScope Completed in 0ms
27 timing npm:load Completed in 47ms
28 silly logfile start cleaning logs, removing 1 files
29 silly package data {
29 silly package data   name: 'http-server',
29 silly package data   version: '1.0.0',
29 silly package data   main: 'index.js',
29 silly package data   scripts: { start: 'node index.js' },
29 silly package data   author: 'Ansik',
29 silly package data   license: 'ISC',
29 silly package data   repository: {
29 silly package data     type: 'git',
29 silly package data     url: 'git+https://github.com/Kiyotaka-Ayanak0ji/wd201.git'
29 silly package data   },
29 silly package data   bugs: { url: 'https://github.com/Kiyotaka-Ayanak0ji/wd201/issues' },
29 silly package data   homepage: 'https://github.com/Kiyotaka-Ayanak0ji/wd201#readme',
29 silly package data   description: ''
29 silly package data }
30 info init written successfully
31 timing command:init Completed in 14242ms
32 verbose exit 0
33 timing npm Completed in 14627ms
34 info ok
