0 verbose cli [ '/usr/bin/node', '/usr/bin/npm', 'install', 'nvm' ]
1 info using npm@8.5.1
2 info using node@v12.22.9
3 timing npm:load:whichnode Completed in 1ms
4 timing config:load:defaults Completed in 3ms
5 timing config:load:file:/usr/share/nodejs/npm/npmrc Completed in 5ms
6 timing config:load:builtin Completed in 5ms
7 timing config:load:cli Completed in 2ms
8 timing config:load:env Completed in 1ms
9 timing config:load:file:/root/wd201/todo-cli/.npmrc Completed in 0ms
10 timing config:load:project Completed in 3ms
11 timing config:load:file:/root/.npmrc Completed in 0ms
12 timing config:load:user Completed in 0ms
13 timing config:load:file:/etc/npmrc Completed in 1ms
14 timing config:load:global Completed in 1ms
15 timing config:load:validate Completed in 1ms
16 timing config:load:credentials Completed in 1ms
17 timing config:load:setEnvs Completed in 2ms
18 timing config:load Completed in 21ms
19 timing npm:load:configload Completed in 21ms
20 timing npm:load:setTitle Completed in 1ms
21 timing config:load:flatten Completed in 4ms
22 timing npm:load:display Completed in 7ms
23 verbose logfile /root/.npm/_logs/2023-11-29T06_13_52_882Z-debug-0.log
24 timing npm:load:logFile Completed in 9ms
25 timing npm:load:timers Completed in 0ms
26 timing npm:load:configScope Completed in 0ms
27 timing npm:load Completed in 40ms
28 timing arborist:ctor Completed in 2ms
29 silly logfile start cleaning logs, removing 2 files
30 timing idealTree:init Completed in 642ms
31 timing idealTree:userRequests Completed in 5ms
32 silly idealTree buildDeps
33 silly fetch manifest nvm@^0.0.4
34 verbose shrinkwrap failed to load node_modules/.package-lock.json missing from lockfile: node_modules/node/node_modules/node-bin-setup
35 http fetch GET 200 https://registry.npmjs.org/nvm 1456ms (cache miss)
36 silly placeDep ROOT nvm@0.0.4 REPLACE for: todo-cli@1.0.0 want: ^0.0.4
37 timing idealTree:#root Completed in 1471ms
38 timing idealTree:node_modules/nvm Completed in 0ms
39 timing idealTree:buildDeps Completed in 1474ms
40 timing idealTree:fixDepFlags Completed in 13ms
41 warn EBADENGINE Unsupported engine {
41 warn EBADENGINE   package: 'todo-cli@1.0.0',
41 warn EBADENGINE   required: { node: '>=18.0.0' },
41 warn EBADENGINE   current: { node: 'v12.22.9', npm: '8.5.1' }
41 warn EBADENGINE }
42 warn EBADENGINE Unsupported engine {
42 warn EBADENGINE   package: '@jest/console@29.7.0',
42 warn EBADENGINE   required: { node: '^14.15.0 || ^16.10.0 || >=18.0.0' },
42 warn EBADENGINE   current: { node: 'v12.22.9', npm: '8.5.1' }
42 warn EBADENGINE }
43 warn EBADENGINE Unsupported engine {
43 warn EBADENGINE   package: '@jest/core@29.7.0',
43 warn EBADENGINE   required: { node: '^14.15.0 || ^16.10.0 || >=18.0.0' },
43 warn EBADENGINE   current: { node: 'v12.22.9', npm: '8.5.1' }
43 warn EBADENGINE }
44 warn EBADENGINE Unsupported engine {
44 warn EBADENGINE   package: '@jest/environment@29.7.0',
44 warn EBADENGINE   required: { node: '^14.15.0 || ^16.10.0 || >=18.0.0' },
44 warn EBADENGINE   current: { node: 'v12.22.9', npm: '8.5.1' }
44 warn EBADENGINE }
45 warn EBADENGINE Unsupported engine {
45 warn EBADENGINE   package: '@jest/expect@29.7.0',
45 warn EBADENGINE   required: { node: '^14.15.0 || ^16.10.0 || >=18.0.0' },
45 warn EBADENGINE   current: { node: 'v12.22.9', npm: '8.5.1' }
45 warn EBADENGINE }
46 warn EBADENGINE Unsupported engine {
46 warn EBADENGINE   package: '@jest/expect-utils@29.7.0',
46 warn EBADENGINE   required: { node: '^14.15.0 || ^16.10.0 || >=18.0.0' },
46 warn EBADENGINE   current: { node: 'v12.22.9', npm: '8.5.1' }
46 warn EBADENGINE }
47 warn EBADENGINE Unsupported engine {
47 warn EBADENGINE   package: '@jest/fake-timers@29.7.0',
47 warn EBADENGINE   required: { node: '^14.15.0 || ^16.10.0 || >=18.0.0' },
47 warn EBADENGINE   current: { node: 'v12.22.9', npm: '8.5.1' }
47 warn EBADENGINE }
48 warn EBADENGINE Unsupported engine {
48 warn EBADENGINE   package: '@jest/globals@29.7.0',
48 warn EBADENGINE   required: { node: '^14.15.0 || ^16.10.0 || >=18.0.0' },
48 warn EBADENGINE   current: { node: 'v12.22.9', npm: '8.5.1' }
48 warn EBADENGINE }
49 warn EBADENGINE Unsupported engine {
49 warn EBADENGINE   package: '@jest/reporters@29.7.0',
49 warn EBADENGINE   required: { node: '^14.15.0 || ^16.10.0 || >=18.0.0' },
49 warn EBADENGINE   current: { node: 'v12.22.9', npm: '8.5.1' }
49 warn EBADENGINE }
50 warn EBADENGINE Unsupported engine {
50 warn EBADENGINE   package: '@jest/schemas@29.6.3',
50 warn EBADENGINE   required: { node: '^14.15.0 || ^16.10.0 || >=18.0.0' },
50 warn EBADENGINE   current: { node: 'v12.22.9', npm: '8.5.1' }
50 warn EBADENGINE }
51 warn EBADENGINE Unsupported engine {
51 warn EBADENGINE   package: '@jest/source-map@29.6.3',
51 warn EBADENGINE   required: { node: '^14.15.0 || ^16.10.0 || >=18.0.0' },
51 warn EBADENGINE   current: { node: 'v12.22.9', npm: '8.5.1' }
51 warn EBADENGINE }
52 warn EBADENGINE Unsupported engine {
52 warn EBADENGINE   package: '@jest/test-result@29.7.0',
52 warn EBADENGINE   required: { node: '^14.15.0 || ^16.10.0 || >=18.0.0' },
52 warn EBADENGINE   current: { node: 'v12.22.9', npm: '8.5.1' }
52 warn EBADENGINE }
53 warn EBADENGINE Unsupported engine {
53 warn EBADENGINE   package: '@jest/test-sequencer@29.7.0',
53 warn EBADENGINE   required: { node: '^14.15.0 || ^16.10.0 || >=18.0.0' },
53 warn EBADENGINE   current: { node: 'v12.22.9', npm: '8.5.1' }
53 warn EBADENGINE }
54 warn EBADENGINE Unsupported engine {
54 warn EBADENGINE   package: '@jest/transform@29.7.0',
54 warn EBADENGINE   required: { node: '^14.15.0 || ^16.10.0 || >=18.0.0' },
54 warn EBADENGINE   current: { node: 'v12.22.9', npm: '8.5.1' }
54 warn EBADENGINE }
55 warn EBADENGINE Unsupported engine {
55 warn EBADENGINE   package: '@jest/types@29.6.3',
55 warn EBADENGINE   required: { node: '^14.15.0 || ^16.10.0 || >=18.0.0' },
55 warn EBADENGINE   current: { node: 'v12.22.9', npm: '8.5.1' }
55 warn EBADENGINE }
56 warn EBADENGINE Unsupported engine {
56 warn EBADENGINE   package: 'babel-jest@29.7.0',
56 warn EBADENGINE   required: { node: '^14.15.0 || ^16.10.0 || >=18.0.0' },
56 warn EBADENGINE   current: { node: 'v12.22.9', npm: '8.5.1' }
56 warn EBADENGINE }
57 warn EBADENGINE Unsupported engine {
57 warn EBADENGINE   package: 'babel-plugin-jest-hoist@29.6.3',
57 warn EBADENGINE   required: { node: '^14.15.0 || ^16.10.0 || >=18.0.0' },
57 warn EBADENGINE   current: { node: 'v12.22.9', npm: '8.5.1' }
57 warn EBADENGINE }
58 warn EBADENGINE Unsupported engine {
58 warn EBADENGINE   package: 'babel-preset-jest@29.6.3',
58 warn EBADENGINE   required: { node: '^14.15.0 || ^16.10.0 || >=18.0.0' },
58 warn EBADENGINE   current: { node: 'v12.22.9', npm: '8.5.1' }
58 warn EBADENGINE }
59 warn EBADENGINE Unsupported engine {
59 warn EBADENGINE   package: 'commander@11.1.0',
59 warn EBADENGINE   required: { node: '>=16' },
59 warn EBADENGINE   current: { node: 'v12.22.9', npm: '8.5.1' }
59 warn EBADENGINE }
60 warn EBADENGINE Unsupported engine {
60 warn EBADENGINE   package: 'create-jest@29.7.0',
60 warn EBADENGINE   required: { node: '^14.15.0 || ^16.10.0 || >=18.0.0' },
60 warn EBADENGINE   current: { node: 'v12.22.9', npm: '8.5.1' }
60 warn EBADENGINE }
61 warn EBADENGINE Unsupported engine {
61 warn EBADENGINE   package: 'diff-sequences@29.6.3',
61 warn EBADENGINE   required: { node: '^14.15.0 || ^16.10.0 || >=18.0.0' },
61 warn EBADENGINE   current: { node: 'v12.22.9', npm: '8.5.1' }
61 warn EBADENGINE }
62 warn EBADENGINE Unsupported engine {
62 warn EBADENGINE   package: 'expect@29.7.0',
62 warn EBADENGINE   required: { node: '^14.15.0 || ^16.10.0 || >=18.0.0' },
62 warn EBADENGINE   current: { node: 'v12.22.9', npm: '8.5.1' }
62 warn EBADENGINE }
63 warn EBADENGINE Unsupported engine {
63 warn EBADENGINE   package: 'husky@8.0.3',
63 warn EBADENGINE   required: { node: '>=14' },
63 warn EBADENGINE   current: { node: 'v12.22.9', npm: '8.5.1' }
63 warn EBADENGINE }
64 warn EBADENGINE Unsupported engine {
64 warn EBADENGINE   package: 'jest@29.7.0',
64 warn EBADENGINE   required: { node: '^14.15.0 || ^16.10.0 || >=18.0.0' },
64 warn EBADENGINE   current: { node: 'v12.22.9', npm: '8.5.1' }
64 warn EBADENGINE }
65 warn EBADENGINE Unsupported engine {
65 warn EBADENGINE   package: 'jest-changed-files@29.7.0',
65 warn EBADENGINE   required: { node: '^14.15.0 || ^16.10.0 || >=18.0.0' },
65 warn EBADENGINE   current: { node: 'v12.22.9', npm: '8.5.1' }
65 warn EBADENGINE }
66 warn EBADENGINE Unsupported engine {
66 warn EBADENGINE   package: 'jest-circus@29.7.0',
66 warn EBADENGINE   required: { node: '^14.15.0 || ^16.10.0 || >=18.0.0' },
66 warn EBADENGINE   current: { node: 'v12.22.9', npm: '8.5.1' }
66 warn EBADENGINE }
67 warn EBADENGINE Unsupported engine {
67 warn EBADENGINE   package: 'jest-cli@29.7.0',
67 warn EBADENGINE   required: { node: '^14.15.0 || ^16.10.0 || >=18.0.0' },
67 warn EBADENGINE   current: { node: 'v12.22.9', npm: '8.5.1' }
67 warn EBADENGINE }
68 warn EBADENGINE Unsupported engine {
68 warn EBADENGINE   package: 'jest-config@29.7.0',
68 warn EBADENGINE   required: { node: '^14.15.0 || ^16.10.0 || >=18.0.0' },
68 warn EBADENGINE   current: { node: 'v12.22.9', npm: '8.5.1' }
68 warn EBADENGINE }
69 warn EBADENGINE Unsupported engine {
69 warn EBADENGINE   package: 'jest-diff@29.7.0',
69 warn EBADENGINE   required: { node: '^14.15.0 || ^16.10.0 || >=18.0.0' },
69 warn EBADENGINE   current: { node: 'v12.22.9', npm: '8.5.1' }
69 warn EBADENGINE }
70 warn EBADENGINE Unsupported engine {
70 warn EBADENGINE   package: 'jest-docblock@29.7.0',
70 warn EBADENGINE   required: { node: '^14.15.0 || ^16.10.0 || >=18.0.0' },
70 warn EBADENGINE   current: { node: 'v12.22.9', npm: '8.5.1' }
70 warn EBADENGINE }
71 warn EBADENGINE Unsupported engine {
71 warn EBADENGINE   package: 'jest-each@29.7.0',
71 warn EBADENGINE   required: { node: '^14.15.0 || ^16.10.0 || >=18.0.0' },
71 warn EBADENGINE   current: { node: 'v12.22.9', npm: '8.5.1' }
71 warn EBADENGINE }
72 warn EBADENGINE Unsupported engine {
72 warn EBADENGINE   package: 'jest-environment-node@29.7.0',
72 warn EBADENGINE   required: { node: '^14.15.0 || ^16.10.0 || >=18.0.0' },
72 warn EBADENGINE   current: { node: 'v12.22.9', npm: '8.5.1' }
72 warn EBADENGINE }
73 warn EBADENGINE Unsupported engine {
73 warn EBADENGINE   package: 'jest-get-type@29.6.3',
73 warn EBADENGINE   required: { node: '^14.15.0 || ^16.10.0 || >=18.0.0' },
73 warn EBADENGINE   current: { node: 'v12.22.9', npm: '8.5.1' }
73 warn EBADENGINE }
74 warn EBADENGINE Unsupported engine {
74 warn EBADENGINE   package: 'jest-haste-map@29.7.0',
74 warn EBADENGINE   required: { node: '^14.15.0 || ^16.10.0 || >=18.0.0' },
74 warn EBADENGINE   current: { node: 'v12.22.9', npm: '8.5.1' }
74 warn EBADENGINE }
75 warn EBADENGINE Unsupported engine {
75 warn EBADENGINE   package: 'jest-leak-detector@29.7.0',
75 warn EBADENGINE   required: { node: '^14.15.0 || ^16.10.0 || >=18.0.0' },
75 warn EBADENGINE   current: { node: 'v12.22.9', npm: '8.5.1' }
75 warn EBADENGINE }
76 warn EBADENGINE Unsupported engine {
76 warn EBADENGINE   package: 'jest-matcher-utils@29.7.0',
76 warn EBADENGINE   required: { node: '^14.15.0 || ^16.10.0 || >=18.0.0' },
76 warn EBADENGINE   current: { node: 'v12.22.9', npm: '8.5.1' }
76 warn EBADENGINE }
77 warn EBADENGINE Unsupported engine {
77 warn EBADENGINE   package: 'jest-message-util@29.7.0',
77 warn EBADENGINE   required: { node: '^14.15.0 || ^16.10.0 || >=18.0.0' },
77 warn EBADENGINE   current: { node: 'v12.22.9', npm: '8.5.1' }
77 warn EBADENGINE }
78 warn EBADENGINE Unsupported engine {
78 warn EBADENGINE   package: 'jest-mock@29.7.0',
78 warn EBADENGINE   required: { node: '^14.15.0 || ^16.10.0 || >=18.0.0' },
78 warn EBADENGINE   current: { node: 'v12.22.9', npm: '8.5.1' }
78 warn EBADENGINE }
79 warn EBADENGINE Unsupported engine {
79 warn EBADENGINE   package: 'jest-regex-util@29.6.3',
79 warn EBADENGINE   required: { node: '^14.15.0 || ^16.10.0 || >=18.0.0' },
79 warn EBADENGINE   current: { node: 'v12.22.9', npm: '8.5.1' }
79 warn EBADENGINE }
80 warn EBADENGINE Unsupported engine {
80 warn EBADENGINE   package: 'jest-resolve@29.7.0',
80 warn EBADENGINE   required: { node: '^14.15.0 || ^16.10.0 || >=18.0.0' },
80 warn EBADENGINE   current: { node: 'v12.22.9', npm: '8.5.1' }
80 warn EBADENGINE }
81 warn EBADENGINE Unsupported engine {
81 warn EBADENGINE   package: 'jest-resolve-dependencies@29.7.0',
81 warn EBADENGINE   required: { node: '^14.15.0 || ^16.10.0 || >=18.0.0' },
81 warn EBADENGINE   current: { node: 'v12.22.9', npm: '8.5.1' }
81 warn EBADENGINE }
82 warn EBADENGINE Unsupported engine {
82 warn EBADENGINE   package: 'jest-runner@29.7.0',
82 warn EBADENGINE   required: { node: '^14.15.0 || ^16.10.0 || >=18.0.0' },
82 warn EBADENGINE   current: { node: 'v12.22.9', npm: '8.5.1' }
82 warn EBADENGINE }
83 warn EBADENGINE Unsupported engine {
83 warn EBADENGINE   package: 'jest-runtime@29.7.0',
83 warn EBADENGINE   required: { node: '^14.15.0 || ^16.10.0 || >=18.0.0' },
83 warn EBADENGINE   current: { node: 'v12.22.9', npm: '8.5.1' }
83 warn EBADENGINE }
84 warn EBADENGINE Unsupported engine {
84 warn EBADENGINE   package: 'jest-snapshot@29.7.0',
84 warn EBADENGINE   required: { node: '^14.15.0 || ^16.10.0 || >=18.0.0' },
84 warn EBADENGINE   current: { node: 'v12.22.9', npm: '8.5.1' }
84 warn EBADENGINE }
85 warn EBADENGINE Unsupported engine {
85 warn EBADENGINE   package: 'jest-util@29.7.0',
85 warn EBADENGINE   required: { node: '^14.15.0 || ^16.10.0 || >=18.0.0' },
85 warn EBADENGINE   current: { node: 'v12.22.9', npm: '8.5.1' }
85 warn EBADENGINE }
86 warn EBADENGINE Unsupported engine {
86 warn EBADENGINE   package: 'jest-validate@29.7.0',
86 warn EBADENGINE   required: { node: '^14.15.0 || ^16.10.0 || >=18.0.0' },
86 warn EBADENGINE   current: { node: 'v12.22.9', npm: '8.5.1' }
86 warn EBADENGINE }
87 warn EBADENGINE Unsupported engine {
87 warn EBADENGINE   package: 'jest-watcher@29.7.0',
87 warn EBADENGINE   required: { node: '^14.15.0 || ^16.10.0 || >=18.0.0' },
87 warn EBADENGINE   current: { node: 'v12.22.9', npm: '8.5.1' }
87 warn EBADENGINE }
88 warn EBADENGINE Unsupported engine {
88 warn EBADENGINE   package: 'jest-worker@29.7.0',
88 warn EBADENGINE   required: { node: '^14.15.0 || ^16.10.0 || >=18.0.0' },
88 warn EBADENGINE   current: { node: 'v12.22.9', npm: '8.5.1' }
88 warn EBADENGINE }
89 warn EBADENGINE Unsupported engine {
89 warn EBADENGINE   package: 'lint-staged@15.1.0',
89 warn EBADENGINE   required: { node: '>=18.12.0' },
89 warn EBADENGINE   current: { node: 'v12.22.9', npm: '8.5.1' }
89 warn EBADENGINE }
90 warn EBADENGINE Unsupported engine {
90 warn EBADENGINE   package: 'execa@8.0.1',
90 warn EBADENGINE   required: { node: '>=16.17' },
90 warn EBADENGINE   current: { node: 'v12.22.9', npm: '8.5.1' }
90 warn EBADENGINE }
91 warn EBADENGINE Unsupported engine {
91 warn EBADENGINE   package: 'get-stream@8.0.1',
91 warn EBADENGINE   required: { node: '>=16' },
91 warn EBADENGINE   current: { node: 'v12.22.9', npm: '8.5.1' }
91 warn EBADENGINE }
92 warn EBADENGINE Unsupported engine {
92 warn EBADENGINE   package: 'human-signals@5.0.0',
92 warn EBADENGINE   required: { node: '>=16.17.0' },
92 warn EBADENGINE   current: { node: 'v12.22.9', npm: '8.5.1' }
92 warn EBADENGINE }
93 warn EBADENGINE Unsupported engine {
93 warn EBADENGINE   package: 'signal-exit@4.1.0',
93 warn EBADENGINE   required: { node: '>=14' },
93 warn EBADENGINE   current: { node: 'v12.22.9', npm: '8.5.1' }
93 warn EBADENGINE }
94 warn EBADENGINE Unsupported engine {
94 warn EBADENGINE   package: 'listr2@7.0.2',
94 warn EBADENGINE   required: { node: '>=16.0.0' },
94 warn EBADENGINE   current: { node: 'v12.22.9', npm: '8.5.1' }
94 warn EBADENGINE }
95 warn EBADENGINE Unsupported engine {
95 warn EBADENGINE   package: 'pretty-format@29.7.0',
95 warn EBADENGINE   required: { node: '^14.15.0 || ^16.10.0 || >=18.0.0' },
95 warn EBADENGINE   current: { node: 'v12.22.9', npm: '8.5.1' }
95 warn EBADENGINE }
96 warn EBADENGINE Unsupported engine {
96 warn EBADENGINE   package: 'yaml@2.3.4',
96 warn EBADENGINE   required: { node: '>= 14' },
96 warn EBADENGINE   current: { node: 'v12.22.9', npm: '8.5.1' }
96 warn EBADENGINE }
97 timing idealTree Completed in 2333ms
98 timing reify:loadTrees Completed in 2336ms
99 timing reify:diffTrees Completed in 22ms
100 silly reify mark retired [
100 silly reify   '/root/wd201/todo-cli/node_modules/node/node_modules/node-bin-setup'
100 silly reify ]
101 silly reify mark retired [
101 silly reify   '/root/wd201/todo-cli/node_modules/node/node_modules/node-linux-x64',
101 silly reify   '/root/wd201/todo-cli/node_modules/node/node_modules/.bin/node'
101 silly reify ]
102 silly reify moves {
102 silly reify   '/root/wd201/todo-cli/node_modules/node/node_modules/node-bin-setup': '/root/wd201/todo-cli/node_modules/node/node_modules/.node-bin-setup-KJXgH5yc',
102 silly reify   '/root/wd201/todo-cli/node_modules/node/node_modules/node-linux-x64': '/root/wd201/todo-cli/node_modules/node/node_modules/.node-linux-x64-5zvw3eXm',
102 silly reify   '/root/wd201/todo-cli/node_modules/node/node_modules/.bin/node': '/root/wd201/todo-cli/node_modules/node/node_modules/.bin/.node-EtSM4T3P'
102 silly reify }
103 timing reify:retireShallow Completed in 5ms
104 timing reify:createSparse Completed in 4ms
105 timing reify:loadBundles Completed in 0ms
106 silly audit bulk request {
106 silly audit   '@aashutoshrathi/word-wrap': [ '1.2.6' ],
106 silly audit   '@ampproject/remapping': [ '2.2.1' ],
106 silly audit   '@babel/code-frame': [ '7.23.4' ],
106 silly audit   'ansi-styles': [ '3.2.1', '4.3.0', '6.2.1', '5.2.0' ],
106 silly audit   chalk: [ '2.4.2', '4.1.2', '5.3.0' ],
106 silly audit   'color-convert': [ '1.9.3', '2.0.1' ],
106 silly audit   'color-name': [ '1.1.3', '1.1.4' ],
106 silly audit   'escape-string-regexp': [ '1.0.5', '4.0.0', '2.0.0' ],
106 silly audit   'has-flag': [ '3.0.0', '4.0.0' ],
106 silly audit   'supports-color': [ '5.5.0', '8.1.1', '7.2.0' ],
106 silly audit   '@babel/compat-data': [ '7.23.3' ],
106 silly audit   '@babel/core': [ '7.23.3' ],
106 silly audit   '@babel/generator': [ '7.23.4' ],
106 silly audit   '@babel/helper-compilation-targets': [ '7.22.15' ],
106 silly audit   '@babel/helper-environment-visitor': [ '7.22.20' ],
106 silly audit   '@babel/helper-function-name': [ '7.23.0' ],
106 silly audit   '@babel/helper-hoist-variables': [ '7.22.5' ],
106 silly audit   '@babel/helper-module-imports': [ '7.22.15' ],
106 silly audit   '@babel/helper-module-transforms': [ '7.23.3' ],
106 silly audit   '@babel/helper-plugin-utils': [ '7.22.5' ],
106 silly audit   '@babel/helper-simple-access': [ '7.22.5' ],
106 silly audit   '@babel/helper-split-export-declaration': [ '7.22.6' ],
106 silly audit   '@babel/helper-string-parser': [ '7.23.4' ],
106 silly audit   '@babel/helper-validator-identifier': [ '7.22.20' ],
106 silly audit   '@babel/helper-validator-option': [ '7.22.15' ],
106 silly audit   '@babel/helpers': [ '7.23.4' ],
106 silly audit   '@babel/highlight': [ '7.23.4' ],
106 silly audit   '@babel/parser': [ '7.23.4' ],
106 silly audit   '@babel/plugin-syntax-async-generators': [ '7.8.4' ],
106 silly audit   '@babel/plugin-syntax-bigint': [ '7.8.3' ],
106 silly audit   '@babel/plugin-syntax-class-properties': [ '7.12.13' ],
106 silly audit   '@babel/plugin-syntax-import-meta': [ '7.10.4' ],
106 silly audit   '@babel/plugin-syntax-json-strings': [ '7.8.3' ],
106 silly audit   '@babel/plugin-syntax-jsx': [ '7.23.3' ],
106 silly audit   '@babel/plugin-syntax-logical-assignment-operators': [ '7.10.4' ],
106 silly audit   '@babel/plugin-syntax-nullish-coalescing-operator': [ '7.8.3' ],
106 silly audit   '@babel/plugin-syntax-numeric-separator': [ '7.10.4' ],
106 silly audit   '@babel/plugin-syntax-object-rest-spread': [ '7.8.3' ],
106 silly audit   '@babel/plugin-syntax-optional-catch-binding': [ '7.8.3' ],
106 silly audit   '@babel/plugin-syntax-optional-chaining': [ '7.8.3' ],
106 silly audit   '@babel/plugin-syntax-top-level-await': [ '7.14.5' ],
106 silly audit   '@babel/plugin-syntax-typescript': [ '7.23.3' ],
106 silly audit   '@babel/template': [ '7.22.15' ],
106 silly audit   '@babel/traverse': [ '7.23.4' ],
106 silly audit   globals: [ '11.12.0', '13.23.0' ],
106 silly audit   '@babel/types': [ '7.23.4' ],
106 silly audit   '@bcoe/v8-coverage': [ '0.2.3' ],
106 silly audit   '@eslint-community/eslint-utils': [ '4.4.0' ],
106 silly audit   '@eslint-community/regexpp': [ '4.10.0' ],
106 silly audit   '@eslint/eslintrc': [ '2.1.3' ],
106 silly audit   '@eslint/js': [ '8.54.0' ],
106 silly audit   '@humanwhocodes/config-array': [ '0.11.13' ],
106 silly audit   '@humanwhocodes/module-importer': [ '1.0.1' ],
106 silly audit   '@humanwhocodes/object-schema': [ '2.0.1' ],
106 silly audit   '@istanbuljs/load-nyc-config': [ '1.1.0' ],
106 silly audit   argparse: [ '1.0.10', '2.0.1' ],
106 silly audit   'find-up': [ '4.1.0', '5.0.0' ],
106 silly audit   'js-yaml': [ '3.14.1', '4.1.0' ],
106 silly audit   'locate-path': [ '5.0.0', '6.0.0' ],
106 silly audit   'p-limit': [ '2.3.0', '3.1.0' ],
106 silly audit   'p-locate': [ '4.1.0', '5.0.0' ],
106 silly audit   'resolve-from': [ '5.0.0', '4.0.0' ],
106 silly audit   '@istanbuljs/schema': [ '0.1.3' ],
106 silly audit   '@jest/console': [ '29.7.0' ],
106 silly audit   '@jest/core': [ '29.7.0' ],
106 silly audit   '@jest/environment': [ '29.7.0' ],
106 silly audit   '@jest/expect': [ '29.7.0' ],
106 silly audit   '@jest/expect-utils': [ '29.7.0' ],
106 silly audit   '@jest/fake-timers': [ '29.7.0' ],
106 silly audit   '@jest/globals': [ '29.7.0' ],
106 silly audit   '@jest/reporters': [ '29.7.0' ],
106 silly audit   '@jest/schemas': [ '29.6.3' ],
106 silly audit   '@jest/source-map': [ '29.6.3' ],
106 silly audit   '@jest/test-result': [ '29.7.0' ],
106 silly audit   '@jest/test-sequencer': [ '29.7.0' ],
106 silly audit   '@jest/transform': [ '29.7.0' ],
106 silly audit   '@jest/types': [ '29.6.3' ],
106 silly audit   '@jridgewell/gen-mapping': [ '0.3.3' ],
106 silly audit   '@jridgewell/resolve-uri': [ '3.1.1' ],
106 silly audit   '@jridgewell/set-array': [ '1.1.2' ],
106 silly audit   '@jridgewell/sourcemap-codec': [ '1.4.15' ],
106 silly audit   '@jridgewell/trace-mapping': [ '0.3.20' ],
106 silly audit   '@nodelib/fs.scandir': [ '2.1.5' ],
106 silly audit   '@nodelib/fs.stat': [ '2.0.5' ],
106 silly audit   '@nodelib/fs.walk': [ '1.2.8' ],
106 silly audit   '@sinclair/typebox': [ '0.27.8' ],
106 silly audit   '@sinonjs/commons': [ '3.0.0' ],
106 silly audit   '@sinonjs/fake-timers': [ '10.3.0' ],
106 silly audit   '@types/babel__core': [ '7.20.5' ],
106 silly audit   '@types/babel__generator': [ '7.6.7' ],
106 silly audit   '@types/babel__template': [ '7.4.4' ],
106 silly audit   '@types/babel__traverse': [ '7.20.4' ],
106 silly audit   '@types/graceful-fs': [ '4.1.9' ],
106 silly audit   '@types/istanbul-lib-coverage': [ '2.0.6' ],
106 silly audit   '@types/istanbul-lib-report': [ '3.0.3' ],
106 silly audit   '@types/istanbul-reports': [ '3.0.4' ],
106 silly audit   '@types/node': [ '20.10.0' ],
106 silly audit   '@types/stack-utils': [ '2.0.3' ],
106 silly audit   '@types/yargs': [ '17.0.32' ],
106 silly audit   '@types/yargs-parser': [ '21.0.3' ],
106 silly audit   '@ungap/structured-clone': [ '1.2.0' ],
106 silly audit   acorn: [ '8.11.2' ],
106 silly audit   'acorn-jsx': [ '5.3.2' ],
106 silly audit   ajv: [ '6.12.6' ],
106 silly audit   'ansi-escapes': [ '4.3.2', '5.0.0' ],
106 silly audit   'type-fest': [ '0.21.3', '1.4.0', '0.20.2' ],
106 silly audit   'ansi-regex': [ '5.0.1', '6.0.1' ],
106 silly audit   anymatch: [ '3.1.3' ],
106 silly audit   'babel-jest': [ '29.7.0' ],
106 silly audit   'babel-plugin-istanbul': [ '6.1.1' ],
106 silly audit   'istanbul-lib-instrument': [ '5.2.1', '6.0.1' ],
106 silly audit   'babel-plugin-jest-hoist': [ '29.6.3' ],
106 silly audit   'babel-preset-current-node-syntax': [ '1.0.1' ],
106 silly audit   'babel-preset-jest': [ '29.6.3' ],
106 silly audit   'balanced-match': [ '1.0.2' ],
106 silly audit   'brace-expansion': [ '1.1.11' ],
106 silly audit   braces: [ '3.0.2' ],
106 silly audit   browserslist: [ '4.22.1' ],
106 silly audit   bser: [ '2.1.1' ],
106 silly audit   'buffer-from': [ '1.1.2' ],
106 silly audit   callsites: [ '3.1.0' ],
106 silly audit   camelcase: [ '5.3.1', '6.3.0' ],
106 silly audit   'caniuse-lite': [ '1.0.30001565' ],
106 silly audit   'char-regex': [ '1.0.2' ],
106 silly audit   'ci-info': [ '3.9.0' ],
106 silly audit   'cjs-module-lexer': [ '1.2.3' ],
106 silly audit   'cli-cursor': [ '4.0.0' ],
106 silly audit   'cli-truncate': [ '3.1.0' ],
106 silly audit   'emoji-regex': [ '9.2.2', '8.0.0' ],
106 silly audit   'string-width': [ '5.1.2', '4.2.3' ],
106 silly audit   'strip-ansi': [ '7.1.0', '6.0.1' ],
106 silly audit   cliui: [ '8.0.1' ],
106 silly audit   co: [ '4.6.0' ],
106 silly audit   'collect-v8-coverage': [ '1.0.2' ],
106 silly audit   colorette: [ '2.0.20' ],
106 silly audit   commander: [ '11.1.0' ],
106 silly audit   'concat-map': [ '0.0.1' ],
106 silly audit   'confusing-browser-globals': [ '1.0.11' ],
106 silly audit   'convert-source-map': [ '2.0.0' ],
106 silly audit   'create-jest': [ '29.7.0' ],
106 silly audit   'cross-spawn': [ '7.0.3' ],
106 silly audit   debug: [ '4.3.4' ],
106 silly audit   dedent: [ '1.5.1' ],
106 silly audit   'deep-is': [ '0.1.4' ],
106 silly audit   deepmerge: [ '4.3.1' ],
106 silly audit   'detect-newline': [ '3.1.0' ],
106 silly audit   'diff-sequences': [ '29.6.3' ],
106 silly audit   doctrine: [ '3.0.0' ],
106 silly audit   eastasianwidth: [ '0.2.0' ],
106 silly audit   'electron-to-chromium': [ '1.4.595' ],
106 silly audit   emittery: [ '0.13.1' ],
106 silly audit   'error-ex': [ '1.3.2' ],
106 silly audit   escalade: [ '3.1.1' ],
106 silly audit   eslint: [ '8.54.0' ],
106 silly audit   'eslint-config-xo': [ '0.43.1' ],
106 silly audit   'eslint-scope': [ '7.2.2' ],
106 silly audit   'eslint-visitor-keys': [ '3.4.3' ],
106 silly audit   espree: [ '9.6.1' ],
106 silly audit   esprima: [ '4.0.1' ],
106 silly audit   esquery: [ '1.5.0' ],
106 silly audit   esrecurse: [ '4.3.0' ],
106 silly audit   estraverse: [ '5.3.0' ],
106 silly audit   esutils: [ '2.0.3' ],
106 silly audit   eventemitter3: [ '5.0.1' ],
106 silly audit   execa: [ '5.1.1', '8.0.1' ],
106 silly audit   exit: [ '0.1.2' ],
106 silly audit   expect: [ '29.7.0' ],
106 silly audit   'fast-deep-equal': [ '3.1.3' ],
106 silly audit   'fast-json-stable-stringify': [ '2.1.0' ],
106 silly audit   'fast-levenshtein': [ '2.0.6' ],
106 silly audit   fastq: [ '1.15.0' ],
106 silly audit   'fb-watchman': [ '2.0.2' ],
106 silly audit   'file-entry-cache': [ '6.0.1' ],
106 silly audit   'fill-range': [ '7.0.1' ],
106 silly audit   'flat-cache': [ '3.2.0' ],
106 silly audit   flatted: [ '3.2.9' ],
106 silly audit   'fs.realpath': [ '1.0.0' ],
106 silly audit   fsevents: [ '2.3.3' ],
106 silly audit   'function-bind': [ '1.1.2' ],
106 silly audit   gensync: [ '1.0.0-beta.2' ],
106 silly audit   'get-caller-file': [ '2.0.5' ],
106 silly audit   'get-package-type': [ '0.1.0' ],
106 silly audit   'get-stream': [ '6.0.1', '8.0.1' ],
106 silly audit   glob: [ '7.2.3' ],
106 silly audit   'glob-parent': [ '6.0.2' ],
106 silly audit   'graceful-fs': [ '4.2.11' ],
106 silly audit   graphemer: [ '1.4.0' ],
106 silly audit   hasown: [ '2.0.0' ],
106 silly audit   'html-escaper': [ '2.0.2' ],
106 silly audit   'human-signals': [ '2.1.0', '5.0.0' ],
106 silly audit   husky: [ '8.0.3' ],
106 silly audit   ignore: [ '5.3.0' ],
106 silly audit   'import-fresh': [ '3.3.0' ],
106 silly audit   'import-local': [ '3.1.0' ],
106 silly audit   imurmurhash: [ '0.1.4' ],
106 silly audit   inflight: [ '1.0.6' ],
106 silly audit   inherits: [ '2.0.4' ],
106 silly audit   'is-arrayish': [ '0.2.1' ],
106 silly audit   'is-core-module': [ '2.13.1' ],
106 silly audit   'is-extglob': [ '2.1.1' ],
106 silly audit   'is-fullwidth-code-point': [ '3.0.0', '4.0.0' ],
106 silly audit   'is-generator-fn': [ '2.1.0' ],
106 silly audit   'is-glob': [ '4.0.3' ],
106 silly audit   'is-number': [ '7.0.0' ],
106 silly audit   'is-path-inside': [ '3.0.3' ],
106 silly audit   'is-stream': [ '2.0.1', '3.0.0' ],
106 silly audit   isexe: [ '2.0.0' ],
106 silly audit   'istanbul-lib-coverage': [ '3.2.2' ],
106 silly audit   'lru-cache': [ '6.0.0', '5.1.1' ],
106 silly audit   semver: [ '7.5.4', '6.3.1' ],
106 silly audit   yallist: [ '4.0.0', '3.1.1' ],
106 silly audit   'istanbul-lib-report': [ '3.0.1' ],
106 silly audit   'istanbul-lib-source-maps': [ '4.0.1' ],
106 silly audit   'istanbul-reports': [ '3.1.6' ],
106 silly audit   jest: [ '29.7.0' ],
106 silly audit   'jest-changed-files': [ '29.7.0' ],
106 silly audit   'jest-circus': [ '29.7.0' ],
106 silly audit   'jest-cli': [ '29.7.0' ],
106 silly audit   'jest-config': [ '29.7.0' ],
106 silly audit   'jest-diff': [ '29.7.0' ],
106 silly audit   'jest-docblock': [ '29.7.0' ],
106 silly audit   'jest-each': [ '29.7.0' ],
106 silly audit   'jest-environment-node': [ '29.7.0' ],
106 silly audit   'jest-get-type': [ '29.6.3' ],
106 silly audit   'jest-haste-map': [ '29.7.0' ],
106 silly audit   'jest-leak-detector': [ '29.7.0' ],
106 silly audit   'jest-matcher-utils': [ '29.7.0' ],
106 silly audit   'jest-message-util': [ '29.7.0' ],
106 silly audit   'jest-mock': [ '29.7.0' ],
106 silly audit   'jest-pnp-resolver': [ '1.2.3' ],
106 silly audit   'jest-regex-util': [ '29.6.3' ],
106 silly audit   'jest-resolve': [ '29.7.0' ],
106 silly audit   'jest-resolve-dependencies': [ '29.7.0' ],
106 silly audit   'jest-runner': [ '29.7.0' ],
106 silly audit   'jest-runtime': [ '29.7.0' ],
106 silly audit   'jest-snapshot': [ '29.7.0' ],
106 silly audit   'jest-util': [ '29.7.0' ],
106 silly audit   'jest-validate': [ '29.7.0' ],
106 silly audit   'jest-watcher': [ '29.7.0' ],
106 silly audit   'jest-worker': [ '29.7.0' ],
106 silly audit   'js-tokens': [ '4.0.0' ],
106 silly audit   jsesc: [ '2.5.2' ],
106 silly audit   'json-buffer': [ '3.0.1' ],
106 silly audit   'json-parse-even-better-errors': [ '2.3.1' ],
106 silly audit   'json-schema-traverse': [ '0.4.1' ],
106 silly audit   'json-stable-stringify-without-jsonify': [ '1.0.1' ],
106 silly audit   json5: [ '2.2.3' ],
106 silly audit   keyv: [ '4.5.4' ],
106 silly audit   kleur: [ '3.0.3' ],
106 silly audit   leven: [ '3.1.0' ],
106 silly audit   levn: [ '0.4.1' ],
106 silly audit   lilconfig: [ '2.1.0' ],
106 silly audit   'lines-and-columns': [ '1.2.4' ],
106 silly audit   'lint-staged': [ '15.1.0' ],
106 silly audit   'mimic-fn': [ '4.0.0', '2.1.0' ],
106 silly audit   'npm-run-path': [ '5.1.0', '4.0.1' ],
106 silly audit   onetime: [ '6.0.0', '5.1.2' ],
106 silly audit   'path-key': [ '4.0.0', '3.1.1' ],
106 silly audit   'signal-exit': [ '4.1.0', '3.0.7' ],
106 silly audit   'strip-final-newline': [ '3.0.0', '2.0.0' ],
106 silly audit   listr2: [ '7.0.2' ],
106 silly audit   'wrap-ansi': [ '8.1.0', '7.0.0' ],
106 silly audit   'lodash.merge': [ '4.6.2' ],
106 silly audit   'log-update': [ '5.0.1' ],
106 silly audit   'make-dir': [ '4.0.0' ],
106 silly audit   makeerror: [ '1.0.12' ],
106 silly audit   'merge-stream': [ '2.0.0' ],
106 silly audit   micromatch: [ '4.0.5' ],
106 silly audit   minimatch: [ '3.1.2' ],
106 silly audit   ms: [ '2.1.2' ],
106 silly audit   'natural-compare': [ '1.4.0' ],
106 silly audit   node: [ '21.2.0' ],
106 silly audit   'node-bin-setup': [ '1.1.3' ],
106 silly audit   'node-int64': [ '0.4.0' ],
106 silly audit   'node-releases': [ '2.0.13' ],
106 silly audit   'normalize-path': [ '3.0.0' ],
106 silly audit   once: [ '1.4.0' ],
106 silly audit   optionator: [ '0.9.3' ],
106 silly audit   'p-try': [ '2.2.0' ],
106 silly audit   'parent-module': [ '1.0.1' ],
106 silly audit   'parse-json': [ '5.2.0' ],
106 silly audit   'path-exists': [ '4.0.0' ],
106 silly audit   'path-is-absolute': [ '1.0.1' ],
106 silly audit   'path-parse': [ '1.0.7' ],
106 silly audit   picocolors: [ '1.0.0' ],
106 silly audit   picomatch: [ '2.3.1' ],
106 silly audit   pidtree: [ '0.6.0' ],
106 silly audit   pirates: [ '4.0.6' ],
106 silly audit   'pkg-dir': [ '4.2.0' ],
106 silly audit   'prelude-ls': [ '1.2.1' ],
106 silly audit   'pretty-format': [ '29.7.0' ],
106 silly audit   prompts: [ '2.4.2' ],
106 silly audit   punycode: [ '2.3.1' ],
106 silly audit   'pure-rand': [ '6.0.4' ],
106 silly audit   'queue-microtask': [ '1.2.3' ],
106 silly audit   'react-is': [ '18.2.0' ],
106 silly audit   'require-directory': [ '2.1.1' ],
106 silly audit   resolve: [ '1.22.8' ],
106 silly audit   'resolve-cwd': [ '3.0.0' ],
106 silly audit   'resolve.exports': [ '2.0.2' ],
106 silly audit   'restore-cursor': [ '4.0.0' ],
106 silly audit   reusify: [ '1.0.4' ],
106 silly audit   rfdc: [ '1.3.0' ],
106 silly audit   rimraf: [ '3.0.2' ],
106 silly audit   'run-parallel': [ '1.2.0' ],
106 silly audit   'shebang-command': [ '2.0.0' ],
106 silly audit   'shebang-regex': [ '3.0.0' ],
106 silly audit   sisteransi: [ '1.0.5' ],
106 silly audit   slash: [ '3.0.0' ],
106 silly audit   'slice-ansi': [ '5.0.0' ],
106 silly audit   'source-map': [ '0.6.1' ],
106 silly audit   'source-map-support': [ '0.5.13' ],
106 silly audit   'sprintf-js': [ '1.0.3' ],
106 silly audit   stable: [ '0.1.8' ],
106 silly audit   'stack-utils': [ '2.0.6' ],
106 silly audit   'string-argv': [ '0.3.2' ],
106 silly audit   'string-length': [ '4.0.2' ],
106 silly audit   'strip-bom': [ '4.0.0' ],
106 silly audit   'strip-json-comments': [ '3.1.1' ],
106 silly audit   'supports-preserve-symlinks-flag': [ '1.0.0' ],
106 silly audit   'test-exclude': [ '6.0.0' ],
106 silly audit   'text-table': [ '0.2.0' ],
106 silly audit   tmpl: [ '1.0.5' ],
106 silly audit   'to-fast-properties': [ '2.0.0' ],
106 silly audit   'to-regex-range': [ '5.0.1' ],
106 silly audit   'type-check': [ '0.4.0' ],
106 silly audit   'type-detect': [ '4.0.8' ],
106 silly audit   'undici-types': [ '5.26.5' ],
106 silly audit   'update-browserslist-db': [ '1.0.13' ],
106 silly audit   'uri-js': [ '4.4.1' ],
106 silly audit   'v8-to-istanbul': [ '9.2.0' ],
106 silly audit   walker: [ '1.0.8' ],
106 silly audit   which: [ '2.0.2' ],
106 silly audit   wrappy: [ '1.0.2' ],
106 silly audit   'write-file-atomic': [ '4.0.2' ],
106 silly audit   y18n: [ '5.0.8' ],
106 silly audit   yaml: [ '2.3.4' ],
106 silly audit   yargs: [ '17.7.2' ],
106 silly audit   'yargs-parser': [ '21.1.1' ],
106 silly audit   'yocto-queue': [ '0.1.0' ],
106 silly audit   nvm: [ '0.0.4' ]
106 silly audit }
107 verbose reify failed optional dependency /root/wd201/todo-cli/node_modules/fsevents
108 silly reify mark deleted [ '/root/wd201/todo-cli/node_modules/fsevents' ]
109 timing reifyNode:node_modules/fsevents Completed in 8ms
110 timing reify:unpack Completed in 10ms
111 timing reify:unretire Completed in 0ms
112 timing build:queue Completed in 3ms
113 timing build:deps Completed in 4ms
114 timing build Completed in 4ms
115 timing reify:build Completed in 5ms
116 http fetch POST 200 https://registry.npmjs.org/-/npm/v1/security/advisories/bulk 778ms
117 timing auditReport:getReport Completed in 789ms
118 silly audit report {}
119 timing auditReport:init Completed in 0ms
120 timing reify:audit Completed in 793ms
121 timing reify:trash Completed in 868ms
122 timing reify:save Completed in 135ms
123 timing reify Completed in 3494ms
124 silly ADD
125 silly REMOVE node_modules/node/node_modules/node-linux-x64
126 silly REMOVE node_modules/node/node_modules/node-bin-setup
127 timing command:install Completed in 3511ms
128 verbose exit 0
129 timing npm Completed in 3865ms
130 info ok
