0 verbose cli [
0 verbose cli   '/usr/bin/node',
0 verbose cli   '/usr/bin/npm',
0 verbose cli   'install',
0 verbose cli   '--no-save',
0 verbose cli   'node-linux-x64@21.2.0'
0 verbose cli ]
1 info using npm@8.5.1
2 info using node@v12.22.9
3 timing npm:load:whichnode Completed in 1ms
4 timing config:load:defaults Completed in 3ms
5 timing config:load:file:/usr/share/nodejs/npm/npmrc Completed in 6ms
6 timing config:load:builtin Completed in 6ms
7 timing config:load:cli Completed in 3ms
8 timing config:load:env Completed in 1ms
9 timing config:load:file:/root/wd201/todo-cli/node_modules/node/.npmrc Completed in 1ms
10 timing config:load:project Completed in 9ms
11 timing config:load:file:/root/.npmrc Completed in 1ms
12 timing config:load:user Completed in 1ms
13 timing config:load:file:/etc/npmrc Completed in 1ms
14 timing config:load:global Completed in 2ms
15 timing config:load:validate Completed in 1ms
16 timing config:load:credentials Completed in 2ms
17 timing config:load:setEnvs Completed in 2ms
18 timing config:load Completed in 31ms
19 timing npm:load:configload Completed in 31ms
20 timing npm:load:setTitle Completed in 1ms
21 timing config:load:flatten Completed in 5ms
22 timing npm:load:display Completed in 7ms
23 verbose logfile /root/.npm/_logs/2023-11-29T06_13_20_765Z-debug-0.log
24 timing npm:load:logFile Completed in 8ms
25 timing npm:load:timers Completed in 0ms
26 timing npm:load:configScope Completed in 0ms
27 timing npm:load Completed in 49ms
28 timing arborist:ctor Completed in 2ms
29 silly logfile start cleaning logs, removing 1 files
30 timing arborist:ctor Completed in 1ms
31 timing idealTree:init Completed in 20ms
32 timing idealTree:userRequests Completed in 5ms
33 silly idealTree buildDeps
34 silly fetch manifest node-bin-setup@^1.0.0
35 http fetch GET 200 https://registry.npmjs.org/node-bin-setup 164ms (cache miss)
36 silly fetch manifest node-linux-x64@21.2.0
37 http fetch GET 200 https://registry.npmjs.org/node-linux-x64 197ms (cache miss)
38 silly placeDep ROOT node-bin-setup@1.1.3 OK for: node@21.2.0 want: ^1.0.0
39 silly placeDep ROOT node-linux-x64@21.2.0 OK for: node@21.2.0 want: 21.2.0
40 timing idealTree:#root Completed in 383ms
41 timing idealTree:node_modules/node-bin-setup Completed in 0ms
42 timing idealTree:node_modules/node-linux-x64 Completed in 0ms
43 timing idealTree:buildDeps Completed in 385ms
44 timing idealTree:fixDepFlags Completed in 1ms
45 timing idealTree Completed in 414ms
46 timing reify:loadTrees Completed in 415ms
47 timing reify:diffTrees Completed in 2ms
48 silly reify moves {}
49 timing reify:retireShallow Completed in 0ms
50 timing reify:createSparse Completed in 5ms
51 timing reify:loadBundles Completed in 0ms
52 silly audit bulk request { 'node-bin-setup': [ '1.1.3' ], 'node-linux-x64': [ '21.2.0' ] }
53 silly tarball no local data for node-linux-x64@https://registry.npmjs.org/node-linux-x64/-/node-linux-x64-21.2.0.tgz. Extracting by manifest.
54 timing reifyNode:node_modules/node-bin-setup Completed in 73ms
55 http fetch POST 200 https://registry.npmjs.org/-/npm/v1/security/advisories/bulk 300ms
56 timing auditReport:getReport Completed in 302ms
57 silly audit report {}
58 timing auditReport:init Completed in 0ms
59 timing reify:audit Completed in 304ms
60 http fetch GET 200 https://registry.npmjs.org/node-linux-x64/-/node-linux-x64-21.2.0.tgz 7641ms (cache miss)
61 timing reifyNode:node_modules/node-linux-x64 Completed in 7669ms
62 timing reify:unpack Completed in 7669ms
63 timing reify:unretire Completed in 0ms
64 timing build:queue Completed in 2ms
65 timing build:link:node_modules/node-linux-x64 Completed in 7ms
66 timing build:link Completed in 8ms
67 timing build:deps Completed in 11ms
68 timing build Completed in 11ms
69 timing reify:build Completed in 12ms
70 timing reify:trash Completed in 0ms
71 timing reify Completed in 8140ms
72 silly ADD node_modules/node-linux-x64
73 silly ADD node_modules/node-bin-setup
74 timing command:install Completed in 8152ms
75 verbose exit 0
76 timing npm Completed in 8527ms
77 info ok
