0 verbose cli [ '/usr/bin/node', '/usr/bin/npm', 'start', '--', '--port', '5000' ]
1 info using npm@8.5.1
2 info using node@v12.22.9
3 timing npm:load:whichnode Completed in 1ms
4 timing config:load:defaults Completed in 9ms
5 timing config:load:file:/usr/share/nodejs/npm/npmrc Completed in 8ms
6 timing config:load:builtin Completed in 9ms
7 timing config:load:cli Completed in 5ms
8 timing config:load:env Completed in 1ms
9 timing config:load:file:/root/wd201/http-server/.npmrc Completed in 1ms
10 timing config:load:project Completed in 6ms
11 timing config:load:file:/root/.npmrc Completed in 1ms
12 timing config:load:user Completed in 1ms
13 timing config:load:file:/etc/npmrc Completed in 2ms
14 timing config:load:global Completed in 3ms
15 timing config:load:validate Completed in 1ms
16 timing config:load:credentials Completed in 3ms
17 timing config:load:setEnvs Completed in 2ms
18 timing config:load Completed in 40ms
19 timing npm:load:configload Completed in 43ms
20 timing npm:load:setTitle Completed in 1ms
21 timing config:load:flatten Completed in 4ms
22 timing npm:load:display Completed in 6ms
23 verbose logfile /root/.npm/_logs/2023-11-26T13_33_28_177Z-debug-0.log
24 timing npm:load:logFile Completed in 10ms
25 timing npm:load:timers Completed in 0ms
26 timing npm:load:configScope Completed in 0ms
27 timing npm:load Completed in 62ms
28 silly logfile start cleaning logs, removing 1 files
29 timing command:run-script Completed in 6ms
30 timing command:start Completed in 14ms
31 verbose stack Error: ENOENT: no such file or directory, open '/root/wd201/http-server/package.json'
32 verbose cwd /root/wd201/http-server
33 verbose Linux 5.15.90.1-microsoft-standard-WSL2
34 verbose argv "/usr/bin/node" "/usr/bin/npm" "start" "--" "--port" "5000"
35 verbose node v12.22.9
36 verbose npm  v8.5.1
37 error code ENOENT
38 error syscall open
39 error path /root/wd201/http-server/package.json
40 error errno -2
41 error enoent ENOENT: no such file or directory, open '/root/wd201/http-server/package.json'
42 error enoent This is related to npm not being able to find a file.
42 error enoent
43 verbose exit -2
44 timing npm Completed in 427ms
45 verbose code -2
46 error A complete log of this run can be found in:
46 error     /root/.npm/_logs/2023-11-26T13_33_28_177Z-debug-0.log
