0 verbose cli /root/.nvm/versions/node/v20.10.0/bin/node /root/.nvm/versions/node/v20.10.0/bin/npm
1 info using npm@10.2.5
2 info using node@v20.10.0
3 timing npm:load:whichnode Completed in 6ms
4 timing config:load:defaults Completed in 3ms
5 timing config:load:file:/root/.nvm/versions/node/v20.10.0/lib/node_modules/npm/npmrc Completed in 6ms
6 timing config:load:builtin Completed in 6ms
7 timing config:load:cli Completed in 3ms
8 timing config:load:env Completed in 0ms
9 timing config:load:file:/root/wd201/.npmrc Completed in 0ms
10 timing config:load:project Completed in 3ms
11 timing config:load:file:/root/.npmrc Completed in 0ms
12 timing config:load:user Completed in 0ms
13 timing config:load:file:/root/.nvm/versions/node/v20.10.0/etc/npmrc Completed in 0ms
14 timing config:load:global Completed in 0ms
15 timing config:load:setEnvs Completed in 1ms
16 timing config:load Completed in 17ms
17 timing npm:load:configload Completed in 18ms
18 timing config:load:flatten Completed in 3ms
19 timing npm:load:mkdirpcache Completed in 1ms
20 timing npm:load:mkdirplogs Completed in 1ms
21 verbose title npm test
22 verbose argv "test"
23 timing npm:load:setTitle Completed in 1ms
24 timing npm:load:display Completed in 0ms
25 verbose logfile logs-max:10 dir:/root/.npm/_logs/2024-01-01T04_54_17_987Z-
26 verbose logfile /root/.npm/_logs/2024-01-01T04_54_17_987Z-debug-0.log
27 timing npm:load:logFile Completed in 11ms
28 timing npm:load:timers Completed in 0ms
29 timing npm:load:configScope Completed in 0ms
30 timing npm:load Completed in 59ms
31 timing command:run-script Completed in 5ms
32 timing command:test Completed in 11ms
33 verbose stack Error: Could not read package.json: Error: ENOENT: no such file or directory, open '/root/wd201/package.json'
34 verbose cwd /root/wd201
35 verbose Linux 5.15.133.1-microsoft-standard-WSL2
36 verbose node v20.10.0
37 verbose npm  v10.2.5
38 error code ENOENT
39 error syscall open
40 error path /root/wd201/package.json
41 error errno -2
42 error enoent Could not read package.json: Error: ENOENT: no such file or directory, open '/root/wd201/package.json'
43 error enoent This is related to npm not being able to find a file.
43 error enoent
44 verbose exit -2
45 timing npm Completed in 120ms
46 verbose code -2
47 error A complete log of this run can be found in: /root/.npm/_logs/2024-01-01T04_54_17_987Z-debug-0.log
