2023-11-25 22:53:20.657 [info] Log level: Info
2023-11-25 22:53:20.657 [info] Validating found git in: "git"
2023-11-25 22:53:20.657 [info] Using git "2.34.1" from "git"
2023-11-25 22:53:20.657 [info] > git rev-parse --show-toplevel [20ms]
2023-11-25 22:53:20.657 [info] > git rev-parse --git-dir --git-common-dir [31ms]
2023-11-25 22:53:20.657 [info] Open repository: /root
2023-11-25 22:53:20.657 [info] > git rev-parse --show-toplevel [23ms]
2023-11-25 22:53:20.657 [info] > git config --get commit.template [49ms]
2023-11-25 22:53:20.698 [info] > git for-each-ref --format=%(refname)%00%(upstream:short)%00%(objectname)%00%(upstream:track)%00%(upstream:remotename)%00%(upstream:remoteref) refs/heads/main refs/remotes/main [19ms]
2023-11-25 22:53:20.805 [info] > git status -z -uall [73ms]
2023-11-25 22:53:22.435 [info] > git check-ignore -v -z --stdin [73ms]
2023-11-25 22:53:22.439 [info] > git config --get commit.template [99ms]
2023-11-25 22:53:22.459 [info] > git for-each-ref --format=%(refname)%00%(upstream:short)%00%(objectname)%00%(upstream:track)%00%(upstream:remotename)%00%(upstream:remoteref) refs/heads/main refs/remotes/main [6ms]
2023-11-25 22:53:22.524 [info] > git status -z -uall [50ms]
2023-11-25 22:53:23.921 [info] > git show --textconv :wd201/http-server/index.js [171ms]
2023-11-25 22:53:23.922 [info] > git ls-files --stage -- /root/wd201/http-server/index.js [162ms]
2023-11-25 22:53:27.888 [info] > git config --get commit.template [4ms]
2023-11-25 22:53:27.900 [info] > git for-each-ref --format=%(refname)%00%(upstream:short)%00%(objectname)%00%(upstream:track)%00%(upstream:remotename)%00%(upstream:remoteref) refs/heads/main refs/remotes/main [1ms]
2023-11-25 22:53:27.936 [info] > git status -z -uall [27ms]
2023-11-25 22:53:33.017 [info] > git config --get commit.template [2ms]
2023-11-25 22:53:33.030 [info] > git for-each-ref --format=%(refname)%00%(upstream:short)%00%(objectname)%00%(upstream:track)%00%(upstream:remotename)%00%(upstream:remoteref) refs/heads/main refs/remotes/main [2ms]
2023-11-25 22:53:33.075 [info] > git status -z -uall [32ms]
2023-11-25 22:53:38.180 [info] > git config --get commit.template [22ms]
2023-11-25 22:53:38.180 [info] > git for-each-ref --format=%(refname)%00%(upstream:short)%00%(objectname)%00%(upstream:track)%00%(upstream:remotename)%00%(upstream:remoteref) refs/heads/main refs/remotes/main [2ms]
2023-11-25 22:53:38.242 [info] > git status -z -uall [49ms]
2023-11-25 22:53:43.303 [info] > git config --get commit.template [2ms]
2023-11-25 22:53:43.313 [info] > git for-each-ref --format=%(refname)%00%(upstream:short)%00%(objectname)%00%(upstream:track)%00%(upstream:remotename)%00%(upstream:remoteref) refs/heads/main refs/remotes/main [1ms]
2023-11-25 22:53:43.352 [info] > git status -z -uall [28ms]
2023-11-25 22:53:48.424 [info] > git config --get commit.template [4ms]
2023-11-25 22:53:48.438 [info] > git for-each-ref --format=%(refname)%00%(upstream:short)%00%(objectname)%00%(upstream:track)%00%(upstream:remotename)%00%(upstream:remoteref) refs/heads/main refs/remotes/main [1ms]
2023-11-25 22:53:48.473 [info] > git status -z -uall [25ms]
2023-11-25 22:53:53.529 [info] > git config --get commit.template [1ms]
2023-11-25 22:53:53.541 [info] > git for-each-ref --format=%(refname)%00%(upstream:short)%00%(objectname)%00%(upstream:track)%00%(upstream:remotename)%00%(upstream:remoteref) refs/heads/main refs/remotes/main [2ms]
2023-11-25 22:53:53.581 [info] > git status -z -uall [31ms]
2023-11-25 22:53:58.733 [info] > git config --get commit.template [2ms]
2023-11-25 22:53:58.757 [info] > git for-each-ref --format=%(refname)%00%(upstream:short)%00%(objectname)%00%(upstream:track)%00%(upstream:remotename)%00%(upstream:remoteref) refs/heads/main refs/remotes/main [1ms]
2023-11-25 22:53:58.796 [info] > git status -z -uall [22ms]
2023-11-25 22:54:08.104 [info] > git config --get commit.template [4ms]
2023-11-25 22:54:08.130 [info] > git for-each-ref --format=%(refname)%00%(upstream:short)%00%(objectname)%00%(upstream:track)%00%(upstream:remotename)%00%(upstream:remoteref) refs/heads/main refs/remotes/main [2ms]
2023-11-25 22:54:08.168 [info] > git status -z -uall [27ms]
2023-11-25 22:54:13.233 [info] > git config --get commit.template [5ms]
2023-11-25 22:54:13.252 [info] > git for-each-ref --format=%(refname)%00%(upstream:short)%00%(objectname)%00%(upstream:track)%00%(upstream:remotename)%00%(upstream:remoteref) refs/heads/main refs/remotes/main [4ms]
2023-11-25 22:54:13.284 [info] > git status -z -uall [23ms]
2023-11-25 22:54:18.352 [info] > git config --get commit.template [13ms]
2023-11-25 22:54:18.353 [info] > git for-each-ref --format=%(refname)%00%(upstream:short)%00%(objectname)%00%(upstream:track)%00%(upstream:remotename)%00%(upstream:remoteref) refs/heads/main refs/remotes/main [2ms]
2023-11-25 22:54:18.388 [info] > git status -z -uall [27ms]
2023-11-25 22:54:23.452 [info] > git config --get commit.template [1ms]
2023-11-25 22:54:23.464 [info] > git for-each-ref --format=%(refname)%00%(upstream:short)%00%(objectname)%00%(upstream:track)%00%(upstream:remotename)%00%(upstream:remoteref) refs/heads/main refs/remotes/main [0ms]
2023-11-25 22:54:23.508 [info] > git status -z -uall [32ms]
2023-11-25 22:54:28.574 [info] > git config --get commit.template [1ms]
2023-11-25 22:54:28.584 [info] > git for-each-ref --format=%(refname)%00%(upstream:short)%00%(objectname)%00%(upstream:track)%00%(upstream:remotename)%00%(upstream:remoteref) refs/heads/main refs/remotes/main [0ms]
2023-11-25 22:54:28.633 [info] > git status -z -uall [42ms]
2023-11-25 22:54:33.708 [info] > git config --get commit.template [1ms]
2023-11-25 22:54:33.718 [info] > git for-each-ref --format=%(refname)%00%(upstream:short)%00%(objectname)%00%(upstream:track)%00%(upstream:remotename)%00%(upstream:remoteref) refs/heads/main refs/remotes/main [1ms]
2023-11-25 22:54:33.749 [info] > git status -z -uall [24ms]
2023-11-25 22:54:38.808 [info] > git config --get commit.template [1ms]
2023-11-25 22:54:38.817 [info] > git for-each-ref --format=%(refname)%00%(upstream:short)%00%(objectname)%00%(upstream:track)%00%(upstream:remotename)%00%(upstream:remoteref) refs/heads/main refs/remotes/main [1ms]
2023-11-25 22:54:38.851 [info] > git status -z -uall [26ms]
2023-11-25 22:54:46.537 [info] > git config --get commit.template [2ms]
2023-11-25 22:54:46.547 [info] > git for-each-ref --format=%(refname)%00%(upstream:short)%00%(objectname)%00%(upstream:track)%00%(upstream:remotename)%00%(upstream:remoteref) refs/heads/main refs/remotes/main [1ms]
2023-11-25 22:54:46.577 [info] > git status -z -uall [22ms]
2023-11-25 22:54:52.588 [info] > git config --get commit.template [2ms]
2023-11-25 22:54:52.614 [info] > git for-each-ref --format=%(refname)%00%(upstream:short)%00%(objectname)%00%(upstream:track)%00%(upstream:remotename)%00%(upstream:remoteref) refs/heads/main refs/remotes/main [1ms]
2023-11-25 22:54:52.652 [info] > git status -z -uall [22ms]
2023-11-25 22:54:57.716 [info] > git config --get commit.template [11ms]
2023-11-25 22:54:57.718 [info] > git for-each-ref --format=%(refname)%00%(upstream:short)%00%(objectname)%00%(upstream:track)%00%(upstream:remotename)%00%(upstream:remoteref) refs/heads/main refs/remotes/main [3ms]
2023-11-25 22:54:57.750 [info] > git status -z -uall [22ms]
2023-11-25 22:55:02.809 [info] > git config --get commit.template [1ms]
2023-11-25 22:55:02.821 [info] > git for-each-ref --format=%(refname)%00%(upstream:short)%00%(objectname)%00%(upstream:track)%00%(upstream:remotename)%00%(upstream:remoteref) refs/heads/main refs/remotes/main [2ms]
2023-11-25 22:55:02.857 [info] > git status -z -uall [25ms]
2023-11-25 22:55:07.918 [info] > git config --get commit.template [1ms]
2023-11-25 22:55:07.927 [info] > git for-each-ref --format=%(refname)%00%(upstream:short)%00%(objectname)%00%(upstream:track)%00%(upstream:remotename)%00%(upstream:remoteref) refs/heads/main refs/remotes/main [1ms]
2023-11-25 22:55:07.960 [info] > git status -z -uall [24ms]
2023-11-25 22:55:14.647 [info] > git config --get commit.template [3ms]
2023-11-25 22:55:14.661 [info] > git for-each-ref --format=%(refname)%00%(upstream:short)%00%(objectname)%00%(upstream:track)%00%(upstream:remotename)%00%(upstream:remoteref) refs/heads/main refs/remotes/main [1ms]
2023-11-25 22:55:14.692 [info] > git status -z -uall [22ms]
2023-11-25 22:55:22.489 [info] > git config --get commit.template [1ms]
2023-11-25 22:55:22.502 [info] > git for-each-ref --format=%(refname)%00%(upstream:short)%00%(objectname)%00%(upstream:track)%00%(upstream:remotename)%00%(upstream:remoteref) refs/heads/main refs/remotes/main [1ms]
2023-11-25 22:55:22.538 [info] > git status -z -uall [25ms]
2023-11-25 22:55:27.596 [info] > git config --get commit.template [2ms]
2023-11-25 22:55:27.609 [info] > git for-each-ref --format=%(refname)%00%(upstream:short)%00%(objectname)%00%(upstream:track)%00%(upstream:remotename)%00%(upstream:remoteref) refs/heads/main refs/remotes/main [2ms]
2023-11-25 22:55:27.649 [info] > git status -z -uall [28ms]
2023-11-25 22:55:32.703 [info] > git config --get commit.template [2ms]
2023-11-25 22:55:32.715 [info] > git for-each-ref --format=%(refname)%00%(upstream:short)%00%(objectname)%00%(upstream:track)%00%(upstream:remotename)%00%(upstream:remoteref) refs/heads/main refs/remotes/main [2ms]
2023-11-25 22:55:32.754 [info] > git status -z -uall [28ms]
2023-11-25 22:55:37.813 [info] > git config --get commit.template [1ms]
2023-11-25 22:55:37.823 [info] > git for-each-ref --format=%(refname)%00%(upstream:short)%00%(objectname)%00%(upstream:track)%00%(upstream:remotename)%00%(upstream:remoteref) refs/heads/main refs/remotes/main [1ms]
2023-11-25 22:55:37.854 [info] > git status -z -uall [23ms]
2023-11-25 22:55:42.908 [info] > git config --get commit.template [2ms]
2023-11-25 22:55:42.919 [info] > git for-each-ref --format=%(refname)%00%(upstream:short)%00%(objectname)%00%(upstream:track)%00%(upstream:remotename)%00%(upstream:remoteref) refs/heads/main refs/remotes/main [0ms]
2023-11-25 22:55:42.952 [info] > git status -z -uall [25ms]
2023-11-25 22:55:48.032 [info] > git config --get commit.template [18ms]
2023-11-25 22:55:48.032 [info] > git for-each-ref --format=%(refname)%00%(upstream:short)%00%(objectname)%00%(upstream:track)%00%(upstream:remotename)%00%(upstream:remoteref) refs/heads/main refs/remotes/main [2ms]
2023-11-25 22:55:48.090 [info] > git status -z -uall [34ms]
2023-11-25 22:56:06.935 [info] > git config --get commit.template [15ms]
2023-11-25 22:56:06.936 [info] > git for-each-ref --format=%(refname)%00%(upstream:short)%00%(objectname)%00%(upstream:track)%00%(upstream:remotename)%00%(upstream:remoteref) refs/heads/main refs/remotes/main [2ms]
2023-11-25 22:56:06.986 [info] > git status -z -uall [41ms]
2023-11-25 22:56:12.060 [info] > git config --get commit.template [1ms]
2023-11-25 22:56:12.075 [info] > git for-each-ref --format=%(refname)%00%(upstream:short)%00%(objectname)%00%(upstream:track)%00%(upstream:remotename)%00%(upstream:remoteref) refs/heads/main refs/remotes/main [1ms]
2023-11-25 22:56:12.118 [info] > git status -z -uall [31ms]
2023-11-25 22:56:20.664 [info] > git config --get commit.template [2ms]
2023-11-25 22:56:20.675 [info] > git for-each-ref --format=%(refname)%00%(upstream:short)%00%(objectname)%00%(upstream:track)%00%(upstream:remotename)%00%(upstream:remoteref) refs/heads/main refs/remotes/main [1ms]
2023-11-25 22:56:20.709 [info] > git status -z -uall [25ms]
2023-11-25 22:56:25.790 [info] > git config --get commit.template [2ms]
2023-11-25 22:56:25.800 [info] > git for-each-ref --format=%(refname)%00%(upstream:short)%00%(objectname)%00%(upstream:track)%00%(upstream:remotename)%00%(upstream:remoteref) refs/heads/main refs/remotes/main [1ms]
2023-11-25 22:56:25.836 [info] > git status -z -uall [27ms]
2023-11-25 22:56:34.329 [info] > git config --get commit.template [13ms]
2023-11-25 22:56:34.330 [info] > git for-each-ref --format=%(refname)%00%(upstream:short)%00%(objectname)%00%(upstream:track)%00%(upstream:remotename)%00%(upstream:remoteref) refs/heads/main refs/remotes/main [1ms]
2023-11-25 22:56:34.366 [info] > git status -z -uall [25ms]
2023-11-25 22:56:39.428 [info] > git config --get commit.template [1ms]
2023-11-25 22:56:39.438 [info] > git for-each-ref --format=%(refname)%00%(upstream:short)%00%(objectname)%00%(upstream:track)%00%(upstream:remotename)%00%(upstream:remoteref) refs/heads/main refs/remotes/main [1ms]
2023-11-25 22:56:39.472 [info] > git status -z -uall [25ms]
2023-11-25 22:56:44.540 [info] > git config --get commit.template [1ms]
2023-11-25 22:56:44.552 [info] > git for-each-ref --format=%(refname)%00%(upstream:short)%00%(objectname)%00%(upstream:track)%00%(upstream:remotename)%00%(upstream:remoteref) refs/heads/main refs/remotes/main [1ms]
2023-11-25 22:56:44.583 [info] > git status -z -uall [23ms]
2023-11-25 22:56:49.643 [info] > git config --get commit.template [2ms]
2023-11-25 22:56:49.653 [info] > git for-each-ref --format=%(refname)%00%(upstream:short)%00%(objectname)%00%(upstream:track)%00%(upstream:remotename)%00%(upstream:remoteref) refs/heads/main refs/remotes/main [1ms]
2023-11-25 22:56:49.686 [info] > git status -z -uall [25ms]
2023-11-25 22:56:54.743 [info] > git config --get commit.template [1ms]
2023-11-25 22:56:54.754 [info] > git for-each-ref --format=%(refname)%00%(upstream:short)%00%(objectname)%00%(upstream:track)%00%(upstream:remotename)%00%(upstream:remoteref) refs/heads/main refs/remotes/main [1ms]
2023-11-25 22:56:54.787 [info] > git status -z -uall [24ms]
2023-11-25 22:56:59.850 [info] > git config --get commit.template [1ms]
2023-11-25 22:56:59.861 [info] > git for-each-ref --format=%(refname)%00%(upstream:short)%00%(objectname)%00%(upstream:track)%00%(upstream:remotename)%00%(upstream:remoteref) refs/heads/main refs/remotes/main [1ms]
2023-11-25 22:56:59.893 [info] > git status -z -uall [23ms]
2023-11-25 22:57:04.949 [info] > git config --get commit.template [2ms]
2023-11-25 22:57:04.959 [info] > git for-each-ref --format=%(refname)%00%(upstream:short)%00%(objectname)%00%(upstream:track)%00%(upstream:remotename)%00%(upstream:remoteref) refs/heads/main refs/remotes/main [1ms]
2023-11-25 22:57:04.993 [info] > git status -z -uall [24ms]
2023-11-25 22:57:10.057 [info] > git config --get commit.template [1ms]
2023-11-25 22:57:10.070 [info] > git for-each-ref --format=%(refname)%00%(upstream:short)%00%(objectname)%00%(upstream:track)%00%(upstream:remotename)%00%(upstream:remoteref) refs/heads/main refs/remotes/main [1ms]
2023-11-25 22:57:10.103 [info] > git status -z -uall [24ms]
2023-11-25 22:57:15.172 [info] > git config --get commit.template [10ms]
2023-11-25 22:57:15.173 [info] > git for-each-ref --format=%(refname)%00%(upstream:short)%00%(objectname)%00%(upstream:track)%00%(upstream:remotename)%00%(upstream:remoteref) refs/heads/main refs/remotes/main [1ms]
2023-11-25 22:57:15.213 [info] > git status -z -uall [31ms]
2023-11-25 22:57:20.274 [info] > git config --get commit.template [1ms]
2023-11-25 22:57:20.286 [info] > git for-each-ref --format=%(refname)%00%(upstream:short)%00%(objectname)%00%(upstream:track)%00%(upstream:remotename)%00%(upstream:remoteref) refs/heads/main refs/remotes/main [1ms]
2023-11-25 22:57:20.320 [info] > git status -z -uall [25ms]
2023-11-25 22:57:25.386 [info] > git config --get commit.template [1ms]
2023-11-25 22:57:25.405 [info] > git for-each-ref --format=%(refname)%00%(upstream:short)%00%(objectname)%00%(upstream:track)%00%(upstream:remotename)%00%(upstream:remoteref) refs/heads/main refs/remotes/main [1ms]
2023-11-25 22:57:25.447 [info] > git status -z -uall [27ms]
2023-11-25 22:57:30.524 [info] > git config --get commit.template [2ms]
2023-11-25 22:57:30.543 [info] > git for-each-ref --format=%(refname)%00%(upstream:short)%00%(objectname)%00%(upstream:track)%00%(upstream:remotename)%00%(upstream:remoteref) refs/heads/main refs/remotes/main [2ms]
2023-11-25 22:57:30.599 [info] > git status -z -uall [29ms]
2023-11-25 22:57:55.056 [info] > git config --get commit.template [11ms]
2023-11-25 22:57:55.057 [info] > git for-each-ref --format=%(refname)%00%(upstream:short)%00%(objectname)%00%(upstream:track)%00%(upstream:remotename)%00%(upstream:remoteref) refs/heads/main refs/remotes/main [1ms]
2023-11-25 22:57:55.097 [info] > git status -z -uall [29ms]
2023-11-25 22:58:00.175 [info] > git config --get commit.template [1ms]
2023-11-25 22:58:00.185 [info] > git for-each-ref --format=%(refname)%00%(upstream:short)%00%(objectname)%00%(upstream:track)%00%(upstream:remotename)%00%(upstream:remoteref) refs/heads/main refs/remotes/main [1ms]
2023-11-25 22:58:00.222 [info] > git status -z -uall [27ms]
2023-11-25 22:58:04.605 [info] > git show --textconv :wd201/http-server/home.html [10ms]
2023-11-25 22:58:04.605 [info] > git ls-files --stage -- /root/wd201/http-server/home.html [1ms]
2023-11-25 22:58:04.858 [info] > git check-ignore -v -z --stdin [15ms]
2023-11-25 22:58:05.289 [info] > git config --get commit.template [2ms]
2023-11-25 22:58:05.301 [info] > git for-each-ref --format=%(refname)%00%(upstream:short)%00%(objectname)%00%(upstream:track)%00%(upstream:remotename)%00%(upstream:remoteref) refs/heads/main refs/remotes/main [2ms]
2023-11-25 22:58:05.338 [info] > git status -z -uall [26ms]
2023-11-25 22:58:10.404 [info] > git config --get commit.template [2ms]
2023-11-25 22:58:10.414 [info] > git for-each-ref --format=%(refname)%00%(upstream:short)%00%(objectname)%00%(upstream:track)%00%(upstream:remotename)%00%(upstream:remoteref) refs/heads/main refs/remotes/main [1ms]
2023-11-25 22:58:10.446 [info] > git status -z -uall [23ms]
2023-11-25 22:58:13.605 [info] > git show --textconv :wd201/http-server/project.html [21ms]
2023-11-25 22:58:13.607 [info] > git ls-files --stage -- /root/wd201/http-server/project.html [4ms]
2023-11-25 22:58:13.854 [info] > git check-ignore -v -z --stdin [1ms]
2023-11-25 22:58:17.473 [info] > git config --get commit.template [2ms]
2023-11-25 22:58:17.486 [info] > git for-each-ref --format=%(refname)%00%(upstream:short)%00%(objectname)%00%(upstream:track)%00%(upstream:remotename)%00%(upstream:remoteref) refs/heads/main refs/remotes/main [1ms]
2023-11-25 22:58:17.523 [info] > git status -z -uall [27ms]
2023-11-25 22:58:54.140 [info] > git config --get commit.template [1ms]
2023-11-25 22:58:54.150 [info] > git for-each-ref --format=%(refname)%00%(upstream:short)%00%(objectname)%00%(upstream:track)%00%(upstream:remotename)%00%(upstream:remoteref) refs/heads/main refs/remotes/main [1ms]
2023-11-25 22:58:54.191 [info] > git status -z -uall [32ms]
2023-11-25 22:58:56.838 [info] > git show --textconv :wd201/http-server/index.js [10ms]
2023-11-25 22:58:56.839 [info] > git ls-files --stage -- /root/wd201/http-server/index.js [2ms]
2023-11-25 22:58:59.258 [info] > git config --get commit.template [1ms]
2023-11-25 22:58:59.267 [info] > git for-each-ref --format=%(refname)%00%(upstream:short)%00%(objectname)%00%(upstream:track)%00%(upstream:remotename)%00%(upstream:remoteref) refs/heads/main refs/remotes/main [1ms]
2023-11-25 22:58:59.298 [info] > git status -z -uall [23ms]
2023-11-25 22:59:04.617 [info] > git config --get commit.template [20ms]
2023-11-25 22:59:04.619 [info] > git for-each-ref --format=%(refname)%00%(upstream:short)%00%(objectname)%00%(upstream:track)%00%(upstream:remotename)%00%(upstream:remoteref) refs/heads/main refs/remotes/main [3ms]
2023-11-25 22:59:04.665 [info] > git status -z -uall [29ms]
2023-11-25 22:59:09.730 [info] > git config --get commit.template [1ms]
2023-11-25 22:59:09.741 [info] > git for-each-ref --format=%(refname)%00%(upstream:short)%00%(objectname)%00%(upstream:track)%00%(upstream:remotename)%00%(upstream:remoteref) refs/heads/main refs/remotes/main [0ms]
2023-11-25 22:59:09.773 [info] > git status -z -uall [24ms]
2023-11-25 22:59:14.828 [info] > git config --get commit.template [1ms]
2023-11-25 22:59:14.838 [info] > git for-each-ref --format=%(refname)%00%(upstream:short)%00%(objectname)%00%(upstream:track)%00%(upstream:remotename)%00%(upstream:remoteref) refs/heads/main refs/remotes/main [1ms]
2023-11-25 22:59:14.869 [info] > git status -z -uall [22ms]
2023-11-25 22:59:24.570 [info] > git config --get commit.template [15ms]
2023-11-25 22:59:24.572 [info] > git for-each-ref --format=%(refname)%00%(upstream:short)%00%(objectname)%00%(upstream:track)%00%(upstream:remotename)%00%(upstream:remoteref) refs/heads/main refs/remotes/main [2ms]
2023-11-25 22:59:24.614 [info] > git status -z -uall [25ms]
2023-11-25 22:59:29.673 [info] > git config --get commit.template [2ms]
2023-11-25 22:59:29.685 [info] > git for-each-ref --format=%(refname)%00%(upstream:short)%00%(objectname)%00%(upstream:track)%00%(upstream:remotename)%00%(upstream:remoteref) refs/heads/main refs/remotes/main [1ms]
2023-11-25 22:59:29.718 [info] > git status -z -uall [24ms]
2023-11-25 22:59:34.780 [info] > git config --get commit.template [1ms]
2023-11-25 22:59:34.793 [info] > git for-each-ref --format=%(refname)%00%(upstream:short)%00%(objectname)%00%(upstream:track)%00%(upstream:remotename)%00%(upstream:remoteref) refs/heads/main refs/remotes/main [2ms]
2023-11-25 22:59:34.830 [info] > git status -z -uall [26ms]
2023-11-25 22:59:40.503 [info] > git config --get commit.template [1ms]
2023-11-25 22:59:40.514 [info] > git for-each-ref --format=%(refname)%00%(upstream:short)%00%(objectname)%00%(upstream:track)%00%(upstream:remotename)%00%(upstream:remoteref) refs/heads/main refs/remotes/main [2ms]
2023-11-25 22:59:40.548 [info] > git status -z -uall [24ms]
2023-11-25 22:59:45.616 [info] > git config --get commit.template [10ms]
2023-11-25 22:59:45.617 [info] > git for-each-ref --format=%(refname)%00%(upstream:short)%00%(objectname)%00%(upstream:track)%00%(upstream:remotename)%00%(upstream:remoteref) refs/heads/main refs/remotes/main [2ms]
2023-11-25 22:59:45.657 [info] > git status -z -uall [30ms]
2023-11-25 22:59:50.718 [info] > git config --get commit.template [1ms]
2023-11-25 22:59:50.729 [info] > git for-each-ref --format=%(refname)%00%(upstream:short)%00%(objectname)%00%(upstream:track)%00%(upstream:remotename)%00%(upstream:remoteref) refs/heads/main refs/remotes/main [1ms]
2023-11-25 22:59:50.762 [info] > git status -z -uall [24ms]
2023-11-25 23:00:03.510 [info] > git config --get commit.template [1ms]
2023-11-25 23:00:03.521 [info] > git for-each-ref --format=%(refname)%00%(upstream:short)%00%(objectname)%00%(upstream:track)%00%(upstream:remotename)%00%(upstream:remoteref) refs/heads/main refs/remotes/main [1ms]
2023-11-25 23:00:03.553 [info] > git status -z -uall [23ms]
2023-11-25 23:00:08.611 [info] > git config --get commit.template [2ms]
2023-11-25 23:00:08.621 [info] > git for-each-ref --format=%(refname)%00%(upstream:short)%00%(objectname)%00%(upstream:track)%00%(upstream:remotename)%00%(upstream:remoteref) refs/heads/main refs/remotes/main [1ms]
2023-11-25 23:00:08.655 [info] > git status -z -uall [25ms]
2023-11-25 23:00:13.713 [info] > git config --get commit.template [2ms]
2023-11-25 23:00:13.723 [info] > git for-each-ref --format=%(refname)%00%(upstream:short)%00%(objectname)%00%(upstream:track)%00%(upstream:remotename)%00%(upstream:remoteref) refs/heads/main refs/remotes/main [1ms]
2023-11-25 23:00:13.757 [info] > git status -z -uall [24ms]
2023-11-25 23:00:18.822 [info] > git config --get commit.template [1ms]
2023-11-25 23:00:18.834 [info] > git for-each-ref --format=%(refname)%00%(upstream:short)%00%(objectname)%00%(upstream:track)%00%(upstream:remotename)%00%(upstream:remoteref) refs/heads/main refs/remotes/main [1ms]
2023-11-25 23:00:18.870 [info] > git status -z -uall [26ms]
2023-11-25 23:00:23.934 [info] > git config --get commit.template [1ms]
2023-11-25 23:00:23.946 [info] > git for-each-ref --format=%(refname)%00%(upstream:short)%00%(objectname)%00%(upstream:track)%00%(upstream:remotename)%00%(upstream:remoteref) refs/heads/main refs/remotes/main [1ms]
2023-11-25 23:00:23.980 [info] > git status -z -uall [24ms]
2023-11-25 23:00:29.047 [info] > git config --get commit.template [1ms]
2023-11-25 23:00:29.059 [info] > git for-each-ref --format=%(refname)%00%(upstream:short)%00%(objectname)%00%(upstream:track)%00%(upstream:remotename)%00%(upstream:remoteref) refs/heads/main refs/remotes/main [1ms]
2023-11-25 23:00:29.091 [info] > git status -z -uall [23ms]
2023-11-25 23:00:34.147 [info] > git config --get commit.template [1ms]
2023-11-25 23:00:34.158 [info] > git for-each-ref --format=%(refname)%00%(upstream:short)%00%(objectname)%00%(upstream:track)%00%(upstream:remotename)%00%(upstream:remoteref) refs/heads/main refs/remotes/main [1ms]
2023-11-25 23:00:34.194 [info] > git status -z -uall [26ms]
2023-11-25 23:00:39.639 [info] > git config --get commit.template [2ms]
2023-11-25 23:00:39.652 [info] > git for-each-ref --format=%(refname)%00%(upstream:short)%00%(objectname)%00%(upstream:track)%00%(upstream:remotename)%00%(upstream:remoteref) refs/heads/main refs/remotes/main [1ms]
2023-11-25 23:00:39.691 [info] > git status -z -uall [28ms]
2023-11-25 23:00:44.747 [info] > git config --get commit.template [2ms]
2023-11-25 23:00:44.758 [info] > git for-each-ref --format=%(refname)%00%(upstream:short)%00%(objectname)%00%(upstream:track)%00%(upstream:remotename)%00%(upstream:remoteref) refs/heads/main refs/remotes/main [1ms]
2023-11-25 23:00:44.789 [info] > git status -z -uall [22ms]
2023-11-25 23:00:49.853 [info] > git config --get commit.template [1ms]
2023-11-25 23:00:49.864 [info] > git for-each-ref --format=%(refname)%00%(upstream:short)%00%(objectname)%00%(upstream:track)%00%(upstream:remotename)%00%(upstream:remoteref) refs/heads/main refs/remotes/main [1ms]
2023-11-25 23:00:49.896 [info] > git status -z -uall [22ms]
2023-11-25 23:03:22.012 [info] > git config --get commit.template [4ms]
2023-11-25 23:03:22.034 [info] > git for-each-ref --format=%(refname)%00%(upstream:short)%00%(objectname)%00%(upstream:track)%00%(upstream:remotename)%00%(upstream:remoteref) refs/heads/main refs/remotes/main [2ms]
2023-11-25 23:03:22.109 [info] > git status -z -uall [56ms]
2023-11-26 10:24:38.418 [info] > git config --get commit.template [25ms]
2023-11-26 10:24:38.419 [info] > git for-each-ref --format=%(refname)%00%(upstream:short)%00%(objectname)%00%(upstream:track)%00%(upstream:remotename)%00%(upstream:remoteref) refs/heads/main refs/remotes/main [6ms]
2023-11-26 10:24:38.572 [info] > git status -z -uall [118ms]
2023-11-26 10:24:43.775 [info] > git config --get commit.template [18ms]
2023-11-26 10:24:43.776 [info] > git for-each-ref --format=%(refname)%00%(upstream:short)%00%(objectname)%00%(upstream:track)%00%(upstream:remotename)%00%(upstream:remoteref) refs/heads/main refs/remotes/main [2ms]
2023-11-26 10:24:43.839 [info] > git status -z -uall [48ms]
2023-11-26 10:24:48.937 [info] > git config --get commit.template [3ms]
2023-11-26 10:24:48.956 [info] > git for-each-ref --format=%(refname)%00%(upstream:short)%00%(objectname)%00%(upstream:track)%00%(upstream:remotename)%00%(upstream:remoteref) refs/heads/main refs/remotes/main [1ms]
2023-11-26 10:24:49.012 [info] > git status -z -uall [42ms]
2023-11-26 10:24:54.116 [info] > git config --get commit.template [1ms]
2023-11-26 10:24:54.133 [info] > git for-each-ref --format=%(refname)%00%(upstream:short)%00%(objectname)%00%(upstream:track)%00%(upstream:remotename)%00%(upstream:remoteref) refs/heads/main refs/remotes/main [1ms]
2023-11-26 10:24:54.193 [info] > git status -z -uall [44ms]
2023-11-26 10:24:59.305 [info] > git config --get commit.template [20ms]
2023-11-26 10:24:59.306 [info] > git for-each-ref --format=%(refname)%00%(upstream:short)%00%(objectname)%00%(upstream:track)%00%(upstream:remotename)%00%(upstream:remoteref) refs/heads/main refs/remotes/main [3ms]
2023-11-26 10:24:59.365 [info] > git status -z -uall [42ms]
2023-11-26 10:25:04.312 [info] > git show --textconv :wd201/http-server/package.json [23ms]
2023-11-26 10:25:04.317 [info] > git ls-files --stage -- /root/wd201/http-server/package.json [8ms]
2023-11-26 10:25:10.320 [info] > git config --get commit.template [3ms]
2023-11-26 10:25:10.333 [info] > git for-each-ref --format=%(refname)%00%(upstream:short)%00%(objectname)%00%(upstream:track)%00%(upstream:remotename)%00%(upstream:remoteref) refs/heads/main refs/remotes/main [1ms]
2023-11-26 10:25:10.370 [info] > git status -z -uall [27ms]
2023-11-26 10:25:15.432 [info] > git config --get commit.template [2ms]
2023-11-26 10:25:15.442 [info] > git for-each-ref --format=%(refname)%00%(upstream:short)%00%(objectname)%00%(upstream:track)%00%(upstream:remotename)%00%(upstream:remoteref) refs/heads/main refs/remotes/main [1ms]
2023-11-26 10:25:15.481 [info] > git status -z -uall [28ms]
2023-11-26 10:25:20.545 [info] > git config --get commit.template [2ms]
2023-11-26 10:25:20.564 [info] > git for-each-ref --format=%(refname)%00%(upstream:short)%00%(objectname)%00%(upstream:track)%00%(upstream:remotename)%00%(upstream:remoteref) refs/heads/main refs/remotes/main [1ms]
2023-11-26 10:25:20.627 [info] > git status -z -uall [48ms]
2023-11-26 10:25:26.563 [info] > git config --get commit.template [3ms]
2023-11-26 10:25:26.587 [info] > git for-each-ref --format=%(refname)%00%(upstream:short)%00%(objectname)%00%(upstream:track)%00%(upstream:remotename)%00%(upstream:remoteref) refs/heads/main refs/remotes/main [1ms]
2023-11-26 10:25:26.650 [info] > git status -z -uall [43ms]
2023-11-26 10:25:27.948 [info] > git show --textconv :wd201/http-server/index.js [28ms]
2023-11-26 10:25:27.949 [info] > git ls-files --stage -- /root/wd201/http-server/index.js [5ms]
2023-11-26 10:25:31.826 [info] > git config --get commit.template [3ms]
2023-11-26 10:25:31.854 [info] > git for-each-ref --format=%(refname)%00%(upstream:short)%00%(objectname)%00%(upstream:track)%00%(upstream:remotename)%00%(upstream:remoteref) refs/heads/main refs/remotes/main [4ms]
2023-11-26 10:25:31.920 [info] > git status -z -uall [43ms]
2023-11-26 10:25:33.237 [info] > git show --textconv :wd201/http-server/home.html [26ms]
2023-11-26 10:25:33.239 [info] > git ls-files --stage -- /root/wd201/http-server/home.html [4ms]
2023-11-26 10:25:37.023 [info] > git config --get commit.template [2ms]
2023-11-26 10:25:37.045 [info] > git for-each-ref --format=%(refname)%00%(upstream:short)%00%(objectname)%00%(upstream:track)%00%(upstream:remotename)%00%(upstream:remoteref) refs/heads/main refs/remotes/main [2ms]
2023-11-26 10:25:37.109 [info] > git status -z -uall [43ms]
2023-11-26 10:25:44.016 [info] > git config --get commit.template [2ms]
2023-11-26 10:25:44.034 [info] > git for-each-ref --format=%(refname)%00%(upstream:short)%00%(objectname)%00%(upstream:track)%00%(upstream:remotename)%00%(upstream:remoteref) refs/heads/main refs/remotes/main [2ms]
2023-11-26 10:25:44.092 [info] > git status -z -uall [41ms]
2023-11-26 10:25:49.192 [info] > git config --get commit.template [1ms]
2023-11-26 10:25:49.215 [info] > git for-each-ref --format=%(refname)%00%(upstream:short)%00%(objectname)%00%(upstream:track)%00%(upstream:remotename)%00%(upstream:remoteref) refs/heads/main refs/remotes/main [2ms]
2023-11-26 10:25:49.273 [info] > git status -z -uall [41ms]
2023-11-26 10:25:54.368 [info] > git config --get commit.template [3ms]
2023-11-26 10:25:54.386 [info] > git for-each-ref --format=%(refname)%00%(upstream:short)%00%(objectname)%00%(upstream:track)%00%(upstream:remotename)%00%(upstream:remoteref) refs/heads/main refs/remotes/main [2ms]
2023-11-26 10:25:54.442 [info] > git status -z -uall [39ms]
2023-11-26 10:25:59.544 [info] > git config --get commit.template [2ms]
2023-11-26 10:25:59.562 [info] > git for-each-ref --format=%(refname)%00%(upstream:short)%00%(objectname)%00%(upstream:track)%00%(upstream:remotename)%00%(upstream:remoteref) refs/heads/main refs/remotes/main [1ms]
2023-11-26 10:25:59.617 [info] > git status -z -uall [38ms]
2023-11-26 10:26:04.713 [info] > git config --get commit.template [2ms]
2023-11-26 10:26:04.735 [info] > git for-each-ref --format=%(refname)%00%(upstream:short)%00%(objectname)%00%(upstream:track)%00%(upstream:remotename)%00%(upstream:remoteref) refs/heads/main refs/remotes/main [1ms]
2023-11-26 10:26:04.794 [info] > git status -z -uall [41ms]
2023-11-26 10:26:09.893 [info] > git config --get commit.template [2ms]
2023-11-26 10:26:09.911 [info] > git for-each-ref --format=%(refname)%00%(upstream:short)%00%(objectname)%00%(upstream:track)%00%(upstream:remotename)%00%(upstream:remoteref) refs/heads/main refs/remotes/main [2ms]
2023-11-26 10:26:09.970 [info] > git status -z -uall [42ms]
2023-11-26 10:26:15.118 [info] > git config --get commit.template [4ms]
2023-11-26 10:26:15.135 [info] > git for-each-ref --format=%(refname)%00%(upstream:short)%00%(objectname)%00%(upstream:track)%00%(upstream:remotename)%00%(upstream:remoteref) refs/heads/main refs/remotes/main [1ms]
2023-11-26 10:26:15.193 [info] > git status -z -uall [42ms]
2023-11-26 10:26:20.308 [info] > git config --get commit.template [3ms]
2023-11-26 10:26:20.326 [info] > git for-each-ref --format=%(refname)%00%(upstream:short)%00%(objectname)%00%(upstream:track)%00%(upstream:remotename)%00%(upstream:remoteref) refs/heads/main refs/remotes/main [2ms]
2023-11-26 10:26:20.383 [info] > git status -z -uall [41ms]
2023-11-26 10:26:25.503 [info] > git config --get commit.template [18ms]
2023-11-26 10:26:25.503 [info] > git for-each-ref --format=%(refname)%00%(upstream:short)%00%(objectname)%00%(upstream:track)%00%(upstream:remotename)%00%(upstream:remoteref) refs/heads/main refs/remotes/main [2ms]
2023-11-26 10:26:25.561 [info] > git status -z -uall [42ms]
2023-11-26 10:26:30.674 [info] > git config --get commit.template [20ms]
2023-11-26 10:26:30.675 [info] > git for-each-ref --format=%(refname)%00%(upstream:short)%00%(objectname)%00%(upstream:track)%00%(upstream:remotename)%00%(upstream:remoteref) refs/heads/main refs/remotes/main [2ms]
2023-11-26 10:26:30.733 [info] > git status -z -uall [42ms]
2023-11-26 10:26:35.856 [info] > git config --get commit.template [18ms]
2023-11-26 10:26:35.858 [info] > git for-each-ref --format=%(refname)%00%(upstream:short)%00%(objectname)%00%(upstream:track)%00%(upstream:remotename)%00%(upstream:remoteref) refs/heads/main refs/remotes/main [4ms]
2023-11-26 10:26:35.922 [info] > git status -z -uall [42ms]
2023-11-26 10:26:41.017 [info] > git config --get commit.template [2ms]
2023-11-26 10:26:41.036 [info] > git for-each-ref --format=%(refname)%00%(upstream:short)%00%(objectname)%00%(upstream:track)%00%(upstream:remotename)%00%(upstream:remoteref) refs/heads/main refs/remotes/main [3ms]
2023-11-26 10:26:41.093 [info] > git status -z -uall [41ms]
2023-11-26 10:26:46.191 [info] > git config --get commit.template [2ms]
2023-11-26 10:26:46.211 [info] > git for-each-ref --format=%(refname)%00%(upstream:short)%00%(objectname)%00%(upstream:track)%00%(upstream:remotename)%00%(upstream:remoteref) refs/heads/main refs/remotes/main [1ms]
2023-11-26 10:26:46.272 [info] > git status -z -uall [43ms]
2023-11-26 10:26:51.373 [info] > git config --get commit.template [1ms]
2023-11-26 10:26:51.390 [info] > git for-each-ref --format=%(refname)%00%(upstream:short)%00%(objectname)%00%(upstream:track)%00%(upstream:remotename)%00%(upstream:remoteref) refs/heads/main refs/remotes/main [2ms]
2023-11-26 10:26:51.444 [info] > git status -z -uall [38ms]
2023-11-26 10:26:56.556 [info] > git config --get commit.template [19ms]
2023-11-26 10:26:56.557 [info] > git for-each-ref --format=%(refname)%00%(upstream:short)%00%(objectname)%00%(upstream:track)%00%(upstream:remotename)%00%(upstream:remoteref) refs/heads/main refs/remotes/main [2ms]
2023-11-26 10:26:56.612 [info] > git status -z -uall [39ms]
2023-11-26 10:27:01.710 [info] > git config --get commit.template [2ms]
2023-11-26 10:27:01.739 [info] > git for-each-ref --format=%(refname)%00%(upstream:short)%00%(objectname)%00%(upstream:track)%00%(upstream:remotename)%00%(upstream:remoteref) refs/heads/main refs/remotes/main [7ms]
2023-11-26 10:27:01.800 [info] > git status -z -uall [41ms]
2023-11-26 10:27:06.905 [info] > git config --get commit.template [2ms]
2023-11-26 10:27:06.923 [info] > git for-each-ref --format=%(refname)%00%(upstream:short)%00%(objectname)%00%(upstream:track)%00%(upstream:remotename)%00%(upstream:remoteref) refs/heads/main refs/remotes/main [1ms]
2023-11-26 10:27:06.979 [info] > git status -z -uall [39ms]
2023-11-26 10:27:12.079 [info] > git config --get commit.template [2ms]
2023-11-26 10:27:12.099 [info] > git for-each-ref --format=%(refname)%00%(upstream:short)%00%(objectname)%00%(upstream:track)%00%(upstream:remotename)%00%(upstream:remoteref) refs/heads/main refs/remotes/main [1ms]
2023-11-26 10:27:12.154 [info] > git status -z -uall [39ms]
2023-11-26 10:27:17.256 [info] > git config --get commit.template [2ms]
2023-11-26 10:27:17.275 [info] > git for-each-ref --format=%(refname)%00%(upstream:short)%00%(objectname)%00%(upstream:track)%00%(upstream:remotename)%00%(upstream:remoteref) refs/heads/main refs/remotes/main [1ms]
2023-11-26 10:27:17.334 [info] > git status -z -uall [42ms]
2023-11-26 10:27:22.437 [info] > git config --get commit.template [1ms]
2023-11-26 10:27:22.455 [info] > git for-each-ref --format=%(refname)%00%(upstream:short)%00%(objectname)%00%(upstream:track)%00%(upstream:remotename)%00%(upstream:remoteref) refs/heads/main refs/remotes/main [1ms]
2023-11-26 10:27:22.511 [info] > git status -z -uall [41ms]
2023-11-26 10:27:27.606 [info] > git config --get commit.template [2ms]
2023-11-26 10:27:27.623 [info] > git for-each-ref --format=%(refname)%00%(upstream:short)%00%(objectname)%00%(upstream:track)%00%(upstream:remotename)%00%(upstream:remoteref) refs/heads/main refs/remotes/main [1ms]
2023-11-26 10:27:27.680 [info] > git status -z -uall [41ms]
2023-11-26 10:27:34.636 [info] > git config --get commit.template [3ms]
2023-11-26 10:27:34.656 [info] > git for-each-ref --format=%(refname)%00%(upstream:short)%00%(objectname)%00%(upstream:track)%00%(upstream:remotename)%00%(upstream:remoteref) refs/heads/main refs/remotes/main [2ms]
2023-11-26 10:27:34.718 [info] > git status -z -uall [46ms]
2023-11-26 10:27:39.821 [info] > git config --get commit.template [1ms]
2023-11-26 10:27:39.838 [info] > git for-each-ref --format=%(refname)%00%(upstream:short)%00%(objectname)%00%(upstream:track)%00%(upstream:remotename)%00%(upstream:remoteref) refs/heads/main refs/remotes/main [1ms]
2023-11-26 10:27:39.901 [info] > git status -z -uall [47ms]
2023-11-26 10:27:44.998 [info] > git config --get commit.template [2ms]
2023-11-26 10:27:45.018 [info] > git for-each-ref --format=%(refname)%00%(upstream:short)%00%(objectname)%00%(upstream:track)%00%(upstream:remotename)%00%(upstream:remoteref) refs/heads/main refs/remotes/main [2ms]
2023-11-26 10:27:45.071 [info] > git status -z -uall [37ms]
2023-11-26 10:27:50.173 [info] > git config --get commit.template [2ms]
2023-11-26 10:27:50.192 [info] > git for-each-ref --format=%(refname)%00%(upstream:short)%00%(objectname)%00%(upstream:track)%00%(upstream:remotename)%00%(upstream:remoteref) refs/heads/main refs/remotes/main [2ms]
2023-11-26 10:27:50.251 [info] > git status -z -uall [42ms]
2023-11-26 10:27:55.351 [info] > git config --get commit.template [2ms]
2023-11-26 10:27:55.369 [info] > git for-each-ref --format=%(refname)%00%(upstream:short)%00%(objectname)%00%(upstream:track)%00%(upstream:remotename)%00%(upstream:remoteref) refs/heads/main refs/remotes/main [1ms]
2023-11-26 10:27:55.427 [info] > git status -z -uall [42ms]
2023-11-26 10:28:00.527 [info] > git config --get commit.template [2ms]
2023-11-26 10:28:00.548 [info] > git for-each-ref --format=%(refname)%00%(upstream:short)%00%(objectname)%00%(upstream:track)%00%(upstream:remotename)%00%(upstream:remoteref) refs/heads/main refs/remotes/main [1ms]
2023-11-26 10:28:00.610 [info] > git status -z -uall [45ms]
2023-11-26 10:28:05.724 [info] > git config --get commit.template [3ms]
2023-11-26 10:28:05.869 [info] > git for-each-ref --format=%(refname)%00%(upstream:short)%00%(objectname)%00%(upstream:track)%00%(upstream:remotename)%00%(upstream:remoteref) refs/heads/main refs/remotes/main [87ms]
2023-11-26 10:28:05.933 [info] > git status -z -uall [43ms]
2023-11-26 10:28:11.049 [info] > git config --get commit.template [19ms]
2023-11-26 10:28:11.050 [info] > git for-each-ref --format=%(refname)%00%(upstream:short)%00%(objectname)%00%(upstream:track)%00%(upstream:remotename)%00%(upstream:remoteref) refs/heads/main refs/remotes/main [2ms]
2023-11-26 10:28:11.111 [info] > git status -z -uall [42ms]
2023-11-26 10:28:16.226 [info] > git config --get commit.template [20ms]
2023-11-26 10:28:16.226 [info] > git for-each-ref --format=%(refname)%00%(upstream:short)%00%(objectname)%00%(upstream:track)%00%(upstream:remotename)%00%(upstream:remoteref) refs/heads/main refs/remotes/main [2ms]
2023-11-26 10:28:16.285 [info] > git status -z -uall [42ms]
2023-11-26 10:28:21.403 [info] > git config --get commit.template [20ms]
2023-11-26 10:28:21.403 [info] > git for-each-ref --format=%(refname)%00%(upstream:short)%00%(objectname)%00%(upstream:track)%00%(upstream:remotename)%00%(upstream:remoteref) refs/heads/main refs/remotes/main [2ms]
2023-11-26 10:28:21.460 [info] > git status -z -uall [41ms]
2023-11-26 10:28:26.559 [info] > git config --get commit.template [2ms]
2023-11-26 10:28:26.576 [info] > git for-each-ref --format=%(refname)%00%(upstream:short)%00%(objectname)%00%(upstream:track)%00%(upstream:remotename)%00%(upstream:remoteref) refs/heads/main refs/remotes/main [2ms]
2023-11-26 10:28:26.639 [info] > git status -z -uall [47ms]
2023-11-26 10:28:31.741 [info] > git config --get commit.template [2ms]
2023-11-26 10:28:31.760 [info] > git for-each-ref --format=%(refname)%00%(upstream:short)%00%(objectname)%00%(upstream:track)%00%(upstream:remotename)%00%(upstream:remoteref) refs/heads/main refs/remotes/main [2ms]
2023-11-26 10:28:31.817 [info] > git status -z -uall [40ms]
2023-11-26 10:28:36.936 [info] > git config --get commit.template [17ms]
2023-11-26 10:28:36.937 [info] > git for-each-ref --format=%(refname)%00%(upstream:short)%00%(objectname)%00%(upstream:track)%00%(upstream:remotename)%00%(upstream:remoteref) refs/heads/main refs/remotes/main [2ms]
2023-11-26 10:28:36.991 [info] > git status -z -uall [39ms]
2023-11-26 10:28:42.091 [info] > git config --get commit.template [2ms]
2023-11-26 10:28:42.111 [info] > git for-each-ref --format=%(refname)%00%(upstream:short)%00%(objectname)%00%(upstream:track)%00%(upstream:remotename)%00%(upstream:remoteref) refs/heads/main refs/remotes/main [2ms]
2023-11-26 10:28:42.168 [info] > git status -z -uall [40ms]
2023-11-26 10:28:47.288 [info] > git config --get commit.template [19ms]
2023-11-26 10:28:47.289 [info] > git for-each-ref --format=%(refname)%00%(upstream:short)%00%(objectname)%00%(upstream:track)%00%(upstream:remotename)%00%(upstream:remoteref) refs/heads/main refs/remotes/main [3ms]
2023-11-26 10:28:47.349 [info] > git status -z -uall [44ms]
2023-11-26 10:28:52.445 [info] > git config --get commit.template [2ms]
2023-11-26 10:28:52.462 [info] > git for-each-ref --format=%(refname)%00%(upstream:short)%00%(objectname)%00%(upstream:track)%00%(upstream:remotename)%00%(upstream:remoteref) refs/heads/main refs/remotes/main [2ms]
2023-11-26 10:28:52.518 [info] > git status -z -uall [39ms]
2023-11-26 10:28:57.613 [info] > git config --get commit.template [2ms]
2023-11-26 10:28:57.632 [info] > git for-each-ref --format=%(refname)%00%(upstream:short)%00%(objectname)%00%(upstream:track)%00%(upstream:remotename)%00%(upstream:remoteref) refs/heads/main refs/remotes/main [1ms]
2023-11-26 10:28:57.688 [info] > git status -z -uall [41ms]
2023-11-26 10:29:02.803 [info] > git config --get commit.template [18ms]
2023-11-26 10:29:02.804 [info] > git for-each-ref --format=%(refname)%00%(upstream:short)%00%(objectname)%00%(upstream:track)%00%(upstream:remotename)%00%(upstream:remoteref) refs/heads/main refs/remotes/main [2ms]
2023-11-26 10:29:02.859 [info] > git status -z -uall [39ms]
2023-11-26 10:29:07.963 [info] > git config --get commit.template [2ms]
2023-11-26 10:29:07.982 [info] > git for-each-ref --format=%(refname)%00%(upstream:short)%00%(objectname)%00%(upstream:track)%00%(upstream:remotename)%00%(upstream:remoteref) refs/heads/main refs/remotes/main [2ms]
2023-11-26 10:29:08.038 [info] > git status -z -uall [40ms]
2023-11-26 10:29:13.157 [info] > git config --get commit.template [18ms]
2023-11-26 10:29:13.157 [info] > git for-each-ref --format=%(refname)%00%(upstream:short)%00%(objectname)%00%(upstream:track)%00%(upstream:remotename)%00%(upstream:remoteref) refs/heads/main refs/remotes/main [2ms]
2023-11-26 10:29:13.216 [info] > git status -z -uall [43ms]
2023-11-26 10:29:18.316 [info] > git config --get commit.template [1ms]
2023-11-26 10:29:18.334 [info] > git for-each-ref --format=%(refname)%00%(upstream:short)%00%(objectname)%00%(upstream:track)%00%(upstream:remotename)%00%(upstream:remoteref) refs/heads/main refs/remotes/main [1ms]
2023-11-26 10:29:18.392 [info] > git status -z -uall [41ms]
2023-11-26 10:29:23.528 [info] > git config --get commit.template [27ms]
2023-11-26 10:29:23.530 [info] > git for-each-ref --format=%(refname)%00%(upstream:short)%00%(objectname)%00%(upstream:track)%00%(upstream:remotename)%00%(upstream:remoteref) refs/heads/main refs/remotes/main [4ms]
2023-11-26 10:29:23.607 [info] > git status -z -uall [55ms]
2023-11-26 10:29:25.345 [info] > git show --textconv :wd201/http-server/project.html [18ms]
2023-11-26 10:29:25.347 [info] > git ls-files --stage -- /root/wd201/http-server/project.html [3ms]
2023-11-26 10:29:27.776 [info] > git show --textconv :wd201/http-server/index.js [23ms]
2023-11-26 10:29:27.777 [info] > git ls-files --stage -- /root/wd201/http-server/index.js [5ms]
2023-11-26 10:29:28.734 [info] > git config --get commit.template [2ms]
2023-11-26 10:29:28.753 [info] > git for-each-ref --format=%(refname)%00%(upstream:short)%00%(objectname)%00%(upstream:track)%00%(upstream:remotename)%00%(upstream:remoteref) refs/heads/main refs/remotes/main [2ms]
2023-11-26 10:29:28.809 [info] > git status -z -uall [39ms]
2023-11-26 10:29:33.907 [info] > git config --get commit.template [2ms]
2023-11-26 10:29:33.930 [info] > git for-each-ref --format=%(refname)%00%(upstream:short)%00%(objectname)%00%(upstream:track)%00%(upstream:remotename)%00%(upstream:remoteref) refs/heads/main refs/remotes/main [2ms]
2023-11-26 10:29:33.997 [info] > git status -z -uall [47ms]
2023-11-26 10:29:39.117 [info] > git config --get commit.template [17ms]
2023-11-26 10:29:39.118 [info] > git for-each-ref --format=%(refname)%00%(upstream:short)%00%(objectname)%00%(upstream:track)%00%(upstream:remotename)%00%(upstream:remoteref) refs/heads/main refs/remotes/main [2ms]
2023-11-26 10:29:39.178 [info] > git status -z -uall [44ms]
2023-11-26 10:29:44.297 [info] > git config --get commit.template [20ms]
2023-11-26 10:29:44.298 [info] > git for-each-ref --format=%(refname)%00%(upstream:short)%00%(objectname)%00%(upstream:track)%00%(upstream:remotename)%00%(upstream:remoteref) refs/heads/main refs/remotes/main [2ms]
2023-11-26 10:29:44.357 [info] > git status -z -uall [42ms]
2023-11-26 10:29:49.455 [info] > git config --get commit.template [2ms]
2023-11-26 10:29:49.476 [info] > git for-each-ref --format=%(refname)%00%(upstream:short)%00%(objectname)%00%(upstream:track)%00%(upstream:remotename)%00%(upstream:remoteref) refs/heads/main refs/remotes/main [2ms]
2023-11-26 10:29:49.532 [info] > git status -z -uall [40ms]
2023-11-26 10:29:54.629 [info] > git config --get commit.template [2ms]
2023-11-26 10:29:54.650 [info] > git for-each-ref --format=%(refname)%00%(upstream:short)%00%(objectname)%00%(upstream:track)%00%(upstream:remotename)%00%(upstream:remoteref) refs/heads/main refs/remotes/main [2ms]
2023-11-26 10:29:54.719 [info] > git status -z -uall [50ms]
2023-11-26 10:29:59.850 [info] > git config --get commit.template [1ms]
2023-11-26 10:29:59.870 [info] > git for-each-ref --format=%(refname)%00%(upstream:short)%00%(objectname)%00%(upstream:track)%00%(upstream:remotename)%00%(upstream:remoteref) refs/heads/main refs/remotes/main [2ms]
2023-11-26 10:29:59.936 [info] > git status -z -uall [45ms]
2023-11-26 10:30:05.064 [info] > git config --get commit.template [20ms]
2023-11-26 10:30:05.065 [info] > git for-each-ref --format=%(refname)%00%(upstream:short)%00%(objectname)%00%(upstream:track)%00%(upstream:remotename)%00%(upstream:remoteref) refs/heads/main refs/remotes/main [2ms]
2023-11-26 10:30:05.122 [info] > git status -z -uall [39ms]
2023-11-26 10:30:10.257 [info] > git config --get commit.template [29ms]
2023-11-26 10:30:10.259 [info] > git for-each-ref --format=%(refname)%00%(upstream:short)%00%(objectname)%00%(upstream:track)%00%(upstream:remotename)%00%(upstream:remoteref) refs/heads/main refs/remotes/main [3ms]
2023-11-26 10:30:10.334 [info] > git status -z -uall [55ms]
2023-11-26 10:30:15.459 [info] > git config --get commit.template [2ms]
2023-11-26 10:30:15.477 [info] > git for-each-ref --format=%(refname)%00%(upstream:short)%00%(objectname)%00%(upstream:track)%00%(upstream:remotename)%00%(upstream:remoteref) refs/heads/main refs/remotes/main [2ms]
2023-11-26 10:30:15.535 [info] > git status -z -uall [41ms]
2023-11-26 10:30:20.633 [info] > git config --get commit.template [2ms]
2023-11-26 10:30:20.651 [info] > git for-each-ref --format=%(refname)%00%(upstream:short)%00%(objectname)%00%(upstream:track)%00%(upstream:remotename)%00%(upstream:remoteref) refs/heads/main refs/remotes/main [2ms]
2023-11-26 10:30:20.707 [info] > git status -z -uall [40ms]
2023-11-26 10:30:25.803 [info] > git config --get commit.template [2ms]
2023-11-26 10:30:25.828 [info] > git for-each-ref --format=%(refname)%00%(upstream:short)%00%(objectname)%00%(upstream:track)%00%(upstream:remotename)%00%(upstream:remoteref) refs/heads/main refs/remotes/main [1ms]
2023-11-26 10:30:25.899 [info] > git status -z -uall [54ms]
2023-11-26 10:30:31.001 [info] > git config --get commit.template [2ms]
2023-11-26 10:30:31.021 [info] > git for-each-ref --format=%(refname)%00%(upstream:short)%00%(objectname)%00%(upstream:track)%00%(upstream:remotename)%00%(upstream:remoteref) refs/heads/main refs/remotes/main [2ms]
2023-11-26 10:30:31.078 [info] > git status -z -uall [41ms]
2023-11-26 10:30:36.181 [info] > git config --get commit.template [2ms]
2023-11-26 10:30:36.218 [info] > git for-each-ref --format=%(refname)%00%(upstream:short)%00%(objectname)%00%(upstream:track)%00%(upstream:remotename)%00%(upstream:remoteref) refs/heads/main refs/remotes/main [2ms]
2023-11-26 10:30:36.283 [info] > git status -z -uall [45ms]
2023-11-26 10:31:03.220 [info] > git config --get commit.template [1ms]
2023-11-26 10:31:03.242 [info] > git for-each-ref --format=%(refname)%00%(upstream:short)%00%(objectname)%00%(upstream:track)%00%(upstream:remotename)%00%(upstream:remoteref) refs/heads/main refs/remotes/main [2ms]
2023-11-26 10:31:03.306 [info] > git status -z -uall [43ms]
2023-11-26 10:31:08.426 [info] > git config --get commit.template [2ms]
2023-11-26 10:31:08.450 [info] > git for-each-ref --format=%(refname)%00%(upstream:short)%00%(objectname)%00%(upstream:track)%00%(upstream:remotename)%00%(upstream:remoteref) refs/heads/main refs/remotes/main [4ms]
2023-11-26 10:31:08.520 [info] > git status -z -uall [46ms]
2023-11-26 10:31:14.501 [info] > git config --get commit.template [4ms]
2023-11-26 10:31:14.528 [info] > git for-each-ref --format=%(refname)%00%(upstream:short)%00%(objectname)%00%(upstream:track)%00%(upstream:remotename)%00%(upstream:remoteref) refs/heads/main refs/remotes/main [3ms]
2023-11-26 10:31:14.606 [info] > git status -z -uall [49ms]
2023-11-26 10:31:21.937 [info] > git config --get commit.template [3ms]
2023-11-26 10:31:21.962 [info] > git for-each-ref --format=%(refname)%00%(upstream:short)%00%(objectname)%00%(upstream:track)%00%(upstream:remotename)%00%(upstream:remoteref) refs/heads/main refs/remotes/main [2ms]
2023-11-26 10:31:22.038 [info] > git status -z -uall [51ms]
2023-11-26 10:31:27.149 [info] > git config --get commit.template [3ms]
2023-11-26 10:31:27.168 [info] > git for-each-ref --format=%(refname)%00%(upstream:short)%00%(objectname)%00%(upstream:track)%00%(upstream:remotename)%00%(upstream:remoteref) refs/heads/main refs/remotes/main [2ms]
2023-11-26 10:31:27.226 [info] > git status -z -uall [42ms]
2023-11-26 10:31:32.323 [info] > git config --get commit.template [1ms]
2023-11-26 10:31:32.341 [info] > git for-each-ref --format=%(refname)%00%(upstream:short)%00%(objectname)%00%(upstream:track)%00%(upstream:remotename)%00%(upstream:remoteref) refs/heads/main refs/remotes/main [1ms]
2023-11-26 10:31:32.399 [info] > git status -z -uall [41ms]
2023-11-26 10:31:52.932 [info] > git config --get commit.template [2ms]
2023-11-26 10:31:52.951 [info] > git for-each-ref --format=%(refname)%00%(upstream:short)%00%(objectname)%00%(upstream:track)%00%(upstream:remotename)%00%(upstream:remoteref) refs/heads/main refs/remotes/main [1ms]
2023-11-26 10:31:53.019 [info] > git status -z -uall [50ms]
2023-11-26 10:31:58.678 [info] > git config --get commit.template [1ms]
2023-11-26 10:31:58.698 [info] > git for-each-ref --format=%(refname)%00%(upstream:short)%00%(objectname)%00%(upstream:track)%00%(upstream:remotename)%00%(upstream:remoteref) refs/heads/main refs/remotes/main [2ms]
2023-11-26 10:31:58.761 [info] > git status -z -uall [45ms]
2023-11-26 10:32:06.159 [info] > git config --get commit.template [2ms]
2023-11-26 10:32:06.179 [info] > git for-each-ref --format=%(refname)%00%(upstream:short)%00%(objectname)%00%(upstream:track)%00%(upstream:remotename)%00%(upstream:remoteref) refs/heads/main refs/remotes/main [2ms]
2023-11-26 10:32:06.237 [info] > git status -z -uall [40ms]
2023-11-26 10:32:13.983 [info] > git config --get commit.template [2ms]
2023-11-26 10:32:14.013 [info] > git for-each-ref --format=%(refname)%00%(upstream:short)%00%(objectname)%00%(upstream:track)%00%(upstream:remotename)%00%(upstream:remoteref) refs/heads/main refs/remotes/main [3ms]
2023-11-26 10:32:14.086 [info] > git status -z -uall [47ms]
2023-11-26 10:32:20.024 [info] > git config --get commit.template [2ms]
2023-11-26 10:32:20.053 [info] > git for-each-ref --format=%(refname)%00%(upstream:short)%00%(objectname)%00%(upstream:track)%00%(upstream:remotename)%00%(upstream:remoteref) refs/heads/main refs/remotes/main [2ms]
2023-11-26 10:32:20.141 [info] > git status -z -uall [63ms]
2023-11-26 10:32:23.846 [info] > git show --textconv :wd201/http-server/package.json [38ms]
2023-11-26 10:32:23.850 [info] > git ls-files --stage -- /root/wd201/http-server/package.json [7ms]
2023-11-26 10:32:25.257 [info] > git config --get commit.template [2ms]
2023-11-26 10:32:25.281 [info] > git for-each-ref --format=%(refname)%00%(upstream:short)%00%(objectname)%00%(upstream:track)%00%(upstream:remotename)%00%(upstream:remoteref) refs/heads/main refs/remotes/main [3ms]
2023-11-26 10:32:25.345 [info] > git status -z -uall [45ms]
2023-11-26 10:32:30.467 [info] > git config --get commit.template [20ms]
2023-11-26 10:32:30.468 [info] > git for-each-ref --format=%(refname)%00%(upstream:short)%00%(objectname)%00%(upstream:track)%00%(upstream:remotename)%00%(upstream:remoteref) refs/heads/main refs/remotes/main [3ms]
2023-11-26 10:32:30.524 [info] > git status -z -uall [39ms]
2023-11-26 10:32:35.663 [info] > git config --get commit.template [36ms]
2023-11-26 10:32:35.665 [info] > git for-each-ref --format=%(refname)%00%(upstream:short)%00%(objectname)%00%(upstream:track)%00%(upstream:remotename)%00%(upstream:remoteref) refs/heads/main refs/remotes/main [5ms]
2023-11-26 10:32:35.727 [info] > git status -z -uall [42ms]
2023-11-26 10:32:40.829 [info] > git config --get commit.template [2ms]
2023-11-26 10:32:40.851 [info] > git for-each-ref --format=%(refname)%00%(upstream:short)%00%(objectname)%00%(upstream:track)%00%(upstream:remotename)%00%(upstream:remoteref) refs/heads/main refs/remotes/main [2ms]
2023-11-26 10:32:40.915 [info] > git status -z -uall [44ms]
2023-11-26 10:32:46.011 [info] > git config --get commit.template [2ms]
2023-11-26 10:32:46.035 [info] > git for-each-ref --format=%(refname)%00%(upstream:short)%00%(objectname)%00%(upstream:track)%00%(upstream:remotename)%00%(upstream:remoteref) refs/heads/main refs/remotes/main [2ms]
2023-11-26 10:32:46.103 [info] > git status -z -uall [42ms]
2023-11-26 10:32:51.220 [info] > git config --get commit.template [19ms]
2023-11-26 10:32:51.221 [info] > git for-each-ref --format=%(refname)%00%(upstream:short)%00%(objectname)%00%(upstream:track)%00%(upstream:remotename)%00%(upstream:remoteref) refs/heads/main refs/remotes/main [2ms]
2023-11-26 10:32:51.280 [info] > git status -z -uall [43ms]
2023-11-26 10:32:53.035 [info] > git show --textconv :wd201/http-server/index.js [30ms]
2023-11-26 10:32:53.043 [info] > git ls-files --stage -- /root/wd201/http-server/index.js [11ms]
2023-11-26 10:32:56.400 [info] > git config --get commit.template [4ms]
2023-11-26 10:32:56.433 [info] > git for-each-ref --format=%(refname)%00%(upstream:short)%00%(objectname)%00%(upstream:track)%00%(upstream:remotename)%00%(upstream:remoteref) refs/heads/main refs/remotes/main [4ms]
2023-11-26 10:32:56.510 [info] > git status -z -uall [49ms]
2023-11-26 10:33:05.268 [info] > git config --get commit.template [22ms]
2023-11-26 10:33:05.269 [info] > git for-each-ref --format=%(refname)%00%(upstream:short)%00%(objectname)%00%(upstream:track)%00%(upstream:remotename)%00%(upstream:remoteref) refs/heads/main refs/remotes/main [3ms]
2023-11-26 10:33:05.329 [info] > git status -z -uall [42ms]
2023-11-26 10:33:10.547 [info] > git config --get commit.template [62ms]
2023-11-26 10:33:10.550 [info] > git for-each-ref --format=%(refname)%00%(upstream:short)%00%(objectname)%00%(upstream:track)%00%(upstream:remotename)%00%(upstream:remoteref) refs/heads/main refs/remotes/main [7ms]
2023-11-26 10:33:10.687 [info] > git status -z -uall [89ms]
2023-11-26 10:33:30.238 [info] > git config --get commit.template [3ms]
2023-11-26 10:33:30.262 [info] > git for-each-ref --format=%(refname)%00%(upstream:short)%00%(objectname)%00%(upstream:track)%00%(upstream:remotename)%00%(upstream:remoteref) refs/heads/main refs/remotes/main [1ms]
2023-11-26 10:33:30.344 [info] > git status -z -uall [57ms]
