2023-11-26 13:33:11.732 [info] Extension host with pid 20602 started
2023-11-26 13:33:11.732 [error] Error: EEXIST: file already exists, open '/root/.vscode-server/data/User/workspaceStorage/c7a94eac4683ea1872ab9e80ea72c169/vscode.lock'
2023-11-26 13:33:11.748 [info] Lock '/root/.vscode-server/data/User/workspaceStorage/c7a94eac4683ea1872ab9e80ea72c169/vscode.lock': Could not acquire lock, checking if the file is stale.
2023-11-26 13:33:11.785 [info] Lock '/root/.vscode-server/data/User/workspaceStorage/c7a94eac4683ea1872ab9e80ea72c169/vscode.lock': The lock does not look stale, elapsed: 780 ms, giving up.
2023-11-26 13:33:11.817 [info] Lock '/root/.vscode-server/data/User/workspaceStorage/c7a94eac4683ea1872ab9e80ea72c169-1/vscode.lock': Lock acquired.
2023-11-26 13:33:12.402 [info] ExtensionService#_doActivateExtension vscode.typescript-language-features, startup: false, activationEvent: 'onLanguage:javascript'
2023-11-26 13:33:12.407 [info] ExtensionService#_doActivateExtension vscode.emmet, startup: false, activationEvent: 'onLanguage'
2023-11-26 13:33:13.952 [info] ExtensionService#_doActivateExtension vscode.git-base, startup: true, activationEvent: '*', root cause: vscode.git
2023-11-26 13:33:14.211 [info] ExtensionService#_doActivateExtension vscode.git, startup: true, activationEvent: '*'
2023-11-26 13:33:14.212 [info] ExtensionService#_doActivateExtension vscode.github, startup: true, activationEvent: '*'
2023-11-26 13:33:15.055 [info] Eager extensions activated
2023-11-26 13:33:15.056 [info] ExtensionService#_doActivateExtension vscode.debug-auto-launch, startup: false, activationEvent: 'onStartupFinished'
2023-11-26 13:33:15.058 [info] ExtensionService#_doActivateExtension vscode.merge-conflict, startup: false, activationEvent: 'onStartupFinished'
2023-11-26 13:33:15.791 [warning] [Decorations] CAPPING events from decorations provider vscode.git 6326
2023-11-26 13:33:17.036 [warning] [Decorations] CAPPING events from decorations provider vscode.git 6326
2023-11-26 13:33:27.942 [info] ExtensionService#_doActivateExtension vscode.tunnel-forwarding, startup: false, activationEvent: 'onTunnel'
2023-11-26 13:36:35.614 [warning] [Decorations] CAPPING events from decorations provider vscode.git 6328
2023-11-26 13:37:52.950 [info] ExtensionService#_doActivateExtension vscode.html-language-features, startup: false, activationEvent: 'onLanguage:html'
2023-11-26 13:38:13.103 [warning] [Decorations] CAPPING events from decorations provider vscode.git 6328
2023-11-26 13:40:09.922 [warning] [Decorations] CAPPING events from decorations provider vscode.git 6327
2023-11-26 13:40:16.509 [warning] [Decorations] CAPPING events from decorations provider vscode.git 6327
2023-11-26 13:41:05.953 [warning] [Decorations] CAPPING events from decorations provider vscode.git 6327
2023-11-26 13:41:11.081 [warning] [Decorations] CAPPING events from decorations provider vscode.git 6327
2023-11-26 13:41:16.203 [warning] [Decorations] CAPPING events from decorations provider vscode.git 6327
2023-11-26 13:41:21.330 [warning] [Decorations] CAPPING events from decorations provider vscode.git 6328
2023-11-26 13:41:26.453 [warning] [Decorations] CAPPING events from decorations provider vscode.git 6328
2023-11-26 13:41:31.584 [warning] [Decorations] CAPPING events from decorations provider vscode.git 6328
2023-11-26 13:41:36.701 [warning] [Decorations] CAPPING events from decorations provider vscode.git 6328
2023-11-26 13:41:41.838 [warning] [Decorations] CAPPING events from decorations provider vscode.git 6328
2023-11-26 13:41:46.952 [warning] [Decorations] CAPPING events from decorations provider vscode.git 6328
2023-11-26 13:41:52.077 [warning] [Decorations] CAPPING events from decorations provider vscode.git 6328
2023-11-26 13:41:57.211 [warning] [Decorations] CAPPING events from decorations provider vscode.git 6328
2023-11-26 13:42:02.337 [warning] [Decorations] CAPPING events from decorations provider vscode.git 6328
2023-11-26 13:42:07.528 [warning] [Decorations] CAPPING events from decorations provider vscode.git 6328
2023-11-26 13:42:30.931 [warning] [Decorations] CAPPING events from decorations provider vscode.git 6328
2023-11-26 13:43:32.850 [warning] [Decorations] CAPPING events from decorations provider vscode.git 6328
2023-11-26 14:23:39.628 [warning] [Decorations] CAPPING events from decorations provider vscode.git 6328
2023-11-26 14:27:14.020 [warning] [Decorations] CAPPING events from decorations provider vscode.git 3604
2023-11-26 14:27:19.133 [warning] [Decorations] CAPPING events from decorations provider vscode.git 3604
2023-11-26 14:27:24.232 [warning] [Decorations] CAPPING events from decorations provider vscode.git 3604
2023-11-26 14:27:25.077 [info] ExtensionService#_doActivateExtension vscode.npm, startup: false, activationEvent: 'onTerminalQuickFixRequest:ms-vscode.npm-command'
2023-11-26 14:28:49.005 [warning] [Decorations] CAPPING events from decorations provider vscode.git 3604
2023-11-26 14:28:56.518 [warning] [Decorations] CAPPING events from decorations provider vscode.git 3604
2023-11-26 14:29:13.313 [warning] [Decorations] CAPPING events from decorations provider vscode.git 3604
2023-11-26 14:29:18.410 [warning] [Decorations] CAPPING events from decorations provider vscode.git 3604
2023-11-26 14:29:23.504 [warning] [Decorations] CAPPING events from decorations provider vscode.git 3604
2023-11-26 14:29:28.599 [warning] [Decorations] CAPPING events from decorations provider vscode.git 3604
2023-11-26 14:29:33.689 [warning] [Decorations] CAPPING events from decorations provider vscode.git 3604
2023-11-26 14:29:38.783 [warning] [Decorations] CAPPING events from decorations provider vscode.git 3604
2023-11-26 14:29:43.880 [warning] [Decorations] CAPPING events from decorations provider vscode.git 3604
2023-11-26 14:29:48.980 [warning] [Decorations] CAPPING events from decorations provider vscode.git 3604
2023-11-26 14:29:54.077 [warning] [Decorations] CAPPING events from decorations provider vscode.git 3604
2023-11-26 14:29:59.167 [warning] [Decorations] CAPPING events from decorations provider vscode.git 3604
2023-11-26 14:30:04.254 [warning] [Decorations] CAPPING events from decorations provider vscode.git 3604
2023-11-26 14:30:09.342 [warning] [Decorations] CAPPING events from decorations provider vscode.git 3604
2023-11-26 14:30:14.445 [warning] [Decorations] CAPPING events from decorations provider vscode.git 3604
2023-11-26 14:30:19.539 [warning] [Decorations] CAPPING events from decorations provider vscode.git 3604
2023-11-26 14:30:24.629 [warning] [Decorations] CAPPING events from decorations provider vscode.git 3604
2023-11-26 14:30:29.716 [warning] [Decorations] CAPPING events from decorations provider vscode.git 3604
2023-11-26 14:30:34.800 [warning] [Decorations] CAPPING events from decorations provider vscode.git 3604
2023-11-26 14:30:39.883 [warning] [Decorations] CAPPING events from decorations provider vscode.git 3604
2023-11-26 14:30:44.969 [warning] [Decorations] CAPPING events from decorations provider vscode.git 3604
2023-11-26 14:30:50.054 [warning] [Decorations] CAPPING events from decorations provider vscode.git 3604
2023-11-26 14:30:55.137 [warning] [Decorations] CAPPING events from decorations provider vscode.git 3604
2023-11-26 14:31:00.225 [warning] [Decorations] CAPPING events from decorations provider vscode.git 3604
2023-11-26 14:31:05.312 [warning] [Decorations] CAPPING events from decorations provider vscode.git 3604
2023-11-26 14:31:10.396 [warning] [Decorations] CAPPING events from decorations provider vscode.git 3604
2023-11-26 14:31:15.486 [warning] [Decorations] CAPPING events from decorations provider vscode.git 3604
2023-11-26 14:31:20.572 [warning] [Decorations] CAPPING events from decorations provider vscode.git 3604
2023-11-26 14:31:25.661 [warning] [Decorations] CAPPING events from decorations provider vscode.git 3604
2023-11-26 14:31:30.751 [warning] [Decorations] CAPPING events from decorations provider vscode.git 3604
2023-11-26 14:31:35.836 [warning] [Decorations] CAPPING events from decorations provider vscode.git 3604
2023-11-26 14:31:40.926 [warning] [Decorations] CAPPING events from decorations provider vscode.git 3604
2023-11-26 14:31:46.008 [warning] [Decorations] CAPPING events from decorations provider vscode.git 3604
2023-11-26 14:31:51.096 [warning] [Decorations] CAPPING events from decorations provider vscode.git 3604
2023-11-26 14:31:56.182 [warning] [Decorations] CAPPING events from decorations provider vscode.git 3604
2023-11-26 14:32:01.266 [warning] [Decorations] CAPPING events from decorations provider vscode.git 3604
2023-11-26 14:32:06.357 [warning] [Decorations] CAPPING events from decorations provider vscode.git 3604
2023-11-26 14:32:11.460 [warning] [Decorations] CAPPING events from decorations provider vscode.git 3605
2023-11-26 14:32:18.073 [warning] [Decorations] CAPPING events from decorations provider vscode.git 3607
2023-11-26 14:32:23.168 [warning] [Decorations] CAPPING events from decorations provider vscode.git 3607
2023-11-26 14:32:28.273 [warning] [Decorations] CAPPING events from decorations provider vscode.git 3607
2023-11-26 14:32:33.365 [warning] [Decorations] CAPPING events from decorations provider vscode.git 3607
2023-11-26 14:32:38.474 [warning] [Decorations] CAPPING events from decorations provider vscode.git 3607
2023-11-26 14:32:43.573 [warning] [Decorations] CAPPING events from decorations provider vscode.git 3607
2023-11-26 14:32:48.671 [warning] [Decorations] CAPPING events from decorations provider vscode.git 3607
2023-11-26 14:32:53.794 [warning] [Decorations] CAPPING events from decorations provider vscode.git 3607
2023-11-26 14:32:58.890 [warning] [Decorations] CAPPING events from decorations provider vscode.git 3607
2023-11-26 14:33:04.001 [warning] [Decorations] CAPPING events from decorations provider vscode.git 3607
2023-11-26 14:46:06.497 [warning] [Decorations] CAPPING events from decorations provider vscode.git 3607
2023-11-26 14:46:11.603 [warning] [Decorations] CAPPING events from decorations provider vscode.git 3607
2023-11-26 14:46:16.691 [warning] [Decorations] CAPPING events from decorations provider vscode.git 3607
2023-11-26 14:46:21.780 [warning] [Decorations] CAPPING events from decorations provider vscode.git 3607
2023-11-26 14:46:26.864 [warning] [Decorations] CAPPING events from decorations provider vscode.git 3607
2023-11-26 14:46:31.062 [info] ExtensionService#_doActivateExtension vscode.extension-editing, startup: false, activationEvent: 'onLanguage:json'
2023-11-26 14:46:31.064 [info] ExtensionService#_doActivateExtension vscode.json-language-features, startup: false, activationEvent: 'onLanguage:json'
2023-11-26 14:46:31.962 [warning] [Decorations] CAPPING events from decorations provider vscode.git 3608
2023-11-26 14:46:37.059 [warning] [Decorations] CAPPING events from decorations provider vscode.git 3608
2023-11-26 14:46:42.151 [warning] [Decorations] CAPPING events from decorations provider vscode.git 3611
2023-11-26 14:52:18.970 [warning] [Decorations] CAPPING events from decorations provider vscode.git 3611
2023-11-26 14:52:24.064 [warning] [Decorations] CAPPING events from decorations provider vscode.git 3611
2023-11-26 14:52:39.612 [warning] [Decorations] CAPPING events from decorations provider vscode.git 3611
2023-11-26 14:59:02.065 [warning] [Decorations] CAPPING events from decorations provider vscode.git 3611
2023-11-26 14:59:13.259 [warning] [Decorations] CAPPING events from decorations provider vscode.git 3608
2023-11-26 15:00:06.703 [warning] [Decorations] CAPPING events from decorations provider vscode.git 3608
2023-11-26 15:00:51.553 [warning] [Decorations] CAPPING events from decorations provider vscode.git 3608
2023-11-26 15:00:56.646 [warning] [Decorations] CAPPING events from decorations provider vscode.git 3608
2023-11-26 18:58:24.390 [warning] [Decorations] CAPPING events from decorations provider vscode.git 3608
2023-11-26 18:59:05.695 [error] Error: Git error
	at ChildProcess.<anonymous> (/root/.vscode-server/bin/1a5daa3a0231a0fbba4f14db7ec463cf99d7768e/extensions/git/dist/main.js:2:1382633)
	at ChildProcess.emit (node:events:525:35)
	at ChildProcess._handle.onexit (node:internal/child_process:291:12)
2023-11-26 18:59:05.695 [error] Error: Git error
	at ChildProcess.<anonymous> (/root/.vscode-server/bin/1a5daa3a0231a0fbba4f14db7ec463cf99d7768e/extensions/git/dist/main.js:2:1382633)
	at ChildProcess.emit (node:events:525:35)
	at ChildProcess._handle.onexit (node:internal/child_process:291:12)
2023-11-26 18:59:06.699 [error] Error: Git error
	at ChildProcess.<anonymous> (/root/.vscode-server/bin/1a5daa3a0231a0fbba4f14db7ec463cf99d7768e/extensions/git/dist/main.js:2:1382633)
	at ChildProcess.emit (node:events:525:35)
	at ChildProcess._handle.onexit (node:internal/child_process:291:12)
2023-11-26 18:59:06.722 [error] Error: Git error
	at ChildProcess.<anonymous> (/root/.vscode-server/bin/1a5daa3a0231a0fbba4f14db7ec463cf99d7768e/extensions/git/dist/main.js:2:1382633)
	at ChildProcess.emit (node:events:525:35)
	at ChildProcess._handle.onexit (node:internal/child_process:291:12)
2023-11-26 19:00:52.101 [warning] [Decorations] CAPPING events from decorations provider vscode.git 3609
2023-11-26 19:00:57.257 [warning] [Decorations] CAPPING events from decorations provider vscode.git 3609
2023-11-26 19:02:59.408 [warning] [Decorations] CAPPING events from decorations provider vscode.git 3609
2023-11-26 19:03:04.574 [warning] [Decorations] CAPPING events from decorations provider vscode.git 3609
2023-11-26 19:03:09.773 [warning] [Decorations] CAPPING events from decorations provider vscode.git 3609
2023-11-26 19:03:14.921 [warning] [Decorations] CAPPING events from decorations provider vscode.git 3609
2023-11-26 19:03:20.762 [warning] [Decorations] CAPPING events from decorations provider vscode.git 3609
2023-11-26 19:03:25.936 [warning] [Decorations] CAPPING events from decorations provider vscode.git 3609
2023-11-26 19:03:31.088 [warning] [Decorations] CAPPING events from decorations provider vscode.git 3610
2023-11-26 19:03:36.271 [warning] [Decorations] CAPPING events from decorations provider vscode.git 3610
2023-11-26 19:03:41.443 [warning] [Decorations] CAPPING events from decorations provider vscode.git 3610
2023-11-26 19:03:46.655 [warning] [Decorations] CAPPING events from decorations provider vscode.git 3610
2023-11-26 19:03:51.847 [warning] [Decorations] CAPPING events from decorations provider vscode.git 3610
2023-11-26 19:03:57.048 [warning] [Decorations] CAPPING events from decorations provider vscode.git 3610
2023-11-26 19:04:02.238 [warning] [Decorations] CAPPING events from decorations provider vscode.git 3610
2023-11-26 19:04:07.422 [warning] [Decorations] CAPPING events from decorations provider vscode.git 3610
2023-11-26 19:04:13.287 [warning] [Decorations] CAPPING events from decorations provider vscode.git 3610
2023-11-26 19:04:18.474 [warning] [Decorations] CAPPING events from decorations provider vscode.git 3611
2023-11-26 19:04:23.626 [warning] [Decorations] CAPPING events from decorations provider vscode.git 3611
2023-11-26 19:04:28.782 [warning] [Decorations] CAPPING events from decorations provider vscode.git 3609
2023-11-26 19:04:33.931 [warning] [Decorations] CAPPING events from decorations provider vscode.git 3609
2023-11-26 19:04:39.087 [warning] [Decorations] CAPPING events from decorations provider vscode.git 3609
2023-11-26 19:04:44.237 [warning] [Decorations] CAPPING events from decorations provider vscode.git 3609
2023-11-26 19:04:50.078 [warning] [Decorations] CAPPING events from decorations provider vscode.git 3609
2023-11-26 19:04:55.227 [warning] [Decorations] CAPPING events from decorations provider vscode.git 3609
2023-11-26 19:05:00.378 [warning] [Decorations] CAPPING events from decorations provider vscode.git 3609
2023-11-26 19:05:07.230 [warning] [Decorations] CAPPING events from decorations provider vscode.git 3609
2023-11-26 19:05:12.377 [warning] [Decorations] CAPPING events from decorations provider vscode.git 3610
2023-11-26 19:05:17.535 [warning] [Decorations] CAPPING events from decorations provider vscode.git 3609
2023-11-26 19:05:22.707 [warning] [Decorations] CAPPING events from decorations provider vscode.git 3609
2023-11-26 19:05:29.626 [warning] [Decorations] CAPPING events from decorations provider vscode.git 3609
2023-11-26 19:05:34.784 [warning] [Decorations] CAPPING events from decorations provider vscode.git 3609
2023-11-26 19:05:39.989 [warning] [Decorations] CAPPING events from decorations provider vscode.git 3609
2023-11-26 19:05:45.161 [warning] [Decorations] CAPPING events from decorations provider vscode.git 3609
2023-11-26 19:05:50.321 [warning] [Decorations] CAPPING events from decorations provider vscode.git 3609
2023-11-26 19:05:56.209 [warning] [Decorations] CAPPING events from decorations provider vscode.git 3610
2023-11-26 19:06:04.221 [warning] [Decorations] CAPPING events from decorations provider vscode.git 3610
2023-11-26 19:06:09.372 [warning] [Decorations] CAPPING events from decorations provider vscode.git 3610
2023-11-26 19:06:14.529 [warning] [Decorations] CAPPING events from decorations provider vscode.git 3610
2023-11-26 19:06:32.516 [warning] [Decorations] CAPPING events from decorations provider vscode.git 3610
2023-11-26 19:24:40.518 [warning] [Decorations] CAPPING events from decorations provider vscode.git 3610
2023-11-26 19:33:11.348 [warning] [Decorations] CAPPING events from decorations provider vscode.git 3610
2023-11-26 19:34:19.907 [warning] [Decorations] CAPPING events from decorations provider vscode.git 3609
2023-11-26 20:44:08.412 [warning] [Decorations] CAPPING events from decorations provider vscode.git 3615
2023-11-26 20:44:13.570 [warning] [Decorations] CAPPING events from decorations provider vscode.git 3615
2023-11-26 20:44:18.732 [warning] [Decorations] CAPPING events from decorations provider vscode.git 3615
2023-11-26 20:44:23.886 [warning] [Decorations] CAPPING events from decorations provider vscode.git 3615
2023-11-26 20:44:29.050 [warning] [Decorations] CAPPING events from decorations provider vscode.git 3615
2023-11-26 20:44:35.052 [warning] [Decorations] CAPPING events from decorations provider vscode.git 3615
2023-11-26 20:56:08.071 [error] Error: Git error
	at ChildProcess.<anonymous> (/root/.vscode-server/bin/1a5daa3a0231a0fbba4f14db7ec463cf99d7768e/extensions/git/dist/main.js:2:1382633)
	at ChildProcess.emit (node:events:525:35)
	at ChildProcess._handle.onexit (node:internal/child_process:291:12)
2023-11-26 20:56:09.074 [error] Error: Git error
	at ChildProcess.<anonymous> (/root/.vscode-server/bin/1a5daa3a0231a0fbba4f14db7ec463cf99d7768e/extensions/git/dist/main.js:2:1382633)
	at ChildProcess.emit (node:events:525:35)
	at ChildProcess._handle.onexit (node:internal/child_process:291:12)
2023-11-26 20:56:34.653 [warning] [Decorations] CAPPING events from decorations provider vscode.git 3616
2023-11-26 20:56:40.746 [warning] [Decorations] CAPPING events from decorations provider vscode.git 3616
2023-11-26 20:56:45.908 [warning] [Decorations] CAPPING events from decorations provider vscode.git 3618
2023-11-26 20:56:54.580 [error] Error: Git error
	at ChildProcess.<anonymous> (/root/.vscode-server/bin/1a5daa3a0231a0fbba4f14db7ec463cf99d7768e/extensions/git/dist/main.js:2:1382633)
	at ChildProcess.emit (node:events:525:35)
	at ChildProcess._handle.onexit (node:internal/child_process:291:12)
2023-11-26 20:56:54.830 [warning] [Decorations] CAPPING events from decorations provider vscode.git 3618
2023-11-26 20:56:55.587 [error] Error: Git error
	at ChildProcess.<anonymous> (/root/.vscode-server/bin/1a5daa3a0231a0fbba4f14db7ec463cf99d7768e/extensions/git/dist/main.js:2:1382633)
	at ChildProcess.emit (node:events:525:35)
	at ChildProcess._handle.onexit (node:internal/child_process:291:12)
2023-11-26 20:57:00.007 [warning] [Decorations] CAPPING events from decorations provider vscode.git 3618
2023-11-26 20:57:05.193 [warning] [Decorations] CAPPING events from decorations provider vscode.git 3618
2023-11-26 20:57:10.343 [warning] [Decorations] CAPPING events from decorations provider vscode.git 3618
2023-11-26 20:57:16.299 [warning] [Decorations] CAPPING events from decorations provider vscode.git 3618
2023-11-26 20:57:21.462 [warning] [Decorations] CAPPING events from decorations provider vscode.git 3618
2023-11-26 20:57:26.666 [warning] [Decorations] CAPPING events from decorations provider vscode.git 3618
2023-11-26 20:57:32.613 [warning] [Decorations] CAPPING events from decorations provider vscode.git 3703
2023-11-26 20:57:37.761 [warning] [Decorations] CAPPING events from decorations provider vscode.git 3630
2023-11-26 20:57:42.967 [warning] [Decorations] CAPPING events from decorations provider vscode.git 3656
2023-11-26 20:57:48.114 [warning] [Decorations] CAPPING events from decorations provider vscode.git 3688
2023-11-26 20:57:55.053 [warning] [Decorations] CAPPING events from decorations provider vscode.git 3631
2023-11-26 20:59:11.504 [warning] [Decorations] CAPPING events from decorations provider vscode.git 3630
2023-11-26 20:59:16.664 [warning] [Decorations] CAPPING events from decorations provider vscode.git 3630
2023-11-26 21:01:36.500 [warning] [Decorations] CAPPING events from decorations provider vscode.git 3630
2023-11-26 21:01:41.654 [warning] [Decorations] CAPPING events from decorations provider vscode.git 3630
2023-11-26 21:01:46.802 [warning] [Decorations] CAPPING events from decorations provider vscode.git 3630
2023-11-26 21:01:51.956 [warning] [Decorations] CAPPING events from decorations provider vscode.git 3630
2023-11-26 21:01:57.152 [warning] [Decorations] CAPPING events from decorations provider vscode.git 3630
2023-11-26 21:02:02.316 [warning] [Decorations] CAPPING events from decorations provider vscode.git 3631
2023-11-26 21:02:05.638 [warning] vscode.json-language-features - Code actions of kind 'quickfix 'requested but returned code action is of kind 'source.sort.json'. Code action will be dropped. Please check 'CodeActionContext.only' to only return requested code actions.
2023-11-26 21:02:07.473 [warning] [Decorations] CAPPING events from decorations provider vscode.git 3630
2023-11-26 21:02:12.640 [warning] [Decorations] CAPPING events from decorations provider vscode.git 3630
2023-11-26 21:02:17.813 [warning] [Decorations] CAPPING events from decorations provider vscode.git 3630
2023-11-26 21:02:22.967 [warning] [Decorations] CAPPING events from decorations provider vscode.git 3630
2023-11-26 21:02:28.116 [warning] [Decorations] CAPPING events from decorations provider vscode.git 3630
2023-11-26 21:02:33.264 [warning] [Decorations] CAPPING events from decorations provider vscode.git 3630
2023-11-26 21:05:59.584 [warning] [Decorations] CAPPING events from decorations provider vscode.git 3630
2023-11-26 21:06:04.855 [warning] [Decorations] CAPPING events from decorations provider vscode.git 3628
2023-11-26 21:06:10.909 [warning] [Decorations] CAPPING events from decorations provider vscode.git 3632
2023-11-26 21:06:16.090 [warning] [Decorations] CAPPING events from decorations provider vscode.git 3632
2023-11-26 21:06:21.978 [warning] [Decorations] CAPPING events from decorations provider vscode.git 3632
2023-11-26 21:06:23.453 [error] Error: Git error
	at ChildProcess.<anonymous> (/root/.vscode-server/bin/1a5daa3a0231a0fbba4f14db7ec463cf99d7768e/extensions/git/dist/main.js:2:1382633)
	at ChildProcess.emit (node:events:525:35)
	at ChildProcess._handle.onexit (node:internal/child_process:291:12)
2023-11-26 21:06:23.454 [error] Error: Git error
	at ChildProcess.<anonymous> (/root/.vscode-server/bin/1a5daa3a0231a0fbba4f14db7ec463cf99d7768e/extensions/git/dist/main.js:2:1382633)
	at ChildProcess.emit (node:events:525:35)
	at ChildProcess._handle.onexit (node:internal/child_process:291:12)
2023-11-26 21:06:23.454 [error] Error: Git error
	at ChildProcess.<anonymous> (/root/.vscode-server/bin/1a5daa3a0231a0fbba4f14db7ec463cf99d7768e/extensions/git/dist/main.js:2:1382633)
	at ChildProcess.emit (node:events:525:35)
	at ChildProcess._handle.onexit (node:internal/child_process:291:12)
2023-11-26 21:06:23.454 [error] Error: Git error
	at ChildProcess.<anonymous> (/root/.vscode-server/bin/1a5daa3a0231a0fbba4f14db7ec463cf99d7768e/extensions/git/dist/main.js:2:1382633)
	at ChildProcess.emit (node:events:525:35)
	at ChildProcess._handle.onexit (node:internal/child_process:291:12)
2023-11-26 21:06:23.454 [error] Error: Git error
	at ChildProcess.<anonymous> (/root/.vscode-server/bin/1a5daa3a0231a0fbba4f14db7ec463cf99d7768e/extensions/git/dist/main.js:2:1382633)
	at ChildProcess.emit (node:events:525:35)
	at ChildProcess._handle.onexit (node:internal/child_process:291:12)
2023-11-26 21:06:23.454 [error] Error: Git error
	at ChildProcess.<anonymous> (/root/.vscode-server/bin/1a5daa3a0231a0fbba4f14db7ec463cf99d7768e/extensions/git/dist/main.js:2:1382633)
	at ChildProcess.emit (node:events:525:35)
	at ChildProcess._handle.onexit (node:internal/child_process:291:12)
2023-11-26 21:06:23.454 [error] Error: Git error
	at ChildProcess.<anonymous> (/root/.vscode-server/bin/1a5daa3a0231a0fbba4f14db7ec463cf99d7768e/extensions/git/dist/main.js:2:1382633)
	at ChildProcess.emit (node:events:525:35)
	at ChildProcess._handle.onexit (node:internal/child_process:291:12)
2023-11-26 21:06:23.454 [error] Error: Git error
	at ChildProcess.<anonymous> (/root/.vscode-server/bin/1a5daa3a0231a0fbba4f14db7ec463cf99d7768e/extensions/git/dist/main.js:2:1382633)
	at ChildProcess.emit (node:events:525:35)
	at ChildProcess._handle.onexit (node:internal/child_process:291:12)
2023-11-26 21:06:23.454 [error] Error: Git error
	at ChildProcess.<anonymous> (/root/.vscode-server/bin/1a5daa3a0231a0fbba4f14db7ec463cf99d7768e/extensions/git/dist/main.js:2:1382633)
	at ChildProcess.emit (node:events:525:35)
	at ChildProcess._handle.onexit (node:internal/child_process:291:12)
2023-11-26 21:06:23.454 [error] Error: Git error
	at ChildProcess.<anonymous> (/root/.vscode-server/bin/1a5daa3a0231a0fbba4f14db7ec463cf99d7768e/extensions/git/dist/main.js:2:1382633)
	at ChildProcess.emit (node:events:525:35)
	at ChildProcess._handle.onexit (node:internal/child_process:291:12)
2023-11-26 21:06:23.454 [error] Error: Git error
	at ChildProcess.<anonymous> (/root/.vscode-server/bin/1a5daa3a0231a0fbba4f14db7ec463cf99d7768e/extensions/git/dist/main.js:2:1382633)
	at ChildProcess.emit (node:events:525:35)
	at ChildProcess._handle.onexit (node:internal/child_process:291:12)
2023-11-26 21:06:23.454 [error] Error: Git error
	at ChildProcess.<anonymous> (/root/.vscode-server/bin/1a5daa3a0231a0fbba4f14db7ec463cf99d7768e/extensions/git/dist/main.js:2:1382633)
	at ChildProcess.emit (node:events:525:35)
	at ChildProcess._handle.onexit (node:internal/child_process:291:12)
2023-11-26 21:06:23.454 [error] Error: Git error
	at ChildProcess.<anonymous> (/root/.vscode-server/bin/1a5daa3a0231a0fbba4f14db7ec463cf99d7768e/extensions/git/dist/main.js:2:1382633)
	at ChildProcess.emit (node:events:525:35)
	at ChildProcess._handle.onexit (node:internal/child_process:291:12)
2023-11-26 21:06:23.454 [error] Error: Git error
	at ChildProcess.<anonymous> (/root/.vscode-server/bin/1a5daa3a0231a0fbba4f14db7ec463cf99d7768e/extensions/git/dist/main.js:2:1382633)
	at ChildProcess.emit (node:events:525:35)
	at ChildProcess._handle.onexit (node:internal/child_process:291:12)
2023-11-26 21:06:23.454 [error] Error: Git error
	at ChildProcess.<anonymous> (/root/.vscode-server/bin/1a5daa3a0231a0fbba4f14db7ec463cf99d7768e/extensions/git/dist/main.js:2:1382633)
	at ChildProcess.emit (node:events:525:35)
	at ChildProcess._handle.onexit (node:internal/child_process:291:12)
2023-11-26 21:06:24.458 [error] Error: Git error
	at ChildProcess.<anonymous> (/root/.vscode-server/bin/1a5daa3a0231a0fbba4f14db7ec463cf99d7768e/extensions/git/dist/main.js:2:1382633)
	at ChildProcess.emit (node:events:525:35)
	at ChildProcess._handle.onexit (node:internal/child_process:291:12)
2023-11-26 21:06:24.466 [error] Error: Git error
	at ChildProcess.<anonymous> (/root/.vscode-server/bin/1a5daa3a0231a0fbba4f14db7ec463cf99d7768e/extensions/git/dist/main.js:2:1382633)
	at ChildProcess.emit (node:events:525:35)
	at ChildProcess._handle.onexit (node:internal/child_process:291:12)
2023-11-26 21:06:24.467 [error] Error: Git error
	at ChildProcess.<anonymous> (/root/.vscode-server/bin/1a5daa3a0231a0fbba4f14db7ec463cf99d7768e/extensions/git/dist/main.js:2:1382633)
	at ChildProcess.emit (node:events:525:35)
	at ChildProcess._handle.onexit (node:internal/child_process:291:12)
2023-11-26 21:06:24.469 [error] Error: Git error
	at ChildProcess.<anonymous> (/root/.vscode-server/bin/1a5daa3a0231a0fbba4f14db7ec463cf99d7768e/extensions/git/dist/main.js:2:1382633)
	at ChildProcess.emit (node:events:525:35)
	at ChildProcess._handle.onexit (node:internal/child_process:291:12)
2023-11-26 21:06:24.470 [error] Error: Git error
	at ChildProcess.<anonymous> (/root/.vscode-server/bin/1a5daa3a0231a0fbba4f14db7ec463cf99d7768e/extensions/git/dist/main.js:2:1382633)
	at ChildProcess.emit (node:events:525:35)
	at ChildProcess._handle.onexit (node:internal/child_process:291:12)
2023-11-26 21:06:24.471 [error] Error: Git error
	at ChildProcess.<anonymous> (/root/.vscode-server/bin/1a5daa3a0231a0fbba4f14db7ec463cf99d7768e/extensions/git/dist/main.js:2:1382633)
	at ChildProcess.emit (node:events:525:35)
	at ChildProcess._handle.onexit (node:internal/child_process:291:12)
2023-11-26 21:06:24.472 [error] Error: Git error
	at ChildProcess.<anonymous> (/root/.vscode-server/bin/1a5daa3a0231a0fbba4f14db7ec463cf99d7768e/extensions/git/dist/main.js:2:1382633)
	at ChildProcess.emit (node:events:525:35)
	at ChildProcess._handle.onexit (node:internal/child_process:291:12)
2023-11-26 21:06:24.473 [error] Error: Git error
	at ChildProcess.<anonymous> (/root/.vscode-server/bin/1a5daa3a0231a0fbba4f14db7ec463cf99d7768e/extensions/git/dist/main.js:2:1382633)
	at ChildProcess.emit (node:events:525:35)
	at ChildProcess._handle.onexit (node:internal/child_process:291:12)
2023-11-26 21:06:24.474 [error] Error: Git error
	at ChildProcess.<anonymous> (/root/.vscode-server/bin/1a5daa3a0231a0fbba4f14db7ec463cf99d7768e/extensions/git/dist/main.js:2:1382633)
	at ChildProcess.emit (node:events:525:35)
	at ChildProcess._handle.onexit (node:internal/child_process:291:12)
2023-11-26 21:06:24.475 [error] Error: Git error
	at ChildProcess.<anonymous> (/root/.vscode-server/bin/1a5daa3a0231a0fbba4f14db7ec463cf99d7768e/extensions/git/dist/main.js:2:1382633)
	at ChildProcess.emit (node:events:525:35)
	at ChildProcess._handle.onexit (node:internal/child_process:291:12)
2023-11-26 21:06:24.476 [error] Error: Git error
	at ChildProcess.<anonymous> (/root/.vscode-server/bin/1a5daa3a0231a0fbba4f14db7ec463cf99d7768e/extensions/git/dist/main.js:2:1382633)
	at ChildProcess.emit (node:events:525:35)
	at ChildProcess._handle.onexit (node:internal/child_process:291:12)
2023-11-26 21:06:24.477 [error] Error: Git error
	at ChildProcess.<anonymous> (/root/.vscode-server/bin/1a5daa3a0231a0fbba4f14db7ec463cf99d7768e/extensions/git/dist/main.js:2:1382633)
	at ChildProcess.emit (node:events:525:35)
	at ChildProcess._handle.onexit (node:internal/child_process:291:12)
2023-11-26 21:06:24.478 [error] Error: Git error
	at ChildProcess.<anonymous> (/root/.vscode-server/bin/1a5daa3a0231a0fbba4f14db7ec463cf99d7768e/extensions/git/dist/main.js:2:1382633)
	at ChildProcess.emit (node:events:525:35)
	at ChildProcess._handle.onexit (node:internal/child_process:291:12)
2023-11-26 21:06:24.479 [error] Error: Git error
	at ChildProcess.<anonymous> (/root/.vscode-server/bin/1a5daa3a0231a0fbba4f14db7ec463cf99d7768e/extensions/git/dist/main.js:2:1382633)
	at ChildProcess.emit (node:events:525:35)
	at ChildProcess._handle.onexit (node:internal/child_process:291:12)
2023-11-26 21:06:24.480 [error] Error: Git error
	at ChildProcess.<anonymous> (/root/.vscode-server/bin/1a5daa3a0231a0fbba4f14db7ec463cf99d7768e/extensions/git/dist/main.js:2:1382633)
	at ChildProcess.emit (node:events:525:35)
	at ChildProcess._handle.onexit (node:internal/child_process:291:12)
2023-11-26 22:26:53.728 [warning] [Decorations] CAPPING events from decorations provider vscode.git 3633
2023-11-26 22:26:58.896 [warning] [Decorations] CAPPING events from decorations provider vscode.git 3633
2023-11-26 22:26:59.630 [warning] vscode.json-language-features - Code actions of kind 'quickfix 'requested but returned code action is of kind 'source.sort.json'. Code action will be dropped. Please check 'CodeActionContext.only' to only return requested code actions.
2023-11-26 22:27:04.051 [warning] [Decorations] CAPPING events from decorations provider vscode.git 3633
2023-11-26 22:27:09.198 [warning] [Decorations] CAPPING events from decorations provider vscode.git 3633
2023-11-26 22:27:14.346 [warning] [Decorations] CAPPING events from decorations provider vscode.git 3634
2023-11-26 22:27:19.520 [warning] [Decorations] CAPPING events from decorations provider vscode.git 3633
2023-11-26 22:27:26.328 [warning] [Decorations] CAPPING events from decorations provider vscode.git 3634
2023-11-26 22:27:31.494 [warning] [Decorations] CAPPING events from decorations provider vscode.git 3633
2023-11-26 22:27:36.644 [warning] [Decorations] CAPPING events from decorations provider vscode.git 3633
2023-11-26 22:27:43.504 [warning] [Decorations] CAPPING events from decorations provider vscode.git 3633
2023-11-26 22:27:48.699 [warning] [Decorations] CAPPING events from decorations provider vscode.git 3633
2023-11-26 22:27:53.858 [warning] [Decorations] CAPPING events from decorations provider vscode.git 3634
2023-11-26 22:27:59.017 [warning] [Decorations] CAPPING events from decorations provider vscode.git 3634
2023-11-26 22:28:01.756 [warning] vscode.json-language-features - Code actions of kind 'quickfix 'requested but returned code action is of kind 'source.sort.json'. Code action will be dropped. Please check 'CodeActionContext.only' to only return requested code actions.
2023-11-26 22:28:04.205 [warning] [Decorations] CAPPING events from decorations provider vscode.git 3634
2023-11-26 22:31:25.583 [warning] [Decorations] CAPPING events from decorations provider vscode.git 3634
2023-11-26 22:31:41.590 [warning] [Decorations] CAPPING events from decorations provider vscode.git 3634
2023-11-26 22:32:16.313 [warning] [Decorations] CAPPING events from decorations provider vscode.git 3634
2023-11-26 22:32:18.531 [warning] vscode.json-language-features - Code actions of kind 'quickfix 'requested but returned code action is of kind 'source.sort.json'. Code action will be dropped. Please check 'CodeActionContext.only' to only return requested code actions.
2023-11-26 22:32:21.405 [warning] [Decorations] CAPPING events from decorations provider vscode.git 3634
2023-11-26 22:32:26.499 [warning] [Decorations] CAPPING events from decorations provider vscode.git 3635
2023-11-26 22:32:28.259 [warning] vscode.json-language-features - Code actions of kind 'quickfix 'requested but returned code action is of kind 'source.sort.json'. Code action will be dropped. Please check 'CodeActionContext.only' to only return requested code actions.
2023-11-26 22:32:31.600 [warning] [Decorations] CAPPING events from decorations provider vscode.git 3635
2023-11-26 22:32:38.223 [warning] [Decorations] CAPPING events from decorations provider vscode.git 3635
2023-11-26 22:32:40.454 [warning] vscode.json-language-features - Code actions of kind 'quickfix 'requested but returned code action is of kind 'source.sort.json'. Code action will be dropped. Please check 'CodeActionContext.only' to only return requested code actions.
2023-11-26 22:32:43.319 [warning] [Decorations] CAPPING events from decorations provider vscode.git 3635
2023-11-26 22:32:48.407 [warning] [Decorations] CAPPING events from decorations provider vscode.git 3636
2023-11-26 22:34:51.270 [warning] [Decorations] CAPPING events from decorations provider vscode.git 3635
2023-11-26 22:37:22.187 [warning] [Decorations] CAPPING events from decorations provider vscode.git 3635
2023-11-26 22:37:30.622 [warning] [Decorations] CAPPING events from decorations provider vscode.git 3635
2023-11-26 22:37:45.745 [warning] [Decorations] CAPPING events from decorations provider vscode.git 3635
2023-11-26 22:43:00.523 [error] Error: Git error
	at ChildProcess.<anonymous> (/root/.vscode-server/bin/1a5daa3a0231a0fbba4f14db7ec463cf99d7768e/extensions/git/dist/main.js:2:1382633)
	at ChildProcess.emit (node:events:525:35)
	at ChildProcess._handle.onexit (node:internal/child_process:291:12)
2023-11-26 22:43:00.523 [error] Error: Git error
	at ChildProcess.<anonymous> (/root/.vscode-server/bin/1a5daa3a0231a0fbba4f14db7ec463cf99d7768e/extensions/git/dist/main.js:2:1382633)
	at ChildProcess.emit (node:events:525:35)
	at ChildProcess._handle.onexit (node:internal/child_process:291:12)
2023-11-26 22:43:00.523 [error] Error: Git error
	at ChildProcess.<anonymous> (/root/.vscode-server/bin/1a5daa3a0231a0fbba4f14db7ec463cf99d7768e/extensions/git/dist/main.js:2:1382633)
	at ChildProcess.emit (node:events:525:35)
	at ChildProcess._handle.onexit (node:internal/child_process:291:12)
2023-11-26 22:43:01.525 [error] Error: Git error
	at ChildProcess.<anonymous> (/root/.vscode-server/bin/1a5daa3a0231a0fbba4f14db7ec463cf99d7768e/extensions/git/dist/main.js:2:1382633)
	at ChildProcess.emit (node:events:525:35)
	at ChildProcess._handle.onexit (node:internal/child_process:291:12)
2023-11-26 22:43:01.527 [error] Error: Git error
	at ChildProcess.<anonymous> (/root/.vscode-server/bin/1a5daa3a0231a0fbba4f14db7ec463cf99d7768e/extensions/git/dist/main.js:2:1382633)
	at ChildProcess.emit (node:events:525:35)
	at ChildProcess._handle.onexit (node:internal/child_process:291:12)
2023-11-26 22:43:01.528 [error] Error: Git error
	at ChildProcess.<anonymous> (/root/.vscode-server/bin/1a5daa3a0231a0fbba4f14db7ec463cf99d7768e/extensions/git/dist/main.js:2:1382633)
	at ChildProcess.emit (node:events:525:35)
	at ChildProcess._handle.onexit (node:internal/child_process:291:12)
2023-11-26 22:44:17.412 [warning] [Decorations] CAPPING events from decorations provider vscode.git 3635
2023-11-26 22:44:59.293 [warning] [Decorations] CAPPING events from decorations provider vscode.git 3635
2023-11-26 22:55:24.604 [warning] [Decorations] CAPPING events from decorations provider vscode.git 3635
2023-11-26 22:55:29.706 [warning] [Decorations] CAPPING events from decorations provider vscode.git 3635
2023-11-26 22:55:38.143 [warning] [Decorations] CAPPING events from decorations provider vscode.git 3635
2023-11-26 22:55:43.246 [warning] [Decorations] CAPPING events from decorations provider vscode.git 3635
2023-11-26 22:55:59.676 [warning] [Decorations] CAPPING events from decorations provider vscode.git 3635
2023-11-26 22:56:04.775 [warning] [Decorations] CAPPING events from decorations provider vscode.git 3635
2023-11-26 22:56:10.253 [warning] [Decorations] CAPPING events from decorations provider vscode.git 3635
2023-11-26 22:56:10.847 [warning] [Decorations] CAPPING events from decorations provider vscode.git 3635
2023-11-26 22:56:15.965 [warning] [Decorations] CAPPING events from decorations provider vscode.git 3635
2023-11-26 22:56:21.080 [warning] [Decorations] CAPPING events from decorations provider vscode.git 3635
2023-11-26 22:56:26.191 [warning] [Decorations] CAPPING events from decorations provider vscode.git 3635
2023-11-26 22:56:31.330 [warning] [Decorations] CAPPING events from decorations provider vscode.git 3635
2023-11-26 22:56:34.111 [warning] [Decorations] CAPPING events from decorations provider vscode.git 3635
2023-11-26 22:56:36.978 [warning] [Decorations] CAPPING events from decorations provider vscode.git 3635
2023-11-26 22:56:42.093 [warning] [Decorations] CAPPING events from decorations provider vscode.git 3635
2023-11-26 22:56:47.207 [warning] [Decorations] CAPPING events from decorations provider vscode.git 3635
2023-11-26 22:56:52.331 [warning] [Decorations] CAPPING events from decorations provider vscode.git 3635
2023-11-26 22:56:57.456 [warning] [Decorations] CAPPING events from decorations provider vscode.git 3635
2023-11-26 22:57:02.588 [warning] [Decorations] CAPPING events from decorations provider vscode.git 3635
2023-11-26 22:57:07.691 [warning] [Decorations] CAPPING events from decorations provider vscode.git 3635
2023-11-26 22:57:12.799 [warning] [Decorations] CAPPING events from decorations provider vscode.git 3635
2023-11-26 22:57:17.985 [warning] [Decorations] CAPPING events from decorations provider vscode.git 3635
2023-11-26 22:57:18.706 [warning] [Decorations] CAPPING events from decorations provider vscode.git 3635
2023-11-26 22:57:23.087 [warning] [Decorations] CAPPING events from decorations provider vscode.git 3635
2023-11-26 22:57:28.182 [warning] [Decorations] CAPPING events from decorations provider vscode.git 3635
2023-11-26 22:57:33.293 [warning] [Decorations] CAPPING events from decorations provider vscode.git 3635
2023-11-26 22:57:38.957 [warning] [Decorations] CAPPING events from decorations provider vscode.git 3635
2023-11-26 22:57:42.680 [warning] [Decorations] CAPPING events from decorations provider vscode.git 3636
2023-11-26 22:57:45.427 [warning] [Decorations] CAPPING events from decorations provider vscode.git 3636
2023-11-26 22:57:50.536 [warning] [Decorations] CAPPING events from decorations provider vscode.git 3636
2023-11-26 22:57:56.800 [warning] [Decorations] CAPPING events from decorations provider vscode.git 3636
