2023-11-25 22:44:46.522 [info] Log level: Info
2023-11-25 22:44:46.522 [info] Validating found git in: "git"
2023-11-25 22:44:46.522 [info] Using git "2.34.1" from "git"
2023-11-25 22:44:46.522 [info] > git rev-parse --show-toplevel [13ms]
2023-11-25 22:44:46.522 [info] > git rev-parse --git-dir --git-common-dir [7ms]
2023-11-25 22:44:46.522 [info] Open repository: /root
2023-11-25 22:44:46.522 [info] > git rev-parse --show-toplevel [67ms]
2023-11-25 22:44:46.522 [info] > git config --get commit.template [106ms]
2023-11-25 22:44:46.526 [info] > git for-each-ref --format=%(refname)%00%(upstream:short)%00%(objectname)%00%(upstream:track)%00%(upstream:remotename)%00%(upstream:remoteref) refs/heads/main refs/remotes/main [7ms]
2023-11-25 22:44:46.948 [info] > git check-ignore -v -z --stdin [3ms]
2023-11-25 22:44:46.988 [info] > git show --textconv :wd201/hello-world/index.js [15ms]
2023-11-25 22:44:46.991 [info] > git ls-files --stage -- /root/wd201/hello-world/index.js [4ms]
2023-11-25 22:44:47.004 [info] > git cat-file -s 617ba665586de8873693ba5797ceed3587dfe1e2 [1ms]
2023-11-25 22:44:48.102 [info] > git status -z -uall [1551ms]
2023-11-25 22:44:48.214 [info] > git config --get commit.template [9ms]
2023-11-25 22:44:48.659 [info] > git for-each-ref --format=%(refname)%00%(upstream:short)%00%(objectname)%00%(upstream:track)%00%(upstream:remotename)%00%(upstream:remoteref) refs/heads/main refs/remotes/main [432ms]
2023-11-25 22:44:48.729 [info] > git status -z -uall [61ms]
2023-11-25 22:44:54.076 [info] > git check-ignore -v -z --stdin [1ms]
2023-11-25 22:44:54.876 [info] > git config --get commit.template [10ms]
2023-11-25 22:44:54.877 [info] > git for-each-ref --format=%(refname)%00%(upstream:short)%00%(objectname)%00%(upstream:track)%00%(upstream:remotename)%00%(upstream:remoteref) refs/heads/main refs/remotes/main [2ms]
2023-11-25 22:44:54.907 [info] > git status -z -uall [23ms]
2023-11-25 22:44:55.959 [info] > git check-ignore -v -z --stdin [1ms]
2023-11-25 22:44:59.947 [info] > git config --get commit.template [2ms]
2023-11-25 22:44:59.959 [info] > git for-each-ref --format=%(refname)%00%(upstream:short)%00%(objectname)%00%(upstream:track)%00%(upstream:remotename)%00%(upstream:remoteref) refs/heads/main refs/remotes/main [2ms]
2023-11-25 22:45:00.007 [info] > git status -z -uall [37ms]
2023-11-25 22:45:05.104 [info] > git config --get commit.template [12ms]
2023-11-25 22:45:05.105 [info] > git for-each-ref --format=%(refname)%00%(upstream:short)%00%(objectname)%00%(upstream:track)%00%(upstream:remotename)%00%(upstream:remoteref) refs/heads/main refs/remotes/main [2ms]
2023-11-25 22:45:05.141 [info] > git status -z -uall [28ms]
2023-11-25 22:45:06.915 [info] > git check-ignore -v -z --stdin [2ms]
2023-11-25 22:45:08.857 [info] > git show --textconv :wd201/hello-world/Random/home.html [10ms]
2023-11-25 22:45:08.857 [info] > git ls-files --stage -- /root/wd201/hello-world/Random/home.html [2ms]
2023-11-25 22:45:08.867 [info] > git cat-file -s 9826524562211eadfad384b1db6f2fd3c376284b [2ms]
2023-11-25 22:45:10.187 [info] > git config --get commit.template [1ms]
2023-11-25 22:45:10.196 [info] > git for-each-ref --format=%(refname)%00%(upstream:short)%00%(objectname)%00%(upstream:track)%00%(upstream:remotename)%00%(upstream:remoteref) refs/heads/main refs/remotes/main [1ms]
2023-11-25 22:45:10.226 [info] > git status -z -uall [22ms]
2023-11-25 22:45:15.290 [info] > git config --get commit.template [9ms]
2023-11-25 22:45:15.290 [info] > git for-each-ref --format=%(refname)%00%(upstream:short)%00%(objectname)%00%(upstream:track)%00%(upstream:remotename)%00%(upstream:remoteref) refs/heads/main refs/remotes/main [2ms]
2023-11-25 22:45:15.317 [info] > git status -z -uall [20ms]
2023-11-25 22:45:20.363 [info] > git config --get commit.template [11ms]
2023-11-25 22:45:20.378 [info] > git for-each-ref --format=%(refname)%00%(upstream:short)%00%(objectname)%00%(upstream:track)%00%(upstream:remotename)%00%(upstream:remoteref) refs/heads/main refs/remotes/main [2ms]
2023-11-25 22:45:20.413 [info] > git status -z -uall [23ms]
2023-11-25 22:45:20.873 [info] > git show --textconv :wd201/hello-world/index.js [15ms]
2023-11-25 22:45:20.873 [info] > git ls-files --stage -- /root/wd201/hello-world/index.js [3ms]
2023-11-25 22:45:20.889 [info] > git cat-file -s 617ba665586de8873693ba5797ceed3587dfe1e2 [5ms]
2023-11-25 22:45:22.969 [info] > git show --textconv :wd201/hello-world/project.html [9ms]
2023-11-25 22:45:22.971 [info] > git ls-files --stage -- /root/wd201/hello-world/project.html [3ms]
2023-11-25 22:45:22.979 [info] > git cat-file -s 3f4282690a0410910dfbdfae1e808505d5f8a7c5 [1ms]
2023-11-25 22:45:25.450 [info] > git config --get commit.template [1ms]
2023-11-25 22:45:25.458 [info] > git for-each-ref --format=%(refname)%00%(upstream:short)%00%(objectname)%00%(upstream:track)%00%(upstream:remotename)%00%(upstream:remoteref) refs/heads/main refs/remotes/main [1ms]
2023-11-25 22:45:25.482 [info] > git status -z -uall [18ms]
2023-11-25 22:46:59.162 [info] > git config --get commit.template [2ms]
2023-11-25 22:46:59.176 [info] > git for-each-ref --format=%(refname)%00%(upstream:short)%00%(objectname)%00%(upstream:track)%00%(upstream:remotename)%00%(upstream:remoteref) refs/heads/main refs/remotes/main [2ms]
2023-11-25 22:46:59.206 [info] > git status -z -uall [23ms]
2023-11-25 22:47:04.256 [info] > git config --get commit.template [1ms]
2023-11-25 22:47:04.264 [info] > git for-each-ref --format=%(refname)%00%(upstream:short)%00%(objectname)%00%(upstream:track)%00%(upstream:remotename)%00%(upstream:remoteref) refs/heads/main refs/remotes/main [1ms]
2023-11-25 22:47:04.289 [info] > git status -z -uall [18ms]
2023-11-25 22:47:09.328 [info] > git config --get commit.template [2ms]
2023-11-25 22:47:09.336 [info] > git for-each-ref --format=%(refname)%00%(upstream:short)%00%(objectname)%00%(upstream:track)%00%(upstream:remotename)%00%(upstream:remoteref) refs/heads/main refs/remotes/main [1ms]
2023-11-25 22:47:09.362 [info] > git status -z -uall [19ms]
2023-11-25 22:47:14.396 [info] > git config --get commit.template [2ms]
2023-11-25 22:47:14.405 [info] > git for-each-ref --format=%(refname)%00%(upstream:short)%00%(objectname)%00%(upstream:track)%00%(upstream:remotename)%00%(upstream:remoteref) refs/heads/main refs/remotes/main [1ms]
2023-11-25 22:47:14.435 [info] > git status -z -uall [22ms]
2023-11-25 22:47:19.474 [info] > git config --get commit.template [1ms]
2023-11-25 22:47:19.482 [info] > git for-each-ref --format=%(refname)%00%(upstream:short)%00%(objectname)%00%(upstream:track)%00%(upstream:remotename)%00%(upstream:remoteref) refs/heads/main refs/remotes/main [1ms]
2023-11-25 22:47:19.507 [info] > git status -z -uall [19ms]
2023-11-25 22:47:24.551 [info] > git config --get commit.template [1ms]
2023-11-25 22:47:24.559 [info] > git for-each-ref --format=%(refname)%00%(upstream:short)%00%(objectname)%00%(upstream:track)%00%(upstream:remotename)%00%(upstream:remoteref) refs/heads/main refs/remotes/main [1ms]
2023-11-25 22:47:24.586 [info] > git status -z -uall [20ms]
2023-11-25 22:47:29.624 [info] > git config --get commit.template [1ms]
2023-11-25 22:47:29.632 [info] > git for-each-ref --format=%(refname)%00%(upstream:short)%00%(objectname)%00%(upstream:track)%00%(upstream:remotename)%00%(upstream:remoteref) refs/heads/main refs/remotes/main [1ms]
2023-11-25 22:47:29.657 [info] > git status -z -uall [19ms]
2023-11-25 22:47:42.083 [info] > git config --get commit.template [2ms]
2023-11-25 22:47:42.094 [info] > git for-each-ref --format=%(refname)%00%(upstream:short)%00%(objectname)%00%(upstream:track)%00%(upstream:remotename)%00%(upstream:remoteref) refs/heads/main refs/remotes/main [3ms]
