2023-11-26 10:54:17.384 [info] Log level: Info
2023-11-26 10:54:17.384 [info] Validating found git in: "git"
2023-11-26 10:54:17.384 [info] Using git "2.34.1" from "git"
2023-11-26 10:54:17.384 [info] > git rev-parse --show-toplevel [36ms]
2023-11-26 10:54:17.384 [info] > git rev-parse --git-dir --git-common-dir [11ms]
2023-11-26 10:54:17.384 [info] Open repository: /root
2023-11-26 10:54:17.389 [info] > git rev-parse --show-toplevel [14ms]
2023-11-26 10:54:17.392 [info] > git config --get commit.template [29ms]
2023-11-26 10:54:17.423 [info] > git for-each-ref --format=%(refname)%00%(upstream:short)%00%(objectname)%00%(upstream:track)%00%(upstream:remotename)%00%(upstream:remoteref) refs/heads/main refs/remotes/main [3ms]
2023-11-26 10:54:17.446 [info] > git rev-parse --show-toplevel [40ms]
2023-11-26 10:54:17.502 [info] > git rev-parse --show-toplevel [41ms]
2023-11-26 10:54:17.546 [info] > git status -z -uall [102ms]
2023-11-26 10:54:17.547 [info] > git rev-parse --show-toplevel [18ms]
2023-11-26 10:54:20.127 [info] > git config --get commit.template [211ms]
2023-11-26 10:54:20.176 [info] > git for-each-ref --format=%(refname)%00%(upstream:short)%00%(objectname)%00%(upstream:track)%00%(upstream:remotename)%00%(upstream:remoteref) refs/heads/main refs/remotes/main [17ms]
2023-11-26 10:54:20.295 [info] > git status -z -uall [84ms]
2023-11-26 10:54:22.306 [info] > git check-ignore -v -z --stdin [1726ms]
2023-11-26 10:54:22.310 [info] > git show --textconv :wd201/hello-world/index.js [192ms]
2023-11-26 10:54:22.310 [info] > git ls-files --stage -- /root/wd201/hello-world/index.js [164ms]
2023-11-26 10:54:22.338 [info] > git cat-file -s 617ba665586de8873693ba5797ceed3587dfe1e2 [7ms]
2023-11-26 10:54:22.618 [info] > git check-ignore -v -z --stdin [13ms]
2023-11-26 10:54:25.349 [info] > git config --get commit.template [1ms]
2023-11-26 10:54:25.365 [info] > git for-each-ref --format=%(refname)%00%(upstream:short)%00%(objectname)%00%(upstream:track)%00%(upstream:remotename)%00%(upstream:remoteref) refs/heads/main refs/remotes/main [2ms]
2023-11-26 10:54:25.425 [info] > git status -z -uall [46ms]
2023-11-26 10:54:28.411 [info] > git check-ignore -v -z --stdin [3ms]
2023-11-26 10:54:30.553 [info] > git config --get commit.template [2ms]
2023-11-26 10:54:30.569 [info] > git for-each-ref --format=%(refname)%00%(upstream:short)%00%(objectname)%00%(upstream:track)%00%(upstream:remotename)%00%(upstream:remoteref) refs/heads/main refs/remotes/main [1ms]
2023-11-26 10:54:30.629 [info] > git status -z -uall [45ms]
2023-11-26 10:54:35.734 [info] > git config --get commit.template [2ms]
2023-11-26 10:54:35.751 [info] > git for-each-ref --format=%(refname)%00%(upstream:short)%00%(objectname)%00%(upstream:track)%00%(upstream:remotename)%00%(upstream:remoteref) refs/heads/main refs/remotes/main [2ms]
2023-11-26 10:54:35.806 [info] > git status -z -uall [41ms]
2023-11-26 10:55:21.229 [info] > git config --get commit.template [6ms]
2023-11-26 10:55:21.270 [info] > git for-each-ref --format=%(refname)%00%(upstream:short)%00%(objectname)%00%(upstream:track)%00%(upstream:remotename)%00%(upstream:remoteref) refs/heads/main refs/remotes/main [2ms]
2023-11-26 10:55:21.333 [info] > git status -z -uall [44ms]
2023-11-26 10:56:21.719 [info] > git config --get commit.template [29ms]
2023-11-26 10:56:21.721 [info] > git for-each-ref --format=%(refname)%00%(upstream:short)%00%(objectname)%00%(upstream:track)%00%(upstream:remotename)%00%(upstream:remoteref) refs/heads/main refs/remotes/main [3ms]
2023-11-26 10:56:21.831 [info] > git status -z -uall [79ms]
2023-11-26 10:56:30.280 [info] > git config --get commit.template [2ms]
2023-11-26 10:56:30.297 [info] > git for-each-ref --format=%(refname)%00%(upstream:short)%00%(objectname)%00%(upstream:track)%00%(upstream:remotename)%00%(upstream:remoteref) refs/heads/main refs/remotes/main [2ms]
2023-11-26 10:56:30.356 [info] > git status -z -uall [44ms]
2023-11-26 10:56:35.468 [info] > git config --get commit.template [5ms]
2023-11-26 10:56:35.492 [info] > git for-each-ref --format=%(refname)%00%(upstream:short)%00%(objectname)%00%(upstream:track)%00%(upstream:remotename)%00%(upstream:remoteref) refs/heads/main refs/remotes/main [2ms]
2023-11-26 10:56:35.564 [info] > git status -z -uall [50ms]
2023-11-26 10:56:40.691 [info] > git config --get commit.template [1ms]
2023-11-26 10:56:40.711 [info] > git for-each-ref --format=%(refname)%00%(upstream:short)%00%(objectname)%00%(upstream:track)%00%(upstream:remotename)%00%(upstream:remoteref) refs/heads/main refs/remotes/main [2ms]
2023-11-26 10:56:40.768 [info] > git status -z -uall [41ms]
2023-11-26 10:56:44.599 [info] > git check-ignore -v -z --stdin [2ms]
2023-11-26 10:56:50.735 [info] > git config --get commit.template [3ms]
2023-11-26 10:56:50.755 [info] > git for-each-ref --format=%(refname)%00%(upstream:short)%00%(objectname)%00%(upstream:track)%00%(upstream:remotename)%00%(upstream:remoteref) refs/heads/main refs/remotes/main [2ms]
2023-11-26 10:56:50.808 [info] > git status -z -uall [38ms]
2023-11-26 10:56:55.930 [info] > git config --get commit.template [3ms]
2023-11-26 10:56:55.967 [info] > git for-each-ref --format=%(refname)%00%(upstream:short)%00%(objectname)%00%(upstream:track)%00%(upstream:remotename)%00%(upstream:remoteref) refs/heads/main refs/remotes/main [6ms]
2023-11-26 10:56:56.042 [info] > git status -z -uall [46ms]
2023-11-26 10:56:58.557 [info] > git check-ignore -v -z --stdin [2ms]
2023-11-26 10:57:00.872 [info] > git check-ignore -v -z --stdin [2ms]
2023-11-26 10:57:01.137 [info] > git config --get commit.template [3ms]
2023-11-26 10:57:01.156 [info] > git for-each-ref --format=%(refname)%00%(upstream:short)%00%(objectname)%00%(upstream:track)%00%(upstream:remotename)%00%(upstream:remoteref) refs/heads/main refs/remotes/main [2ms]
2023-11-26 10:57:01.224 [info] > git status -z -uall [47ms]
2023-11-26 10:57:09.377 [info] > git config --get commit.template [25ms]
2023-11-26 10:57:09.378 [info] > git for-each-ref --format=%(refname)%00%(upstream:short)%00%(objectname)%00%(upstream:track)%00%(upstream:remotename)%00%(upstream:remoteref) refs/heads/main refs/remotes/main [4ms]
2023-11-26 10:57:09.467 [info] > git status -z -uall [63ms]
2023-11-26 10:57:12.980 [info] > git show --textconv :wd201/prev/wd101/index.js [27ms]
2023-11-26 10:57:12.984 [info] > git ls-files --stage -- /root/wd201/prev/wd101/index.js [7ms]
2023-11-26 10:57:14.581 [info] > git config --get commit.template [2ms]
2023-11-26 10:57:14.601 [info] > git for-each-ref --format=%(refname)%00%(upstream:short)%00%(objectname)%00%(upstream:track)%00%(upstream:remotename)%00%(upstream:remoteref) refs/heads/main refs/remotes/main [1ms]
2023-11-26 10:57:14.690 [info] > git status -z -uall [65ms]
2023-11-26 10:57:19.824 [info] > git config --get commit.template [4ms]
2023-11-26 10:57:19.842 [info] > git for-each-ref --format=%(refname)%00%(upstream:short)%00%(objectname)%00%(upstream:track)%00%(upstream:remotename)%00%(upstream:remoteref) refs/heads/main refs/remotes/main [2ms]
2023-11-26 10:57:19.902 [info] > git status -z -uall [44ms]
2023-11-26 10:57:26.927 [info] > git config --get commit.template [2ms]
2023-11-26 10:57:26.944 [info] > git for-each-ref --format=%(refname)%00%(upstream:short)%00%(objectname)%00%(upstream:track)%00%(upstream:remotename)%00%(upstream:remoteref) refs/heads/main refs/remotes/main [2ms]
2023-11-26 10:57:27.001 [info] > git status -z -uall [41ms]
2023-11-26 10:57:32.119 [info] > git config --get commit.template [2ms]
2023-11-26 10:57:32.139 [info] > git for-each-ref --format=%(refname)%00%(upstream:short)%00%(objectname)%00%(upstream:track)%00%(upstream:remotename)%00%(upstream:remoteref) refs/heads/main refs/remotes/main [2ms]
2023-11-26 10:57:32.201 [info] > git status -z -uall [44ms]
2023-11-26 10:57:37.304 [info] > git config --get commit.template [2ms]
2023-11-26 10:57:37.324 [info] > git for-each-ref --format=%(refname)%00%(upstream:short)%00%(objectname)%00%(upstream:track)%00%(upstream:remotename)%00%(upstream:remoteref) refs/heads/main refs/remotes/main [2ms]
2023-11-26 10:57:37.385 [info] > git status -z -uall [45ms]
2023-11-26 10:57:42.491 [info] > git config --get commit.template [1ms]
2023-11-26 10:57:42.511 [info] > git for-each-ref --format=%(refname)%00%(upstream:short)%00%(objectname)%00%(upstream:track)%00%(upstream:remotename)%00%(upstream:remoteref) refs/heads/main refs/remotes/main [1ms]
2023-11-26 10:57:42.566 [info] > git status -z -uall [41ms]
2023-11-26 10:57:44.939 [info] > git check-ignore -v -z --stdin [3ms]
2023-11-26 10:57:47.665 [info] > git config --get commit.template [2ms]
2023-11-26 10:57:47.683 [info] > git for-each-ref --format=%(refname)%00%(upstream:short)%00%(objectname)%00%(upstream:track)%00%(upstream:remotename)%00%(upstream:remoteref) refs/heads/main refs/remotes/main [1ms]
2023-11-26 10:57:47.740 [info] > git status -z -uall [41ms]
2023-11-26 10:57:48.831 [info] > git check-ignore -v -z --stdin [53ms]
2023-11-26 10:57:52.890 [info] > git config --get commit.template [41ms]
2023-11-26 10:57:52.896 [info] > git for-each-ref --format=%(refname)%00%(upstream:short)%00%(objectname)%00%(upstream:track)%00%(upstream:remotename)%00%(upstream:remoteref) refs/heads/main refs/remotes/main [8ms]
2023-11-26 10:57:52.984 [info] > git status -z -uall [60ms]
2023-11-26 10:57:54.048 [info] > git show --textconv :wd201/hello-world/index.js [73ms]
2023-11-26 10:57:54.048 [info] > git ls-files --stage -- /root/wd201/hello-world/index.js [47ms]
2023-11-26 10:57:54.107 [info] > git cat-file -s 617ba665586de8873693ba5797ceed3587dfe1e2 [9ms]
2023-11-26 10:57:57.892 [info] > git show --textconv :wd201/http-server/registration_form/index.html [51ms]
2023-11-26 10:57:57.893 [info] > git ls-files --stage -- /root/wd201/http-server/registration_form/index.html [31ms]
2023-11-26 10:57:58.149 [info] > git config --get commit.template [38ms]
2023-11-26 10:57:58.152 [info] > git for-each-ref --format=%(refname)%00%(upstream:short)%00%(objectname)%00%(upstream:track)%00%(upstream:remotename)%00%(upstream:remoteref) refs/heads/main refs/remotes/main [5ms]
2023-11-26 10:57:58.243 [info] > git status -z -uall [63ms]
2023-11-26 10:58:02.001 [info] > git show --textconv :wd201/http-server/registration_form/index.js [19ms]
2023-11-26 10:58:02.002 [info] > git ls-files --stage -- /root/wd201/http-server/registration_form/index.js [2ms]
2023-11-26 10:58:03.396 [info] > git config --get commit.template [26ms]
2023-11-26 10:58:03.398 [info] > git for-each-ref --format=%(refname)%00%(upstream:short)%00%(objectname)%00%(upstream:track)%00%(upstream:remotename)%00%(upstream:remoteref) refs/heads/main refs/remotes/main [3ms]
2023-11-26 10:58:03.460 [info] > git status -z -uall [41ms]
2023-11-26 10:58:13.534 [info] > git config --get commit.template [2ms]
2023-11-26 10:58:13.558 [info] > git for-each-ref --format=%(refname)%00%(upstream:short)%00%(objectname)%00%(upstream:track)%00%(upstream:remotename)%00%(upstream:remoteref) refs/heads/main refs/remotes/main [3ms]
2023-11-26 10:58:13.647 [info] > git status -z -uall [66ms]
2023-11-26 10:58:16.715 [info] > git show --textconv :wd201/hello-world/index.js [19ms]
2023-11-26 10:58:16.715 [info] > git ls-files --stage -- /root/wd201/hello-world/index.js [2ms]
2023-11-26 10:58:16.736 [info] > git cat-file -s 617ba665586de8873693ba5797ceed3587dfe1e2 [3ms]
2023-11-26 10:58:18.782 [info] > git config --get commit.template [18ms]
2023-11-26 10:58:18.783 [info] > git for-each-ref --format=%(refname)%00%(upstream:short)%00%(objectname)%00%(upstream:track)%00%(upstream:remotename)%00%(upstream:remoteref) refs/heads/main refs/remotes/main [2ms]
2023-11-26 10:58:18.845 [info] > git status -z -uall [45ms]
2023-11-26 10:58:21.462 [info] > git show --textconv :wd201/http-server/registration_form/index.js [22ms]
2023-11-26 10:58:21.465 [info] > git ls-files --stage -- /root/wd201/http-server/registration_form/index.js [6ms]
2023-11-26 10:58:23.950 [info] > git config --get commit.template [4ms]
2023-11-26 10:58:23.968 [info] > git for-each-ref --format=%(refname)%00%(upstream:short)%00%(objectname)%00%(upstream:track)%00%(upstream:remotename)%00%(upstream:remoteref) refs/heads/main refs/remotes/main [2ms]
2023-11-26 10:58:24.021 [info] > git status -z -uall [38ms]
2023-11-26 10:58:25.478 [info] > git show --textconv :wd201/http-server/index.js [33ms]
2023-11-26 10:58:25.481 [info] > git ls-files --stage -- /root/wd201/http-server/index.js [6ms]
2023-11-26 10:58:28.509 [info] > git show --textconv :wd201/http-server/registration_form/index.js [25ms]
2023-11-26 10:58:28.511 [info] > git ls-files --stage -- /root/wd201/http-server/registration_form/index.js [6ms]
2023-11-26 10:58:29.148 [info] > git config --get commit.template [23ms]
2023-11-26 10:58:29.149 [info] > git for-each-ref --format=%(refname)%00%(upstream:short)%00%(objectname)%00%(upstream:track)%00%(upstream:remotename)%00%(upstream:remoteref) refs/heads/main refs/remotes/main [3ms]
2023-11-26 10:58:29.207 [info] > git status -z -uall [42ms]
2023-11-26 10:58:30.694 [info] > git show --textconv :wd201/http-server/registration_form/index.html [14ms]
2023-11-26 10:58:30.695 [info] > git ls-files --stage -- /root/wd201/http-server/registration_form/index.html [2ms]
2023-11-26 10:58:31.070 [info] > git check-ignore -v -z --stdin [2ms]
2023-11-26 10:58:34.338 [info] > git config --get commit.template [3ms]
2023-11-26 10:58:34.361 [info] > git for-each-ref --format=%(refname)%00%(upstream:short)%00%(objectname)%00%(upstream:track)%00%(upstream:remotename)%00%(upstream:remoteref) refs/heads/main refs/remotes/main [3ms]
2023-11-26 10:58:34.444 [info] > git status -z -uall [62ms]
2023-11-26 10:58:35.875 [info] > git show --textconv :wd201/http-server/index.js [29ms]
2023-11-26 10:58:35.880 [info] > git ls-files --stage -- /root/wd201/http-server/index.js [6ms]
2023-11-26 10:58:39.559 [info] > git config --get commit.template [2ms]
2023-11-26 10:58:39.578 [info] > git for-each-ref --format=%(refname)%00%(upstream:short)%00%(objectname)%00%(upstream:track)%00%(upstream:remotename)%00%(upstream:remoteref) refs/heads/main refs/remotes/main [1ms]
2023-11-26 10:58:39.639 [info] > git status -z -uall [44ms]
2023-11-26 10:58:40.564 [info] > git check-ignore -v -z --stdin [17ms]
2023-11-26 10:58:44.739 [info] > git config --get commit.template [1ms]
2023-11-26 10:58:44.759 [info] > git for-each-ref --format=%(refname)%00%(upstream:short)%00%(objectname)%00%(upstream:track)%00%(upstream:remotename)%00%(upstream:remoteref) refs/heads/main refs/remotes/main [2ms]
2023-11-26 10:58:44.814 [info] > git status -z -uall [39ms]
2023-11-26 10:58:49.921 [info] > git config --get commit.template [19ms]
2023-11-26 10:58:49.922 [info] > git for-each-ref --format=%(refname)%00%(upstream:short)%00%(objectname)%00%(upstream:track)%00%(upstream:remotename)%00%(upstream:remoteref) refs/heads/main refs/remotes/main [2ms]
2023-11-26 10:58:50.035 [info] > git status -z -uall [65ms]
2023-11-26 10:58:55.142 [info] > git config --get commit.template [2ms]
2023-11-26 10:58:55.161 [info] > git for-each-ref --format=%(refname)%00%(upstream:short)%00%(objectname)%00%(upstream:track)%00%(upstream:remotename)%00%(upstream:remoteref) refs/heads/main refs/remotes/main [2ms]
2023-11-26 10:58:55.220 [info] > git status -z -uall [43ms]
2023-11-26 10:59:00.321 [info] > git config --get commit.template [2ms]
2023-11-26 10:59:00.344 [info] > git for-each-ref --format=%(refname)%00%(upstream:short)%00%(objectname)%00%(upstream:track)%00%(upstream:remotename)%00%(upstream:remoteref) refs/heads/main refs/remotes/main [1ms]
2023-11-26 10:59:00.419 [info] > git status -z -uall [59ms]
2023-11-26 10:59:05.542 [info] > git config --get commit.template [21ms]
2023-11-26 10:59:05.543 [info] > git for-each-ref --format=%(refname)%00%(upstream:short)%00%(objectname)%00%(upstream:track)%00%(upstream:remotename)%00%(upstream:remoteref) refs/heads/main refs/remotes/main [2ms]
2023-11-26 10:59:05.606 [info] > git status -z -uall [43ms]
2023-11-26 10:59:10.707 [info] > git config --get commit.template [3ms]
2023-11-26 10:59:10.747 [info] > git for-each-ref --format=%(refname)%00%(upstream:short)%00%(objectname)%00%(upstream:track)%00%(upstream:remotename)%00%(upstream:remoteref) refs/heads/main refs/remotes/main [4ms]
2023-11-26 10:59:10.831 [info] > git status -z -uall [49ms]
2023-11-26 10:59:15.950 [info] > git config --get commit.template [2ms]
2023-11-26 10:59:15.969 [info] > git for-each-ref --format=%(refname)%00%(upstream:short)%00%(objectname)%00%(upstream:track)%00%(upstream:remotename)%00%(upstream:remoteref) refs/heads/main refs/remotes/main [2ms]
2023-11-26 10:59:16.023 [info] > git status -z -uall [39ms]
2023-11-26 10:59:21.146 [info] > git config --get commit.template [4ms]
2023-11-26 10:59:21.173 [info] > git for-each-ref --format=%(refname)%00%(upstream:short)%00%(objectname)%00%(upstream:track)%00%(upstream:remotename)%00%(upstream:remoteref) refs/heads/main refs/remotes/main [3ms]
2023-11-26 10:59:21.237 [info] > git status -z -uall [45ms]
2023-11-26 10:59:26.348 [info] > git config --get commit.template [3ms]
2023-11-26 10:59:26.368 [info] > git for-each-ref --format=%(refname)%00%(upstream:short)%00%(objectname)%00%(upstream:track)%00%(upstream:remotename)%00%(upstream:remoteref) refs/heads/main refs/remotes/main [2ms]
2023-11-26 10:59:26.425 [info] > git status -z -uall [40ms]
2023-11-26 10:59:34.413 [info] > git config --get commit.template [3ms]
2023-11-26 10:59:34.439 [info] > git for-each-ref --format=%(refname)%00%(upstream:short)%00%(objectname)%00%(upstream:track)%00%(upstream:remotename)%00%(upstream:remoteref) refs/heads/main refs/remotes/main [2ms]
2023-11-26 10:59:34.509 [info] > git status -z -uall [51ms]
2023-11-26 10:59:39.612 [info] > git config --get commit.template [5ms]
2023-11-26 10:59:39.638 [info] > git for-each-ref --format=%(refname)%00%(upstream:short)%00%(objectname)%00%(upstream:track)%00%(upstream:remotename)%00%(upstream:remoteref) refs/heads/main refs/remotes/main [2ms]
2023-11-26 10:59:39.739 [info] > git status -z -uall [67ms]
2023-11-26 10:59:44.854 [info] > git config --get commit.template [2ms]
2023-11-26 10:59:44.872 [info] > git for-each-ref --format=%(refname)%00%(upstream:short)%00%(objectname)%00%(upstream:track)%00%(upstream:remotename)%00%(upstream:remoteref) refs/heads/main refs/remotes/main [1ms]
2023-11-26 10:59:44.948 [info] > git status -z -uall [59ms]
2023-11-26 10:59:52.985 [info] > git config --get commit.template [2ms]
2023-11-26 10:59:53.004 [info] > git for-each-ref --format=%(refname)%00%(upstream:short)%00%(objectname)%00%(upstream:track)%00%(upstream:remotename)%00%(upstream:remoteref) refs/heads/main refs/remotes/main [1ms]
2023-11-26 10:59:53.065 [info] > git status -z -uall [45ms]
2023-11-26 10:59:58.187 [info] > git config --get commit.template [20ms]
2023-11-26 10:59:58.188 [info] > git for-each-ref --format=%(refname)%00%(upstream:short)%00%(objectname)%00%(upstream:track)%00%(upstream:remotename)%00%(upstream:remoteref) refs/heads/main refs/remotes/main [2ms]
2023-11-26 10:59:58.247 [info] > git status -z -uall [42ms]
2023-11-26 11:00:03.360 [info] > git config --get commit.template [2ms]
2023-11-26 11:00:03.378 [info] > git for-each-ref --format=%(refname)%00%(upstream:short)%00%(objectname)%00%(upstream:track)%00%(upstream:remotename)%00%(upstream:remoteref) refs/heads/main refs/remotes/main [2ms]
2023-11-26 11:00:03.450 [info] > git status -z -uall [55ms]
2023-11-26 11:00:08.555 [info] > git config --get commit.template [3ms]
2023-11-26 11:00:08.575 [info] > git for-each-ref --format=%(refname)%00%(upstream:short)%00%(objectname)%00%(upstream:track)%00%(upstream:remotename)%00%(upstream:remoteref) refs/heads/main refs/remotes/main [2ms]
2023-11-26 11:00:08.633 [info] > git status -z -uall [42ms]
2023-11-26 11:00:13.738 [info] > git config --get commit.template [3ms]
2023-11-26 11:00:13.759 [info] > git for-each-ref --format=%(refname)%00%(upstream:short)%00%(objectname)%00%(upstream:track)%00%(upstream:remotename)%00%(upstream:remoteref) refs/heads/main refs/remotes/main [2ms]
2023-11-26 11:00:13.829 [info] > git status -z -uall [49ms]
2023-11-26 11:00:18.935 [info] > git config --get commit.template [3ms]
2023-11-26 11:00:18.956 [info] > git for-each-ref --format=%(refname)%00%(upstream:short)%00%(objectname)%00%(upstream:track)%00%(upstream:remotename)%00%(upstream:remoteref) refs/heads/main refs/remotes/main [3ms]
2023-11-26 11:00:19.014 [info] > git status -z -uall [41ms]
2023-11-26 11:00:24.131 [info] > git config --get commit.template [4ms]
2023-11-26 11:00:24.152 [info] > git for-each-ref --format=%(refname)%00%(upstream:short)%00%(objectname)%00%(upstream:track)%00%(upstream:remotename)%00%(upstream:remoteref) refs/heads/main refs/remotes/main [2ms]
2023-11-26 11:00:24.226 [info] > git status -z -uall [52ms]
2023-11-26 11:00:29.381 [info] > git config --get commit.template [3ms]
2023-11-26 11:00:29.410 [info] > git for-each-ref --format=%(refname)%00%(upstream:short)%00%(objectname)%00%(upstream:track)%00%(upstream:remotename)%00%(upstream:remoteref) refs/heads/main refs/remotes/main [3ms]
2023-11-26 11:00:29.482 [info] > git status -z -uall [48ms]
2023-11-26 11:00:34.588 [info] > git config --get commit.template [2ms]
2023-11-26 11:00:34.617 [info] > git for-each-ref --format=%(refname)%00%(upstream:short)%00%(objectname)%00%(upstream:track)%00%(upstream:remotename)%00%(upstream:remoteref) refs/heads/main refs/remotes/main [2ms]
2023-11-26 11:00:34.682 [info] > git status -z -uall [44ms]
2023-11-26 11:00:39.785 [info] > git config --get commit.template [2ms]
2023-11-26 11:00:39.804 [info] > git for-each-ref --format=%(refname)%00%(upstream:short)%00%(objectname)%00%(upstream:track)%00%(upstream:remotename)%00%(upstream:remoteref) refs/heads/main refs/remotes/main [2ms]
2023-11-26 11:00:39.867 [info] > git status -z -uall [45ms]
2023-11-26 11:00:44.964 [info] > git config --get commit.template [1ms]
2023-11-26 11:00:44.982 [info] > git for-each-ref --format=%(refname)%00%(upstream:short)%00%(objectname)%00%(upstream:track)%00%(upstream:remotename)%00%(upstream:remoteref) refs/heads/main refs/remotes/main [1ms]
2023-11-26 11:00:45.040 [info] > git status -z -uall [40ms]
2023-11-26 11:01:26.121 [info] > git config --get commit.template [2ms]
2023-11-26 11:01:26.143 [info] > git for-each-ref --format=%(refname)%00%(upstream:short)%00%(objectname)%00%(upstream:track)%00%(upstream:remotename)%00%(upstream:remoteref) refs/heads/main refs/remotes/main [3ms]
2023-11-26 11:01:26.214 [info] > git status -z -uall [55ms]
2023-11-26 11:01:31.377 [info] > git config --get commit.template [4ms]
2023-11-26 11:01:31.403 [info] > git for-each-ref --format=%(refname)%00%(upstream:short)%00%(objectname)%00%(upstream:track)%00%(upstream:remotename)%00%(upstream:remoteref) refs/heads/main refs/remotes/main [1ms]
2023-11-26 11:01:31.489 [info] > git status -z -uall [59ms]
2023-11-26 11:01:33.426 [info] > git show --textconv :wd201/http-server/project.html [37ms]
2023-11-26 11:01:33.433 [info] > git ls-files --stage -- /root/wd201/http-server/project.html [11ms]
2023-11-26 11:01:36.637 [info] > git config --get commit.template [18ms]
2023-11-26 11:01:36.638 [info] > git for-each-ref --format=%(refname)%00%(upstream:short)%00%(objectname)%00%(upstream:track)%00%(upstream:remotename)%00%(upstream:remoteref) refs/heads/main refs/remotes/main [2ms]
2023-11-26 11:01:36.694 [info] > git status -z -uall [41ms]
2023-11-26 11:01:41.845 [info] > git config --get commit.template [28ms]
2023-11-26 11:01:41.847 [info] > git for-each-ref --format=%(refname)%00%(upstream:short)%00%(objectname)%00%(upstream:track)%00%(upstream:remotename)%00%(upstream:remoteref) refs/heads/main refs/remotes/main [4ms]
2023-11-26 11:01:41.927 [info] > git status -z -uall [54ms]
2023-11-26 11:01:44.278 [info] > git show --textconv :wd201/http-server/registration_form/index.html [20ms]
2023-11-26 11:01:44.278 [info] > git ls-files --stage -- /root/wd201/http-server/registration_form/index.html [2ms]
2023-11-26 11:01:46.351 [info] > git show --textconv :wd201/http-server/project.html [19ms]
2023-11-26 11:01:46.352 [info] > git ls-files --stage -- /root/wd201/http-server/project.html [1ms]
2023-11-26 11:01:47.040 [info] > git config --get commit.template [4ms]
2023-11-26 11:01:47.062 [info] > git for-each-ref --format=%(refname)%00%(upstream:short)%00%(objectname)%00%(upstream:track)%00%(upstream:remotename)%00%(upstream:remoteref) refs/heads/main refs/remotes/main [2ms]
2023-11-26 11:01:47.125 [info] > git status -z -uall [43ms]
2023-11-26 11:01:48.742 [info] > git show --textconv :wd201/http-server/registration_form/index.html [19ms]
2023-11-26 11:01:48.743 [info] > git ls-files --stage -- /root/wd201/http-server/registration_form/index.html [2ms]
2023-11-26 11:01:52.234 [info] > git config --get commit.template [2ms]
2023-11-26 11:01:52.257 [info] > git for-each-ref --format=%(refname)%00%(upstream:short)%00%(objectname)%00%(upstream:track)%00%(upstream:remotename)%00%(upstream:remoteref) refs/heads/main refs/remotes/main [2ms]
2023-11-26 11:01:52.324 [info] > git status -z -uall [46ms]
2023-11-26 11:01:57.420 [info] > git config --get commit.template [2ms]
2023-11-26 11:01:57.438 [info] > git for-each-ref --format=%(refname)%00%(upstream:short)%00%(objectname)%00%(upstream:track)%00%(upstream:remotename)%00%(upstream:remoteref) refs/heads/main refs/remotes/main [1ms]
2023-11-26 11:01:57.496 [info] > git status -z -uall [41ms]
2023-11-26 11:02:02.600 [info] > git config --get commit.template [1ms]
2023-11-26 11:02:02.619 [info] > git for-each-ref --format=%(refname)%00%(upstream:short)%00%(objectname)%00%(upstream:track)%00%(upstream:remotename)%00%(upstream:remoteref) refs/heads/main refs/remotes/main [2ms]
2023-11-26 11:02:02.680 [info] > git status -z -uall [45ms]
2023-11-26 11:02:07.798 [info] > git config --get commit.template [19ms]
2023-11-26 11:02:07.798 [info] > git for-each-ref --format=%(refname)%00%(upstream:short)%00%(objectname)%00%(upstream:track)%00%(upstream:remotename)%00%(upstream:remoteref) refs/heads/main refs/remotes/main [2ms]
2023-11-26 11:02:07.853 [info] > git status -z -uall [37ms]
2023-11-26 11:02:12.953 [info] > git config --get commit.template [2ms]
2023-11-26 11:02:12.974 [info] > git for-each-ref --format=%(refname)%00%(upstream:short)%00%(objectname)%00%(upstream:track)%00%(upstream:remotename)%00%(upstream:remoteref) refs/heads/main refs/remotes/main [3ms]
2023-11-26 11:02:13.032 [info] > git status -z -uall [41ms]
2023-11-26 11:02:18.133 [info] > git config --get commit.template [3ms]
2023-11-26 11:02:18.155 [info] > git for-each-ref --format=%(refname)%00%(upstream:short)%00%(objectname)%00%(upstream:track)%00%(upstream:remotename)%00%(upstream:remoteref) refs/heads/main refs/remotes/main [3ms]
2023-11-26 11:02:18.226 [info] > git status -z -uall [43ms]
2023-11-26 11:02:24.198 [info] > git config --get commit.template [3ms]
2023-11-26 11:02:24.222 [info] > git for-each-ref --format=%(refname)%00%(upstream:short)%00%(objectname)%00%(upstream:track)%00%(upstream:remotename)%00%(upstream:remoteref) refs/heads/main refs/remotes/main [2ms]
2023-11-26 11:02:24.294 [info] > git status -z -uall [48ms]
2023-11-26 11:02:29.325 [info] > git show --textconv :wd201/http-server/registration_form/registration.html [22ms]
2023-11-26 11:02:29.326 [info] > git ls-files --stage -- /root/wd201/http-server/registration_form/registration.html [3ms]
2023-11-26 11:02:29.412 [info] > git config --get commit.template [2ms]
2023-11-26 11:02:29.431 [info] > git for-each-ref --format=%(refname)%00%(upstream:short)%00%(objectname)%00%(upstream:track)%00%(upstream:remotename)%00%(upstream:remoteref) refs/heads/main refs/remotes/main [1ms]
2023-11-26 11:02:29.494 [info] > git status -z -uall [45ms]
2023-11-26 11:02:29.601 [info] > git check-ignore -v -z --stdin [6ms]
2023-11-26 11:02:33.818 [info] > git show --textconv :wd201/http-server/project.html [19ms]
2023-11-26 11:02:33.819 [info] > git ls-files --stage -- /root/wd201/http-server/project.html [2ms]
2023-11-26 11:02:34.595 [info] > git config --get commit.template [3ms]
2023-11-26 11:02:34.620 [info] > git for-each-ref --format=%(refname)%00%(upstream:short)%00%(objectname)%00%(upstream:track)%00%(upstream:remotename)%00%(upstream:remoteref) refs/heads/main refs/remotes/main [2ms]
2023-11-26 11:02:34.685 [info] > git status -z -uall [41ms]
2023-11-26 11:02:39.805 [info] > git config --get commit.template [22ms]
2023-11-26 11:02:39.806 [info] > git for-each-ref --format=%(refname)%00%(upstream:short)%00%(objectname)%00%(upstream:track)%00%(upstream:remotename)%00%(upstream:remoteref) refs/heads/main refs/remotes/main [3ms]
2023-11-26 11:02:39.882 [info] > git status -z -uall [57ms]
2023-11-26 11:02:45.019 [info] > git config --get commit.template [2ms]
2023-11-26 11:02:45.036 [info] > git for-each-ref --format=%(refname)%00%(upstream:short)%00%(objectname)%00%(upstream:track)%00%(upstream:remotename)%00%(upstream:remoteref) refs/heads/main refs/remotes/main [1ms]
2023-11-26 11:02:45.092 [info] > git status -z -uall [39ms]
2023-11-26 11:02:50.195 [info] > git config --get commit.template [3ms]
2023-11-26 11:02:50.217 [info] > git for-each-ref --format=%(refname)%00%(upstream:short)%00%(objectname)%00%(upstream:track)%00%(upstream:remotename)%00%(upstream:remoteref) refs/heads/main refs/remotes/main [1ms]
2023-11-26 11:02:50.277 [info] > git status -z -uall [43ms]
2023-11-26 11:02:55.384 [info] > git config --get commit.template [4ms]
2023-11-26 11:02:55.406 [info] > git for-each-ref --format=%(refname)%00%(upstream:short)%00%(objectname)%00%(upstream:track)%00%(upstream:remotename)%00%(upstream:remoteref) refs/heads/main refs/remotes/main [2ms]
2023-11-26 11:02:55.469 [info] > git status -z -uall [42ms]
2023-11-26 11:03:07.270 [info] > git config --get commit.template [48ms]
2023-11-26 11:03:07.272 [info] > git for-each-ref --format=%(refname)%00%(upstream:short)%00%(objectname)%00%(upstream:track)%00%(upstream:remotename)%00%(upstream:remoteref) refs/heads/main refs/remotes/main [4ms]
2023-11-26 11:03:07.359 [info] > git status -z -uall [56ms]
2023-11-26 11:03:09.434 [info] > git show --textconv :wd201/http-server/index.js [17ms]
2023-11-26 11:03:09.437 [info] > git ls-files --stage -- /root/wd201/http-server/index.js [6ms]
2023-11-26 11:03:12.472 [info] > git config --get commit.template [2ms]
2023-11-26 11:03:12.499 [info] > git for-each-ref --format=%(refname)%00%(upstream:short)%00%(objectname)%00%(upstream:track)%00%(upstream:remotename)%00%(upstream:remoteref) refs/heads/main refs/remotes/main [2ms]
2023-11-26 11:03:12.557 [info] > git status -z -uall [41ms]
2023-11-26 11:03:17.678 [info] > git config --get commit.template [2ms]
2023-11-26 11:03:17.720 [info] > git for-each-ref --format=%(refname)%00%(upstream:short)%00%(objectname)%00%(upstream:track)%00%(upstream:remotename)%00%(upstream:remoteref) refs/heads/main refs/remotes/main [5ms]
2023-11-26 11:03:17.794 [info] > git status -z -uall [48ms]
2023-11-26 11:03:22.917 [info] > git config --get commit.template [20ms]
2023-11-26 11:03:22.918 [info] > git for-each-ref --format=%(refname)%00%(upstream:short)%00%(objectname)%00%(upstream:track)%00%(upstream:remotename)%00%(upstream:remoteref) refs/heads/main refs/remotes/main [2ms]
2023-11-26 11:03:22.981 [info] > git status -z -uall [41ms]
2023-11-26 11:03:28.067 [info] > git config --get commit.template [2ms]
2023-11-26 11:03:28.087 [info] > git for-each-ref --format=%(refname)%00%(upstream:short)%00%(objectname)%00%(upstream:track)%00%(upstream:remotename)%00%(upstream:remoteref) refs/heads/main refs/remotes/main [2ms]
2023-11-26 11:03:28.154 [info] > git status -z -uall [50ms]
2023-11-26 11:03:33.256 [info] > git config --get commit.template [1ms]
2023-11-26 11:03:33.274 [info] > git for-each-ref --format=%(refname)%00%(upstream:short)%00%(objectname)%00%(upstream:track)%00%(upstream:remotename)%00%(upstream:remoteref) refs/heads/main refs/remotes/main [2ms]
2023-11-26 11:03:33.335 [info] > git status -z -uall [42ms]
2023-11-26 11:03:38.458 [info] > git config --get commit.template [23ms]
2023-11-26 11:03:38.459 [info] > git for-each-ref --format=%(refname)%00%(upstream:short)%00%(objectname)%00%(upstream:track)%00%(upstream:remotename)%00%(upstream:remoteref) refs/heads/main refs/remotes/main [3ms]
2023-11-26 11:03:38.522 [info] > git status -z -uall [44ms]
2023-11-26 11:03:43.680 [info] > git config --get commit.template [29ms]
2023-11-26 11:03:43.681 [info] > git for-each-ref --format=%(refname)%00%(upstream:short)%00%(objectname)%00%(upstream:track)%00%(upstream:remotename)%00%(upstream:remoteref) refs/heads/main refs/remotes/main [3ms]
2023-11-26 11:03:43.744 [info] > git status -z -uall [42ms]
2023-11-26 11:03:48.877 [info] > git config --get commit.template [21ms]
2023-11-26 11:03:48.878 [info] > git for-each-ref --format=%(refname)%00%(upstream:short)%00%(objectname)%00%(upstream:track)%00%(upstream:remotename)%00%(upstream:remoteref) refs/heads/main refs/remotes/main [2ms]
2023-11-26 11:03:48.941 [info] > git status -z -uall [46ms]
2023-11-26 11:03:57.921 [info] > git config --get commit.template [22ms]
2023-11-26 11:03:57.921 [info] > git for-each-ref --format=%(refname)%00%(upstream:short)%00%(objectname)%00%(upstream:track)%00%(upstream:remotename)%00%(upstream:remoteref) refs/heads/main refs/remotes/main [2ms]
2023-11-26 11:03:57.993 [info] > git status -z -uall [55ms]
2023-11-26 11:04:03.117 [info] > git config --get commit.template [20ms]
2023-11-26 11:04:03.118 [info] > git for-each-ref --format=%(refname)%00%(upstream:short)%00%(objectname)%00%(upstream:track)%00%(upstream:remotename)%00%(upstream:remoteref) refs/heads/main refs/remotes/main [2ms]
2023-11-26 11:04:03.176 [info] > git status -z -uall [41ms]
2023-11-26 11:04:08.305 [info] > git config --get commit.template [25ms]
2023-11-26 11:04:08.305 [info] > git for-each-ref --format=%(refname)%00%(upstream:short)%00%(objectname)%00%(upstream:track)%00%(upstream:remotename)%00%(upstream:remoteref) refs/heads/main refs/remotes/main [2ms]
2023-11-26 11:04:08.367 [info] > git status -z -uall [42ms]
2023-11-26 11:04:13.463 [info] > git config --get commit.template [2ms]
2023-11-26 11:04:13.484 [info] > git for-each-ref --format=%(refname)%00%(upstream:short)%00%(objectname)%00%(upstream:track)%00%(upstream:remotename)%00%(upstream:remoteref) refs/heads/main refs/remotes/main [2ms]
2023-11-26 11:04:13.544 [info] > git status -z -uall [42ms]
2023-11-26 11:04:18.648 [info] > git config --get commit.template [2ms]
2023-11-26 11:04:18.669 [info] > git for-each-ref --format=%(refname)%00%(upstream:short)%00%(objectname)%00%(upstream:track)%00%(upstream:remotename)%00%(upstream:remoteref) refs/heads/main refs/remotes/main [1ms]
2023-11-26 11:04:18.732 [info] > git status -z -uall [46ms]
2023-11-26 11:04:23.835 [info] > git config --get commit.template [2ms]
2023-11-26 11:04:23.856 [info] > git for-each-ref --format=%(refname)%00%(upstream:short)%00%(objectname)%00%(upstream:track)%00%(upstream:remotename)%00%(upstream:remoteref) refs/heads/main refs/remotes/main [2ms]
2023-11-26 11:04:23.914 [info] > git status -z -uall [40ms]
2023-11-26 11:04:29.041 [info] > git config --get commit.template [24ms]
2023-11-26 11:04:29.042 [info] > git for-each-ref --format=%(refname)%00%(upstream:short)%00%(objectname)%00%(upstream:track)%00%(upstream:remotename)%00%(upstream:remoteref) refs/heads/main refs/remotes/main [2ms]
2023-11-26 11:04:29.100 [info] > git status -z -uall [39ms]
2023-11-26 11:04:35.037 [info] > git config --get commit.template [2ms]
2023-11-26 11:04:35.057 [info] > git for-each-ref --format=%(refname)%00%(upstream:short)%00%(objectname)%00%(upstream:track)%00%(upstream:remotename)%00%(upstream:remoteref) refs/heads/main refs/remotes/main [2ms]
2023-11-26 11:04:35.120 [info] > git status -z -uall [42ms]
2023-11-26 11:04:40.250 [info] > git config --get commit.template [23ms]
2023-11-26 11:04:40.251 [info] > git for-each-ref --format=%(refname)%00%(upstream:short)%00%(objectname)%00%(upstream:track)%00%(upstream:remotename)%00%(upstream:remoteref) refs/heads/main refs/remotes/main [2ms]
2023-11-26 11:04:40.310 [info] > git status -z -uall [40ms]
2023-11-26 11:04:46.253 [info] > git config --get commit.template [2ms]
2023-11-26 11:04:46.274 [info] > git for-each-ref --format=%(refname)%00%(upstream:short)%00%(objectname)%00%(upstream:track)%00%(upstream:remotename)%00%(upstream:remoteref) refs/heads/main refs/remotes/main [2ms]
2023-11-26 11:04:46.332 [info] > git status -z -uall [41ms]
2023-11-26 11:04:51.448 [info] > git config --get commit.template [3ms]
2023-11-26 11:04:51.469 [info] > git for-each-ref --format=%(refname)%00%(upstream:short)%00%(objectname)%00%(upstream:track)%00%(upstream:remotename)%00%(upstream:remoteref) refs/heads/main refs/remotes/main [2ms]
2023-11-26 11:04:51.536 [info] > git status -z -uall [46ms]
2023-11-26 11:04:56.630 [info] > git config --get commit.template [2ms]
2023-11-26 11:04:56.652 [info] > git for-each-ref --format=%(refname)%00%(upstream:short)%00%(objectname)%00%(upstream:track)%00%(upstream:remotename)%00%(upstream:remoteref) refs/heads/main refs/remotes/main [2ms]
2023-11-26 11:04:56.720 [info] > git status -z -uall [49ms]
2023-11-26 11:05:04.677 [info] > git config --get commit.template [4ms]
2023-11-26 11:05:04.701 [info] > git for-each-ref --format=%(refname)%00%(upstream:short)%00%(objectname)%00%(upstream:track)%00%(upstream:remotename)%00%(upstream:remoteref) refs/heads/main refs/remotes/main [2ms]
2023-11-26 11:05:04.764 [info] > git status -z -uall [44ms]
2023-11-26 11:05:09.874 [info] > git config --get commit.template [5ms]
2023-11-26 11:05:09.899 [info] > git for-each-ref --format=%(refname)%00%(upstream:short)%00%(objectname)%00%(upstream:track)%00%(upstream:remotename)%00%(upstream:remoteref) refs/heads/main refs/remotes/main [3ms]
2023-11-26 11:05:09.973 [info] > git status -z -uall [49ms]
2023-11-26 11:05:15.079 [info] > git config --get commit.template [5ms]
2023-11-26 11:05:15.098 [info] > git for-each-ref --format=%(refname)%00%(upstream:short)%00%(objectname)%00%(upstream:track)%00%(upstream:remotename)%00%(upstream:remoteref) refs/heads/main refs/remotes/main [1ms]
2023-11-26 11:05:15.169 [info] > git status -z -uall [50ms]
2023-11-26 11:05:24.193 [info] > git config --get commit.template [45ms]
2023-11-26 11:05:24.195 [info] > git for-each-ref --format=%(refname)%00%(upstream:short)%00%(objectname)%00%(upstream:track)%00%(upstream:remotename)%00%(upstream:remoteref) refs/heads/main refs/remotes/main [6ms]
2023-11-26 11:05:24.270 [info] > git status -z -uall [48ms]
2023-11-26 11:05:29.362 [info] > git config --get commit.template [2ms]
2023-11-26 11:05:29.383 [info] > git for-each-ref --format=%(refname)%00%(upstream:short)%00%(objectname)%00%(upstream:track)%00%(upstream:remotename)%00%(upstream:remoteref) refs/heads/main refs/remotes/main [2ms]
2023-11-26 11:05:29.448 [info] > git status -z -uall [45ms]
2023-11-26 11:05:36.435 [info] > git config --get commit.template [2ms]
2023-11-26 11:05:36.456 [info] > git for-each-ref --format=%(refname)%00%(upstream:short)%00%(objectname)%00%(upstream:track)%00%(upstream:remotename)%00%(upstream:remoteref) refs/heads/main refs/remotes/main [2ms]
2023-11-26 11:05:36.517 [info] > git status -z -uall [43ms]
2023-11-26 11:05:43.597 [info] > git config --get commit.template [2ms]
2023-11-26 11:05:43.621 [info] > git for-each-ref --format=%(refname)%00%(upstream:short)%00%(objectname)%00%(upstream:track)%00%(upstream:remotename)%00%(upstream:remoteref) refs/heads/main refs/remotes/main [2ms]
2023-11-26 11:05:43.683 [info] > git status -z -uall [44ms]
2023-11-26 11:05:54.690 [info] > git config --get commit.template [4ms]
2023-11-26 11:05:54.713 [info] > git for-each-ref --format=%(refname)%00%(upstream:short)%00%(objectname)%00%(upstream:track)%00%(upstream:remotename)%00%(upstream:remoteref) refs/heads/main refs/remotes/main [1ms]
2023-11-26 11:05:54.783 [info] > git status -z -uall [48ms]
2023-11-26 11:06:02.806 [info] > git config --get commit.template [1ms]
2023-11-26 11:06:02.827 [info] > git for-each-ref --format=%(refname)%00%(upstream:short)%00%(objectname)%00%(upstream:track)%00%(upstream:remotename)%00%(upstream:remoteref) refs/heads/main refs/remotes/main [2ms]
2023-11-26 11:06:02.891 [info] > git status -z -uall [46ms]
2023-11-26 11:06:07.992 [info] > git config --get commit.template [3ms]
2023-11-26 11:06:08.013 [info] > git for-each-ref --format=%(refname)%00%(upstream:short)%00%(objectname)%00%(upstream:track)%00%(upstream:remotename)%00%(upstream:remoteref) refs/heads/main refs/remotes/main [1ms]
2023-11-26 11:06:08.077 [info] > git status -z -uall [45ms]
2023-11-26 11:06:13.182 [info] > git config --get commit.template [3ms]
2023-11-26 11:06:13.214 [info] > git for-each-ref --format=%(refname)%00%(upstream:short)%00%(objectname)%00%(upstream:track)%00%(upstream:remotename)%00%(upstream:remoteref) refs/heads/main refs/remotes/main [2ms]
2023-11-26 11:06:13.288 [info] > git status -z -uall [52ms]
2023-11-26 11:06:18.414 [info] > git config --get commit.template [2ms]
2023-11-26 11:06:18.435 [info] > git for-each-ref --format=%(refname)%00%(upstream:short)%00%(objectname)%00%(upstream:track)%00%(upstream:remotename)%00%(upstream:remoteref) refs/heads/main refs/remotes/main [1ms]
2023-11-26 11:06:18.499 [info] > git status -z -uall [45ms]
2023-11-26 11:06:23.624 [info] > git config --get commit.template [25ms]
2023-11-26 11:06:23.625 [info] > git for-each-ref --format=%(refname)%00%(upstream:short)%00%(objectname)%00%(upstream:track)%00%(upstream:remotename)%00%(upstream:remoteref) refs/heads/main refs/remotes/main [3ms]
2023-11-26 11:06:23.693 [info] > git status -z -uall [48ms]
2023-11-26 11:06:28.816 [info] > git config --get commit.template [2ms]
2023-11-26 11:06:28.836 [info] > git for-each-ref --format=%(refname)%00%(upstream:short)%00%(objectname)%00%(upstream:track)%00%(upstream:remotename)%00%(upstream:remoteref) refs/heads/main refs/remotes/main [1ms]
2023-11-26 11:06:28.895 [info] > git status -z -uall [42ms]
2023-11-26 11:06:34.012 [info] > git config --get commit.template [2ms]
2023-11-26 11:06:34.034 [info] > git for-each-ref --format=%(refname)%00%(upstream:short)%00%(objectname)%00%(upstream:track)%00%(upstream:remotename)%00%(upstream:remoteref) refs/heads/main refs/remotes/main [1ms]
2023-11-26 11:06:34.095 [info] > git status -z -uall [42ms]
2023-11-26 11:06:35.866 [info] > git show --textconv :wd201/http-server/project.html [22ms]
2023-11-26 11:06:35.868 [info] > git ls-files --stage -- /root/wd201/http-server/project.html [4ms]
2023-11-26 11:06:39.219 [info] > git config --get commit.template [23ms]
2023-11-26 11:06:39.220 [info] > git for-each-ref --format=%(refname)%00%(upstream:short)%00%(objectname)%00%(upstream:track)%00%(upstream:remotename)%00%(upstream:remoteref) refs/heads/main refs/remotes/main [3ms]
2023-11-26 11:06:39.279 [info] > git status -z -uall [40ms]
2023-11-26 11:06:44.420 [info] > git config --get commit.template [27ms]
2023-11-26 11:06:44.422 [info] > git for-each-ref --format=%(refname)%00%(upstream:short)%00%(objectname)%00%(upstream:track)%00%(upstream:remotename)%00%(upstream:remoteref) refs/heads/main refs/remotes/main [3ms]
2023-11-26 11:06:44.500 [info] > git status -z -uall [52ms]
2023-11-26 11:06:49.643 [info] > git config --get commit.template [3ms]
2023-11-26 11:06:49.664 [info] > git for-each-ref --format=%(refname)%00%(upstream:short)%00%(objectname)%00%(upstream:track)%00%(upstream:remotename)%00%(upstream:remoteref) refs/heads/main refs/remotes/main [2ms]
2023-11-26 11:06:49.722 [info] > git status -z -uall [41ms]
2023-11-26 11:06:57.721 [info] > git config --get commit.template [2ms]
2023-11-26 11:06:57.743 [info] > git for-each-ref --format=%(refname)%00%(upstream:short)%00%(objectname)%00%(upstream:track)%00%(upstream:remotename)%00%(upstream:remoteref) refs/heads/main refs/remotes/main [1ms]
2023-11-26 11:06:57.801 [info] > git status -z -uall [40ms]
2023-11-26 11:07:01.290 [info] > git show --textconv :wd201/http-server/registration_form/registration.html [35ms]
2023-11-26 11:07:01.295 [info] > git ls-files --stage -- /root/wd201/http-server/registration_form/registration.html [8ms]
2023-11-26 11:07:02.937 [info] > git config --get commit.template [28ms]
2023-11-26 11:07:02.938 [info] > git for-each-ref --format=%(refname)%00%(upstream:short)%00%(objectname)%00%(upstream:track)%00%(upstream:remotename)%00%(upstream:remoteref) refs/heads/main refs/remotes/main [4ms]
2023-11-26 11:07:03.005 [info] > git status -z -uall [42ms]
2023-11-26 11:07:06.942 [info] > git show --textconv :wd201/http-server/registration.html [21ms]
2023-11-26 11:07:06.943 [info] > git ls-files --stage -- /root/wd201/http-server/registration.html [2ms]
2023-11-26 11:07:07.183 [info] > git check-ignore -v -z --stdin [2ms]
2023-11-26 11:07:08.129 [info] > git config --get commit.template [2ms]
2023-11-26 11:07:08.150 [info] > git for-each-ref --format=%(refname)%00%(upstream:short)%00%(objectname)%00%(upstream:track)%00%(upstream:remotename)%00%(upstream:remoteref) refs/heads/main refs/remotes/main [1ms]
2023-11-26 11:07:08.216 [info] > git status -z -uall [49ms]
2023-11-26 11:07:12.881 [info] > git show --textconv :wd201/http-server/sample.txt [23ms]
2023-11-26 11:07:12.882 [info] > git ls-files --stage -- /root/wd201/http-server/sample.txt [5ms]
2023-11-26 11:07:13.373 [info] > git config --get commit.template [27ms]
2023-11-26 11:07:13.374 [info] > git for-each-ref --format=%(refname)%00%(upstream:short)%00%(objectname)%00%(upstream:track)%00%(upstream:remotename)%00%(upstream:remoteref) refs/heads/main refs/remotes/main [2ms]
2023-11-26 11:07:13.433 [info] > git status -z -uall [38ms]
2023-11-26 11:07:14.943 [info] > git show --textconv :wd201/http-server/registration.html [20ms]
2023-11-26 11:07:14.945 [info] > git ls-files --stage -- /root/wd201/http-server/registration.html [3ms]
2023-11-26 11:07:18.538 [info] > git config --get commit.template [2ms]
2023-11-26 11:07:18.560 [info] > git for-each-ref --format=%(refname)%00%(upstream:short)%00%(objectname)%00%(upstream:track)%00%(upstream:remotename)%00%(upstream:remoteref) refs/heads/main refs/remotes/main [1ms]
2023-11-26 11:07:18.619 [info] > git status -z -uall [42ms]
2023-11-26 11:07:23.727 [info] > git config --get commit.template [2ms]
2023-11-26 11:07:23.746 [info] > git for-each-ref --format=%(refname)%00%(upstream:short)%00%(objectname)%00%(upstream:track)%00%(upstream:remotename)%00%(upstream:remoteref) refs/heads/main refs/remotes/main [2ms]
2023-11-26 11:07:23.803 [info] > git status -z -uall [39ms]
2023-11-26 11:07:28.950 [info] > git config --get commit.template [41ms]
2023-11-26 11:07:28.952 [info] > git for-each-ref --format=%(refname)%00%(upstream:short)%00%(objectname)%00%(upstream:track)%00%(upstream:remotename)%00%(upstream:remoteref) refs/heads/main refs/remotes/main [6ms]
2023-11-26 11:07:29.036 [info] > git status -z -uall [55ms]
2023-11-26 11:07:34.139 [info] > git config --get commit.template [1ms]
2023-11-26 11:07:34.161 [info] > git for-each-ref --format=%(refname)%00%(upstream:short)%00%(objectname)%00%(upstream:track)%00%(upstream:remotename)%00%(upstream:remoteref) refs/heads/main refs/remotes/main [1ms]
2023-11-26 11:07:34.225 [info] > git status -z -uall [46ms]
