2023-11-25 22:53:18.793 [info] Extension host with pid 3241 started
2023-11-25 22:53:18.864 [info] ExtensionService#_doActivateExtension vscode.typescript-language-features, startup: false, activationEvent: 'onLanguage:javascript'
2023-11-25 22:53:18.867 [info] ExtensionService#_doActivateExtension vscode.emmet, startup: false, activationEvent: 'onLanguage'
2023-11-25 22:53:18.994 [info] Lock '/root/.vscode-server/data/User/workspaceStorage/71481ade79a9839641f22222acf65ebf/vscode.lock': Lock acquired.
2023-11-25 22:53:19.466 [info] ExtensionService#_doActivateExtension vscode.git-base, startup: true, activationEvent: '*', root cause: vscode.git
2023-11-25 22:53:19.487 [info] ExtensionService#_doActivateExtension vscode.npm, startup: true, activationEvent: 'workspaceContains:package.json'
2023-11-25 22:53:19.557 [info] ExtensionService#_doActivateExtension vscode.git, startup: true, activationEvent: '*'
2023-11-25 22:53:19.558 [info] ExtensionService#_doActivateExtension vscode.github, startup: true, activationEvent: '*'
2023-11-25 22:53:21.005 [warning] [Decorations] CAPPING events from decorations provider vscode.git 4856
2023-11-25 22:53:22.621 [warning] [Decorations] CAPPING events from decorations provider vscode.git 4856
2023-11-25 22:53:23.858 [info] Eager extensions activated
2023-11-25 22:53:23.860 [info] ExtensionService#_doActivateExtension vscode.debug-auto-launch, startup: false, activationEvent: 'onStartupFinished'
2023-11-25 22:53:23.865 [info] ExtensionService#_doActivateExtension vscode.merge-conflict, startup: false, activationEvent: 'onStartupFinished'
2023-11-25 22:53:27.998 [warning] [Decorations] CAPPING events from decorations provider vscode.git 4858
2023-11-25 22:53:33.134 [warning] [Decorations] CAPPING events from decorations provider vscode.git 4857
2023-11-25 22:53:38.283 [warning] [Decorations] CAPPING events from decorations provider vscode.git 4857
2023-11-25 22:53:43.391 [warning] [Decorations] CAPPING events from decorations provider vscode.git 4857
2023-11-25 22:53:48.512 [warning] [Decorations] CAPPING events from decorations provider vscode.git 4857
2023-11-25 22:53:53.624 [warning] [Decorations] CAPPING events from decorations provider vscode.git 4857
2023-11-25 22:53:58.832 [warning] [Decorations] CAPPING events from decorations provider vscode.git 4857
2023-11-25 22:54:08.206 [warning] [Decorations] CAPPING events from decorations provider vscode.git 4857
2023-11-25 22:54:13.322 [warning] [Decorations] CAPPING events from decorations provider vscode.git 4857
2023-11-25 22:54:18.423 [warning] [Decorations] CAPPING events from decorations provider vscode.git 4857
2023-11-25 22:54:23.556 [warning] [Decorations] CAPPING events from decorations provider vscode.git 4857
2023-11-25 22:54:28.690 [warning] [Decorations] CAPPING events from decorations provider vscode.git 4857
2023-11-25 22:54:33.787 [warning] [Decorations] CAPPING events from decorations provider vscode.git 4858
2023-11-25 22:54:38.890 [warning] [Decorations] CAPPING events from decorations provider vscode.git 4858
2023-11-25 22:54:46.617 [warning] [Decorations] CAPPING events from decorations provider vscode.git 4858
2023-11-25 22:54:52.688 [warning] [Decorations] CAPPING events from decorations provider vscode.git 4858
2023-11-25 22:54:57.788 [warning] [Decorations] CAPPING events from decorations provider vscode.git 4858
2023-11-25 22:55:02.898 [warning] [Decorations] CAPPING events from decorations provider vscode.git 4858
2023-11-25 22:55:07.995 [warning] [Decorations] CAPPING events from decorations provider vscode.git 4858
2023-11-25 22:55:14.727 [warning] [Decorations] CAPPING events from decorations provider vscode.git 4858
2023-11-25 22:55:22.577 [warning] [Decorations] CAPPING events from decorations provider vscode.git 4858
2023-11-25 22:55:27.684 [warning] [Decorations] CAPPING events from decorations provider vscode.git 4858
2023-11-25 22:55:32.789 [warning] [Decorations] CAPPING events from decorations provider vscode.git 4858
2023-11-25 22:55:37.889 [warning] [Decorations] CAPPING events from decorations provider vscode.git 4859
2023-11-25 22:55:42.991 [warning] [Decorations] CAPPING events from decorations provider vscode.git 4859
2023-11-25 22:55:48.142 [warning] [Decorations] CAPPING events from decorations provider vscode.git 4859
2023-11-25 22:56:07.034 [warning] [Decorations] CAPPING events from decorations provider vscode.git 4859
2023-11-25 22:56:12.168 [warning] [Decorations] CAPPING events from decorations provider vscode.git 4859
2023-11-25 22:56:20.768 [warning] [Decorations] CAPPING events from decorations provider vscode.git 4859
2023-11-25 22:56:25.876 [warning] [Decorations] CAPPING events from decorations provider vscode.git 4859
2023-11-25 22:56:27.602 [info] ExtensionService#_doActivateExtension vscode.tunnel-forwarding, startup: false, activationEvent: 'onTunnel'
2023-11-25 22:56:34.407 [warning] [Decorations] CAPPING events from decorations provider vscode.git 4859
2023-11-25 22:56:39.513 [warning] [Decorations] CAPPING events from decorations provider vscode.git 4859
2023-11-25 22:56:44.623 [warning] [Decorations] CAPPING events from decorations provider vscode.git 4859
2023-11-25 22:56:49.725 [warning] [Decorations] CAPPING events from decorations provider vscode.git 4859
2023-11-25 22:56:54.828 [warning] [Decorations] CAPPING events from decorations provider vscode.git 4859
2023-11-25 22:56:59.931 [warning] [Decorations] CAPPING events from decorations provider vscode.git 4859
2023-11-25 22:57:05.035 [warning] [Decorations] CAPPING events from decorations provider vscode.git 4859
2023-11-25 22:57:10.143 [warning] [Decorations] CAPPING events from decorations provider vscode.git 4859
2023-11-25 22:57:15.253 [warning] [Decorations] CAPPING events from decorations provider vscode.git 4859
2023-11-25 22:57:20.362 [warning] [Decorations] CAPPING events from decorations provider vscode.git 4859
2023-11-25 22:57:25.504 [warning] [Decorations] CAPPING events from decorations provider vscode.git 4859
2023-11-25 22:57:30.671 [warning] [Decorations] CAPPING events from decorations provider vscode.git 4859
2023-11-25 22:57:55.154 [warning] [Decorations] CAPPING events from decorations provider vscode.git 4859
2023-11-25 22:58:00.259 [warning] [Decorations] CAPPING events from decorations provider vscode.git 4859
2023-11-25 22:58:04.390 [info] ExtensionService#_doActivateExtension vscode.html-language-features, startup: false, activationEvent: 'onLanguage:html'
2023-11-25 22:58:05.383 [warning] [Decorations] CAPPING events from decorations provider vscode.git 4861
2023-11-25 22:58:10.490 [warning] [Decorations] CAPPING events from decorations provider vscode.git 4863
2023-11-25 22:58:17.563 [warning] [Decorations] CAPPING events from decorations provider vscode.git 4864
2023-11-25 22:58:54.236 [warning] [Decorations] CAPPING events from decorations provider vscode.git 4866
2023-11-25 22:58:59.338 [warning] [Decorations] CAPPING events from decorations provider vscode.git 4866
2023-11-25 22:59:04.707 [warning] [Decorations] CAPPING events from decorations provider vscode.git 4867
2023-11-25 22:59:09.811 [warning] [Decorations] CAPPING events from decorations provider vscode.git 4867
2023-11-25 22:59:14.908 [warning] [Decorations] CAPPING events from decorations provider vscode.git 4868
2023-11-25 22:59:24.652 [warning] [Decorations] CAPPING events from decorations provider vscode.git 4868
2023-11-25 22:59:29.758 [warning] [Decorations] CAPPING events from decorations provider vscode.git 4869
2023-11-25 22:59:34.871 [warning] [Decorations] CAPPING events from decorations provider vscode.git 4869
2023-11-25 22:59:40.587 [warning] [Decorations] CAPPING events from decorations provider vscode.git 4869
2023-11-25 22:59:45.698 [warning] [Decorations] CAPPING events from decorations provider vscode.git 4869
2023-11-25 22:59:50.804 [warning] [Decorations] CAPPING events from decorations provider vscode.git 4869
2023-11-25 23:00:03.591 [warning] [Decorations] CAPPING events from decorations provider vscode.git 4869
2023-11-25 23:00:08.693 [warning] [Decorations] CAPPING events from decorations provider vscode.git 4869
2023-11-25 23:00:13.802 [warning] [Decorations] CAPPING events from decorations provider vscode.git 4870
2023-11-25 23:00:18.913 [warning] [Decorations] CAPPING events from decorations provider vscode.git 4870
2023-11-25 23:00:24.022 [warning] [Decorations] CAPPING events from decorations provider vscode.git 4870
2023-11-25 23:00:29.128 [warning] [Decorations] CAPPING events from decorations provider vscode.git 4870
2023-11-25 23:00:34.237 [warning] [Decorations] CAPPING events from decorations provider vscode.git 4870
2023-11-25 23:00:39.728 [warning] [Decorations] CAPPING events from decorations provider vscode.git 4870
2023-11-25 23:00:44.833 [warning] [Decorations] CAPPING events from decorations provider vscode.git 4870
2023-11-25 23:00:49.933 [warning] [Decorations] CAPPING events from decorations provider vscode.git 4870
2023-11-25 23:03:22.189 [warning] [Decorations] CAPPING events from decorations provider vscode.git 4871
2023-11-26 10:24:38.718 [warning] [Decorations] CAPPING events from decorations provider vscode.git 4871
2023-11-26 10:24:43.897 [warning] [Decorations] CAPPING events from decorations provider vscode.git 4871
2023-11-26 10:24:49.069 [warning] [Decorations] CAPPING events from decorations provider vscode.git 4871
2023-11-26 10:24:54.249 [warning] [Decorations] CAPPING events from decorations provider vscode.git 4871
2023-11-26 10:24:59.420 [warning] [Decorations] CAPPING events from decorations provider vscode.git 4872
2023-11-26 10:25:03.985 [info] ExtensionService#_doActivateExtension vscode.extension-editing, startup: false, activationEvent: 'onLanguage:json'
2023-11-26 10:25:03.986 [info] ExtensionService#_doActivateExtension vscode.json-language-features, startup: false, activationEvent: 'onLanguage:json'
2023-11-26 10:25:10.404 [warning] [Decorations] CAPPING events from decorations provider vscode.git 4875
2023-11-26 10:25:15.519 [warning] [Decorations] CAPPING events from decorations provider vscode.git 4874
2023-11-26 10:25:20.692 [warning] [Decorations] CAPPING events from decorations provider vscode.git 4874
2023-11-26 10:25:26.733 [warning] [Decorations] CAPPING events from decorations provider vscode.git 4874
2023-11-26 10:25:31.986 [warning] [Decorations] CAPPING events from decorations provider vscode.git 4874
2023-11-26 10:25:37.172 [warning] [Decorations] CAPPING events from decorations provider vscode.git 4874
2023-11-26 10:25:44.158 [warning] [Decorations] CAPPING events from decorations provider vscode.git 4876
2023-11-26 10:25:49.328 [warning] [Decorations] CAPPING events from decorations provider vscode.git 4876
2023-11-26 10:25:54.501 [warning] [Decorations] CAPPING events from decorations provider vscode.git 4876
2023-11-26 10:25:59.672 [warning] [Decorations] CAPPING events from decorations provider vscode.git 4876
2023-11-26 10:26:04.847 [warning] [Decorations] CAPPING events from decorations provider vscode.git 4876
2023-11-26 10:26:10.081 [warning] [Decorations] CAPPING events from decorations provider vscode.git 4876
2023-11-26 10:26:15.266 [warning] [Decorations] CAPPING events from decorations provider vscode.git 4876
2023-11-26 10:26:20.439 [warning] [Decorations] CAPPING events from decorations provider vscode.git 4876
2023-11-26 10:26:25.614 [warning] [Decorations] CAPPING events from decorations provider vscode.git 4876
2023-11-26 10:26:30.796 [warning] [Decorations] CAPPING events from decorations provider vscode.git 4876
2023-11-26 10:26:35.976 [warning] [Decorations] CAPPING events from decorations provider vscode.git 4876
2023-11-26 10:26:41.149 [warning] [Decorations] CAPPING events from decorations provider vscode.git 4876
2023-11-26 10:26:46.331 [warning] [Decorations] CAPPING events from decorations provider vscode.git 4876
2023-11-26 10:26:51.499 [warning] [Decorations] CAPPING events from decorations provider vscode.git 4876
2023-11-26 10:26:56.669 [warning] [Decorations] CAPPING events from decorations provider vscode.git 4876
2023-11-26 10:27:01.859 [warning] [Decorations] CAPPING events from decorations provider vscode.git 4876
2023-11-26 10:27:07.037 [warning] [Decorations] CAPPING events from decorations provider vscode.git 4876
2023-11-26 10:27:12.214 [warning] [Decorations] CAPPING events from decorations provider vscode.git 4876
2023-11-26 10:27:17.394 [warning] [Decorations] CAPPING events from decorations provider vscode.git 4876
2023-11-26 10:27:22.566 [warning] [Decorations] CAPPING events from decorations provider vscode.git 4876
2023-11-26 10:27:27.737 [warning] [Decorations] CAPPING events from decorations provider vscode.git 4876
2023-11-26 10:27:34.776 [warning] [Decorations] CAPPING events from decorations provider vscode.git 4876
2023-11-26 10:27:39.965 [warning] [Decorations] CAPPING events from decorations provider vscode.git 4876
2023-11-26 10:27:45.125 [warning] [Decorations] CAPPING events from decorations provider vscode.git 4876
2023-11-26 10:27:50.309 [warning] [Decorations] CAPPING events from decorations provider vscode.git 4876
2023-11-26 10:27:55.482 [warning] [Decorations] CAPPING events from decorations provider vscode.git 4876
2023-11-26 10:28:00.665 [warning] [Decorations] CAPPING events from decorations provider vscode.git 4876
2023-11-26 10:28:05.994 [warning] [Decorations] CAPPING events from decorations provider vscode.git 4876
2023-11-26 10:28:11.168 [warning] [Decorations] CAPPING events from decorations provider vscode.git 4876
2023-11-26 10:28:16.342 [warning] [Decorations] CAPPING events from decorations provider vscode.git 4876
2023-11-26 10:28:21.515 [warning] [Decorations] CAPPING events from decorations provider vscode.git 4876
2023-11-26 10:28:26.697 [warning] [Decorations] CAPPING events from decorations provider vscode.git 4876
2023-11-26 10:28:31.874 [warning] [Decorations] CAPPING events from decorations provider vscode.git 4876
2023-11-26 10:28:37.051 [warning] [Decorations] CAPPING events from decorations provider vscode.git 4876
2023-11-26 10:28:42.229 [warning] [Decorations] CAPPING events from decorations provider vscode.git 4876
2023-11-26 10:28:47.404 [warning] [Decorations] CAPPING events from decorations provider vscode.git 4876
2023-11-26 10:28:52.574 [warning] [Decorations] CAPPING events from decorations provider vscode.git 4876
2023-11-26 10:28:57.746 [warning] [Decorations] CAPPING events from decorations provider vscode.git 4876
2023-11-26 10:29:02.918 [warning] [Decorations] CAPPING events from decorations provider vscode.git 4876
2023-11-26 10:29:08.097 [warning] [Decorations] CAPPING events from decorations provider vscode.git 4876
2023-11-26 10:29:13.273 [warning] [Decorations] CAPPING events from decorations provider vscode.git 4876
2023-11-26 10:29:18.447 [warning] [Decorations] CAPPING events from decorations provider vscode.git 4876
2023-11-26 10:29:23.685 [warning] [Decorations] CAPPING events from decorations provider vscode.git 4876
2023-11-26 10:29:28.873 [warning] [Decorations] CAPPING events from decorations provider vscode.git 4876
2023-11-26 10:29:34.069 [warning] [Decorations] CAPPING events from decorations provider vscode.git 4876
2023-11-26 10:29:39.247 [warning] [Decorations] CAPPING events from decorations provider vscode.git 4876
2023-11-26 10:29:44.422 [warning] [Decorations] CAPPING events from decorations provider vscode.git 4876
2023-11-26 10:29:49.589 [warning] [Decorations] CAPPING events from decorations provider vscode.git 4876
2023-11-26 10:29:54.815 [warning] [Decorations] CAPPING events from decorations provider vscode.git 4876
2023-11-26 10:30:00.007 [warning] [Decorations] CAPPING events from decorations provider vscode.git 4877
2023-11-26 10:30:05.189 [warning] [Decorations] CAPPING events from decorations provider vscode.git 4877
2023-11-26 10:30:10.421 [warning] [Decorations] CAPPING events from decorations provider vscode.git 4877
2023-11-26 10:30:15.592 [warning] [Decorations] CAPPING events from decorations provider vscode.git 4877
2023-11-26 10:30:20.770 [warning] [Decorations] CAPPING events from decorations provider vscode.git 4877
2023-11-26 10:30:25.967 [warning] [Decorations] CAPPING events from decorations provider vscode.git 4877
2023-11-26 10:30:31.142 [warning] [Decorations] CAPPING events from decorations provider vscode.git 4877
2023-11-26 10:30:36.351 [warning] [Decorations] CAPPING events from decorations provider vscode.git 4877
2023-11-26 10:31:03.390 [warning] [Decorations] CAPPING events from decorations provider vscode.git 4877
2023-11-26 10:31:08.586 [warning] [Decorations] CAPPING events from decorations provider vscode.git 4878
2023-11-26 10:31:14.694 [warning] [Decorations] CAPPING events from decorations provider vscode.git 4877
2023-11-26 10:31:22.106 [warning] [Decorations] CAPPING events from decorations provider vscode.git 4877
2023-11-26 10:31:27.282 [warning] [Decorations] CAPPING events from decorations provider vscode.git 4877
2023-11-26 10:31:32.458 [warning] [Decorations] CAPPING events from decorations provider vscode.git 4877
2023-11-26 10:31:53.101 [warning] [Decorations] CAPPING events from decorations provider vscode.git 4877
2023-11-26 10:31:58.820 [warning] [Decorations] CAPPING events from decorations provider vscode.git 4877
2023-11-26 10:32:06.310 [warning] [Decorations] CAPPING events from decorations provider vscode.git 4877
2023-11-26 10:32:14.155 [warning] [Decorations] CAPPING events from decorations provider vscode.git 4877
2023-11-26 10:32:20.222 [warning] [Decorations] CAPPING events from decorations provider vscode.git 4877
2023-11-26 10:32:25.413 [warning] [Decorations] CAPPING events from decorations provider vscode.git 4877
2023-11-26 10:32:30.580 [warning] [Decorations] CAPPING events from decorations provider vscode.git 4877
2023-11-26 10:32:35.781 [warning] [Decorations] CAPPING events from decorations provider vscode.git 4877
2023-11-26 10:32:40.969 [warning] [Decorations] CAPPING events from decorations provider vscode.git 4877
2023-11-26 10:32:46.159 [warning] [Decorations] CAPPING events from decorations provider vscode.git 4877
2023-11-26 10:32:51.342 [warning] [Decorations] CAPPING events from decorations provider vscode.git 4877
2023-11-26 10:32:56.572 [warning] [Decorations] CAPPING events from decorations provider vscode.git 4877
2023-11-26 10:33:05.398 [warning] [Decorations] CAPPING events from decorations provider vscode.git 4877
2023-11-26 10:33:10.773 [warning] [Decorations] CAPPING events from decorations provider vscode.git 4877
2023-11-26 10:33:30.445 [warning] [Decorations] CAPPING events from decorations provider vscode.git 4877
2023-11-26 10:33:34.138 [info] Extension host terminating: received terminate message from renderer
2023-11-26 10:33:34.140 [info] Lock '/root/.vscode-server/data/User/workspaceStorage/71481ade79a9839641f22222acf65ebf/vscode.lock': Marking the lockfile as scheduled to be released in 6000 ms.
2023-11-26 10:33:34.340 [error] Canceled: Canceled
	at new f (/root/.vscode-server/bin/1a5daa3a0231a0fbba4f14db7ec463cf99d7768e/out/vs/workbench/api/node/extensionHostProcess.js:125:108614)
	at n.U (/root/.vscode-server/bin/1a5daa3a0231a0fbba4f14db7ec463cf99d7768e/out/vs/workbench/api/node/extensionHostProcess.js:134:10873)
	at F.<computed>.z.charCodeAt.F.<computed> (/root/.vscode-server/bin/1a5daa3a0231a0fbba4f14db7ec463cf99d7768e/out/vs/workbench/api/node/extensionHostProcess.js:134:8315)
	at i.g (/root/.vscode-server/bin/1a5daa3a0231a0fbba4f14db7ec463cf99d7768e/out/vs/workbench/api/node/extensionHostProcess.js:125:139130)
	at i.executeCommand (/root/.vscode-server/bin/1a5daa3a0231a0fbba4f14db7ec463cf99d7768e/out/vs/workbench/api/node/extensionHostProcess.js:125:138568)
	at $.registerCommand.description (/root/.vscode-server/bin/1a5daa3a0231a0fbba4f14db7ec463cf99d7768e/out/vs/workbench/api/node/extensionHostProcess.js:125:137892)
	at i.h (/root/.vscode-server/bin/1a5daa3a0231a0fbba4f14db7ec463cf99d7768e/out/vs/workbench/api/node/extensionHostProcess.js:125:139669)
	at i.g (/root/.vscode-server/bin/1a5daa3a0231a0fbba4f14db7ec463cf99d7768e/out/vs/workbench/api/node/extensionHostProcess.js:125:138661)
	at i.executeCommand (/root/.vscode-server/bin/1a5daa3a0231a0fbba4f14db7ec463cf99d7768e/out/vs/workbench/api/node/extensionHostProcess.js:125:138568)
	at Object.executeCommand (/root/.vscode-server/bin/1a5daa3a0231a0fbba4f14db7ec463cf99d7768e/out/vs/workbench/api/node/extensionHostProcess.js:140:21329)
	at h.D [as value] (/root/.vscode-server/bin/1a5daa3a0231a0fbba4f14db7ec463cf99d7768e/extensions/git/dist/main.js:2:1316925)
	at c.y (/root/.vscode-server/bin/1a5daa3a0231a0fbba4f14db7ec463cf99d7768e/out/vs/workbench/api/node/extensionHostProcess.js:80:1902)
	at c.z (/root/.vscode-server/bin/1a5daa3a0231a0fbba4f14db7ec463cf99d7768e/out/vs/workbench/api/node/extensionHostProcess.js:80:1972)
	at c.fire (/root/.vscode-server/bin/1a5daa3a0231a0fbba4f14db7ec463cf99d7768e/out/vs/workbench/api/node/extensionHostProcess.js:80:2188)
	at Object.m [as dispose] (/root/.vscode-server/bin/1a5daa3a0231a0fbba4f14db7ec463cf99d7768e/extensions/git/dist/main.js:2:1332842)
	at /root/.vscode-server/bin/1a5daa3a0231a0fbba4f14db7ec463cf99d7768e/extensions/git/dist/main.js:2:1337795
	at Array.forEach (<anonymous>)
	at g.dispose (/root/.vscode-server/bin/1a5daa3a0231a0fbba4f14db7ec463cf99d7768e/extensions/git/dist/main.js:2:1337781)
	at w.<anonymous> (/root/.vscode-server/bin/1a5daa3a0231a0fbba4f14db7ec463cf99d7768e/out/vs/workbench/api/node/extensionHostProcess.js:121:3572)
	at w.dispose (/root/.vscode-server/bin/1a5daa3a0231a0fbba4f14db7ec463cf99d7768e/out/vs/workbench/api/node/extensionHostProcess.js:121:3669)
	at w.<anonymous> (/root/.vscode-server/bin/1a5daa3a0231a0fbba4f14db7ec463cf99d7768e/extensions/git/dist/main.js:2:1318937)
	at w.dispose (/root/.vscode-server/bin/1a5daa3a0231a0fbba4f14db7ec463cf99d7768e/out/vs/workbench/api/node/extensionHostProcess.js:121:3669)
	at o (/root/.vscode-server/bin/1a5daa3a0231a0fbba4f14db7ec463cf99d7768e/out/vs/workbench/api/node/extensionHostProcess.js:30:754)
	at h.cb (/root/.vscode-server/bin/1a5daa3a0231a0fbba4f14db7ec463cf99d7768e/out/vs/workbench/api/node/extensionHostProcess.js:136:9843)
	at /root/.vscode-server/bin/1a5daa3a0231a0fbba4f14db7ec463cf99d7768e/out/vs/workbench/api/node/extensionHostProcess.js:136:7793
	at Array.map (<anonymous>)
	at h.Y (/root/.vscode-server/bin/1a5daa3a0231a0fbba4f14db7ec463cf99d7768e/out/vs/workbench/api/node/extensionHostProcess.js:136:7781)
	at h.terminate (/root/.vscode-server/bin/1a5daa3a0231a0fbba4f14db7ec463cf99d7768e/out/vs/workbench/api/node/extensionHostProcess.js:136:8051)
	at o.terminate (/root/.vscode-server/bin/1a5daa3a0231a0fbba4f14db7ec463cf99d7768e/out/vs/workbench/api/node/extensionHostProcess.js:140:1513)
	at a (/root/.vscode-server/bin/1a5daa3a0231a0fbba4f14db7ec463cf99d7768e/out/vs/workbench/api/node/extensionHostProcess.js:153:9817)
	at h.value (/root/.vscode-server/bin/1a5daa3a0231a0fbba4f14db7ec463cf99d7768e/out/vs/workbench/api/node/extensionHostProcess.js:153:7864)
	at c.y (/root/.vscode-server/bin/1a5daa3a0231a0fbba4f14db7ec463cf99d7768e/out/vs/workbench/api/node/extensionHostProcess.js:80:1902)
	at c.fire (/root/.vscode-server/bin/1a5daa3a0231a0fbba4f14db7ec463cf99d7768e/out/vs/workbench/api/node/extensionHostProcess.js:80:2119)
	at d.fire (/root/.vscode-server/bin/1a5daa3a0231a0fbba4f14db7ec463cf99d7768e/out/vs/workbench/api/node/extensionHostProcess.js:96:14047)
	at s.z (/root/.vscode-server/bin/1a5daa3a0231a0fbba4f14db7ec463cf99d7768e/out/vs/workbench/api/node/extensionHostProcess.js:96:17112)
	at h.value (/root/.vscode-server/bin/1a5daa3a0231a0fbba4f14db7ec463cf99d7768e/out/vs/workbench/api/node/extensionHostProcess.js:96:16517)
	at c.y (/root/.vscode-server/bin/1a5daa3a0231a0fbba4f14db7ec463cf99d7768e/out/vs/workbench/api/node/extensionHostProcess.js:80:1902)
	at c.fire (/root/.vscode-server/bin/1a5daa3a0231a0fbba4f14db7ec463cf99d7768e/out/vs/workbench/api/node/extensionHostProcess.js:80:2119)
	at h.acceptChunk (/root/.vscode-server/bin/1a5daa3a0231a0fbba4f14db7ec463cf99d7768e/out/vs/workbench/api/node/extensionHostProcess.js:96:11821)
	at h.value (/root/.vscode-server/bin/1a5daa3a0231a0fbba4f14db7ec463cf99d7768e/out/vs/workbench/api/node/extensionHostProcess.js:96:11108)
	at c.y (/root/.vscode-server/bin/1a5daa3a0231a0fbba4f14db7ec463cf99d7768e/out/vs/workbench/api/node/extensionHostProcess.js:80:1902)
	at c.fire (/root/.vscode-server/bin/1a5daa3a0231a0fbba4f14db7ec463cf99d7768e/out/vs/workbench/api/node/extensionHostProcess.js:80:2119)
	at c.z (/root/.vscode-server/bin/1a5daa3a0231a0fbba4f14db7ec463cf99d7768e/out/vs/workbench/api/node/extensionHostProcess.js:150:19408)
	at c.acceptFrame (/root/.vscode-server/bin/1a5daa3a0231a0fbba4f14db7ec463cf99d7768e/out/vs/workbench/api/node/extensionHostProcess.js:150:19214)
	at l.n (/root/.vscode-server/bin/1a5daa3a0231a0fbba4f14db7ec463cf99d7768e/out/vs/workbench/api/node/extensionHostProcess.js:150:17713)
	at /root/.vscode-server/bin/1a5daa3a0231a0fbba4f14db7ec463cf99d7768e/out/vs/workbench/api/node/extensionHostProcess.js:150:14933
	at Socket.p (/root/.vscode-server/bin/1a5daa3a0231a0fbba4f14db7ec463cf99d7768e/out/vs/workbench/api/node/extensionHostProcess.js:150:12838)
	at Socket.emit (node:events:513:28)
	at addChunk (node:internal/streams/readable:324:12)
	at readableAddChunk (node:internal/streams/readable:297:9)
	at Readable.push (node:internal/streams/readable:234:10)
	at TCP.onStreamRead (node:internal/stream_base_commons:190:23) setContext undefined
2023-11-26 10:33:34.342 [error] Canceled: Canceled
	at new f (/root/.vscode-server/bin/1a5daa3a0231a0fbba4f14db7ec463cf99d7768e/out/vs/workbench/api/node/extensionHostProcess.js:125:108614)
	at n.U (/root/.vscode-server/bin/1a5daa3a0231a0fbba4f14db7ec463cf99d7768e/out/vs/workbench/api/node/extensionHostProcess.js:134:10873)
	at F.<computed>.z.charCodeAt.F.<computed> (/root/.vscode-server/bin/1a5daa3a0231a0fbba4f14db7ec463cf99d7768e/out/vs/workbench/api/node/extensionHostProcess.js:134:8315)
	at i.g (/root/.vscode-server/bin/1a5daa3a0231a0fbba4f14db7ec463cf99d7768e/out/vs/workbench/api/node/extensionHostProcess.js:125:139130)
	at i.executeCommand (/root/.vscode-server/bin/1a5daa3a0231a0fbba4f14db7ec463cf99d7768e/out/vs/workbench/api/node/extensionHostProcess.js:125:138568)
	at $.registerCommand.description (/root/.vscode-server/bin/1a5daa3a0231a0fbba4f14db7ec463cf99d7768e/out/vs/workbench/api/node/extensionHostProcess.js:125:137892)
	at i.h (/root/.vscode-server/bin/1a5daa3a0231a0fbba4f14db7ec463cf99d7768e/out/vs/workbench/api/node/extensionHostProcess.js:125:139669)
	at i.g (/root/.vscode-server/bin/1a5daa3a0231a0fbba4f14db7ec463cf99d7768e/out/vs/workbench/api/node/extensionHostProcess.js:125:138661)
	at i.executeCommand (/root/.vscode-server/bin/1a5daa3a0231a0fbba4f14db7ec463cf99d7768e/out/vs/workbench/api/node/extensionHostProcess.js:125:138568)
	at Object.executeCommand (/root/.vscode-server/bin/1a5daa3a0231a0fbba4f14db7ec463cf99d7768e/out/vs/workbench/api/node/extensionHostProcess.js:140:21329)
	at set b [as b] (/root/.vscode-server/bin/1a5daa3a0231a0fbba4f14db7ec463cf99d7768e/extensions/github/dist/extension.js:2:714708)
	at /root/.vscode-server/bin/1a5daa3a0231a0fbba4f14db7ec463cf99d7768e/extensions/github/dist/extension.js:2:715349
	at h.value (/root/.vscode-server/bin/1a5daa3a0231a0fbba4f14db7ec463cf99d7768e/extensions/git/dist/main.js:2:1408111)
	at c.y (/root/.vscode-server/bin/1a5daa3a0231a0fbba4f14db7ec463cf99d7768e/out/vs/workbench/api/node/extensionHostProcess.js:80:1902)
	at c.z (/root/.vscode-server/bin/1a5daa3a0231a0fbba4f14db7ec463cf99d7768e/out/vs/workbench/api/node/extensionHostProcess.js:80:1972)
	at c.fire (/root/.vscode-server/bin/1a5daa3a0231a0fbba4f14db7ec463cf99d7768e/out/vs/workbench/api/node/extensionHostProcess.js:80:2188)
	at Object.m [as dispose] (/root/.vscode-server/bin/1a5daa3a0231a0fbba4f14db7ec463cf99d7768e/extensions/git/dist/main.js:2:1332842)
	at /root/.vscode-server/bin/1a5daa3a0231a0fbba4f14db7ec463cf99d7768e/extensions/git/dist/main.js:2:1337795
	at Array.forEach (<anonymous>)
	at g.dispose (/root/.vscode-server/bin/1a5daa3a0231a0fbba4f14db7ec463cf99d7768e/extensions/git/dist/main.js:2:1337781)
	at w.<anonymous> (/root/.vscode-server/bin/1a5daa3a0231a0fbba4f14db7ec463cf99d7768e/out/vs/workbench/api/node/extensionHostProcess.js:121:3572)
	at w.dispose (/root/.vscode-server/bin/1a5daa3a0231a0fbba4f14db7ec463cf99d7768e/out/vs/workbench/api/node/extensionHostProcess.js:121:3669)
	at w.<anonymous> (/root/.vscode-server/bin/1a5daa3a0231a0fbba4f14db7ec463cf99d7768e/extensions/git/dist/main.js:2:1318937)
	at w.dispose (/root/.vscode-server/bin/1a5daa3a0231a0fbba4f14db7ec463cf99d7768e/out/vs/workbench/api/node/extensionHostProcess.js:121:3669)
	at o (/root/.vscode-server/bin/1a5daa3a0231a0fbba4f14db7ec463cf99d7768e/out/vs/workbench/api/node/extensionHostProcess.js:30:754)
	at h.cb (/root/.vscode-server/bin/1a5daa3a0231a0fbba4f14db7ec463cf99d7768e/out/vs/workbench/api/node/extensionHostProcess.js:136:9843)
	at /root/.vscode-server/bin/1a5daa3a0231a0fbba4f14db7ec463cf99d7768e/out/vs/workbench/api/node/extensionHostProcess.js:136:7793
	at Array.map (<anonymous>)
	at h.Y (/root/.vscode-server/bin/1a5daa3a0231a0fbba4f14db7ec463cf99d7768e/out/vs/workbench/api/node/extensionHostProcess.js:136:7781)
	at h.terminate (/root/.vscode-server/bin/1a5daa3a0231a0fbba4f14db7ec463cf99d7768e/out/vs/workbench/api/node/extensionHostProcess.js:136:8051)
	at o.terminate (/root/.vscode-server/bin/1a5daa3a0231a0fbba4f14db7ec463cf99d7768e/out/vs/workbench/api/node/extensionHostProcess.js:140:1513)
	at a (/root/.vscode-server/bin/1a5daa3a0231a0fbba4f14db7ec463cf99d7768e/out/vs/workbench/api/node/extensionHostProcess.js:153:9817)
	at h.value (/root/.vscode-server/bin/1a5daa3a0231a0fbba4f14db7ec463cf99d7768e/out/vs/workbench/api/node/extensionHostProcess.js:153:7864)
	at c.y (/root/.vscode-server/bin/1a5daa3a0231a0fbba4f14db7ec463cf99d7768e/out/vs/workbench/api/node/extensionHostProcess.js:80:1902)
	at c.fire (/root/.vscode-server/bin/1a5daa3a0231a0fbba4f14db7ec463cf99d7768e/out/vs/workbench/api/node/extensionHostProcess.js:80:2119)
	at d.fire (/root/.vscode-server/bin/1a5daa3a0231a0fbba4f14db7ec463cf99d7768e/out/vs/workbench/api/node/extensionHostProcess.js:96:14047)
	at s.z (/root/.vscode-server/bin/1a5daa3a0231a0fbba4f14db7ec463cf99d7768e/out/vs/workbench/api/node/extensionHostProcess.js:96:17112)
	at h.value (/root/.vscode-server/bin/1a5daa3a0231a0fbba4f14db7ec463cf99d7768e/out/vs/workbench/api/node/extensionHostProcess.js:96:16517)
	at c.y (/root/.vscode-server/bin/1a5daa3a0231a0fbba4f14db7ec463cf99d7768e/out/vs/workbench/api/node/extensionHostProcess.js:80:1902)
	at c.fire (/root/.vscode-server/bin/1a5daa3a0231a0fbba4f14db7ec463cf99d7768e/out/vs/workbench/api/node/extensionHostProcess.js:80:2119)
	at h.acceptChunk (/root/.vscode-server/bin/1a5daa3a0231a0fbba4f14db7ec463cf99d7768e/out/vs/workbench/api/node/extensionHostProcess.js:96:11821)
	at h.value (/root/.vscode-server/bin/1a5daa3a0231a0fbba4f14db7ec463cf99d7768e/out/vs/workbench/api/node/extensionHostProcess.js:96:11108)
	at c.y (/root/.vscode-server/bin/1a5daa3a0231a0fbba4f14db7ec463cf99d7768e/out/vs/workbench/api/node/extensionHostProcess.js:80:1902)
	at c.fire (/root/.vscode-server/bin/1a5daa3a0231a0fbba4f14db7ec463cf99d7768e/out/vs/workbench/api/node/extensionHostProcess.js:80:2119)
	at c.z (/root/.vscode-server/bin/1a5daa3a0231a0fbba4f14db7ec463cf99d7768e/out/vs/workbench/api/node/extensionHostProcess.js:150:19408)
	at c.acceptFrame (/root/.vscode-server/bin/1a5daa3a0231a0fbba4f14db7ec463cf99d7768e/out/vs/workbench/api/node/extensionHostProcess.js:150:19214)
	at l.n (/root/.vscode-server/bin/1a5daa3a0231a0fbba4f14db7ec463cf99d7768e/out/vs/workbench/api/node/extensionHostProcess.js:150:17713)
	at /root/.vscode-server/bin/1a5daa3a0231a0fbba4f14db7ec463cf99d7768e/out/vs/workbench/api/node/extensionHostProcess.js:150:14933
	at Socket.p (/root/.vscode-server/bin/1a5daa3a0231a0fbba4f14db7ec463cf99d7768e/out/vs/workbench/api/node/extensionHostProcess.js:150:12838)
	at Socket.emit (node:events:513:28)
	at addChunk (node:internal/streams/readable:324:12)
	at readableAddChunk (node:internal/streams/readable:297:9)
	at Readable.push (node:internal/streams/readable:234:10)
	at TCP.onStreamRead (node:internal/stream_base_commons:190:23) setContext undefined
2023-11-26 10:33:34.377 [info] Extension host with pid 3241 exiting with code 0
